2023-04-23 18:56:43,118 [info ] [   1] in/git/lwdee/core/logconf.cpp:58 read_log_config : -- app starting ... 
2023-04-23 18:56:43,119 [trace] [   1] in/git/lwdee/leopard/antelope/app.cc:59 main : 10.180.98.135:5005
2023-04-23 18:56:43,119 [info ] [   1] in/git/lwdee/./leopard/net/IRunwayContainer.hpp:38 start : parallel: 10
2023-04-23 18:56:43,221 [debug] [   8] in/git/lwdee/leopard/net/IRunway.cpp:97 acceptRecive : picked,seq: 1,size: 97
2023-04-23 18:56:43,422 [debug] [   9] in/git/lwdee/leopard/net/IRunway.cpp:97 acceptRecive : picked,seq: 1,size: 97
2023-04-23 18:56:43,622 [debug] [  10] in/git/lwdee/leopard/net/IRunway.cpp:97 acceptRecive : picked,seq: 1,size: 97
2023-04-23 18:56:43,823 [debug] [  11] in/git/lwdee/leopard/net/IRunway.cpp:97 acceptRecive : picked,seq: 1,size: 97
2023-04-23 18:56:44,023 [debug] [  12] in/git/lwdee/leopard/net/IRunway.cpp:97 acceptRecive : picked,seq: 1,size: 97
2023-04-23 18:56:44,224 [debug] [  13] in/git/lwdee/leopard/net/IRunway.cpp:97 acceptRecive : picked,seq: 1,size: 97
2023-04-23 18:56:44,424 [debug] [  14] in/git/lwdee/leopard/net/IRunway.cpp:97 acceptRecive : picked,seq: 1,size: 97
2023-04-23 18:56:44,625 [debug] [  15] in/git/lwdee/leopard/net/IRunway.cpp:97 acceptRecive : picked,seq: 1,size: 97
2023-04-23 18:56:44,825 [debug] [  16] in/git/lwdee/leopard/net/IRunway.cpp:97 acceptRecive : picked,seq: 1,size: 97
2023-04-23 18:56:45,026 [debug] [  17] in/git/lwdee/leopard/net/IRunway.cpp:97 acceptRecive : picked,seq: 1,size: 98
2023-04-23 18:56:45,226 [debug] [   8] in/git/lwdee/leopard/net/IRunway.cpp:97 acceptRecive : picked,seq: 2,size: 98
2023-04-23 18:56:45,427 [debug] [   9] in/git/lwdee/leopard/net/IRunway.cpp:97 acceptRecive : picked,seq: 2,size: 98
2023-04-23 18:56:45,627 [debug] [  10] in/git/lwdee/leopard/net/IRunway.cpp:97 acceptRecive : picked,seq: 2,size: 98
2023-04-23 18:56:45,828 [debug] [  11] in/git/lwdee/leopard/net/IRunway.cpp:97 acceptRecive : picked,seq: 2,size: 98
2023-04-23 18:56:46,028 [debug] [  12] in/git/lwdee/leopard/net/IRunway.cpp:97 acceptRecive : picked,seq: 2,size: 98
2023-04-23 18:56:46,229 [debug] [  13] in/git/lwdee/leopard/net/IRunway.cpp:97 acceptRecive : picked,seq: 2,size: 98
2023-04-23 18:56:46,429 [debug] [  14] in/git/lwdee/leopard/net/IRunway.cpp:97 acceptRecive : picked,seq: 2,size: 98
2023-04-23 18:56:46,630 [debug] [  15] in/git/lwdee/leopard/net/IRunway.cpp:97 acceptRecive : picked,seq: 2,size: 98
2023-04-23 18:56:46,830 [debug] [  16] in/git/lwdee/leopard/net/IRunway.cpp:97 acceptRecive : picked,seq: 2,size: 98
2023-04-23 18:56:47,031 [debug] [  17] in/git/lwdee/leopard/net/IRunway.cpp:97 acceptRecive : picked,seq: 2,size: 98
2023-04-23 18:56:47,130 [info ] [   1] in/git/lwdee/leopard/antelope/test.cpp:51 execute : 短连接串行,input:100-bytes,testSize:20,parallel:1,elapsed 4.010,ave eclapsed:0.201,response count : 20,
2023-04-23 18:56:47,232 [debug] [   8] in/git/lwdee/leopard/net/IRunway.cpp:97 acceptRecive : picked,seq: 3,size: 97
2023-04-23 18:56:47,433 [debug] [   9] in/git/lwdee/leopard/net/IRunway.cpp:97 acceptRecive : picked,seq: 3,size: 97
2023-04-23 18:56:47,633 [debug] [  10] in/git/lwdee/leopard/net/IRunway.cpp:97 acceptRecive : picked,seq: 3,size: 97
2023-04-23 18:56:47,834 [debug] [  11] in/git/lwdee/leopard/net/IRunway.cpp:97 acceptRecive : picked,seq: 3,size: 97
2023-04-23 18:56:48,034 [debug] [  12] in/git/lwdee/leopard/net/IRunway.cpp:97 acceptRecive : picked,seq: 3,size: 97
2023-04-23 18:56:48,235 [debug] [  13] in/git/lwdee/leopard/net/IRunway.cpp:97 acceptRecive : picked,seq: 3,size: 97
2023-04-23 18:56:48,435 [debug] [  14] in/git/lwdee/leopard/net/IRunway.cpp:97 acceptRecive : picked,seq: 3,size: 97
2023-04-23 18:56:48,636 [debug] [  15] in/git/lwdee/leopard/net/IRunway.cpp:97 acceptRecive : picked,seq: 3,size: 97
2023-04-23 18:56:48,836 [debug] [  16] in/git/lwdee/leopard/net/IRunway.cpp:97 acceptRecive : picked,seq: 3,size: 97
2023-04-23 18:56:49,037 [debug] [  17] in/git/lwdee/leopard/net/IRunway.cpp:97 acceptRecive : picked,seq: 3,size: 98
2023-04-23 18:56:49,237 [debug] [   8] in/git/lwdee/leopard/net/IRunway.cpp:97 acceptRecive : picked,seq: 4,size: 98
2023-04-23 18:56:49,438 [debug] [   9] in/git/lwdee/leopard/net/IRunway.cpp:97 acceptRecive : picked,seq: 4,size: 98
2023-04-23 18:56:49,638 [debug] [  10] in/git/lwdee/leopard/net/IRunway.cpp:97 acceptRecive : picked,seq: 4,size: 98
2023-04-23 18:56:49,838 [debug] [  11] in/git/lwdee/leopard/net/IRunway.cpp:97 acceptRecive : picked,seq: 4,size: 98
2023-04-23 18:56:50,039 [debug] [  12] in/git/lwdee/leopard/net/IRunway.cpp:97 acceptRecive : picked,seq: 4,size: 98
2023-04-23 18:56:50,239 [debug] [  13] in/git/lwdee/leopard/net/IRunway.cpp:97 acceptRecive : picked,seq: 4,size: 98
2023-04-23 18:56:50,440 [debug] [  14] in/git/lwdee/leopard/net/IRunway.cpp:97 acceptRecive : picked,seq: 4,size: 98
2023-04-23 18:56:50,640 [debug] [  15] in/git/lwdee/leopard/net/IRunway.cpp:97 acceptRecive : picked,seq: 4,size: 98
2023-04-23 18:56:50,841 [debug] [  16] in/git/lwdee/leopard/net/IRunway.cpp:97 acceptRecive : picked,seq: 4,size: 98
2023-04-23 18:56:51,041 [debug] [  17] in/git/lwdee/leopard/net/IRunway.cpp:97 acceptRecive : picked,seq: 4,size: 98
2023-04-23 18:56:51,140 [info ] [   1] in/git/lwdee/leopard/antelope/test.cpp:51 execute : 短连接串行,input:1K,testSize:20,parallel:1,elapsed 4.010,ave eclapsed:0.201,response count : 40,
2023-04-23 18:56:51,250 [debug] [   8] in/git/lwdee/leopard/net/IRunway.cpp:97 acceptRecive : picked,seq: 5,size: 97
2023-04-23 18:56:51,450 [debug] [   9] in/git/lwdee/leopard/net/IRunway.cpp:97 acceptRecive : picked,seq: 5,size: 97
2023-04-23 18:56:51,651 [debug] [  10] in/git/lwdee/leopard/net/IRunway.cpp:97 acceptRecive : picked,seq: 5,size: 97
2023-04-23 18:56:51,851 [debug] [  11] in/git/lwdee/leopard/net/IRunway.cpp:97 acceptRecive : picked,seq: 5,size: 97
2023-04-23 18:56:52,052 [debug] [  12] in/git/lwdee/leopard/net/IRunway.cpp:97 acceptRecive : picked,seq: 5,size: 97
2023-04-23 18:56:52,252 [debug] [  13] in/git/lwdee/leopard/net/IRunway.cpp:97 acceptRecive : picked,seq: 5,size: 97
2023-04-23 18:56:52,453 [debug] [  14] in/git/lwdee/leopard/net/IRunway.cpp:97 acceptRecive : picked,seq: 5,size: 97
2023-04-23 18:56:52,653 [debug] [  15] in/git/lwdee/leopard/net/IRunway.cpp:97 acceptRecive : picked,seq: 5,size: 97
2023-04-23 18:56:52,853 [debug] [  16] in/git/lwdee/leopard/net/IRunway.cpp:97 acceptRecive : picked,seq: 5,size: 97
2023-04-23 18:56:53,054 [debug] [  17] in/git/lwdee/leopard/net/IRunway.cpp:97 acceptRecive : picked,seq: 5,size: 98
2023-04-23 18:56:53,254 [debug] [   8] in/git/lwdee/leopard/net/IRunway.cpp:97 acceptRecive : picked,seq: 6,size: 98
2023-04-23 18:56:53,455 [debug] [   9] in/git/lwdee/leopard/net/IRunway.cpp:97 acceptRecive : picked,seq: 6,size: 98
2023-04-23 18:56:53,656 [debug] [  10] in/git/lwdee/leopard/net/IRunway.cpp:97 acceptRecive : picked,seq: 6,size: 98
2023-04-23 18:56:53,856 [debug] [  11] in/git/lwdee/leopard/net/IRunway.cpp:97 acceptRecive : picked,seq: 6,size: 98
2023-04-23 18:56:54,056 [debug] [  12] in/git/lwdee/leopard/net/IRunway.cpp:97 acceptRecive : picked,seq: 6,size: 98
2023-04-23 18:56:54,256 [debug] [  13] in/git/lwdee/leopard/net/IRunway.cpp:97 acceptRecive : picked,seq: 6,size: 98
2023-04-23 18:56:54,457 [debug] [  14] in/git/lwdee/leopard/net/IRunway.cpp:97 acceptRecive : picked,seq: 6,size: 98
2023-04-23 18:56:54,657 [debug] [  15] in/git/lwdee/leopard/net/IRunway.cpp:97 acceptRecive : picked,seq: 6,size: 98
2023-04-23 18:56:54,857 [debug] [  16] in/git/lwdee/leopard/net/IRunway.cpp:97 acceptRecive : picked,seq: 6,size: 98
2023-04-23 18:56:55,059 [debug] [  17] in/git/lwdee/leopard/net/IRunway.cpp:97 acceptRecive : picked,seq: 6,size: 98
2023-04-23 18:56:55,149 [info ] [   1] in/git/lwdee/leopard/antelope/test.cpp:51 execute : 短连接串行,input:10K,testSize:20,parallel:1,elapsed 4.009,ave eclapsed:0.200,response count : 60,
2023-04-23 18:56:55,334 [debug] [   8] in/git/lwdee/leopard/net/IRunway.cpp:97 acceptRecive : picked,seq: 7,size: 97
2023-04-23 18:56:55,537 [debug] [   9] in/git/lwdee/leopard/net/IRunway.cpp:97 acceptRecive : picked,seq: 7,size: 97
2023-04-23 18:56:55,745 [debug] [  10] in/git/lwdee/leopard/net/IRunway.cpp:97 acceptRecive : picked,seq: 7,size: 97
2023-04-23 18:56:55,940 [debug] [  11] in/git/lwdee/leopard/net/IRunway.cpp:97 acceptRecive : picked,seq: 7,size: 97
2023-04-23 18:56:56,139 [debug] [  12] in/git/lwdee/leopard/net/IRunway.cpp:97 acceptRecive : picked,seq: 7,size: 97
2023-04-23 18:56:56,341 [debug] [  13] in/git/lwdee/leopard/net/IRunway.cpp:97 acceptRecive : picked,seq: 7,size: 97
2023-04-23 18:56:56,543 [debug] [  14] in/git/lwdee/leopard/net/IRunway.cpp:97 acceptRecive : picked,seq: 7,size: 97
2023-04-23 18:56:56,757 [debug] [  15] in/git/lwdee/leopard/net/IRunway.cpp:97 acceptRecive : picked,seq: 7,size: 97
2023-04-23 18:56:57,040 [debug] [  16] in/git/lwdee/leopard/net/IRunway.cpp:97 acceptRecive : picked,seq: 7,size: 97
2023-04-23 18:56:57,246 [debug] [  17] in/git/lwdee/leopard/net/IRunway.cpp:97 acceptRecive : picked,seq: 7,size: 98
2023-04-23 18:56:57,444 [debug] [   8] in/git/lwdee/leopard/net/IRunway.cpp:97 acceptRecive : picked,seq: 8,size: 98
2023-04-23 18:56:57,645 [debug] [   9] in/git/lwdee/leopard/net/IRunway.cpp:97 acceptRecive : picked,seq: 8,size: 98
2023-04-23 18:56:57,845 [debug] [  10] in/git/lwdee/leopard/net/IRunway.cpp:97 acceptRecive : picked,seq: 8,size: 98
2023-04-23 18:56:58,046 [debug] [  11] in/git/lwdee/leopard/net/IRunway.cpp:97 acceptRecive : picked,seq: 8,size: 98
2023-04-23 18:56:58,250 [debug] [  12] in/git/lwdee/leopard/net/IRunway.cpp:97 acceptRecive : picked,seq: 8,size: 98
2023-04-23 18:56:58,447 [debug] [  13] in/git/lwdee/leopard/net/IRunway.cpp:97 acceptRecive : picked,seq: 8,size: 98
2023-04-23 18:56:58,648 [debug] [  14] in/git/lwdee/leopard/net/IRunway.cpp:97 acceptRecive : picked,seq: 8,size: 98
2023-04-23 18:56:58,847 [debug] [  15] in/git/lwdee/leopard/net/IRunway.cpp:97 acceptRecive : picked,seq: 8,size: 98
2023-04-23 18:56:59,049 [debug] [  16] in/git/lwdee/leopard/net/IRunway.cpp:97 acceptRecive : picked,seq: 8,size: 98
2023-04-23 18:56:59,250 [debug] [  17] in/git/lwdee/leopard/net/IRunway.cpp:97 acceptRecive : picked,seq: 8,size: 98
2023-04-23 18:56:59,261 [info ] [   1] in/git/lwdee/leopard/antelope/test.cpp:51 execute : 短连接串行,input:100K,testSize:20,parallel:1,elapsed 4.111,ave eclapsed:0.206,response count : 80,
2023-04-23 18:57:00,323 [debug] [   8] in/git/lwdee/leopard/net/IRunway.cpp:97 acceptRecive : picked,seq: 9,size: 97
2023-04-23 18:57:01,357 [debug] [   9] in/git/lwdee/leopard/net/IRunway.cpp:97 acceptRecive : picked,seq: 9,size: 97
2023-04-23 18:57:02,383 [debug] [  10] in/git/lwdee/leopard/net/IRunway.cpp:97 acceptRecive : picked,seq: 9,size: 97
2023-04-23 18:57:03,478 [debug] [  11] in/git/lwdee/leopard/net/IRunway.cpp:97 acceptRecive : picked,seq: 9,size: 97
2023-04-23 18:57:04,572 [debug] [  12] in/git/lwdee/leopard/net/IRunway.cpp:97 acceptRecive : picked,seq: 9,size: 97
2023-04-23 18:57:05,580 [debug] [  13] in/git/lwdee/leopard/net/IRunway.cpp:97 acceptRecive : picked,seq: 9,size: 97
2023-04-23 18:57:06,572 [debug] [  14] in/git/lwdee/leopard/net/IRunway.cpp:97 acceptRecive : picked,seq: 9,size: 97
2023-04-23 18:57:07,587 [debug] [  15] in/git/lwdee/leopard/net/IRunway.cpp:97 acceptRecive : picked,seq: 9,size: 97
2023-04-23 18:57:08,576 [debug] [  16] in/git/lwdee/leopard/net/IRunway.cpp:97 acceptRecive : picked,seq: 9,size: 97
2023-04-23 18:57:09,589 [debug] [  17] in/git/lwdee/leopard/net/IRunway.cpp:97 acceptRecive : picked,seq: 9,size: 98
2023-04-23 18:57:10,604 [debug] [   8] in/git/lwdee/leopard/net/IRunway.cpp:97 acceptRecive : picked,seq: 10,size: 98
2023-04-23 18:57:11,699 [debug] [   9] in/git/lwdee/leopard/net/IRunway.cpp:97 acceptRecive : picked,seq: 10,size: 98
2023-04-23 18:57:12,701 [debug] [  10] in/git/lwdee/leopard/net/IRunway.cpp:97 acceptRecive : picked,seq: 10,size: 98
2023-04-23 18:57:13,713 [debug] [  11] in/git/lwdee/leopard/net/IRunway.cpp:97 acceptRecive : picked,seq: 10,size: 98
2023-04-23 18:57:14,813 [debug] [  12] in/git/lwdee/leopard/net/IRunway.cpp:97 acceptRecive : picked,seq: 10,size: 98
2023-04-23 18:57:15,912 [debug] [  13] in/git/lwdee/leopard/net/IRunway.cpp:97 acceptRecive : picked,seq: 10,size: 98
2023-04-23 18:57:16,921 [debug] [  14] in/git/lwdee/leopard/net/IRunway.cpp:97 acceptRecive : picked,seq: 10,size: 98
2023-04-23 18:57:18,022 [debug] [  15] in/git/lwdee/leopard/net/IRunway.cpp:97 acceptRecive : picked,seq: 10,size: 98
2023-04-23 18:57:19,034 [debug] [  16] in/git/lwdee/leopard/net/IRunway.cpp:97 acceptRecive : picked,seq: 10,size: 98
2023-04-23 18:57:20,137 [debug] [  17] in/git/lwdee/leopard/net/IRunway.cpp:97 acceptRecive : picked,seq: 10,size: 98
2023-04-23 18:57:20,230 [info ] [   1] in/git/lwdee/leopard/antelope/test.cpp:51 execute : 短连接串行,input:1M,testSize:20,parallel:1,elapsed 20.969,ave eclapsed:1.048,response count : 100,
2023-04-23 18:57:39,124 [debug] [   8] in/git/lwdee/leopard/net/IRunway.cpp:97 acceptRecive : picked,seq: 11,size: 97
2023-04-23 18:57:51,735 [debug] [   9] in/git/lwdee/leopard/net/IRunway.cpp:97 acceptRecive : picked,seq: 11,size: 97
2023-04-23 18:58:04,123 [debug] [  10] in/git/lwdee/leopard/net/IRunway.cpp:97 acceptRecive : picked,seq: 11,size: 97
2023-04-23 18:58:16,423 [debug] [  11] in/git/lwdee/leopard/net/IRunway.cpp:97 acceptRecive : picked,seq: 11,size: 97
2023-04-23 18:58:28,229 [debug] [  12] in/git/lwdee/leopard/net/IRunway.cpp:97 acceptRecive : picked,seq: 11,size: 97
2023-04-23 18:58:40,178 [debug] [  13] in/git/lwdee/leopard/net/IRunway.cpp:97 acceptRecive : picked,seq: 11,size: 97
2023-04-23 18:58:52,625 [debug] [  14] in/git/lwdee/leopard/net/IRunway.cpp:97 acceptRecive : picked,seq: 11,size: 97
2023-04-23 18:59:04,633 [debug] [  15] in/git/lwdee/leopard/net/IRunway.cpp:97 acceptRecive : picked,seq: 11,size: 97
2023-04-23 18:59:17,110 [debug] [  16] in/git/lwdee/leopard/net/IRunway.cpp:97 acceptRecive : picked,seq: 11,size: 97
2023-04-23 18:59:29,496 [debug] [  17] in/git/lwdee/leopard/net/IRunway.cpp:97 acceptRecive : picked,seq: 11,size: 98
2023-04-23 18:59:42,088 [debug] [   8] in/git/lwdee/leopard/net/IRunway.cpp:97 acceptRecive : picked,seq: 12,size: 98
2023-04-23 18:59:54,510 [debug] [   9] in/git/lwdee/leopard/net/IRunway.cpp:97 acceptRecive : picked,seq: 12,size: 98
2023-04-23 19:00:06,968 [debug] [  10] in/git/lwdee/leopard/net/IRunway.cpp:97 acceptRecive : picked,seq: 12,size: 98
2023-04-23 19:00:19,274 [debug] [  11] in/git/lwdee/leopard/net/IRunway.cpp:97 acceptRecive : picked,seq: 12,size: 98
2023-04-23 19:00:31,313 [debug] [  12] in/git/lwdee/leopard/net/IRunway.cpp:97 acceptRecive : picked,seq: 12,size: 98
2023-04-23 19:00:43,739 [debug] [  13] in/git/lwdee/leopard/net/IRunway.cpp:97 acceptRecive : picked,seq: 12,size: 98
2023-04-23 19:00:55,548 [debug] [  14] in/git/lwdee/leopard/net/IRunway.cpp:97 acceptRecive : picked,seq: 12,size: 98
2023-04-23 19:01:07,466 [debug] [  15] in/git/lwdee/leopard/net/IRunway.cpp:97 acceptRecive : picked,seq: 12,size: 98
2023-04-23 19:01:19,501 [debug] [  16] in/git/lwdee/leopard/net/IRunway.cpp:97 acceptRecive : picked,seq: 12,size: 98
2023-04-23 19:01:32,098 [debug] [  17] in/git/lwdee/leopard/net/IRunway.cpp:97 acceptRecive : picked,seq: 12,size: 98
2023-04-23 19:01:32,116 [info ] [   1] in/git/lwdee/leopard/antelope/test.cpp:51 execute : 短连接串行,input:10M,testSize:20,parallel:1,elapsed 251.886,ave eclapsed:12.594,response count : 120,
2023-04-23 19:01:32,217 [debug] [   8] in/git/lwdee/leopard/net/IRunway.cpp:97 acceptRecive : picked,seq: 13,size: 97
2023-04-23 19:01:32,317 [debug] [   9] in/git/lwdee/leopard/net/IRunway.cpp:97 acceptRecive : picked,seq: 13,size: 97
2023-04-23 19:01:32,417 [debug] [  10] in/git/lwdee/leopard/net/IRunway.cpp:97 acceptRecive : picked,seq: 13,size: 97
2023-04-23 19:01:32,517 [debug] [  11] in/git/lwdee/leopard/net/IRunway.cpp:97 acceptRecive : picked,seq: 13,size: 97
2023-04-23 19:01:32,618 [debug] [  12] in/git/lwdee/leopard/net/IRunway.cpp:97 acceptRecive : picked,seq: 13,size: 97
2023-04-23 19:01:32,718 [debug] [  13] in/git/lwdee/leopard/net/IRunway.cpp:97 acceptRecive : picked,seq: 13,size: 97
2023-04-23 19:01:32,818 [debug] [  14] in/git/lwdee/leopard/net/IRunway.cpp:97 acceptRecive : picked,seq: 13,size: 97
2023-04-23 19:01:32,919 [debug] [  15] in/git/lwdee/leopard/net/IRunway.cpp:97 acceptRecive : picked,seq: 13,size: 97
2023-04-23 19:01:33,019 [debug] [  16] in/git/lwdee/leopard/net/IRunway.cpp:97 acceptRecive : picked,seq: 13,size: 97
2023-04-23 19:01:33,119 [debug] [  17] in/git/lwdee/leopard/net/IRunway.cpp:97 acceptRecive : picked,seq: 13,size: 98
2023-04-23 19:01:33,220 [debug] [   8] in/git/lwdee/leopard/net/IRunway.cpp:97 acceptRecive : picked,seq: 14,size: 98
2023-04-23 19:01:33,320 [debug] [   9] in/git/lwdee/leopard/net/IRunway.cpp:97 acceptRecive : picked,seq: 14,size: 98
2023-04-23 19:01:33,420 [debug] [  10] in/git/lwdee/leopard/net/IRunway.cpp:97 acceptRecive : picked,seq: 14,size: 98
2023-04-23 19:01:33,521 [debug] [  11] in/git/lwdee/leopard/net/IRunway.cpp:97 acceptRecive : picked,seq: 14,size: 98
2023-04-23 19:01:33,621 [debug] [  12] in/git/lwdee/leopard/net/IRunway.cpp:97 acceptRecive : picked,seq: 14,size: 98
2023-04-23 19:01:33,721 [debug] [  13] in/git/lwdee/leopard/net/IRunway.cpp:97 acceptRecive : picked,seq: 14,size: 98
2023-04-23 19:01:33,822 [debug] [  14] in/git/lwdee/leopard/net/IRunway.cpp:97 acceptRecive : picked,seq: 14,size: 98
2023-04-23 19:01:33,922 [debug] [  15] in/git/lwdee/leopard/net/IRunway.cpp:97 acceptRecive : picked,seq: 14,size: 98
2023-04-23 19:01:34,022 [debug] [  16] in/git/lwdee/leopard/net/IRunway.cpp:97 acceptRecive : picked,seq: 14,size: 98
2023-04-23 19:01:34,122 [debug] [  17] in/git/lwdee/leopard/net/IRunway.cpp:97 acceptRecive : picked,seq: 14,size: 98
2023-04-23 19:01:34,223 [info ] [   1] in/git/lwdee/leopard/antelope/test.cpp:76 execute : 短连接并行,input:100-bytes,testSize:20,parallel:20,elapsed 2.107,ave eclapsed:0.105,response count : 140,
2023-04-23 19:01:34,325 [debug] [   8] in/git/lwdee/leopard/net/IRunway.cpp:97 acceptRecive : picked,seq: 15,size: 97
2023-04-23 19:01:34,425 [debug] [   9] in/git/lwdee/leopard/net/IRunway.cpp:97 acceptRecive : picked,seq: 15,size: 97
2023-04-23 19:01:34,525 [debug] [  10] in/git/lwdee/leopard/net/IRunway.cpp:97 acceptRecive : picked,seq: 15,size: 97
2023-04-23 19:01:34,626 [debug] [  11] in/git/lwdee/leopard/net/IRunway.cpp:97 acceptRecive : picked,seq: 15,size: 97
2023-04-23 19:01:34,726 [debug] [  12] in/git/lwdee/leopard/net/IRunway.cpp:97 acceptRecive : picked,seq: 15,size: 97
2023-04-23 19:01:34,826 [debug] [  13] in/git/lwdee/leopard/net/IRunway.cpp:97 acceptRecive : picked,seq: 15,size: 97
2023-04-23 19:01:34,926 [debug] [  14] in/git/lwdee/leopard/net/IRunway.cpp:97 acceptRecive : picked,seq: 15,size: 97
2023-04-23 19:01:35,027 [debug] [  15] in/git/lwdee/leopard/net/IRunway.cpp:97 acceptRecive : picked,seq: 15,size: 97
2023-04-23 19:01:35,127 [debug] [  16] in/git/lwdee/leopard/net/IRunway.cpp:97 acceptRecive : picked,seq: 15,size: 97
2023-04-23 19:01:35,227 [debug] [  17] in/git/lwdee/leopard/net/IRunway.cpp:97 acceptRecive : picked,seq: 15,size: 98
2023-04-23 19:01:35,328 [debug] [   8] in/git/lwdee/leopard/net/IRunway.cpp:97 acceptRecive : picked,seq: 16,size: 98
2023-04-23 19:01:35,428 [debug] [   9] in/git/lwdee/leopard/net/IRunway.cpp:97 acceptRecive : picked,seq: 16,size: 98
2023-04-23 19:01:35,528 [debug] [  10] in/git/lwdee/leopard/net/IRunway.cpp:97 acceptRecive : picked,seq: 16,size: 98
2023-04-23 19:01:35,629 [debug] [  11] in/git/lwdee/leopard/net/IRunway.cpp:97 acceptRecive : picked,seq: 16,size: 98
2023-04-23 19:01:35,729 [debug] [  12] in/git/lwdee/leopard/net/IRunway.cpp:97 acceptRecive : picked,seq: 16,size: 98
2023-04-23 19:01:35,829 [debug] [  13] in/git/lwdee/leopard/net/IRunway.cpp:97 acceptRecive : picked,seq: 16,size: 98
2023-04-23 19:01:35,930 [debug] [  14] in/git/lwdee/leopard/net/IRunway.cpp:97 acceptRecive : picked,seq: 16,size: 98
2023-04-23 19:01:36,030 [debug] [  15] in/git/lwdee/leopard/net/IRunway.cpp:97 acceptRecive : picked,seq: 16,size: 98
2023-04-23 19:01:36,130 [debug] [  16] in/git/lwdee/leopard/net/IRunway.cpp:97 acceptRecive : picked,seq: 16,size: 98
2023-04-23 19:01:36,230 [debug] [  17] in/git/lwdee/leopard/net/IRunway.cpp:97 acceptRecive : picked,seq: 16,size: 98
2023-04-23 19:01:36,330 [info ] [   1] in/git/lwdee/leopard/antelope/test.cpp:76 execute : 短连接并行,input:1K,testSize:20,parallel:20,elapsed 2.107,ave eclapsed:0.105,response count : 160,
2023-04-23 19:01:36,440 [debug] [   8] in/git/lwdee/leopard/net/IRunway.cpp:97 acceptRecive : picked,seq: 17,size: 97
2023-04-23 19:01:36,540 [debug] [   9] in/git/lwdee/leopard/net/IRunway.cpp:97 acceptRecive : picked,seq: 17,size: 97
2023-04-23 19:01:36,640 [debug] [  10] in/git/lwdee/leopard/net/IRunway.cpp:97 acceptRecive : picked,seq: 17,size: 97
2023-04-23 19:01:36,741 [debug] [  11] in/git/lwdee/leopard/net/IRunway.cpp:97 acceptRecive : picked,seq: 17,size: 97
2023-04-23 19:01:36,841 [debug] [  12] in/git/lwdee/leopard/net/IRunway.cpp:97 acceptRecive : picked,seq: 17,size: 97
2023-04-23 19:01:36,941 [debug] [  13] in/git/lwdee/leopard/net/IRunway.cpp:97 acceptRecive : picked,seq: 17,size: 97
2023-04-23 19:01:37,042 [debug] [  14] in/git/lwdee/leopard/net/IRunway.cpp:97 acceptRecive : picked,seq: 17,size: 97
2023-04-23 19:01:37,142 [debug] [  15] in/git/lwdee/leopard/net/IRunway.cpp:97 acceptRecive : picked,seq: 17,size: 97
2023-04-23 19:01:37,243 [debug] [  16] in/git/lwdee/leopard/net/IRunway.cpp:97 acceptRecive : picked,seq: 17,size: 97
2023-04-23 19:01:37,343 [debug] [  17] in/git/lwdee/leopard/net/IRunway.cpp:97 acceptRecive : picked,seq: 17,size: 98
2023-04-23 19:01:37,443 [debug] [   8] in/git/lwdee/leopard/net/IRunway.cpp:97 acceptRecive : picked,seq: 18,size: 98
2023-04-23 19:01:37,544 [debug] [   9] in/git/lwdee/leopard/net/IRunway.cpp:97 acceptRecive : picked,seq: 18,size: 98
2023-04-23 19:01:37,644 [debug] [  10] in/git/lwdee/leopard/net/IRunway.cpp:97 acceptRecive : picked,seq: 18,size: 98
2023-04-23 19:01:37,744 [debug] [  11] in/git/lwdee/leopard/net/IRunway.cpp:97 acceptRecive : picked,seq: 18,size: 98
2023-04-23 19:01:37,845 [debug] [  12] in/git/lwdee/leopard/net/IRunway.cpp:97 acceptRecive : picked,seq: 18,size: 98
2023-04-23 19:01:37,945 [debug] [  13] in/git/lwdee/leopard/net/IRunway.cpp:97 acceptRecive : picked,seq: 18,size: 98
2023-04-23 19:01:38,046 [debug] [  14] in/git/lwdee/leopard/net/IRunway.cpp:97 acceptRecive : picked,seq: 18,size: 98
2023-04-23 19:01:38,146 [debug] [  15] in/git/lwdee/leopard/net/IRunway.cpp:97 acceptRecive : picked,seq: 18,size: 98
2023-04-23 19:01:38,246 [debug] [  16] in/git/lwdee/leopard/net/IRunway.cpp:97 acceptRecive : picked,seq: 18,size: 98
2023-04-23 19:01:38,347 [debug] [  17] in/git/lwdee/leopard/net/IRunway.cpp:97 acceptRecive : picked,seq: 18,size: 98
2023-04-23 19:01:38,438 [info ] [   1] in/git/lwdee/leopard/antelope/test.cpp:76 execute : 短连接并行,input:10K,testSize:20,parallel:20,elapsed 2.108,ave eclapsed:0.105,response count : 180,
2023-04-23 19:01:38,627 [debug] [   8] in/git/lwdee/leopard/net/IRunway.cpp:97 acceptRecive : picked,seq: 19,size: 97
2023-04-23 19:01:38,730 [debug] [   9] in/git/lwdee/leopard/net/IRunway.cpp:97 acceptRecive : picked,seq: 19,size: 97
2023-04-23 19:01:38,836 [debug] [  10] in/git/lwdee/leopard/net/IRunway.cpp:97 acceptRecive : picked,seq: 19,size: 97
2023-04-23 19:01:38,928 [debug] [  11] in/git/lwdee/leopard/net/IRunway.cpp:97 acceptRecive : picked,seq: 19,size: 97
2023-04-23 19:01:39,029 [debug] [  12] in/git/lwdee/leopard/net/IRunway.cpp:97 acceptRecive : picked,seq: 19,size: 97
2023-04-23 19:01:39,129 [debug] [  13] in/git/lwdee/leopard/net/IRunway.cpp:97 acceptRecive : picked,seq: 19,size: 97
2023-04-23 19:01:39,227 [debug] [  14] in/git/lwdee/leopard/net/IRunway.cpp:97 acceptRecive : picked,seq: 19,size: 97
2023-04-23 19:01:39,329 [debug] [  15] in/git/lwdee/leopard/net/IRunway.cpp:97 acceptRecive : picked,seq: 19,size: 97
2023-04-23 19:01:39,429 [debug] [  16] in/git/lwdee/leopard/net/IRunway.cpp:97 acceptRecive : picked,seq: 19,size: 97
2023-04-23 19:01:39,530 [debug] [  17] in/git/lwdee/leopard/net/IRunway.cpp:97 acceptRecive : picked,seq: 19,size: 98
2023-04-23 19:01:39,630 [debug] [   8] in/git/lwdee/leopard/net/IRunway.cpp:97 acceptRecive : picked,seq: 20,size: 98
2023-04-23 19:01:39,731 [debug] [   9] in/git/lwdee/leopard/net/IRunway.cpp:97 acceptRecive : picked,seq: 20,size: 98
2023-04-23 19:01:39,830 [debug] [  10] in/git/lwdee/leopard/net/IRunway.cpp:97 acceptRecive : picked,seq: 20,size: 98
2023-04-23 19:01:39,932 [debug] [  11] in/git/lwdee/leopard/net/IRunway.cpp:97 acceptRecive : picked,seq: 20,size: 98
2023-04-23 19:01:40,033 [debug] [  12] in/git/lwdee/leopard/net/IRunway.cpp:97 acceptRecive : picked,seq: 20,size: 98
2023-04-23 19:01:40,132 [debug] [  13] in/git/lwdee/leopard/net/IRunway.cpp:97 acceptRecive : picked,seq: 20,size: 98
2023-04-23 19:01:40,232 [debug] [  14] in/git/lwdee/leopard/net/IRunway.cpp:97 acceptRecive : picked,seq: 20,size: 98
2023-04-23 19:01:40,334 [debug] [  15] in/git/lwdee/leopard/net/IRunway.cpp:97 acceptRecive : picked,seq: 20,size: 98
2023-04-23 19:01:40,434 [debug] [  16] in/git/lwdee/leopard/net/IRunway.cpp:97 acceptRecive : picked,seq: 20,size: 98
2023-04-23 19:01:40,534 [debug] [  17] in/git/lwdee/leopard/net/IRunway.cpp:97 acceptRecive : picked,seq: 20,size: 98
2023-04-23 19:01:40,548 [info ] [   1] in/git/lwdee/leopard/antelope/test.cpp:76 execute : 短连接并行,input:100K,testSize:20,parallel:20,elapsed 2.110,ave eclapsed:0.105,response count : 200,
2023-04-23 19:01:41,557 [debug] [   8] in/git/lwdee/leopard/net/IRunway.cpp:97 acceptRecive : picked,seq: 21,size: 97
2023-04-23 19:01:41,780 [debug] [  10] in/git/lwdee/leopard/net/IRunway.cpp:97 acceptRecive : picked,seq: 21,size: 97
2023-04-23 19:01:41,849 [debug] [  11] in/git/lwdee/leopard/net/IRunway.cpp:97 acceptRecive : picked,seq: 21,size: 97
2023-04-23 19:01:42,483 [debug] [   9] in/git/lwdee/leopard/net/IRunway.cpp:97 acceptRecive : picked,seq: 21,size: 97
2023-04-23 19:01:42,543 [debug] [   8] in/git/lwdee/leopard/net/IRunway.cpp:97 acceptRecive : picked,seq: 22,size: 98
2023-04-23 19:01:42,747 [debug] [  10] in/git/lwdee/leopard/net/IRunway.cpp:97 acceptRecive : picked,seq: 22,size: 98
2023-04-23 19:01:43,012 [debug] [  14] in/git/lwdee/leopard/net/IRunway.cpp:97 acceptRecive : picked,seq: 21,size: 97
2023-04-23 19:01:43,013 [debug] [   9] in/git/lwdee/leopard/net/IRunway.cpp:97 acceptRecive : picked,seq: 22,size: 98
2023-04-23 19:01:43,208 [debug] [  16] in/git/lwdee/leopard/net/IRunway.cpp:97 acceptRecive : picked,seq: 21,size: 97
2023-04-23 19:01:43,209 [debug] [  17] in/git/lwdee/leopard/net/IRunway.cpp:97 acceptRecive : picked,seq: 21,size: 98
2023-04-23 19:01:43,346 [debug] [  12] in/git/lwdee/leopard/net/IRunway.cpp:97 acceptRecive : picked,seq: 21,size: 97
2023-04-23 19:01:43,454 [debug] [  17] in/git/lwdee/leopard/net/IRunway.cpp:97 acceptRecive : picked,seq: 22,size: 98
2023-04-23 19:01:43,710 [debug] [  11] in/git/lwdee/leopard/net/IRunway.cpp:97 acceptRecive : picked,seq: 22,size: 98
2023-04-23 19:01:43,710 [debug] [  16] in/git/lwdee/leopard/net/IRunway.cpp:97 acceptRecive : picked,seq: 22,size: 98
2023-04-23 19:01:43,833 [debug] [  12] in/git/lwdee/leopard/net/IRunway.cpp:97 acceptRecive : picked,seq: 22,size: 98
2023-04-23 19:01:43,833 [debug] [  14] in/git/lwdee/leopard/net/IRunway.cpp:97 acceptRecive : picked,seq: 22,size: 98
2023-04-23 19:01:43,945 [debug] [  13] in/git/lwdee/leopard/net/IRunway.cpp:97 acceptRecive : picked,seq: 21,size: 98
2023-04-23 19:01:43,946 [debug] [  15] in/git/lwdee/leopard/net/IRunway.cpp:97 acceptRecive : picked,seq: 21,size: 98
2023-04-23 19:01:44,225 [debug] [  13] in/git/lwdee/leopard/net/IRunway.cpp:97 acceptRecive : picked,seq: 22,size: 97
2023-04-23 19:01:44,227 [debug] [  15] in/git/lwdee/leopard/net/IRunway.cpp:97 acceptRecive : picked,seq: 22,size: 97
2023-04-23 19:01:44,277 [info ] [   1] in/git/lwdee/leopard/antelope/test.cpp:76 execute : 短连接并行,input:1M,testSize:20,parallel:20,elapsed 3.729,ave eclapsed:0.186,response count : 220,
2023-04-23 19:01:58,307 [debug] [  13] in/git/lwdee/leopard/net/IRunway.cpp:97 acceptRecive : picked,seq: 23,size: 97
2023-04-23 19:02:00,244 [debug] [  15] in/git/lwdee/leopard/net/IRunway.cpp:97 acceptRecive : picked,seq: 23,size: 98
2023-04-23 19:02:10,146 [debug] [   9] in/git/lwdee/leopard/net/IRunway.cpp:97 acceptRecive : picked,seq: 23,size: 97
2023-04-23 19:02:10,167 [debug] [  13] in/git/lwdee/leopard/net/IRunway.cpp:97 acceptRecive : picked,seq: 24,size: 98
2023-04-23 19:02:10,203 [debug] [   8] in/git/lwdee/leopard/net/IRunway.cpp:97 acceptRecive : picked,seq: 23,size: 97
2023-04-23 19:02:10,341 [debug] [  10] in/git/lwdee/leopard/net/IRunway.cpp:97 acceptRecive : picked,seq: 23,size: 97
2023-04-23 19:02:10,762 [debug] [  14] in/git/lwdee/leopard/net/IRunway.cpp:97 acceptRecive : picked,seq: 23,size: 97
2023-04-23 19:02:10,777 [debug] [  12] in/git/lwdee/leopard/net/IRunway.cpp:97 acceptRecive : picked,seq: 23,size: 98
2023-04-23 19:02:11,302 [debug] [   8] in/git/lwdee/leopard/net/IRunway.cpp:97 acceptRecive : picked,seq: 24,size: 98
2023-04-23 19:02:11,310 [debug] [   9] in/git/lwdee/leopard/net/IRunway.cpp:97 acceptRecive : picked,seq: 24,size: 98
2023-04-23 19:02:11,520 [debug] [  11] in/git/lwdee/leopard/net/IRunway.cpp:97 acceptRecive : picked,seq: 23,size: 97
2023-04-23 19:02:13,215 [debug] [  16] in/git/lwdee/leopard/net/IRunway.cpp:97 acceptRecive : picked,seq: 23,size: 97
2023-04-23 19:02:22,439 [debug] [  15] in/git/lwdee/leopard/net/IRunway.cpp:97 acceptRecive : picked,seq: 24,size: 97
2023-04-23 19:02:22,455 [debug] [  14] in/git/lwdee/leopard/net/IRunway.cpp:97 acceptRecive : picked,seq: 24,size: 98
2023-04-23 19:02:22,757 [debug] [  10] in/git/lwdee/leopard/net/IRunway.cpp:97 acceptRecive : picked,seq: 24,size: 98
2023-04-23 19:02:22,767 [debug] [  11] in/git/lwdee/leopard/net/IRunway.cpp:97 acceptRecive : picked,seq: 24,size: 98
2023-04-23 19:02:24,011 [debug] [  12] in/git/lwdee/leopard/net/IRunway.cpp:97 acceptRecive : picked,seq: 24,size: 97
2023-04-23 19:02:24,033 [debug] [  17] in/git/lwdee/leopard/net/IRunway.cpp:97 acceptRecive : picked,seq: 23,size: 98
2023-04-23 19:02:25,419 [debug] [  16] in/git/lwdee/leopard/net/IRunway.cpp:97 acceptRecive : picked,seq: 24,size: 98
2023-04-23 19:02:25,440 [debug] [  17] in/git/lwdee/leopard/net/IRunway.cpp:97 acceptRecive : picked,seq: 24,size: 98
2023-04-23 19:02:25,482 [info ] [   1] in/git/lwdee/leopard/antelope/test.cpp:76 execute : 短连接并行,input:10M,testSize:20,parallel:20,elapsed 41.205,ave eclapsed:2.060,response count : 240,
2023-04-23 19:02:25,587 [debug] [   8] in/git/lwdee/leopard/net/IRunway.cpp:97 acceptRecive : picked,seq: 25,size: 97
2023-04-23 19:02:25,588 [debug] [   8] in/git/lwdee/leopard/net/IRunway.cpp:97 acceptRecive : picked,seq: 26,size: 97
2023-04-23 19:02:25,588 [debug] [   8] in/git/lwdee/leopard/net/IRunway.cpp:97 acceptRecive : picked,seq: 27,size: 97
2023-04-23 19:02:25,588 [debug] [   8] in/git/lwdee/leopard/net/IRunway.cpp:97 acceptRecive : picked,seq: 28,size: 97
2023-04-23 19:02:25,588 [debug] [   8] in/git/lwdee/leopard/net/IRunway.cpp:97 acceptRecive : picked,seq: 29,size: 97
2023-04-23 19:02:25,588 [debug] [   8] in/git/lwdee/leopard/net/IRunway.cpp:97 acceptRecive : picked,seq: 30,size: 97
2023-04-23 19:02:25,588 [debug] [   8] in/git/lwdee/leopard/net/IRunway.cpp:97 acceptRecive : picked,seq: 31,size: 97
2023-04-23 19:02:25,589 [debug] [   8] in/git/lwdee/leopard/net/IRunway.cpp:97 acceptRecive : picked,seq: 32,size: 97
2023-04-23 19:02:25,589 [debug] [   8] in/git/lwdee/leopard/net/IRunway.cpp:97 acceptRecive : picked,seq: 33,size: 97
2023-04-23 19:02:25,589 [debug] [   8] in/git/lwdee/leopard/net/IRunway.cpp:97 acceptRecive : picked,seq: 34,size: 98
2023-04-23 19:02:25,589 [debug] [   8] in/git/lwdee/leopard/net/IRunway.cpp:97 acceptRecive : picked,seq: 35,size: 98
2023-04-23 19:02:25,589 [debug] [   8] in/git/lwdee/leopard/net/IRunway.cpp:97 acceptRecive : picked,seq: 36,size: 98
2023-04-23 19:02:25,589 [debug] [   8] in/git/lwdee/leopard/net/IRunway.cpp:97 acceptRecive : picked,seq: 37,size: 98
2023-04-23 19:02:25,589 [debug] [   8] in/git/lwdee/leopard/net/IRunway.cpp:97 acceptRecive : picked,seq: 38,size: 98
2023-04-23 19:02:25,590 [debug] [   8] in/git/lwdee/leopard/net/IRunway.cpp:97 acceptRecive : picked,seq: 39,size: 98
2023-04-23 19:02:25,590 [debug] [   8] in/git/lwdee/leopard/net/IRunway.cpp:97 acceptRecive : picked,seq: 40,size: 98
2023-04-23 19:02:25,590 [debug] [   8] in/git/lwdee/leopard/net/IRunway.cpp:97 acceptRecive : picked,seq: 41,size: 98
2023-04-23 19:02:25,590 [debug] [   8] in/git/lwdee/leopard/net/IRunway.cpp:97 acceptRecive : picked,seq: 42,size: 98
2023-04-23 19:02:25,590 [debug] [   8] in/git/lwdee/leopard/net/IRunway.cpp:97 acceptRecive : picked,seq: 43,size: 98
2023-04-23 19:02:25,590 [debug] [   8] in/git/lwdee/leopard/net/IRunway.cpp:97 acceptRecive : picked,seq: 44,size: 98
2023-04-23 19:02:25,683 [info ] [   1] in/git/lwdee/leopard/antelope/test.cpp:100 execute : 长连接并行,input:100-bytes,testSize:20,parallel:1,elapsed 0.100,ave eclapsed:0.005,response count : 260,
2023-04-23 19:02:25,804 [debug] [   9] in/git/lwdee/leopard/net/IRunway.cpp:97 acceptRecive : picked,seq: 25,size: 97
2023-04-23 19:02:25,805 [debug] [   9] in/git/lwdee/leopard/net/IRunway.cpp:97 acceptRecive : picked,seq: 26,size: 97
2023-04-23 19:02:25,805 [debug] [   9] in/git/lwdee/leopard/net/IRunway.cpp:97 acceptRecive : picked,seq: 27,size: 97
2023-04-23 19:02:25,805 [debug] [   9] in/git/lwdee/leopard/net/IRunway.cpp:97 acceptRecive : picked,seq: 28,size: 97
2023-04-23 19:02:25,805 [debug] [   9] in/git/lwdee/leopard/net/IRunway.cpp:97 acceptRecive : picked,seq: 29,size: 97
2023-04-23 19:02:25,805 [debug] [   9] in/git/lwdee/leopard/net/IRunway.cpp:97 acceptRecive : picked,seq: 30,size: 97
2023-04-23 19:02:25,805 [debug] [   9] in/git/lwdee/leopard/net/IRunway.cpp:97 acceptRecive : picked,seq: 31,size: 97
2023-04-23 19:02:25,805 [debug] [   9] in/git/lwdee/leopard/net/IRunway.cpp:97 acceptRecive : picked,seq: 32,size: 97
2023-04-23 19:02:25,806 [debug] [   9] in/git/lwdee/leopard/net/IRunway.cpp:97 acceptRecive : picked,seq: 33,size: 97
2023-04-23 19:02:25,806 [debug] [   9] in/git/lwdee/leopard/net/IRunway.cpp:97 acceptRecive : picked,seq: 34,size: 98
2023-04-23 19:02:25,806 [debug] [   9] in/git/lwdee/leopard/net/IRunway.cpp:97 acceptRecive : picked,seq: 35,size: 98
2023-04-23 19:02:25,806 [debug] [   9] in/git/lwdee/leopard/net/IRunway.cpp:97 acceptRecive : picked,seq: 36,size: 98
2023-04-23 19:02:25,806 [debug] [   9] in/git/lwdee/leopard/net/IRunway.cpp:97 acceptRecive : picked,seq: 37,size: 98
2023-04-23 19:02:25,806 [debug] [   9] in/git/lwdee/leopard/net/IRunway.cpp:97 acceptRecive : picked,seq: 38,size: 98
2023-04-23 19:02:25,807 [debug] [   9] in/git/lwdee/leopard/net/IRunway.cpp:97 acceptRecive : picked,seq: 39,size: 98
2023-04-23 19:02:25,807 [debug] [   9] in/git/lwdee/leopard/net/IRunway.cpp:97 acceptRecive : picked,seq: 40,size: 98
2023-04-23 19:02:25,807 [debug] [   9] in/git/lwdee/leopard/net/IRunway.cpp:97 acceptRecive : picked,seq: 41,size: 98
2023-04-23 19:02:25,807 [debug] [   9] in/git/lwdee/leopard/net/IRunway.cpp:97 acceptRecive : picked,seq: 42,size: 98
2023-04-23 19:02:25,807 [debug] [   9] in/git/lwdee/leopard/net/IRunway.cpp:97 acceptRecive : picked,seq: 43,size: 98
2023-04-23 19:02:25,807 [debug] [   9] in/git/lwdee/leopard/net/IRunway.cpp:97 acceptRecive : picked,seq: 44,size: 98
2023-04-23 19:02:25,884 [info ] [   1] in/git/lwdee/leopard/antelope/test.cpp:100 execute : 长连接并行,input:1K,testSize:20,parallel:1,elapsed 0.101,ave eclapsed:0.005,response count : 280,
2023-04-23 19:02:26,163 [debug] [  10] in/git/lwdee/leopard/net/IRunway.cpp:97 acceptRecive : picked,seq: 25,size: 97
2023-04-23 19:02:26,163 [debug] [  10] in/git/lwdee/leopard/net/IRunway.cpp:97 acceptRecive : picked,seq: 26,size: 97
2023-04-23 19:02:26,163 [debug] [  10] in/git/lwdee/leopard/net/IRunway.cpp:97 acceptRecive : picked,seq: 27,size: 97
2023-04-23 19:02:26,163 [debug] [  10] in/git/lwdee/leopard/net/IRunway.cpp:97 acceptRecive : picked,seq: 28,size: 97
2023-04-23 19:02:26,164 [debug] [  10] in/git/lwdee/leopard/net/IRunway.cpp:97 acceptRecive : picked,seq: 29,size: 97
2023-04-23 19:02:26,164 [debug] [  10] in/git/lwdee/leopard/net/IRunway.cpp:97 acceptRecive : picked,seq: 30,size: 97
2023-04-23 19:02:26,164 [debug] [  10] in/git/lwdee/leopard/net/IRunway.cpp:97 acceptRecive : picked,seq: 31,size: 97
2023-04-23 19:02:26,164 [debug] [  10] in/git/lwdee/leopard/net/IRunway.cpp:97 acceptRecive : picked,seq: 32,size: 97
2023-04-23 19:02:26,164 [debug] [  10] in/git/lwdee/leopard/net/IRunway.cpp:97 acceptRecive : picked,seq: 33,size: 97
2023-04-23 19:02:26,164 [debug] [  10] in/git/lwdee/leopard/net/IRunway.cpp:97 acceptRecive : picked,seq: 34,size: 98
2023-04-23 19:02:26,165 [debug] [  10] in/git/lwdee/leopard/net/IRunway.cpp:97 acceptRecive : picked,seq: 35,size: 98
2023-04-23 19:02:26,165 [debug] [  10] in/git/lwdee/leopard/net/IRunway.cpp:97 acceptRecive : picked,seq: 36,size: 98
2023-04-23 19:02:26,165 [debug] [  10] in/git/lwdee/leopard/net/IRunway.cpp:97 acceptRecive : picked,seq: 37,size: 98
2023-04-23 19:02:26,165 [debug] [  10] in/git/lwdee/leopard/net/IRunway.cpp:97 acceptRecive : picked,seq: 38,size: 98
2023-04-23 19:02:26,165 [debug] [  10] in/git/lwdee/leopard/net/IRunway.cpp:97 acceptRecive : picked,seq: 39,size: 98
2023-04-23 19:02:26,165 [debug] [  10] in/git/lwdee/leopard/net/IRunway.cpp:97 acceptRecive : picked,seq: 40,size: 98
2023-04-23 19:02:26,165 [debug] [  10] in/git/lwdee/leopard/net/IRunway.cpp:97 acceptRecive : picked,seq: 41,size: 98
2023-04-23 19:02:26,166 [debug] [  10] in/git/lwdee/leopard/net/IRunway.cpp:97 acceptRecive : picked,seq: 42,size: 98
2023-04-23 19:02:26,166 [debug] [  10] in/git/lwdee/leopard/net/IRunway.cpp:97 acceptRecive : picked,seq: 43,size: 98
2023-04-23 19:02:26,166 [debug] [  10] in/git/lwdee/leopard/net/IRunway.cpp:97 acceptRecive : picked,seq: 44,size: 98
2023-04-23 19:02:26,185 [info ] [   1] in/git/lwdee/leopard/antelope/test.cpp:100 execute : 长连接并行,input:10K,testSize:20,parallel:1,elapsed 0.200,ave eclapsed:0.010,response count : 300,
2023-04-23 19:02:28,031 [debug] [  11] in/git/lwdee/leopard/net/IRunway.cpp:97 acceptRecive : picked,seq: 25,size: 97
2023-04-23 19:02:28,031 [debug] [  11] in/git/lwdee/leopard/net/IRunway.cpp:97 acceptRecive : picked,seq: 26,size: 97
2023-04-23 19:02:28,031 [debug] [  11] in/git/lwdee/leopard/net/IRunway.cpp:97 acceptRecive : picked,seq: 27,size: 97
2023-04-23 19:02:28,031 [debug] [  11] in/git/lwdee/leopard/net/IRunway.cpp:97 acceptRecive : picked,seq: 28,size: 97
2023-04-23 19:02:28,031 [debug] [  11] in/git/lwdee/leopard/net/IRunway.cpp:97 acceptRecive : picked,seq: 29,size: 97
2023-04-23 19:02:28,032 [debug] [  11] in/git/lwdee/leopard/net/IRunway.cpp:97 acceptRecive : picked,seq: 30,size: 97
2023-04-23 19:02:28,032 [debug] [  11] in/git/lwdee/leopard/net/IRunway.cpp:97 acceptRecive : picked,seq: 31,size: 97
2023-04-23 19:02:28,032 [debug] [  11] in/git/lwdee/leopard/net/IRunway.cpp:97 acceptRecive : picked,seq: 32,size: 97
2023-04-23 19:02:28,032 [debug] [  11] in/git/lwdee/leopard/net/IRunway.cpp:97 acceptRecive : picked,seq: 33,size: 97
2023-04-23 19:02:28,032 [debug] [  11] in/git/lwdee/leopard/net/IRunway.cpp:97 acceptRecive : picked,seq: 34,size: 98
2023-04-23 19:02:28,032 [debug] [  11] in/git/lwdee/leopard/net/IRunway.cpp:97 acceptRecive : picked,seq: 35,size: 98
2023-04-23 19:02:28,032 [debug] [  11] in/git/lwdee/leopard/net/IRunway.cpp:97 acceptRecive : picked,seq: 36,size: 98
2023-04-23 19:02:28,033 [debug] [  11] in/git/lwdee/leopard/net/IRunway.cpp:97 acceptRecive : picked,seq: 37,size: 98
2023-04-23 19:02:28,033 [debug] [  11] in/git/lwdee/leopard/net/IRunway.cpp:97 acceptRecive : picked,seq: 38,size: 98
2023-04-23 19:02:28,033 [debug] [  11] in/git/lwdee/leopard/net/IRunway.cpp:97 acceptRecive : picked,seq: 39,size: 98
2023-04-23 19:02:28,033 [debug] [  11] in/git/lwdee/leopard/net/IRunway.cpp:97 acceptRecive : picked,seq: 40,size: 98
2023-04-23 19:02:28,033 [debug] [  11] in/git/lwdee/leopard/net/IRunway.cpp:97 acceptRecive : picked,seq: 41,size: 98
2023-04-23 19:02:28,033 [debug] [  11] in/git/lwdee/leopard/net/IRunway.cpp:97 acceptRecive : picked,seq: 42,size: 98
2023-04-23 19:02:28,034 [debug] [  11] in/git/lwdee/leopard/net/IRunway.cpp:97 acceptRecive : picked,seq: 43,size: 98
2023-04-23 19:02:28,034 [debug] [  11] in/git/lwdee/leopard/net/IRunway.cpp:97 acceptRecive : picked,seq: 44,size: 98
2023-04-23 19:02:28,090 [info ] [   1] in/git/lwdee/leopard/antelope/test.cpp:100 execute : 长连接并行,input:100K,testSize:20,parallel:1,elapsed 1.804,ave eclapsed:0.090,response count : 320,
2023-04-23 19:02:46,015 [debug] [  12] in/git/lwdee/leopard/net/IRunway.cpp:97 acceptRecive : picked,seq: 25,size: 97
2023-04-23 19:02:46,015 [debug] [  12] in/git/lwdee/leopard/net/IRunway.cpp:97 acceptRecive : picked,seq: 26,size: 97
2023-04-23 19:02:46,015 [debug] [  12] in/git/lwdee/leopard/net/IRunway.cpp:97 acceptRecive : picked,seq: 27,size: 97
2023-04-23 19:02:46,015 [debug] [  12] in/git/lwdee/leopard/net/IRunway.cpp:97 acceptRecive : picked,seq: 28,size: 97
2023-04-23 19:02:46,015 [debug] [  12] in/git/lwdee/leopard/net/IRunway.cpp:97 acceptRecive : picked,seq: 29,size: 97
2023-04-23 19:02:46,016 [debug] [  12] in/git/lwdee/leopard/net/IRunway.cpp:97 acceptRecive : picked,seq: 30,size: 97
2023-04-23 19:02:46,016 [debug] [  12] in/git/lwdee/leopard/net/IRunway.cpp:97 acceptRecive : picked,seq: 31,size: 97
2023-04-23 19:02:46,016 [debug] [  12] in/git/lwdee/leopard/net/IRunway.cpp:97 acceptRecive : picked,seq: 32,size: 97
2023-04-23 19:02:46,016 [debug] [  12] in/git/lwdee/leopard/net/IRunway.cpp:97 acceptRecive : picked,seq: 33,size: 97
2023-04-23 19:02:46,016 [debug] [  12] in/git/lwdee/leopard/net/IRunway.cpp:97 acceptRecive : picked,seq: 34,size: 98
2023-04-23 19:02:46,016 [debug] [  12] in/git/lwdee/leopard/net/IRunway.cpp:97 acceptRecive : picked,seq: 35,size: 98
2023-04-23 19:02:46,017 [debug] [  12] in/git/lwdee/leopard/net/IRunway.cpp:97 acceptRecive : picked,seq: 36,size: 98
2023-04-23 19:02:46,017 [debug] [  12] in/git/lwdee/leopard/net/IRunway.cpp:97 acceptRecive : picked,seq: 37,size: 98
2023-04-23 19:02:46,017 [debug] [  12] in/git/lwdee/leopard/net/IRunway.cpp:97 acceptRecive : picked,seq: 38,size: 98
2023-04-23 19:02:46,017 [debug] [  12] in/git/lwdee/leopard/net/IRunway.cpp:97 acceptRecive : picked,seq: 39,size: 98
2023-04-23 19:02:46,017 [debug] [  12] in/git/lwdee/leopard/net/IRunway.cpp:97 acceptRecive : picked,seq: 40,size: 98
2023-04-23 19:02:46,017 [debug] [  12] in/git/lwdee/leopard/net/IRunway.cpp:97 acceptRecive : picked,seq: 41,size: 98
2023-04-23 19:02:46,017 [debug] [  12] in/git/lwdee/leopard/net/IRunway.cpp:97 acceptRecive : picked,seq: 42,size: 98
2023-04-23 19:02:46,018 [debug] [  12] in/git/lwdee/leopard/net/IRunway.cpp:97 acceptRecive : picked,seq: 43,size: 98
2023-04-23 19:02:46,018 [debug] [  12] in/git/lwdee/leopard/net/IRunway.cpp:97 acceptRecive : picked,seq: 44,size: 98
2023-04-23 19:02:46,039 [info ] [   1] in/git/lwdee/leopard/antelope/test.cpp:100 execute : 长连接并行,input:1M,testSize:20,parallel:1,elapsed 17.848,ave eclapsed:0.892,response count : 340,
2023-04-23 19:06:51,162 [debug] [  13] in/git/lwdee/leopard/net/IRunway.cpp:97 acceptRecive : picked,seq: 25,size: 97
2023-04-23 19:06:51,162 [debug] [  13] in/git/lwdee/leopard/net/IRunway.cpp:97 acceptRecive : picked,seq: 26,size: 97
2023-04-23 19:06:51,162 [debug] [  13] in/git/lwdee/leopard/net/IRunway.cpp:97 acceptRecive : picked,seq: 27,size: 97
2023-04-23 19:06:51,163 [debug] [  13] in/git/lwdee/leopard/net/IRunway.cpp:97 acceptRecive : picked,seq: 28,size: 97
2023-04-23 19:06:51,163 [debug] [  13] in/git/lwdee/leopard/net/IRunway.cpp:97 acceptRecive : picked,seq: 29,size: 97
2023-04-23 19:06:51,163 [debug] [  13] in/git/lwdee/leopard/net/IRunway.cpp:97 acceptRecive : picked,seq: 30,size: 97
2023-04-23 19:06:51,163 [debug] [  13] in/git/lwdee/leopard/net/IRunway.cpp:97 acceptRecive : picked,seq: 31,size: 97
2023-04-23 19:06:51,163 [debug] [  13] in/git/lwdee/leopard/net/IRunway.cpp:97 acceptRecive : picked,seq: 32,size: 97
2023-04-23 19:06:51,164 [debug] [  13] in/git/lwdee/leopard/net/IRunway.cpp:97 acceptRecive : picked,seq: 33,size: 97
2023-04-23 19:06:51,164 [debug] [  13] in/git/lwdee/leopard/net/IRunway.cpp:97 acceptRecive : picked,seq: 34,size: 98
2023-04-23 19:06:51,164 [debug] [  13] in/git/lwdee/leopard/net/IRunway.cpp:97 acceptRecive : picked,seq: 35,size: 98
2023-04-23 19:06:51,164 [debug] [  13] in/git/lwdee/leopard/net/IRunway.cpp:97 acceptRecive : picked,seq: 36,size: 98
2023-04-23 19:06:51,164 [debug] [  13] in/git/lwdee/leopard/net/IRunway.cpp:97 acceptRecive : picked,seq: 37,size: 98
2023-04-23 19:06:51,164 [debug] [  13] in/git/lwdee/leopard/net/IRunway.cpp:97 acceptRecive : picked,seq: 38,size: 98
2023-04-23 19:06:51,165 [debug] [  13] in/git/lwdee/leopard/net/IRunway.cpp:97 acceptRecive : picked,seq: 39,size: 98
2023-04-23 19:06:51,165 [debug] [  13] in/git/lwdee/leopard/net/IRunway.cpp:97 acceptRecive : picked,seq: 40,size: 98
2023-04-23 19:06:51,165 [debug] [  13] in/git/lwdee/leopard/net/IRunway.cpp:97 acceptRecive : picked,seq: 41,size: 98
2023-04-23 19:06:51,165 [debug] [  13] in/git/lwdee/leopard/net/IRunway.cpp:97 acceptRecive : picked,seq: 42,size: 98
2023-04-23 19:06:51,165 [debug] [  13] in/git/lwdee/leopard/net/IRunway.cpp:97 acceptRecive : picked,seq: 43,size: 98
2023-04-23 19:06:51,178 [debug] [  13] in/git/lwdee/leopard/net/IRunway.cpp:97 acceptRecive : picked,seq: 44,size: 98
2023-04-23 19:06:51,215 [info ] [   1] in/git/lwdee/leopard/antelope/test.cpp:100 execute : 长连接并行,input:10M,testSize:20,parallel:1,elapsed 245.075,ave eclapsed:12.254,response count : 360,
2023-04-23 19:06:52,219 [debug] [   8] in/git/lwdee/leopard/net/IRunway.cpp:97 acceptRecive : picked,seq: 45,size: 97
2023-04-23 19:06:52,219 [debug] [  15] in/git/lwdee/leopard/net/IRunway.cpp:97 acceptRecive : picked,seq: 25,size: 97
2023-04-23 19:06:52,219 [debug] [   9] in/git/lwdee/leopard/net/IRunway.cpp:97 acceptRecive : picked,seq: 45,size: 97
2023-04-23 19:06:52,219 [debug] [   8] in/git/lwdee/leopard/net/IRunway.cpp:97 acceptRecive : picked,seq: 46,size: 98
2023-04-23 19:06:52,219 [debug] [  10] in/git/lwdee/leopard/net/IRunway.cpp:97 acceptRecive : picked,seq: 45,size: 97
2023-04-23 19:06:52,219 [debug] [   9] in/git/lwdee/leopard/net/IRunway.cpp:97 acceptRecive : picked,seq: 46,size: 98
2023-04-23 19:06:52,219 [debug] [  15] in/git/lwdee/leopard/net/IRunway.cpp:97 acceptRecive : picked,seq: 26,size: 98
2023-04-23 19:06:52,219 [debug] [  14] in/git/lwdee/leopard/net/IRunway.cpp:97 acceptRecive : picked,seq: 25,size: 97
2023-04-23 19:06:52,220 [debug] [  16] in/git/lwdee/leopard/net/IRunway.cpp:97 acceptRecive : picked,seq: 25,size: 97
2023-04-23 19:06:52,220 [debug] [  10] in/git/lwdee/leopard/net/IRunway.cpp:97 acceptRecive : picked,seq: 46,size: 98
2023-04-23 19:06:52,220 [debug] [  14] in/git/lwdee/leopard/net/IRunway.cpp:97 acceptRecive : picked,seq: 26,size: 98
2023-04-23 19:06:52,220 [debug] [  16] in/git/lwdee/leopard/net/IRunway.cpp:97 acceptRecive : picked,seq: 26,size: 98
2023-04-23 19:06:52,220 [debug] [  11] in/git/lwdee/leopard/net/IRunway.cpp:97 acceptRecive : picked,seq: 45,size: 97
2023-04-23 19:06:52,220 [debug] [  13] in/git/lwdee/leopard/net/IRunway.cpp:97 acceptRecive : picked,seq: 45,size: 98
2023-04-23 19:06:52,220 [debug] [  12] in/git/lwdee/leopard/net/IRunway.cpp:97 acceptRecive : picked,seq: 45,size: 97
2023-04-23 19:06:52,220 [debug] [  17] in/git/lwdee/leopard/net/IRunway.cpp:97 acceptRecive : picked,seq: 25,size: 97
2023-04-23 19:06:52,220 [debug] [  11] in/git/lwdee/leopard/net/IRunway.cpp:97 acceptRecive : picked,seq: 46,size: 98
2023-04-23 19:06:52,220 [debug] [  13] in/git/lwdee/leopard/net/IRunway.cpp:97 acceptRecive : picked,seq: 46,size: 98
2023-04-23 19:06:52,220 [debug] [  12] in/git/lwdee/leopard/net/IRunway.cpp:97 acceptRecive : picked,seq: 46,size: 98
2023-04-23 19:06:52,220 [debug] [  17] in/git/lwdee/leopard/net/IRunway.cpp:97 acceptRecive : picked,seq: 26,size: 98
2023-04-23 19:06:52,318 [info ] [   1] in/git/lwdee/leopard/antelope/test.cpp:100 execute : 长连接并行,input:100-bytes,testSize:20,parallel:10,elapsed 0.100,ave eclapsed:0.005,response count : 380,
2023-04-23 19:06:53,324 [debug] [  14] in/git/lwdee/leopard/net/IRunway.cpp:97 acceptRecive : picked,seq: 27,size: 97
2023-04-23 19:06:53,324 [debug] [  16] in/git/lwdee/leopard/net/IRunway.cpp:97 acceptRecive : picked,seq: 27,size: 97
2023-04-23 19:06:53,324 [debug] [  15] in/git/lwdee/leopard/net/IRunway.cpp:97 acceptRecive : picked,seq: 27,size: 97
2023-04-23 19:06:53,324 [debug] [  10] in/git/lwdee/leopard/net/IRunway.cpp:97 acceptRecive : picked,seq: 47,size: 97
2023-04-23 19:06:53,324 [debug] [  16] in/git/lwdee/leopard/net/IRunway.cpp:97 acceptRecive : picked,seq: 28,size: 98
2023-04-13 19:06:53,324 [debug] [  17] in/git/lwdee/leopard/net/IRunway.cpp:97 acceptRecive : picked,seq: 27,size: 97
2023-04-23 19:06:53,324 [debug] [  11] in/git/lwdee/leopard/net/IRunway.cpp:97 acceptRecive : picked,seq: 47,size: 97
2023-04-23 19:06:53,325 [debug] [  15] in/git/lwdee/leopard/net/IRunway.cpp:97 acceptRecive : picked,seq: 28,size: 98
2023-04-23 19:06:53,325 [debug] [  10] in/git/lwdee/leopard/net/IRunway.cpp:97 acceptRecive : picked,seq: 48,size: 98
2023-04-23 19:06:53,325 [debug] [  17] in/git/lwdee/leopard/net/IRunway.cpp:97 acceptRecive : picked,seq: 28,size: 98
2023-04-23 19:06:53,325 [debug] [  11] in/git/lwdee/leopard/net/IRunway.cpp:97 acceptRecive : picked,seq: 48,size: 98
2023-04-23 19:06:53,326 [debug] [   9] in/git/lwdee/leopard/net/IRunway.cpp:97 acceptRecive : picked,seq: 47,size: 97
2023-04-23 19:06:53,326 [debug] [  14] in/git/lwdee/leopard/net/IRunway.cpp:97 acceptRecive : picked,seq: 28,size: 98
2023-04-23 19:06:53,326 [debug] [   9] in/git/lwdee/leopard/net/IRunway.cpp:97 acceptRecive : picked,seq: 48,size: 98
2023-04-23 19:06:53,326 [debug] [   8] in/git/lwdee/leopard/net/IRunway.cpp:97 acceptRecive : picked,seq: 47,size: 97
2023-04-23 19:06:53,327 [debug] [   8] in/git/lwdee/leopard/net/IRunway.cpp:97 acceptRecive : picked,seq: 48,size: 98
2023-04-23 19:06:53,328 [debug] [  12] in/git/lwdee/leopard/net/IRunway.cpp:97 acceptRecive : picked,seq: 47,size: 97
2023-04-23 19:06:53,328 [debug] [  13] in/git/lwdee/leopard/net/IRunway.cpp:97 acceptRecive : picked,seq: 47,size: 98
2023-04-23 19:06:53,329 [debug] [  12] in/git/lwdee/leopard/net/IRunway.cpp:97 acceptRecive : picked,seq: 48,size: 98
2023-04-23 19:06:53,329 [debug] [  13] in/git/lwdee/leopard/net/IRunway.cpp:97 acceptRecive : picked,seq: 48,size: 98
2023-04-23 19:06:53,422 [info ] [   1] in/git/lwdee/leopard/antelope/test.cpp:100 execute : 长连接并行,input:1K,testSize:20,parallel:10,elapsed 0.101,ave eclapsed:0.005,response count : 400,
2023-04-23 19:06:54,443 [debug] [  14] in/git/lwdee/leopard/net/IRunway.cpp:97 acceptRecive : picked,seq: 29,size: 97
2023-04-23 19:06:54,443 [debug] [  14] in/git/lwdee/leopard/net/IRunway.cpp:97 acceptRecive : picked,seq: 30,size: 98
2023-04-23 19:06:54,444 [debug] [  17] in/git/lwdee/leopard/net/IRunway.cpp:97 acceptRecive : picked,seq: 29,size: 97
2023-04-23 19:06:54,444 [debug] [   8] in/git/lwdee/leopard/net/IRunway.cpp:97 acceptRecive : picked,seq: 49,size: 97
2023-04-23 19:06:54,444 [debug] [  16] in/git/lwdee/leopard/net/IRunway.cpp:97 acceptRecive : picked,seq: 29,size: 97
2023-04-23 19:06:54,444 [debug] [   8] in/git/lwdee/leopard/net/IRunway.cpp:97 acceptRecive : picked,seq: 50,size: 98
2023-04-23 19:06:54,444 [debug] [   9] in/git/lwdee/leopard/net/IRunway.cpp:97 acceptRecive : picked,seq: 49,size: 97
2023-04-23 19:06:54,444 [debug] [  17] in/git/lwdee/leopard/net/IRunway.cpp:97 acceptRecive : picked,seq: 30,size: 98
2023-04-23 19:06:54,444 [debug] [  10] in/git/lwdee/leopard/net/IRunway.cpp:97 acceptRecive : picked,seq: 49,size: 97
2023-04-23 19:06:54,444 [debug] [   9] in/git/lwdee/leopard/net/IRunway.cpp:97 acceptRecive : picked,seq: 50,size: 98
2023-04-23 19:06:54,444 [debug] [  11] in/git/lwdee/leopard/net/IRunway.cpp:97 acceptRecive : picked,seq: 49,size: 97
2023-04-23 19:06:54,444 [debug] [  16] in/git/lwdee/leopard/net/IRunway.cpp:97 acceptRecive : picked,seq: 30,size: 98
2023-04-23 19:06:54,444 [debug] [  10] in/git/lwdee/leopard/net/IRunway.cpp:97 acceptRecive : picked,seq: 50,size: 98
2023-04-23 19:06:54,444 [debug] [  11] in/git/lwdee/leopard/net/IRunway.cpp:97 acceptRecive : picked,seq: 50,size: 98
2023-04-23 19:06:54,460 [debug] [  15] in/git/lwdee/leopard/net/IRunway.cpp:97 acceptRecive : picked,seq: 29,size: 97
2023-04-23 19:06:54,461 [debug] [  15] in/git/lwdee/leopard/net/IRunway.cpp:97 acceptRecive : picked,seq: 30,size: 98
2023-04-23 19:06:54,461 [debug] [  13] in/git/lwdee/leopard/net/IRunway.cpp:97 acceptRecive : picked,seq: 49,size: 98
2023-04-23 19:06:54,461 [debug] [  12] in/git/lwdee/leopard/net/IRunway.cpp:97 acceptRecive : picked,seq: 49,size: 97
2023-04-23 19:06:54,461 [debug] [  13] in/git/lwdee/leopard/net/IRunway.cpp:97 acceptRecive : picked,seq: 50,size: 98
2023-04-23 19:06:54,461 [debug] [  12] in/git/lwdee/leopard/net/IRunway.cpp:97 acceptRecive : picked,seq: 50,size: 98
2023-04-23 19:06:54,526 [info ] [   1] in/git/lwdee/leopard/antelope/test.cpp:100 execute : 长连接并行,input:10K,testSize:20,parallel:10,elapsed 0.101,ave eclapsed:0.005,response count : 420,
2023-04-23 19:06:55,702 [debug] [  15] in/git/lwdee/leopard/net/IRunway.cpp:97 acceptRecive : picked,seq: 31,size: 97
2023-04-23 19:06:55,703 [debug] [  15] in/git/lwdee/leopard/net/IRunway.cpp:97 acceptRecive : picked,seq: 32,size: 98
2023-04-23 19:06:55,704 [debug] [  16] in/git/lwdee/leopard/net/IRunway.cpp:97 acceptRecive : picked,seq: 31,size: 97
2023-04-23 19:06:55,704 [debug] [  16] in/git/lwdee/leopard/net/IRunway.cpp:97 acceptRecive : picked,seq: 32,size: 98
2023-04-23 19:06:55,705 [debug] [   9] in/git/lwdee/leopard/net/IRunway.cpp:97 acceptRecive : picked,seq: 51,size: 97
2023-04-23 19:06:55,706 [debug] [  14] in/git/lwdee/leopard/net/IRunway.cpp:97 acceptRecive : picked,seq: 31,size: 97
2023-04-23 19:06:55,706 [debug] [  13] in/git/lwdee/leopard/net/IRunway.cpp:97 acceptRecive : picked,seq: 51,size: 98
2023-04-23 19:06:55,706 [debug] [  13] in/git/lwdee/leopard/net/IRunway.cpp:97 acceptRecive : picked,seq: 52,size: 98
2023-04-23 19:06:55,708 [debug] [  10] in/git/lwdee/leopard/net/IRunway.cpp:97 acceptRecive : picked,seq: 51,size: 97
2023-04-23 19:06:55,709 [debug] [  10] in/git/lwdee/leopard/net/IRunway.cpp:97 acceptRecive : picked,seq: 52,size: 98
2023-04-23 19:06:55,711 [debug] [   8] in/git/lwdee/leopard/net/IRunway.cpp:97 acceptRecive : picked,seq: 51,size: 97
2023-04-23 19:06:55,712 [debug] [   8] in/git/lwdee/leopard/net/IRunway.cpp:97 acceptRecive : picked,seq: 52,size: 98
2023-04-23 19:06:55,879 [debug] [  14] in/git/lwdee/leopard/net/IRunway.cpp:97 acceptRecive : picked,seq: 32,size: 98
2023-04-13 19:06:55,879 [debug] [  17] in/git/lwdee/leopard/net/IRunway.cpp:97 acceptRecive : picked,seq: 31,size: 97
2023-04-23 19:06:55,879 [debug] [  17] in/git/lwdee/leopard/net/IRunway.cpp:97 acceptRecive : picked,seq: 32,size: 98
2023-04-23 19:06:56,049 [debug] [   9] in/git/lwdee/leopard/net/IRunway.cpp:97 acceptRecive : picked,seq: 52,size: 98
2023-04-23 19:06:56,049 [debug] [  11] in/git/lwdee/leopard/net/IRunway.cpp:97 acceptRecive : picked,seq: 51,size: 97
2023-04-23 19:06:56,049 [debug] [  12] in/git/lwdee/leopard/net/IRunway.cpp:97 acceptRecive : picked,seq: 51,size: 97
2023-04-23 19:06:56,050 [debug] [  11] in/git/lwdee/leopard/net/IRunway.cpp:97 acceptRecive : picked,seq: 52,size: 98
2023-04-23 19:06:56,050 [debug] [  12] in/git/lwdee/leopard/net/IRunway.cpp:97 acceptRecive : picked,seq: 52,size: 98
2023-04-23 19:06:56,132 [info ] [   1] in/git/lwdee/leopard/antelope/test.cpp:100 execute : 长连接并行,input:100K,testSize:20,parallel:10,elapsed 0.603,ave eclapsed:0.030,response count : 440,
2023-04-23 19:06:58,879 [debug] [  11] in/git/lwdee/leopard/net/IRunway.cpp:97 acceptRecive : picked,seq: 53,size: 97
2023-04-23 19:06:58,880 [debug] [  11] in/git/lwdee/leopard/net/IRunway.cpp:97 acceptRecive : picked,seq: 54,size: 98
2023-04-23 19:06:58,884 [debug] [  17] in/git/lwdee/leopard/net/IRunway.cpp:97 acceptRecive : picked,seq: 33,size: 97
2023-04-23 19:06:58,888 [debug] [   9] in/git/lwdee/leopard/net/IRunway.cpp:97 acceptRecive : picked,seq: 53,size: 97
2023-04-23 19:06:58,890 [debug] [   9] in/git/lwdee/leopard/net/IRunway.cpp:97 acceptRecive : picked,seq: 54,size: 98
2023-04-23 19:06:58,897 [debug] [  15] in/git/lwdee/leopard/net/IRunway.cpp:97 acceptRecive : picked,seq: 33,size: 97
2023-04-23 19:06:58,899 [debug] [  15] in/git/lwdee/leopard/net/IRunway.cpp:97 acceptRecive : picked,seq: 34,size: 98
2023-04-23 19:06:58,902 [debug] [  12] in/git/lwdee/leopard/net/IRunway.cpp:97 acceptRecive : picked,seq: 53,size: 97
2023-04-23 19:06:58,903 [debug] [  12] in/git/lwdee/leopard/net/IRunway.cpp:97 acceptRecive : picked,seq: 54,size: 98
2023-04-23 19:06:58,907 [debug] [   8] in/git/lwdee/leopard/net/IRunway.cpp:97 acceptRecive : picked,seq: 53,size: 97
2023-04-23 19:06:58,909 [debug] [  14] in/git/lwdee/leopard/net/IRunway.cpp:97 acceptRecive : picked,seq: 33,size: 97
2023-04-23 19:07:00,608 [debug] [  17] in/git/lwdee/leopard/net/IRunway.cpp:97 acceptRecive : picked,seq: 34,size: 98
2023-04-23 19:07:00,608 [debug] [  13] in/git/lwdee/leopard/net/IRunway.cpp:97 acceptRecive : picked,seq: 53,size: 98
2023-04-23 19:07:00,609 [debug] [  13] in/git/lwdee/leopard/net/IRunway.cpp:97 acceptRecive : picked,seq: 54,size: 98
2023-04-23 19:07:00,670 [debug] [  14] in/git/lwdee/leopard/net/IRunway.cpp:97 acceptRecive : picked,seq: 34,size: 98
2023-04-23 19:07:00,670 [debug] [  16] in/git/lwdee/leopard/net/IRunway.cpp:97 acceptRecive : picked,seq: 33,size: 97
2023-04-23 19:07:00,670 [debug] [  16] in/git/lwdee/leopard/net/IRunway.cpp:97 acceptRecive : picked,seq: 34,size: 98
2023-04-23 19:07:00,679 [debug] [   8] in/git/lwdee/leopard/net/IRunway.cpp:97 acceptRecive : picked,seq: 54,size: 98
2023-04-23 19:07:00,679 [debug] [  10] in/git/lwdee/leopard/net/IRunway.cpp:97 acceptRecive : picked,seq: 53,size: 97
2023-04-23 19:07:00,680 [debug] [  10] in/git/lwdee/leopard/net/IRunway.cpp:97 acceptRecive : picked,seq: 54,size: 98
2023-04-23 19:07:00,765 [info ] [   1] in/git/lwdee/leopard/antelope/test.cpp:100 execute : 长连接并行,input:1M,testSize:20,parallel:10,elapsed 3.630,ave eclapsed:0.182,response count : 460,
2023-04-23 19:07:26,897 [debug] [  17] in/git/lwdee/leopard/net/IRunway.cpp:97 acceptRecive : picked,seq: 35,size: 97
2023-04-23 19:07:27,059 [debug] [  14] in/git/lwdee/leopard/net/IRunway.cpp:97 acceptRecive : picked,seq: 35,size: 97
2023-04-23 19:07:27,069 [debug] [  14] in/git/lwdee/leopard/net/IRunway.cpp:97 acceptRecive : picked,seq: 36,size: 98
2023-04-23 19:07:27,182 [debug] [  13] in/git/lwdee/leopard/net/IRunway.cpp:97 acceptRecive : picked,seq: 55,size: 98
2023-04-23 19:07:27,191 [debug] [  13] in/git/lwdee/leopard/net/IRunway.cpp:97 acceptRecive : picked,seq: 56,size: 98
2023-04-23 19:07:28,864 [debug] [  15] in/git/lwdee/leopard/net/IRunway.cpp:97 acceptRecive : picked,seq: 35,size: 97
2023-04-23 19:07:30,825 [debug] [  16] in/git/lwdee/leopard/net/IRunway.cpp:97 acceptRecive : picked,seq: 35,size: 97
2023-04-23 19:07:30,835 [debug] [  16] in/git/lwdee/leopard/net/IRunway.cpp:97 acceptRecive : picked,seq: 36,size: 98
2023-04-23 19:07:30,846 [debug] [   8] in/git/lwdee/leopard/net/IRunway.cpp:97 acceptRecive : picked,seq: 55,size: 97
2023-04-23 19:07:30,855 [debug] [   8] in/git/lwdee/leopard/net/IRunway.cpp:97 acceptRecive : picked,seq: 56,size: 98
2023-04-23 19:07:52,617 [debug] [  15] in/git/lwdee/leopard/net/IRunway.cpp:97 acceptRecive : picked,seq: 36,size: 98
2023-04-23 19:07:52,617 [debug] [  11] in/git/lwdee/leopard/net/IRunway.cpp:97 acceptRecive : picked,seq: 55,size: 97
2023-04-23 19:07:52,638 [debug] [  11] in/git/lwdee/leopard/net/IRunway.cpp:97 acceptRecive : picked,seq: 56,size: 98
2023-04-23 19:08:36,731 [debug] [   9] in/git/lwdee/leopard/net/IRunway.cpp:97 acceptRecive : picked,seq: 55,size: 97
2023-04-23 19:08:36,731 [debug] [  10] in/git/lwdee/leopard/net/IRunway.cpp:97 acceptRecive : picked,seq: 55,size: 97
2023-04-23 19:08:36,731 [debug] [  12] in/git/lwdee/leopard/net/IRunway.cpp:97 acceptRecive : picked,seq: 55,size: 97
2023-04-23 19:08:36,731 [debug] [  10] in/git/lwdee/leopard/net/IRunway.cpp:97 acceptRecive : picked,seq: 56,size: 98
2023-04-23 19:08:36,732 [debug] [  17] in/git/lwdee/leopard/net/IRunway.cpp:97 acceptRecive : picked,seq: 36,size: 98
2023-04-23 19:08:36,732 [debug] [   9] in/git/lwdee/leopard/net/IRunway.cpp:97 acceptRecive : picked,seq: 56,size: 98
2023-04-23 19:08:36,739 [debug] [  12] in/git/lwdee/leopard/net/IRunway.cpp:97 acceptRecive : picked,seq: 56,size: 98
2023-04-23 19:08:36,804 [info ] [   1] in/git/lwdee/leopard/antelope/test.cpp:100 execute : 长连接并行,input:10M,testSize:20,parallel:10,elapsed 95.036,ave eclapsed:4.752,response count : 480,
2023-04-23 19:08:36,804 [info ] [   1] in/git/lwdee/leopard/antelope/app.cc:80 main : test finished,eclapsed:713.684
