2023-04-23 18:56:40,735 [info ] [   1] in/git/lwdee/core/logconf.cpp:58 read_log_config : -- app starting ... 
2023-04-23 18:56:40,735 [info ] [   1] in/git/lwdee/./leopard/net/IRunwayContainer.hpp:38 start : parallel: 10
2023-04-23 18:56:43,221 [debug] [   9] in/git/lwdee/leopard/net/IRunway.cpp:97 acceptRecive : picked,seq: 1,size: 169
2023-04-23 18:56:43,421 [debug] [   9] in/git/lwdee/leopard/net/IRunway.cpp:97 acceptRecive : picked,seq: 2,size: 169
2023-04-23 18:56:43,622 [debug] [  10] in/git/lwdee/leopard/net/IRunway.cpp:97 acceptRecive : picked,seq: 1,size: 169
2023-04-23 18:56:43,822 [debug] [  16] in/git/lwdee/leopard/net/IRunway.cpp:97 acceptRecive : picked,seq: 1,size: 169
2023-04-23 18:56:44,023 [debug] [  14] in/git/lwdee/leopard/net/IRunway.cpp:97 acceptRecive : picked,seq: 1,size: 169
2023-04-23 18:56:44,223 [debug] [  16] in/git/lwdee/leopard/net/IRunway.cpp:97 acceptRecive : picked,seq: 2,size: 169
2023-04-23 18:56:44,424 [debug] [  17] in/git/lwdee/leopard/net/IRunway.cpp:97 acceptRecive : picked,seq: 1,size: 169
2023-04-23 18:56:44,624 [debug] [  12] in/git/lwdee/leopard/net/IRunway.cpp:97 acceptRecive : picked,seq: 1,size: 169
2023-04-23 18:56:44,825 [debug] [  13] in/git/lwdee/leopard/net/IRunway.cpp:97 acceptRecive : picked,seq: 1,size: 169
2023-04-23 18:56:45,025 [debug] [  11] in/git/lwdee/leopard/net/IRunway.cpp:97 acceptRecive : picked,seq: 1,size: 170
2023-04-23 18:56:45,226 [debug] [   8] in/git/lwdee/leopard/net/IRunway.cpp:97 acceptRecive : picked,seq: 1,size: 170
2023-04-23 18:56:45,426 [debug] [  14] in/git/lwdee/leopard/net/IRunway.cpp:97 acceptRecive : picked,seq: 2,size: 170
2023-04-23 18:56:45,627 [debug] [  15] in/git/lwdee/leopard/net/IRunway.cpp:97 acceptRecive : picked,seq: 1,size: 170
2023-04-23 18:56:45,827 [debug] [  17] in/git/lwdee/leopard/net/IRunway.cpp:97 acceptRecive : picked,seq: 2,size: 170
2023-04-23 18:56:46,028 [debug] [  10] in/git/lwdee/leopard/net/IRunway.cpp:97 acceptRecive : picked,seq: 2,size: 170
2023-04-23 18:56:46,228 [debug] [  12] in/git/lwdee/leopard/net/IRunway.cpp:97 acceptRecive : picked,seq: 2,size: 170
2023-04-23 18:56:46,429 [debug] [  17] in/git/lwdee/leopard/net/IRunway.cpp:97 acceptRecive : picked,seq: 3,size: 170
2023-04-23 18:56:46,629 [debug] [  15] in/git/lwdee/leopard/net/IRunway.cpp:97 acceptRecive : picked,seq: 2,size: 170
2023-04-23 18:56:46,830 [debug] [  16] in/git/lwdee/leopard/net/IRunway.cpp:97 acceptRecive : picked,seq: 3,size: 170
2023-04-23 18:56:47,030 [debug] [   9] in/git/lwdee/leopard/net/IRunway.cpp:97 acceptRecive : picked,seq: 3,size: 170
2023-04-23 18:56:47,232 [debug] [  14] in/git/lwdee/leopard/net/IRunway.cpp:97 acceptRecive : picked,seq: 3,size: 1069
2023-04-13 18:56:47,432 [debug] [  13] in/git/lwdee/leopard/net/IRunway.cpp:97 acceptRecive : picked,seq: 2,size: 1069
2023-04-23 18:56:47,633 [debug] [   8] in/git/lwdee/leopard/net/IRunway.cpp:97 acceptRecive : picked,seq: 2,size: 1069
2023-04-23 18:56:47,833 [debug] [  17] in/git/lwdee/leopard/net/IRunway.cpp:97 acceptRecive : picked,seq: 4,size: 1069
2023-04-23 18:56:48,034 [debug] [  14] in/git/lwdee/leopard/net/IRunway.cpp:97 acceptRecive : picked,seq: 4,size: 1069
2023-04-23 18:56:48,234 [debug] [  10] in/git/lwdee/leopard/net/IRunway.cpp:97 acceptRecive : picked,seq: 3,size: 1069
2023-04-23 18:56:48,435 [debug] [  15] in/git/lwdee/leopard/net/IRunway.cpp:97 acceptRecive : picked,seq: 3,size: 1069
2023-04-23 18:56:48,635 [debug] [  16] in/git/lwdee/leopard/net/IRunway.cpp:97 acceptRecive : picked,seq: 4,size: 1069
2023-04-23 18:56:48,836 [debug] [   9] in/git/lwdee/leopard/net/IRunway.cpp:97 acceptRecive : picked,seq: 4,size: 1069
2023-04-23 18:56:49,036 [debug] [  17] in/git/lwdee/leopard/net/IRunway.cpp:97 acceptRecive : picked,seq: 5,size: 1070
2023-04-23 18:56:49,236 [debug] [  13] in/git/lwdee/leopard/net/IRunway.cpp:97 acceptRecive : picked,seq: 3,size: 1070
2023-04-23 18:56:49,437 [debug] [   9] in/git/lwdee/leopard/net/IRunway.cpp:97 acceptRecive : picked,seq: 5,size: 1070
2023-04-23 18:56:49,637 [debug] [  11] in/git/lwdee/leopard/net/IRunway.cpp:97 acceptRecive : picked,seq: 2,size: 1070
2023-04-23 18:56:49,838 [debug] [   8] in/git/lwdee/leopard/net/IRunway.cpp:97 acceptRecive : picked,seq: 3,size: 1070
2023-04-23 18:56:50,038 [debug] [  17] in/git/lwdee/leopard/net/IRunway.cpp:97 acceptRecive : picked,seq: 6,size: 1070
2023-04-23 18:56:50,239 [debug] [  15] in/git/lwdee/leopard/net/IRunway.cpp:97 acceptRecive : picked,seq: 4,size: 1070
2023-04-23 18:56:50,439 [debug] [   8] in/git/lwdee/leopard/net/IRunway.cpp:97 acceptRecive : picked,seq: 4,size: 1070
2023-04-23 18:56:50,640 [debug] [   8] in/git/lwdee/leopard/net/IRunway.cpp:97 acceptRecive : picked,seq: 5,size: 1070
2023-04-23 18:56:50,840 [debug] [  13] in/git/lwdee/leopard/net/IRunway.cpp:97 acceptRecive : picked,seq: 4,size: 1070
2023-04-23 18:56:51,041 [debug] [  11] in/git/lwdee/leopard/net/IRunway.cpp:97 acceptRecive : picked,seq: 3,size: 1070
2023-04-23 18:56:51,249 [debug] [   9] in/git/lwdee/leopard/net/IRunway.cpp:97 acceptRecive : picked,seq: 6,size: 10069
2023-04-23 18:56:51,450 [debug] [   8] in/git/lwdee/leopard/net/IRunway.cpp:97 acceptRecive : picked,seq: 6,size: 10069
2023-04-23 18:56:51,650 [debug] [  16] in/git/lwdee/leopard/net/IRunway.cpp:97 acceptRecive : picked,seq: 5,size: 10069
2023-04-23 18:56:51,851 [debug] [  16] in/git/lwdee/leopard/net/IRunway.cpp:97 acceptRecive : picked,seq: 6,size: 10069
2023-04-23 18:56:52,051 [debug] [  11] in/git/lwdee/leopard/net/IRunway.cpp:97 acceptRecive : picked,seq: 4,size: 10069
2023-04-23 18:56:52,251 [debug] [   8] in/git/lwdee/leopard/net/IRunway.cpp:97 acceptRecive : picked,seq: 7,size: 10069
2023-04-23 18:56:52,452 [debug] [  17] in/git/lwdee/leopard/net/IRunway.cpp:97 acceptRecive : picked,seq: 7,size: 10069
2023-04-23 18:56:52,652 [debug] [  15] in/git/lwdee/leopard/net/IRunway.cpp:97 acceptRecive : picked,seq: 5,size: 10069
2023-04-23 18:56:52,853 [debug] [  14] in/git/lwdee/leopard/net/IRunway.cpp:97 acceptRecive : picked,seq: 5,size: 10069
2023-04-23 18:56:53,054 [debug] [   9] in/git/lwdee/leopard/net/IRunway.cpp:97 acceptRecive : picked,seq: 7,size: 10070
2023-04-23 18:56:53,254 [debug] [  16] in/git/lwdee/leopard/net/IRunway.cpp:97 acceptRecive : picked,seq: 7,size: 10070
2023-04-23 18:56:53,455 [debug] [   8] in/git/lwdee/leopard/net/IRunway.cpp:97 acceptRecive : picked,seq: 8,size: 10070
2023-04-23 18:56:53,655 [debug] [  13] in/git/lwdee/leopard/net/IRunway.cpp:97 acceptRecive : picked,seq: 5,size: 10070
2023-04-23 18:56:53,855 [debug] [   9] in/git/lwdee/leopard/net/IRunway.cpp:97 acceptRecive : picked,seq: 8,size: 10070
2023-04-23 18:56:54,056 [debug] [  15] in/git/lwdee/leopard/net/IRunway.cpp:97 acceptRecive : picked,seq: 6,size: 10070
2023-04-23 18:56:54,256 [debug] [   9] in/git/lwdee/leopard/net/IRunway.cpp:97 acceptRecive : picked,seq: 9,size: 10070
2023-04-23 18:56:54,456 [debug] [  17] in/git/lwdee/leopard/net/IRunway.cpp:97 acceptRecive : picked,seq: 8,size: 10070
2023-04-23 18:56:54,656 [debug] [  17] in/git/lwdee/leopard/net/IRunway.cpp:97 acceptRecive : picked,seq: 9,size: 10070
2023-04-23 18:56:54,857 [debug] [  13] in/git/lwdee/leopard/net/IRunway.cpp:97 acceptRecive : picked,seq: 6,size: 10070
2023-04-23 18:56:55,058 [debug] [  11] in/git/lwdee/leopard/net/IRunway.cpp:97 acceptRecive : picked,seq: 5,size: 10070
2023-04-23 18:56:55,333 [debug] [   8] in/git/lwdee/leopard/net/IRunway.cpp:97 acceptRecive : picked,seq: 9,size: 100069
2023-04-23 18:56:55,536 [debug] [   9] in/git/lwdee/leopard/net/IRunway.cpp:97 acceptRecive : picked,seq: 10,size: 100069
2023-04-23 18:56:55,744 [debug] [  17] in/git/lwdee/leopard/net/IRunway.cpp:97 acceptRecive : picked,seq: 10,size: 100069
2023-04-23 18:56:55,940 [debug] [  11] in/git/lwdee/leopard/net/IRunway.cpp:97 acceptRecive : picked,seq: 6,size: 100069
2023-04-23 18:56:56,138 [debug] [  16] in/git/lwdee/leopard/net/IRunway.cpp:97 acceptRecive : picked,seq: 8,size: 100069
2023-04-23 18:56:56,340 [debug] [   8] in/git/lwdee/leopard/net/IRunway.cpp:97 acceptRecive : picked,seq: 10,size: 100069
2023-04-23 18:56:56,542 [debug] [  17] in/git/lwdee/leopard/net/IRunway.cpp:97 acceptRecive : picked,seq: 11,size: 100069
2023-04-23 18:56:56,756 [debug] [  10] in/git/lwdee/leopard/net/IRunway.cpp:97 acceptRecive : picked,seq: 4,size: 100069
2023-04-23 18:56:57,040 [debug] [  16] in/git/lwdee/leopard/net/IRunway.cpp:97 acceptRecive : picked,seq: 9,size: 100069
2023-04-23 18:56:57,245 [debug] [   8] in/git/lwdee/leopard/net/IRunway.cpp:97 acceptRecive : picked,seq: 11,size: 100070
2023-04-23 18:56:57,443 [debug] [  15] in/git/lwdee/leopard/net/IRunway.cpp:97 acceptRecive : picked,seq: 7,size: 100070
2023-04-23 18:56:57,644 [debug] [  11] in/git/lwdee/leopard/net/IRunway.cpp:97 acceptRecive : picked,seq: 7,size: 100070
2023-04-23 18:56:57,844 [debug] [  13] in/git/lwdee/leopard/net/IRunway.cpp:97 acceptRecive : picked,seq: 7,size: 100070
2023-04-23 18:56:58,045 [debug] [   9] in/git/lwdee/leopard/net/IRunway.cpp:97 acceptRecive : picked,seq: 11,size: 100070
2023-04-23 18:56:58,250 [debug] [   9] in/git/lwdee/leopard/net/IRunway.cpp:97 acceptRecive : picked,seq: 12,size: 100070
2023-04-23 18:56:58,446 [debug] [  16] in/git/lwdee/leopard/net/IRunway.cpp:97 acceptRecive : picked,seq: 10,size: 100070
2023-04-23 18:56:58,648 [debug] [  12] in/git/lwdee/leopard/net/IRunway.cpp:97 acceptRecive : picked,seq: 3,size: 100070
2023-04-23 18:56:58,846 [debug] [   9] in/git/lwdee/leopard/net/IRunway.cpp:97 acceptRecive : picked,seq: 13,size: 100070
2023-04-23 18:56:59,048 [debug] [  17] in/git/lwdee/leopard/net/IRunway.cpp:97 acceptRecive : picked,seq: 12,size: 100070
2023-04-23 18:56:59,250 [debug] [   9] in/git/lwdee/leopard/net/IRunway.cpp:97 acceptRecive : picked,seq: 14,size: 100070
2023-04-23 18:57:00,319 [debug] [  12] in/git/lwdee/leopard/net/IRunway.cpp:97 acceptRecive : picked,seq: 4,size: 1000069
2023-04-23 18:57:01,354 [debug] [  15] in/git/lwdee/leopard/net/IRunway.cpp:97 acceptRecive : picked,seq: 8,size: 1000069
2023-04-23 18:57:02,379 [debug] [  17] in/git/lwdee/leopard/net/IRunway.cpp:97 acceptRecive : picked,seq: 13,size: 1000069
2023-04-23 18:57:03,476 [debug] [  11] in/git/lwdee/leopard/net/IRunway.cpp:97 acceptRecive : picked,seq: 8,size: 1000069
2023-04-23 18:57:04,569 [debug] [  15] in/git/lwdee/leopard/net/IRunway.cpp:97 acceptRecive : picked,seq: 9,size: 1000069
2023-04-23 18:57:05,578 [debug] [  14] in/git/lwdee/leopard/net/IRunway.cpp:97 acceptRecive : picked,seq: 6,size: 1000069
2023-04-23 18:57:06,569 [debug] [  14] in/git/lwdee/leopard/net/IRunway.cpp:97 acceptRecive : picked,seq: 7,size: 1000069
2023-04-23 18:57:07,584 [debug] [  10] in/git/lwdee/leopard/net/IRunway.cpp:97 acceptRecive : picked,seq: 5,size: 1000069
2023-04-23 18:57:08,573 [debug] [  14] in/git/lwdee/leopard/net/IRunway.cpp:97 acceptRecive : picked,seq: 8,size: 1000069
2023-04-23 18:57:09,586 [debug] [  10] in/git/lwdee/leopard/net/IRunway.cpp:97 acceptRecive : picked,seq: 6,size: 1000070
2023-04-23 18:57:10,600 [debug] [  17] in/git/lwdee/leopard/net/IRunway.cpp:97 acceptRecive : picked,seq: 14,size: 1000070
2023-04-23 18:57:11,697 [debug] [  12] in/git/lwdee/leopard/net/IRunway.cpp:97 acceptRecive : picked,seq: 5,size: 1000070
2023-04-23 18:57:12,698 [debug] [  11] in/git/lwdee/leopard/net/IRunway.cpp:97 acceptRecive : picked,seq: 9,size: 1000070
2023-04-23 18:57:13,710 [debug] [   8] in/git/lwdee/leopard/net/IRunway.cpp:97 acceptRecive : picked,seq: 12,size: 1000070
2023-04-23 18:57:14,810 [debug] [   8] in/git/lwdee/leopard/net/IRunway.cpp:97 acceptRecive : picked,seq: 13,size: 1000070
2023-04-23 18:57:15,910 [debug] [  17] in/git/lwdee/leopard/net/IRunway.cpp:97 acceptRecive : picked,seq: 15,size: 1000070
2023-04-23 18:57:16,919 [debug] [   8] in/git/lwdee/leopard/net/IRunway.cpp:97 acceptRecive : picked,seq: 14,size: 1000070
2023-04-23 18:57:18,019 [debug] [  17] in/git/lwdee/leopard/net/IRunway.cpp:97 acceptRecive : picked,seq: 16,size: 1000070
2023-04-23 18:57:19,032 [debug] [  13] in/git/lwdee/leopard/net/IRunway.cpp:97 acceptRecive : picked,seq: 8,size: 1000070
2023-04-23 18:57:20,134 [debug] [  10] in/git/lwdee/leopard/net/IRunway.cpp:97 acceptRecive : picked,seq: 7,size: 1000070
2023-04-23 18:57:39,103 [debug] [  16] in/git/lwdee/leopard/net/IRunway.cpp:97 acceptRecive : picked,seq: 11,size: 10000069
2023-04-23 18:57:51,714 [debug] [   9] in/git/lwdee/leopard/net/IRunway.cpp:97 acceptRecive : picked,seq: 15,size: 10000069
2023-04-23 18:58:04,102 [debug] [  11] in/git/lwdee/leopard/net/IRunway.cpp:97 acceptRecive : picked,seq: 10,size: 10000069
2023-04-23 18:58:16,403 [debug] [  10] in/git/lwdee/leopard/net/IRunway.cpp:97 acceptRecive : picked,seq: 8,size: 10000069
2023-04-23 18:58:28,200 [debug] [  10] in/git/lwdee/leopard/net/IRunway.cpp:97 acceptRecive : picked,seq: 9,size: 10000069
2023-04-23 18:58:40,156 [debug] [  10] in/git/lwdee/leopard/net/IRunway.cpp:97 acceptRecive : picked,seq: 10,size: 10000069
2023-04-23 18:58:52,604 [debug] [  17] in/git/lwdee/leopard/net/IRunway.cpp:97 acceptRecive : picked,seq: 17,size: 10000069
2023-04-23 18:59:04,612 [debug] [  17] in/git/lwdee/leopard/net/IRunway.cpp:97 acceptRecive : picked,seq: 18,size: 10000069
2023-04-23 18:59:17,089 [debug] [  13] in/git/lwdee/leopard/net/IRunway.cpp:97 acceptRecive : picked,seq: 9,size: 10000069
2023-04-23 18:59:29,475 [debug] [  12] in/git/lwdee/leopard/net/IRunway.cpp:97 acceptRecive : picked,seq: 6,size: 10000070
2023-04-23 18:59:42,067 [debug] [   9] in/git/lwdee/leopard/net/IRunway.cpp:97 acceptRecive : picked,seq: 16,size: 10000070
2023-04-23 18:59:54,489 [debug] [  16] in/git/lwdee/leopard/net/IRunway.cpp:97 acceptRecive : picked,seq: 12,size: 10000070
2023-04-23 19:00:06,941 [debug] [  14] in/git/lwdee/leopard/net/IRunway.cpp:97 acceptRecive : picked,seq: 9,size: 10000070
2023-04-23 19:00:19,228 [debug] [   8] in/git/lwdee/leopard/net/IRunway.cpp:97 acceptRecive : picked,seq: 15,size: 10000070
2023-04-23 19:00:31,292 [debug] [  14] in/git/lwdee/leopard/net/IRunway.cpp:97 acceptRecive : picked,seq: 10,size: 10000070
2023-04-23 19:00:43,719 [debug] [   9] in/git/lwdee/leopard/net/IRunway.cpp:97 acceptRecive : picked,seq: 17,size: 10000070
2023-04-23 19:00:55,528 [debug] [  17] in/git/lwdee/leopard/net/IRunway.cpp:97 acceptRecive : picked,seq: 19,size: 10000070
2023-04-23 19:01:07,445 [debug] [  17] in/git/lwdee/leopard/net/IRunway.cpp:97 acceptRecive : picked,seq: 20,size: 10000070
2023-04-23 19:01:19,480 [debug] [   8] in/git/lwdee/leopard/net/IRunway.cpp:97 acceptRecive : picked,seq: 16,size: 10000070
2023-04-23 19:01:32,078 [debug] [   9] in/git/lwdee/leopard/net/IRunway.cpp:97 acceptRecive : picked,seq: 18,size: 10000070
2023-04-23 19:01:32,216 [debug] [  15] in/git/lwdee/leopard/net/IRunway.cpp:97 acceptRecive : picked,seq: 10,size: 169
2023-04-23 19:01:32,316 [debug] [  12] in/git/lwdee/leopard/net/IRunway.cpp:97 acceptRecive : picked,seq: 7,size: 169
2023-04-23 19:01:32,417 [debug] [  11] in/git/lwdee/leopard/net/IRunway.cpp:97 acceptRecive : picked,seq: 11,size: 169
2023-04-23 19:01:32,517 [debug] [  17] in/git/lwdee/leopard/net/IRunway.cpp:97 acceptRecive : picked,seq: 21,size: 169
2023-04-23 19:01:32,617 [debug] [  14] in/git/lwdee/leopard/net/IRunway.cpp:97 acceptRecive : picked,seq: 11,size: 169
2023-04-23 19:01:32,718 [debug] [  15] in/git/lwdee/leopard/net/IRunway.cpp:97 acceptRecive : picked,seq: 11,size: 169
2023-04-23 19:01:32,818 [debug] [  14] in/git/lwdee/leopard/net/IRunway.cpp:97 acceptRecive : picked,seq: 12,size: 169
2023-04-23 19:01:32,918 [debug] [  13] in/git/lwdee/leopard/net/IRunway.cpp:97 acceptRecive : picked,seq: 10,size: 169
2023-04-23 19:01:33,019 [debug] [  17] in/git/lwdee/leopard/net/IRunway.cpp:97 acceptRecive : picked,seq: 22,size: 169
2023-04-23 19:01:33,119 [debug] [  15] in/git/lwdee/leopard/net/IRunway.cpp:97 acceptRecive : picked,seq: 12,size: 170
2023-04-23 19:01:33,219 [debug] [   8] in/git/lwdee/leopard/net/IRunway.cpp:97 acceptRecive : picked,seq: 17,size: 170
2023-04-23 19:01:33,319 [debug] [  14] in/git/lwdee/leopard/net/IRunway.cpp:97 acceptRecive : picked,seq: 13,size: 170
2023-04-23 19:01:33,420 [debug] [  15] in/git/lwdee/leopard/net/IRunway.cpp:97 acceptRecive : picked,seq: 13,size: 170
2023-04-23 19:01:33,520 [debug] [  12] in/git/lwdee/leopard/net/IRunway.cpp:97 acceptRecive : picked,seq: 8,size: 170
2023-04-23 19:01:33,620 [debug] [  14] in/git/lwdee/leopard/net/IRunway.cpp:97 acceptRecive : picked,seq: 14,size: 170
2023-04-23 19:01:33,721 [debug] [  12] in/git/lwdee/leopard/net/IRunway.cpp:97 acceptRecive : picked,seq: 9,size: 170
2023-04-23 19:01:33,821 [debug] [   9] in/git/lwdee/leopard/net/IRunway.cpp:97 acceptRecive : picked,seq: 19,size: 170
2023-04-23 19:01:33,921 [debug] [  17] in/git/lwdee/leopard/net/IRunway.cpp:97 acceptRecive : picked,seq: 23,size: 170
2023-04-23 19:01:34,022 [debug] [  10] in/git/lwdee/leopard/net/IRunway.cpp:97 acceptRecive : picked,seq: 11,size: 170
2023-04-23 19:01:34,122 [debug] [  11] in/git/lwdee/leopard/net/IRunway.cpp:97 acceptRecive : picked,seq: 12,size: 170
2023-04-23 19:01:34,324 [debug] [  12] in/git/lwdee/leopard/net/IRunway.cpp:97 acceptRecive : picked,seq: 10,size: 1069
2023-04-23 19:01:34,424 [debug] [   8] in/git/lwdee/leopard/net/IRunway.cpp:97 acceptRecive : picked,seq: 18,size: 1069
2023-04-23 19:01:34,525 [debug] [  16] in/git/lwdee/leopard/net/IRunway.cpp:97 acceptRecive : picked,seq: 13,size: 1069
2023-04-23 19:01:34,625 [debug] [  14] in/git/lwdee/leopard/net/IRunway.cpp:97 acceptRecive : picked,seq: 15,size: 1069
2023-04-23 19:01:34,725 [debug] [  16] in/git/lwdee/leopard/net/IRunway.cpp:97 acceptRecive : picked,seq: 14,size: 1069
2023-04-23 19:01:34,826 [debug] [  11] in/git/lwdee/leopard/net/IRunway.cpp:97 acceptRecive : picked,seq: 13,size: 1069
2023-04-23 19:01:34,926 [debug] [  10] in/git/lwdee/leopard/net/IRunway.cpp:97 acceptRecive : picked,seq: 12,size: 1069
2023-04-23 19:01:35,026 [debug] [  17] in/git/lwdee/leopard/net/IRunway.cpp:97 acceptRecive : picked,seq: 24,size: 1069
2023-04-23 19:01:35,127 [debug] [  10] in/git/lwdee/leopard/net/IRunway.cpp:97 acceptRecive : picked,seq: 13,size: 1069
2023-04-23 19:01:35,227 [debug] [  11] in/git/lwdee/leopard/net/IRunway.cpp:97 acceptRecive : picked,seq: 14,size: 1070
2023-04-23 19:01:35,327 [debug] [  11] in/git/lwdee/leopard/net/IRunway.cpp:97 acceptRecive : picked,seq: 15,size: 1070
2023-04-23 19:01:35,427 [debug] [  10] in/git/lwdee/leopard/net/IRunway.cpp:97 acceptRecive : picked,seq: 14,size: 1070
2023-04-23 19:01:35,528 [debug] [  16] in/git/lwdee/leopard/net/IRunway.cpp:97 acceptRecive : picked,seq: 15,size: 1070
2023-04-23 19:01:35,628 [debug] [  12] in/git/lwdee/leopard/net/IRunway.cpp:97 acceptRecive : picked,seq: 11,size: 1070
2023-04-23 19:01:35,728 [debug] [  11] in/git/lwdee/leopard/net/IRunway.cpp:97 acceptRecive : picked,seq: 16,size: 1070
2023-04-23 19:01:35,829 [debug] [  15] in/git/lwdee/leopard/net/IRunway.cpp:97 acceptRecive : picked,seq: 14,size: 1070
2023-04-23 19:01:35,929 [debug] [  11] in/git/lwdee/leopard/net/IRunway.cpp:97 acceptRecive : picked,seq: 17,size: 1070
2023-04-23 19:01:36,029 [debug] [  16] in/git/lwdee/leopard/net/IRunway.cpp:97 acceptRecive : picked,seq: 16,size: 1070
2023-04-23 19:01:36,130 [debug] [   8] in/git/lwdee/leopard/net/IRunway.cpp:97 acceptRecive : picked,seq: 19,size: 1070
2023-04-23 19:01:36,230 [debug] [   8] in/git/lwdee/leopard/net/IRunway.cpp:97 acceptRecive : picked,seq: 20,size: 1070
2023-04-23 19:01:36,439 [debug] [  11] in/git/lwdee/leopard/net/IRunway.cpp:97 acceptRecive : picked,seq: 18,size: 10069
2023-04-23 19:01:36,539 [debug] [  13] in/git/lwdee/leopard/net/IRunway.cpp:97 acceptRecive : picked,seq: 11,size: 10069
2023-04-23 19:01:36,640 [debug] [  12] in/git/lwdee/leopard/net/IRunway.cpp:97 acceptRecive : picked,seq: 12,size: 10069
2023-04-23 19:01:36,740 [debug] [   8] in/git/lwdee/leopard/net/IRunway.cpp:97 acceptRecive : picked,seq: 21,size: 10069
2023-04-23 19:01:36,840 [debug] [  12] in/git/lwdee/leopard/net/IRunway.cpp:97 acceptRecive : picked,seq: 13,size: 10069
2023-04-23 19:01:36,941 [debug] [   8] in/git/lwdee/leopard/net/IRunway.cpp:97 acceptRecive : picked,seq: 22,size: 10069
2023-04-23 19:01:37,041 [debug] [  10] in/git/lwdee/leopard/net/IRunway.cpp:97 acceptRecive : picked,seq: 15,size: 10069
2023-04-23 19:01:37,142 [debug] [  10] in/git/lwdee/leopard/net/IRunway.cpp:97 acceptRecive : picked,seq: 16,size: 10069
2023-04-23 19:01:37,242 [debug] [  15] in/git/lwdee/leopard/net/IRunway.cpp:97 acceptRecive : picked,seq: 15,size: 10069
2023-04-23 19:01:37,342 [debug] [  16] in/git/lwdee/leopard/net/IRunway.cpp:97 acceptRecive : picked,seq: 17,size: 10070
2023-04-23 19:01:37,443 [debug] [  17] in/git/lwdee/leopard/net/IRunway.cpp:97 acceptRecive : picked,seq: 25,size: 10070
2023-04-23 19:01:37,543 [debug] [  17] in/git/lwdee/leopard/net/IRunway.cpp:97 acceptRecive : picked,seq: 26,size: 10070
2023-04-23 19:01:37,644 [debug] [  10] in/git/lwdee/leopard/net/IRunway.cpp:97 acceptRecive : picked,seq: 17,size: 10070
2023-04-23 19:01:37,744 [debug] [  11] in/git/lwdee/leopard/net/IRunway.cpp:97 acceptRecive : picked,seq: 19,size: 10070
2023-04-23 19:01:37,844 [debug] [  16] in/git/lwdee/leopard/net/IRunway.cpp:97 acceptRecive : picked,seq: 18,size: 10070
2023-04-23 19:01:37,945 [debug] [  17] in/git/lwdee/leopard/net/IRunway.cpp:97 acceptRecive : picked,seq: 27,size: 10070
2023-04-23 19:01:38,045 [debug] [   8] in/git/lwdee/leopard/net/IRunway.cpp:97 acceptRecive : picked,seq: 23,size: 10070
2023-04-23 19:01:38,146 [debug] [  13] in/git/lwdee/leopard/net/IRunway.cpp:97 acceptRecive : picked,seq: 12,size: 10070
2023-04-23 19:01:38,246 [debug] [  13] in/git/lwdee/leopard/net/IRunway.cpp:97 acceptRecive : picked,seq: 13,size: 10070
2023-04-23 19:01:38,346 [debug] [  11] in/git/lwdee/leopard/net/IRunway.cpp:97 acceptRecive : picked,seq: 20,size: 10070
2023-04-23 19:01:38,627 [debug] [  16] in/git/lwdee/leopard/net/IRunway.cpp:97 acceptRecive : picked,seq: 19,size: 100069
2023-04-23 19:01:38,729 [debug] [  11] in/git/lwdee/leopard/net/IRunway.cpp:97 acceptRecive : picked,seq: 21,size: 100069
2023-04-23 19:01:38,836 [debug] [   9] in/git/lwdee/leopard/net/IRunway.cpp:97 acceptRecive : picked,seq: 20,size: 100069
2023-04-23 19:01:38,927 [debug] [  10] in/git/lwdee/leopard/net/IRunway.cpp:97 acceptRecive : picked,seq: 18,size: 100069
2023-04-23 19:01:39,028 [debug] [   9] in/git/lwdee/leopard/net/IRunway.cpp:97 acceptRecive : picked,seq: 21,size: 100069
2023-04-23 19:01:39,129 [debug] [   9] in/git/lwdee/leopard/net/IRunway.cpp:97 acceptRecive : picked,seq: 22,size: 100069
2023-04-23 19:01:39,227 [debug] [  16] in/git/lwdee/leopard/net/IRunway.cpp:97 acceptRecive : picked,seq: 20,size: 100069
2023-04-23 19:01:39,329 [debug] [  13] in/git/lwdee/leopard/net/IRunway.cpp:97 acceptRecive : picked,seq: 14,size: 100069
2023-04-23 19:01:39,429 [debug] [  10] in/git/lwdee/leopard/net/IRunway.cpp:97 acceptRecive : picked,seq: 19,size: 100069
2023-04-23 19:01:39,529 [debug] [  12] in/git/lwdee/leopard/net/IRunway.cpp:97 acceptRecive : picked,seq: 14,size: 100070
2023-04-23 19:01:39,630 [debug] [  12] in/git/lwdee/leopard/net/IRunway.cpp:97 acceptRecive : picked,seq: 15,size: 100070
2023-04-23 19:01:39,730 [debug] [  11] in/git/lwdee/leopard/net/IRunway.cpp:97 acceptRecive : picked,seq: 22,size: 100070
2023-04-23 19:01:39,830 [debug] [  13] in/git/lwdee/leopard/net/IRunway.cpp:97 acceptRecive : picked,seq: 15,size: 100070
2023-04-23 19:01:39,931 [debug] [  11] in/git/lwdee/leopard/net/IRunway.cpp:97 acceptRecive : picked,seq: 23,size: 100070
2023-04-23 19:01:40,033 [debug] [  12] in/git/lwdee/leopard/net/IRunway.cpp:97 acceptRecive : picked,seq: 16,size: 100070
2023-04-23 19:01:40,132 [debug] [  13] in/git/lwdee/leopard/net/IRunway.cpp:97 acceptRecive : picked,seq: 16,size: 100070
2023-04-23 19:01:40,232 [debug] [  11] in/git/lwdee/leopard/net/IRunway.cpp:97 acceptRecive : picked,seq: 24,size: 100070
2023-04-23 19:01:40,333 [debug] [   8] in/git/lwdee/leopard/net/IRunway.cpp:97 acceptRecive : picked,seq: 24,size: 100070
2023-04-23 19:01:40,433 [debug] [  17] in/git/lwdee/leopard/net/IRunway.cpp:97 acceptRecive : picked,seq: 28,size: 100070
2023-04-23 19:01:40,533 [debug] [  13] in/git/lwdee/leopard/net/IRunway.cpp:97 acceptRecive : picked,seq: 17,size: 100070
2023-04-23 19:01:41,554 [debug] [  10] in/git/lwdee/leopard/net/IRunway.cpp:97 acceptRecive : picked,seq: 20,size: 1000069
2023-04-23 19:01:41,620 [debug] [  14] in/git/lwdee/leopard/net/IRunway.cpp:97 acceptRecive : picked,seq: 16,size: 1000069
2023-04-23 19:01:41,779 [debug] [   9] in/git/lwdee/leopard/net/IRunway.cpp:97 acceptRecive : picked,seq: 23,size: 1000069
2023-04-23 19:01:41,847 [debug] [  15] in/git/lwdee/leopard/net/IRunway.cpp:97 acceptRecive : picked,seq: 16,size: 1000069
2023-04-23 19:01:42,139 [debug] [   8] in/git/lwdee/leopard/net/IRunway.cpp:97 acceptRecive : picked,seq: 25,size: 1000069
2023-04-23 19:01:42,339 [debug] [  16] in/git/lwdee/leopard/net/IRunway.cpp:97 acceptRecive : picked,seq: 21,size: 1000069
2023-04-23 19:01:42,483 [debug] [  14] in/git/lwdee/leopard/net/IRunway.cpp:97 acceptRecive : picked,seq: 17,size: 1000069
2023-04-23 19:01:42,542 [debug] [  10] in/git/lwdee/leopard/net/IRunway.cpp:97 acceptRecive : picked,seq: 21,size: 1000070
2023-04-23 19:01:42,746 [debug] [  13] in/git/lwdee/leopard/net/IRunway.cpp:97 acceptRecive : picked,seq: 18,size: 1000070
2023-04-23 19:01:42,840 [debug] [  15] in/git/lwdee/leopard/net/IRunway.cpp:97 acceptRecive : picked,seq: 17,size: 1000070
2023-04-23 19:01:42,959 [debug] [  11] in/git/lwdee/leopard/net/IRunway.cpp:97 acceptRecive : picked,seq: 25,size: 1000070
2023-04-23 19:01:43,012 [debug] [   8] in/git/lwdee/leopard/net/IRunway.cpp:97 acceptRecive : picked,seq: 26,size: 1000070
2023-04-23 19:01:43,062 [debug] [  12] in/git/lwdee/leopard/net/IRunway.cpp:97 acceptRecive : picked,seq: 17,size: 1000070
2023-04-23 19:01:43,207 [debug] [  16] in/git/lwdee/leopard/net/IRunway.cpp:97 acceptRecive : picked,seq: 22,size: 1000070
2023-04-23 19:01:43,346 [debug] [  14] in/git/lwdee/leopard/net/IRunway.cpp:97 acceptRecive : picked,seq: 18,size: 1000069
2023-04-23 19:01:43,453 [debug] [  10] in/git/lwdee/leopard/net/IRunway.cpp:97 acceptRecive : picked,seq: 22,size: 1000070
2023-04-23 19:01:43,709 [debug] [  15] in/git/lwdee/leopard/net/IRunway.cpp:97 acceptRecive : picked,seq: 18,size: 1000070
2023-04-23 19:01:43,832 [debug] [  11] in/git/lwdee/leopard/net/IRunway.cpp:97 acceptRecive : picked,seq: 26,size: 1000070
2023-04-23 19:01:43,944 [debug] [  12] in/git/lwdee/leopard/net/IRunway.cpp:97 acceptRecive : picked,seq: 18,size: 1000070
2023-04-23 19:01:44,225 [debug] [  14] in/git/lwdee/leopard/net/IRunway.cpp:97 acceptRecive : picked,seq: 19,size: 1000069
2023-04-23 19:01:57,464 [debug] [  13] in/git/lwdee/leopard/net/IRunway.cpp:97 acceptRecive : picked,seq: 19,size: 10000069
2023-04-23 19:01:57,473 [debug] [  14] in/git/lwdee/leopard/net/IRunway.cpp:97 acceptRecive : picked,seq: 20,size: 10000069
2023-04-23 19:01:57,699 [debug] [  15] in/git/lwdee/leopard/net/IRunway.cpp:97 acceptRecive : picked,seq: 19,size: 10000069
2023-04-23 19:01:58,165 [debug] [  16] in/git/lwdee/leopard/net/IRunway.cpp:97 acceptRecive : picked,seq: 23,size: 10000069
2023-04-23 19:01:58,292 [debug] [   8] in/git/lwdee/leopard/net/IRunway.cpp:97 acceptRecive : picked,seq: 27,size: 10000069
2023-04-23 19:01:58,624 [debug] [  11] in/git/lwdee/leopard/net/IRunway.cpp:97 acceptRecive : picked,seq: 27,size: 10000069
2023-04-23 19:01:58,638 [debug] [  17] in/git/lwdee/leopard/net/IRunway.cpp:97 acceptRecive : picked,seq: 29,size: 10000070
2023-04-23 19:02:00,119 [debug] [  12] in/git/lwdee/leopard/net/IRunway.cpp:97 acceptRecive : picked,seq: 19,size: 10000069
2023-04-23 19:02:00,234 [debug] [   9] in/git/lwdee/leopard/net/IRunway.cpp:97 acceptRecive : picked,seq: 24,size: 10000070
2023-04-23 19:02:10,145 [debug] [  14] in/git/lwdee/leopard/net/IRunway.cpp:97 acceptRecive : picked,seq: 21,size: 10000070
2023-04-23 19:02:10,203 [debug] [  13] in/git/lwdee/leopard/net/IRunway.cpp:97 acceptRecive : picked,seq: 20,size: 10000069
2023-04-23 19:02:10,340 [debug] [  15] in/git/lwdee/leopard/net/IRunway.cpp:97 acceptRecive : picked,seq: 20,size: 10000070
2023-04-23 19:02:10,761 [debug] [  16] in/git/lwdee/leopard/net/IRunway.cpp:97 acceptRecive : picked,seq: 24,size: 10000070
2023-04-23 19:02:11,301 [debug] [  17] in/git/lwdee/leopard/net/IRunway.cpp:97 acceptRecive : picked,seq: 30,size: 10000070
2023-04-23 19:02:11,520 [debug] [  11] in/git/lwdee/leopard/net/IRunway.cpp:97 acceptRecive : picked,seq: 28,size: 10000069
2023-04-23 19:02:13,214 [debug] [  12] in/git/lwdee/leopard/net/IRunway.cpp:97 acceptRecive : picked,seq: 20,size: 10000070
2023-04-23 19:02:22,439 [debug] [  13] in/git/lwdee/leopard/net/IRunway.cpp:97 acceptRecive : picked,seq: 21,size: 10000070
2023-04-23 19:02:22,756 [debug] [  15] in/git/lwdee/leopard/net/IRunway.cpp:97 acceptRecive : picked,seq: 21,size: 10000070
2023-04-23 19:02:24,010 [debug] [  11] in/git/lwdee/leopard/net/IRunway.cpp:97 acceptRecive : picked,seq: 29,size: 10000070
2023-04-23 19:02:25,418 [debug] [  12] in/git/lwdee/leopard/net/IRunway.cpp:97 acceptRecive : picked,seq: 21,size: 10000070
2023-04-23 19:02:25,583 [debug] [  11] in/git/lwdee/leopard/net/IRunway.cpp:97 acceptRecive : picked,seq: 30,size: 169
2023-04-23 19:02:25,583 [debug] [  11] in/git/lwdee/leopard/net/IRunway.cpp:97 acceptRecive : picked,seq: 31,size: 169
2023-04-23 19:02:25,583 [debug] [  11] in/git/lwdee/leopard/net/IRunway.cpp:97 acceptRecive : picked,seq: 32,size: 169
2023-04-23 19:02:25,583 [debug] [  11] in/git/lwdee/leopard/net/IRunway.cpp:97 acceptRecive : picked,seq: 33,size: 169
2023-04-23 19:02:25,584 [debug] [  11] in/git/lwdee/leopard/net/IRunway.cpp:97 acceptRecive : picked,seq: 34,size: 169
2023-04-23 19:02:25,584 [debug] [  11] in/git/lwdee/leopard/net/IRunway.cpp:97 acceptRecive : picked,seq: 35,size: 169
2023-04-23 19:02:25,584 [debug] [  11] in/git/lwdee/leopard/net/IRunway.cpp:97 acceptRecive : picked,seq: 36,size: 169
2023-04-23 19:02:25,584 [debug] [  11] in/git/lwdee/leopard/net/IRunway.cpp:97 acceptRecive : picked,seq: 37,size: 169
2023-04-23 19:02:25,584 [debug] [  11] in/git/lwdee/leopard/net/IRunway.cpp:97 acceptRecive : picked,seq: 38,size: 169
2023-04-23 19:02:25,585 [debug] [  11] in/git/lwdee/leopard/net/IRunway.cpp:97 acceptRecive : picked,seq: 39,size: 170
2023-04-23 19:02:25,585 [debug] [  11] in/git/lwdee/leopard/net/IRunway.cpp:97 acceptRecive : picked,seq: 40,size: 170
2023-04-23 19:02:25,585 [debug] [  11] in/git/lwdee/leopard/net/IRunway.cpp:97 acceptRecive : picked,seq: 41,size: 170
2023-04-23 19:02:25,585 [debug] [  11] in/git/lwdee/leopard/net/IRunway.cpp:97 acceptRecive : picked,seq: 42,size: 170
2023-04-23 19:02:25,586 [debug] [  11] in/git/lwdee/leopard/net/IRunway.cpp:97 acceptRecive : picked,seq: 43,size: 170
2023-04-23 19:02:25,586 [debug] [  11] in/git/lwdee/leopard/net/IRunway.cpp:97 acceptRecive : picked,seq: 44,size: 170
2023-04-23 19:02:25,586 [debug] [  11] in/git/lwdee/leopard/net/IRunway.cpp:97 acceptRecive : picked,seq: 45,size: 170
2023-04-23 19:02:25,586 [debug] [  11] in/git/lwdee/leopard/net/IRunway.cpp:97 acceptRecive : picked,seq: 46,size: 170
2023-04-23 19:02:25,586 [debug] [  11] in/git/lwdee/leopard/net/IRunway.cpp:97 acceptRecive : picked,seq: 47,size: 170
2023-04-23 19:02:25,587 [debug] [  11] in/git/lwdee/leopard/net/IRunway.cpp:97 acceptRecive : picked,seq: 48,size: 170
2023-04-23 19:02:25,587 [debug] [  11] in/git/lwdee/leopard/net/IRunway.cpp:97 acceptRecive : picked,seq: 49,size: 170
2023-04-23 19:02:25,784 [debug] [  17] in/git/lwdee/leopard/net/IRunway.cpp:97 acceptRecive : picked,seq: 31,size: 1069
2023-04-23 19:02:25,785 [debug] [  17] in/git/lwdee/leopard/net/IRunway.cpp:97 acceptRecive : picked,seq: 32,size: 1069
2023-04-23 19:02:25,786 [debug] [  17] in/git/lwdee/leopard/net/IRunway.cpp:97 acceptRecive : picked,seq: 33,size: 1069
2023-04-23 19:02:25,787 [debug] [  17] in/git/lwdee/leopard/net/IRunway.cpp:97 acceptRecive : picked,seq: 34,size: 1069
2023-04-23 19:02:25,788 [debug] [  17] in/git/lwdee/leopard/net/IRunway.cpp:97 acceptRecive : picked,seq: 35,size: 1069
2023-04-23 19:02:25,789 [debug] [  17] in/git/lwdee/leopard/net/IRunway.cpp:97 acceptRecive : picked,seq: 36,size: 1069
2023-04-23 19:02:25,790 [debug] [  17] in/git/lwdee/leopard/net/IRunway.cpp:97 acceptRecive : picked,seq: 37,size: 1069
2023-04-23 19:02:25,792 [debug] [  17] in/git/lwdee/leopard/net/IRunway.cpp:97 acceptRecive : picked,seq: 38,size: 1069
2023-04-23 19:02:25,793 [debug] [  17] in/git/lwdee/leopard/net/IRunway.cpp:97 acceptRecive : picked,seq: 39,size: 1069
2023-04-23 19:02:25,794 [debug] [  17] in/git/lwdee/leopard/net/IRunway.cpp:97 acceptRecive : picked,seq: 40,size: 1070
2023-04-23 19:02:25,795 [debug] [  17] in/git/lwdee/leopard/net/IRunway.cpp:97 acceptRecive : picked,seq: 41,size: 1070
2023-04-23 19:02:25,796 [debug] [  17] in/git/lwdee/leopard/net/IRunway.cpp:97 acceptRecive : picked,seq: 42,size: 1070
2023-04-23 19:02:25,797 [debug] [  17] in/git/lwdee/leopard/net/IRunway.cpp:97 acceptRecive : picked,seq: 43,size: 1070
2023-04-23 19:02:25,798 [debug] [  17] in/git/lwdee/leopard/net/IRunway.cpp:97 acceptRecive : picked,seq: 44,size: 1070
2023-04-23 19:02:25,799 [debug] [  17] in/git/lwdee/leopard/net/IRunway.cpp:97 acceptRecive : picked,seq: 45,size: 1070
2023-04-23 19:02:25,800 [debug] [  17] in/git/lwdee/leopard/net/IRunway.cpp:97 acceptRecive : picked,seq: 46,size: 1070
2023-04-23 19:02:25,801 [debug] [  17] in/git/lwdee/leopard/net/IRunway.cpp:97 acceptRecive : picked,seq: 47,size: 1070
2023-04-23 19:02:25,802 [debug] [  17] in/git/lwdee/leopard/net/IRunway.cpp:97 acceptRecive : picked,seq: 48,size: 1070
2023-04-23 19:02:25,803 [debug] [  17] in/git/lwdee/leopard/net/IRunway.cpp:97 acceptRecive : picked,seq: 49,size: 1070
2023-04-23 19:02:25,804 [debug] [  17] in/git/lwdee/leopard/net/IRunway.cpp:97 acceptRecive : picked,seq: 50,size: 1070
2023-04-23 19:02:25,994 [debug] [  11] in/git/lwdee/leopard/net/IRunway.cpp:97 acceptRecive : picked,seq: 50,size: 10069
2023-04-23 19:02:26,003 [debug] [  11] in/git/lwdee/leopard/net/IRunway.cpp:97 acceptRecive : picked,seq: 51,size: 10069
2023-04-23 19:02:26,012 [debug] [  11] in/git/lwdee/leopard/net/IRunway.cpp:97 acceptRecive : picked,seq: 52,size: 10069
2023-04-23 19:02:26,021 [debug] [  11] in/git/lwdee/leopard/net/IRunway.cpp:97 acceptRecive : picked,seq: 53,size: 10069
2023-04-23 19:02:26,030 [debug] [  11] in/git/lwdee/leopard/net/IRunway.cpp:97 acceptRecive : picked,seq: 54,size: 10069
2023-04-23 19:02:26,039 [debug] [  11] in/git/lwdee/leopard/net/IRunway.cpp:97 acceptRecive : picked,seq: 55,size: 10069
2023-04-23 19:02:26,047 [debug] [  11] in/git/lwdee/leopard/net/IRunway.cpp:97 acceptRecive : picked,seq: 56,size: 10069
2023-04-23 19:02:26,056 [debug] [  11] in/git/lwdee/leopard/net/IRunway.cpp:97 acceptRecive : picked,seq: 57,size: 10069
2023-04-23 19:02:26,065 [debug] [  11] in/git/lwdee/leopard/net/IRunway.cpp:97 acceptRecive : picked,seq: 58,size: 10069
2023-04-23 19:02:26,074 [debug] [  11] in/git/lwdee/leopard/net/IRunway.cpp:97 acceptRecive : picked,seq: 59,size: 10070
2023-04-23 19:02:26,083 [debug] [  11] in/git/lwdee/leopard/net/IRunway.cpp:97 acceptRecive : picked,seq: 60,size: 10070
2023-04-23 19:02:26,092 [debug] [  11] in/git/lwdee/leopard/net/IRunway.cpp:97 acceptRecive : picked,seq: 61,size: 10070
2023-04-23 19:02:26,100 [debug] [  11] in/git/lwdee/leopard/net/IRunway.cpp:97 acceptRecive : picked,seq: 62,size: 10070
2023-04-23 19:02:26,109 [debug] [  11] in/git/lwdee/leopard/net/IRunway.cpp:97 acceptRecive : picked,seq: 63,size: 10070
2023-04-23 19:02:26,118 [debug] [  11] in/git/lwdee/leopard/net/IRunway.cpp:97 acceptRecive : picked,seq: 64,size: 10070
2023-04-23 19:02:26,127 [debug] [  11] in/git/lwdee/leopard/net/IRunway.cpp:97 acceptRecive : picked,seq: 65,size: 10070
2023-04-23 19:02:26,136 [debug] [  11] in/git/lwdee/leopard/net/IRunway.cpp:97 acceptRecive : picked,seq: 66,size: 10070
2023-04-23 19:02:26,145 [debug] [  11] in/git/lwdee/leopard/net/IRunway.cpp:97 acceptRecive : picked,seq: 67,size: 10070
2023-04-23 19:02:26,154 [debug] [  11] in/git/lwdee/leopard/net/IRunway.cpp:97 acceptRecive : picked,seq: 68,size: 10070
2023-04-23 19:02:26,162 [debug] [  11] in/git/lwdee/leopard/net/IRunway.cpp:97 acceptRecive : picked,seq: 69,size: 10070
2023-04-23 19:02:26,373 [debug] [  15] in/git/lwdee/leopard/net/IRunway.cpp:97 acceptRecive : picked,seq: 22,size: 100069
2023-04-23 19:02:26,461 [debug] [  15] in/git/lwdee/leopard/net/IRunway.cpp:97 acceptRecive : picked,seq: 23,size: 100069
2023-04-23 19:02:26,547 [debug] [  15] in/git/lwdee/leopard/net/IRunway.cpp:97 acceptRecive : picked,seq: 24,size: 100069
2023-04-23 19:02:26,633 [debug] [  15] in/git/lwdee/leopard/net/IRunway.cpp:97 acceptRecive : picked,seq: 25,size: 100069
2023-04-23 19:02:26,720 [debug] [  15] in/git/lwdee/leopard/net/IRunway.cpp:97 acceptRecive : picked,seq: 26,size: 100069
2023-04-23 19:02:26,806 [debug] [  15] in/git/lwdee/leopard/net/IRunway.cpp:97 acceptRecive : picked,seq: 27,size: 100069
2023-04-23 19:02:26,893 [debug] [  15] in/git/lwdee/leopard/net/IRunway.cpp:97 acceptRecive : picked,seq: 28,size: 100069
2023-04-23 19:02:26,981 [debug] [  15] in/git/lwdee/leopard/net/IRunway.cpp:97 acceptRecive : picked,seq: 29,size: 100069
2023-04-23 19:02:27,069 [debug] [  15] in/git/lwdee/leopard/net/IRunway.cpp:97 acceptRecive : picked,seq: 30,size: 100069
2023-04-23 19:02:27,156 [debug] [  15] in/git/lwdee/leopard/net/IRunway.cpp:97 acceptRecive : picked,seq: 31,size: 100070
2023-04-23 19:02:27,245 [debug] [  15] in/git/lwdee/leopard/net/IRunway.cpp:97 acceptRecive : picked,seq: 32,size: 100070
2023-04-23 19:02:27,332 [debug] [  15] in/git/lwdee/leopard/net/IRunway.cpp:97 acceptRecive : picked,seq: 33,size: 100070
2023-04-23 19:02:27,419 [debug] [  15] in/git/lwdee/leopard/net/IRunway.cpp:97 acceptRecive : picked,seq: 34,size: 100070
2023-04-23 19:02:27,507 [debug] [  15] in/git/lwdee/leopard/net/IRunway.cpp:97 acceptRecive : picked,seq: 35,size: 100070
2023-04-23 19:02:27,594 [debug] [  15] in/git/lwdee/leopard/net/IRunway.cpp:97 acceptRecive : picked,seq: 36,size: 100070
2023-04-23 19:02:27,683 [debug] [  15] in/git/lwdee/leopard/net/IRunway.cpp:97 acceptRecive : picked,seq: 37,size: 100070
2023-04-23 19:02:27,770 [debug] [  15] in/git/lwdee/leopard/net/IRunway.cpp:97 acceptRecive : picked,seq: 38,size: 100070
2023-04-23 19:02:27,858 [debug] [  15] in/git/lwdee/leopard/net/IRunway.cpp:97 acceptRecive : picked,seq: 39,size: 100070
2023-04-23 19:02:27,945 [debug] [  15] in/git/lwdee/leopard/net/IRunway.cpp:97 acceptRecive : picked,seq: 40,size: 100070
2023-04-23 19:02:28,030 [debug] [  15] in/git/lwdee/leopard/net/IRunway.cpp:97 acceptRecive : picked,seq: 41,size: 100070
2023-04-23 19:02:29,093 [debug] [   8] in/git/lwdee/leopard/net/IRunway.cpp:97 acceptRecive : picked,seq: 28,size: 1000069
2023-04-23 19:02:29,989 [debug] [   8] in/git/lwdee/leopard/net/IRunway.cpp:97 acceptRecive : picked,seq: 29,size: 1000069
2023-04-23 19:02:30,884 [debug] [   8] in/git/lwdee/leopard/net/IRunway.cpp:97 acceptRecive : picked,seq: 30,size: 1000069
2023-04-23 19:02:31,783 [debug] [   8] in/git/lwdee/leopard/net/IRunway.cpp:97 acceptRecive : picked,seq: 31,size: 1000069
2023-04-13 19:02:32,663 [debug] [   8] in/git/lwdee/leopard/net/IRunway.cpp:97 acceptRecive : picked,seq: 32,size: 1000069
2023-04-23 19:02:33,549 [debug] [   8] in/git/lwdee/leopard/net/IRunway.cpp:97 acceptRecive : picked,seq: 33,size: 1000069
2023-04-23 19:02:34,439 [debug] [   8] in/git/lwdee/leopard/net/IRunway.cpp:97 acceptRecive : picked,seq: 34,size: 1000069
2023-04-23 19:02:35,335 [debug] [   8] in/git/lwdee/leopard/net/IRunway.cpp:97 acceptRecive : picked,seq: 35,size: 1000069
2023-04-23 19:02:36,227 [debug] [   8] in/git/lwdee/leopard/net/IRunway.cpp:97 acceptRecive : picked,seq: 36,size: 1000069
2023-04-23 19:02:37,125 [debug] [   8] in/git/lwdee/leopard/net/IRunway.cpp:97 acceptRecive : picked,seq: 37,size: 1000070
2023-04-23 19:02:38,023 [debug] [   8] in/git/lwdee/leopard/net/IRunway.cpp:97 acceptRecive : picked,seq: 38,size: 1000070
2023-04-23 19:02:38,922 [debug] [   8] in/git/lwdee/leopard/net/IRunway.cpp:97 acceptRecive : picked,seq: 39,size: 1000070
2023-04-23 19:02:39,815 [debug] [   8] in/git/lwdee/leopard/net/IRunway.cpp:97 acceptRecive : picked,seq: 40,size: 1000070
2023-04-23 19:02:40,694 [debug] [   8] in/git/lwdee/leopard/net/IRunway.cpp:97 acceptRecive : picked,seq: 41,size: 1000070
2023-04-23 19:02:41,543 [debug] [   8] in/git/lwdee/leopard/net/IRunway.cpp:97 acceptRecive : picked,seq: 42,size: 1000070
2023-04-23 19:02:42,405 [debug] [   8] in/git/lwdee/leopard/net/IRunway.cpp:97 acceptRecive : picked,seq: 43,size: 1000070
2023-04-23 19:02:43,296 [debug] [   8] in/git/lwdee/leopard/net/IRunway.cpp:97 acceptRecive : picked,seq: 44,size: 1000070
2023-04-23 19:02:44,206 [debug] [   8] in/git/lwdee/leopard/net/IRunway.cpp:97 acceptRecive : picked,seq: 45,size: 1000070
2023-04-23 19:02:45,108 [debug] [   8] in/git/lwdee/leopard/net/IRunway.cpp:97 acceptRecive : picked,seq: 46,size: 1000070
2023-04-23 19:02:46,014 [debug] [   8] in/git/lwdee/leopard/net/IRunway.cpp:97 acceptRecive : picked,seq: 47,size: 1000070
2023-04-23 19:02:58,612 [debug] [   8] in/git/lwdee/leopard/net/IRunway.cpp:97 acceptRecive : picked,seq: 48,size: 10000069
2023-04-23 19:03:10,825 [debug] [   8] in/git/lwdee/leopard/net/IRunway.cpp:97 acceptRecive : picked,seq: 49,size: 10000069
2023-04-23 19:03:23,144 [debug] [   8] in/git/lwdee/leopard/net/IRunway.cpp:97 acceptRecive : picked,seq: 50,size: 10000069
2023-04-23 19:03:35,460 [debug] [   8] in/git/lwdee/leopard/net/IRunway.cpp:97 acceptRecive : picked,seq: 51,size: 10000069
2023-04-23 19:03:47,550 [debug] [   8] in/git/lwdee/leopard/net/IRunway.cpp:97 acceptRecive : picked,seq: 52,size: 10000069
2023-04-23 19:03:59,647 [debug] [   8] in/git/lwdee/leopard/net/IRunway.cpp:97 acceptRecive : picked,seq: 53,size: 10000069
2023-04-23 19:04:11,764 [debug] [   8] in/git/lwdee/leopard/net/IRunway.cpp:97 acceptRecive : picked,seq: 54,size: 10000069
2023-04-23 19:04:23,912 [debug] [   8] in/git/lwdee/leopard/net/IRunway.cpp:97 acceptRecive : picked,seq: 55,size: 10000069
2023-04-23 19:04:36,179 [debug] [   8] in/git/lwdee/leopard/net/IRunway.cpp:97 acceptRecive : picked,seq: 56,size: 10000069
2023-04-23 19:04:48,470 [debug] [   8] in/git/lwdee/leopard/net/IRunway.cpp:97 acceptRecive : picked,seq: 57,size: 10000070
2023-04-23 19:05:00,677 [debug] [   8] in/git/lwdee/leopard/net/IRunway.cpp:97 acceptRecive : picked,seq: 58,size: 10000070
2023-04-23 19:05:12,674 [debug] [   8] in/git/lwdee/leopard/net/IRunway.cpp:97 acceptRecive : picked,seq: 59,size: 10000070
2023-04-23 19:05:25,300 [debug] [   8] in/git/lwdee/leopard/net/IRunway.cpp:97 acceptRecive : picked,seq: 60,size: 10000070
2023-04-23 19:05:37,542 [debug] [   8] in/git/lwdee/leopard/net/IRunway.cpp:97 acceptRecive : picked,seq: 61,size: 10000070
2023-04-23 19:05:49,730 [debug] [   8] in/git/lwdee/leopard/net/IRunway.cpp:97 acceptRecive : picked,seq: 62,size: 10000070
2023-04-23 19:06:02,081 [debug] [   8] in/git/lwdee/leopard/net/IRunway.cpp:97 acceptRecive : picked,seq: 63,size: 10000070
2023-04-23 19:06:14,565 [debug] [   8] in/git/lwdee/leopard/net/IRunway.cpp:97 acceptRecive : picked,seq: 64,size: 10000070
2023-04-23 19:06:26,625 [debug] [   8] in/git/lwdee/leopard/net/IRunway.cpp:97 acceptRecive : picked,seq: 65,size: 10000070
2023-04-23 19:06:38,946 [debug] [   8] in/git/lwdee/leopard/net/IRunway.cpp:97 acceptRecive : picked,seq: 66,size: 10000070
2023-04-23 19:06:51,161 [debug] [   8] in/git/lwdee/leopard/net/IRunway.cpp:97 acceptRecive : picked,seq: 67,size: 10000070
2023-04-23 19:06:52,218 [debug] [  15] in/git/lwdee/leopard/net/IRunway.cpp:97 acceptRecive : picked,seq: 42,size: 169
2023-04-23 19:06:52,218 [debug] [  12] in/git/lwdee/leopard/net/IRunway.cpp:97 acceptRecive : picked,seq: 22,size: 169
2023-04-23 19:06:52,218 [debug] [  13] in/git/lwdee/leopard/net/IRunway.cpp:97 acceptRecive : picked,seq: 22,size: 169
2023-04-23 19:06:52,218 [debug] [  16] in/git/lwdee/leopard/net/IRunway.cpp:97 acceptRecive : picked,seq: 25,size: 170
2023-04-23 19:06:52,218 [debug] [   8] in/git/lwdee/leopard/net/IRunway.cpp:97 acceptRecive : picked,seq: 68,size: 169
2023-04-23 19:06:52,218 [debug] [  17] in/git/lwdee/leopard/net/IRunway.cpp:97 acceptRecive : picked,seq: 51,size: 169
2023-04-23 19:06:52,218 [debug] [  14] in/git/lwdee/leopard/net/IRunway.cpp:97 acceptRecive : picked,seq: 22,size: 169
2023-04-23 19:06:52,218 [debug] [  15] in/git/lwdee/leopard/net/IRunway.cpp:97 acceptRecive : picked,seq: 43,size: 170
2023-04-23 19:06:52,218 [debug] [  12] in/git/lwdee/leopard/net/IRunway.cpp:97 acceptRecive : picked,seq: 23,size: 170
2023-04-23 19:06:52,218 [debug] [  13] in/git/lwdee/leopard/net/IRunway.cpp:97 acceptRecive : picked,seq: 23,size: 170
2023-04-23 19:06:52,219 [debug] [  16] in/git/lwdee/leopard/net/IRunway.cpp:97 acceptRecive : picked,seq: 26,size: 170
2023-04-23 19:06:52,219 [debug] [   8] in/git/lwdee/leopard/net/IRunway.cpp:97 acceptRecive : picked,seq: 69,size: 170
2023-04-23 19:06:52,219 [debug] [  15] in/git/lwdee/leopard/net/IRunway.cpp:97 acceptRecive : picked,seq: 44,size: 169
2023-04-23 19:06:52,219 [debug] [  14] in/git/lwdee/leopard/net/IRunway.cpp:97 acceptRecive : picked,seq: 23,size: 170
2023-04-23 19:06:52,219 [debug] [  17] in/git/lwdee/leopard/net/IRunway.cpp:97 acceptRecive : picked,seq: 52,size: 170
2023-04-23 19:06:52,219 [debug] [  13] in/git/lwdee/leopard/net/IRunway.cpp:97 acceptRecive : picked,seq: 24,size: 169
2023-04-23 19:06:52,219 [debug] [  15] in/git/lwdee/leopard/net/IRunway.cpp:97 acceptRecive : picked,seq: 45,size: 170
2023-04-23 19:06:52,219 [debug] [  17] in/git/lwdee/leopard/net/IRunway.cpp:97 acceptRecive : picked,seq: 53,size: 169
2023-04-23 19:06:52,219 [debug] [  13] in/git/lwdee/leopard/net/IRunway.cpp:97 acceptRecive : picked,seq: 25,size: 170
2023-04-23 19:06:52,219 [debug] [  17] in/git/lwdee/leopard/net/IRunway.cpp:97 acceptRecive : picked,seq: 54,size: 170
2023-04-23 19:06:53,322 [debug] [  14] in/git/lwdee/leopard/net/IRunway.cpp:97 acceptRecive : picked,seq: 24,size: 1069
2023-04-23 19:06:53,322 [debug] [  11] in/git/lwdee/leopard/net/IRunway.cpp:97 acceptRecive : picked,seq: 70,size: 1069
2023-04-23 19:06:53,322 [debug] [  17] in/git/lwdee/leopard/net/IRunway.cpp:97 acceptRecive : picked,seq: 55,size: 1069
2023-04-23 19:06:53,322 [debug] [  15] in/git/lwdee/leopard/net/IRunway.cpp:97 acceptRecive : picked,seq: 46,size: 1069
2023-04-23 19:06:53,322 [debug] [  10] in/git/lwdee/leopard/net/IRunway.cpp:97 acceptRecive : picked,seq: 23,size: 1069
2023-04-23 19:06:53,323 [debug] [   8] in/git/lwdee/leopard/net/IRunway.cpp:97 acceptRecive : picked,seq: 70,size: 1069
2023-04-23 19:06:53,323 [debug] [  14] in/git/lwdee/leopard/net/IRunway.cpp:97 acceptRecive : picked,seq: 25,size: 1070
2023-04-23 19:06:53,323 [debug] [  11] in/git/lwdee/leopard/net/IRunway.cpp:97 acceptRecive : picked,seq: 71,size: 1070
2023-04-23 19:06:53,323 [debug] [  17] in/git/lwdee/leopard/net/IRunway.cpp:97 acceptRecive : picked,seq: 56,size: 1070
2023-04-23 19:06:53,324 [debug] [  15] in/git/lwdee/leopard/net/IRunway.cpp:97 acceptRecive : picked,seq: 47,size: 1070
2023-04-23 19:06:53,324 [debug] [  10] in/git/lwdee/leopard/net/IRunway.cpp:97 acceptRecive : picked,seq: 24,size: 1070
2023-04-23 19:06:53,324 [debug] [   8] in/git/lwdee/leopard/net/IRunway.cpp:97 acceptRecive : picked,seq: 71,size: 1070
2023-04-23 19:06:53,324 [debug] [  14] in/git/lwdee/leopard/net/IRunway.cpp:97 acceptRecive : picked,seq: 26,size: 1069
2023-04-23 19:06:53,325 [debug] [  10] in/git/lwdee/leopard/net/IRunway.cpp:97 acceptRecive : picked,seq: 25,size: 1069
2023-04-23 19:06:53,325 [debug] [  17] in/git/lwdee/leopard/net/IRunway.cpp:97 acceptRecive : picked,seq: 57,size: 1069
2023-04-23 19:06:53,325 [debug] [  14] in/git/lwdee/leopard/net/IRunway.cpp:97 acceptRecive : picked,seq: 27,size: 1070
2023-04-23 19:06:53,326 [debug] [  10] in/git/lwdee/leopard/net/IRunway.cpp:97 acceptRecive : picked,seq: 26,size: 1070
2023-04-23 19:06:53,326 [debug] [  17] in/git/lwdee/leopard/net/IRunway.cpp:97 acceptRecive : picked,seq: 58,size: 1070
2023-04-23 19:06:53,327 [debug] [  10] in/git/lwdee/leopard/net/IRunway.cpp:97 acceptRecive : picked,seq: 27,size: 1070
2023-04-23 19:06:53,328 [debug] [  10] in/git/lwdee/leopard/net/IRunway.cpp:97 acceptRecive : picked,seq: 28,size: 1070
2023-04-23 19:06:54,434 [debug] [  16] in/git/lwdee/leopard/net/IRunway.cpp:97 acceptRecive : picked,seq: 27,size: 10069
2023-04-23 19:06:54,434 [debug] [  12] in/git/lwdee/leopard/net/IRunway.cpp:97 acceptRecive : picked,seq: 24,size: 10069
2023-04-23 19:06:54,434 [debug] [  14] in/git/lwdee/leopard/net/IRunway.cpp:97 acceptRecive : picked,seq: 28,size: 10069
2023-04-23 19:06:54,434 [debug] [  17] in/git/lwdee/leopard/net/IRunway.cpp:97 acceptRecive : picked,seq: 59,size: 10069
2023-04-23 19:06:54,434 [debug] [  10] in/git/lwdee/leopard/net/IRunway.cpp:97 acceptRecive : picked,seq: 29,size: 10069
2023-04-23 19:06:54,435 [debug] [  11] in/git/lwdee/leopard/net/IRunway.cpp:97 acceptRecive : picked,seq: 72,size: 10069
2023-04-23 19:06:54,435 [debug] [  13] in/git/lwdee/leopard/net/IRunway.cpp:97 acceptRecive : picked,seq: 26,size: 10069
2023-04-23 19:06:54,443 [debug] [  16] in/git/lwdee/leopard/net/IRunway.cpp:97 acceptRecive : picked,seq: 28,size: 10070
2023-04-23 19:06:54,443 [debug] [  14] in/git/lwdee/leopard/net/IRunway.cpp:97 acceptRecive : picked,seq: 29,size: 10070
2023-04-23 19:06:54,443 [debug] [  12] in/git/lwdee/leopard/net/IRunway.cpp:97 acceptRecive : picked,seq: 25,size: 10070
2023-04-23 19:06:54,443 [debug] [  17] in/git/lwdee/leopard/net/IRunway.cpp:97 acceptRecive : picked,seq: 60,size: 10070
2023-04-23 19:06:54,443 [debug] [  10] in/git/lwdee/leopard/net/IRunway.cpp:97 acceptRecive : picked,seq: 30,size: 10070
2023-04-23 19:06:54,443 [debug] [  11] in/git/lwdee/leopard/net/IRunway.cpp:97 acceptRecive : picked,seq: 73,size: 10070
2023-04-23 19:06:54,444 [debug] [  13] in/git/lwdee/leopard/net/IRunway.cpp:97 acceptRecive : picked,seq: 27,size: 10070
2023-04-23 19:06:54,451 [debug] [  16] in/git/lwdee/leopard/net/IRunway.cpp:97 acceptRecive : picked,seq: 29,size: 10069
2023-04-23 19:06:54,452 [debug] [  14] in/git/lwdee/leopard/net/IRunway.cpp:97 acceptRecive : picked,seq: 30,size: 10070
2023-04-23 19:06:54,452 [debug] [  12] in/git/lwdee/leopard/net/IRunway.cpp:97 acceptRecive : picked,seq: 26,size: 10069
2023-04-23 19:06:54,460 [debug] [  16] in/git/lwdee/leopard/net/IRunway.cpp:97 acceptRecive : picked,seq: 30,size: 10070
2023-04-23 19:06:54,460 [debug] [  14] in/git/lwdee/leopard/net/IRunway.cpp:97 acceptRecive : picked,seq: 31,size: 10070
2023-04-23 19:06:54,461 [debug] [  12] in/git/lwdee/leopard/net/IRunway.cpp:97 acceptRecive : picked,seq: 27,size: 10070
2023-04-23 19:06:55,616 [debug] [  16] in/git/lwdee/leopard/net/IRunway.cpp:97 acceptRecive : picked,seq: 31,size: 100069
2023-04-23 19:06:55,617 [debug] [   9] in/git/lwdee/leopard/net/IRunway.cpp:97 acceptRecive : picked,seq: 25,size: 100069
2023-04-23 19:06:55,618 [debug] [  11] in/git/lwdee/leopard/net/IRunway.cpp:97 acceptRecive : picked,seq: 74,size: 100069
2023-04-23 19:06:55,619 [debug] [  10] in/git/lwdee/leopard/net/IRunway.cpp:97 acceptRecive : picked,seq: 31,size: 100069
2023-04-23 19:06:55,619 [debug] [  13] in/git/lwdee/leopard/net/IRunway.cpp:97 acceptRecive : picked,seq: 28,size: 100070
2023-04-23 19:06:55,620 [debug] [  12] in/git/lwdee/leopard/net/IRunway.cpp:97 acceptRecive : picked,seq: 28,size: 100069
2023-04-23 19:06:55,621 [debug] [  17] in/git/lwdee/leopard/net/IRunway.cpp:97 acceptRecive : picked,seq: 61,size: 100069
2023-04-23 19:06:55,702 [debug] [  16] in/git/lwdee/leopard/net/IRunway.cpp:97 acceptRecive : picked,seq: 32,size: 100070
2023-04-23 19:06:55,704 [debug] [   9] in/git/lwdee/leopard/net/IRunway.cpp:97 acceptRecive : picked,seq: 26,size: 100070
2023-04-23 19:06:55,705 [debug] [  11] in/git/lwdee/leopard/net/IRunway.cpp:97 acceptRecive : picked,seq: 75,size: 100070
2023-04-23 19:06:55,705 [debug] [  10] in/git/lwdee/leopard/net/IRunway.cpp:97 acceptRecive : picked,seq: 32,size: 100070
2023-04-23 19:06:55,706 [debug] [  13] in/git/lwdee/leopard/net/IRunway.cpp:97 acceptRecive : picked,seq: 29,size: 100070
2023-04-23 19:06:55,708 [debug] [  12] in/git/lwdee/leopard/net/IRunway.cpp:97 acceptRecive : picked,seq: 29,size: 100070
2023-04-23 19:06:55,711 [debug] [  17] in/git/lwdee/leopard/net/IRunway.cpp:97 acceptRecive : picked,seq: 62,size: 100070
2023-04-23 19:06:55,790 [debug] [  11] in/git/lwdee/leopard/net/IRunway.cpp:97 acceptRecive : picked,seq: 76,size: 100069
2023-04-23 19:06:55,792 [debug] [  10] in/git/lwdee/leopard/net/IRunway.cpp:97 acceptRecive : picked,seq: 33,size: 100069
2023-04-23 19:06:55,876 [debug] [  11] in/git/lwdee/leopard/net/IRunway.cpp:97 acceptRecive : picked,seq: 77,size: 100070
2023-04-23 19:06:55,878 [debug] [  10] in/git/lwdee/leopard/net/IRunway.cpp:97 acceptRecive : picked,seq: 34,size: 100070
2023-04-23 19:06:55,963 [debug] [  11] in/git/lwdee/leopard/net/IRunway.cpp:97 acceptRecive : picked,seq: 78,size: 100069
2023-04-23 19:06:56,049 [debug] [  11] in/git/lwdee/leopard/net/IRunway.cpp:97 acceptRecive : picked,seq: 79,size: 100070
2023-04-23 19:06:58,013 [debug] [  15] in/git/lwdee/leopard/net/IRunway.cpp:97 acceptRecive : picked,seq: 48,size: 1000069
2023-04-23 19:06:58,015 [debug] [  11] in/git/lwdee/leopard/net/IRunway.cpp:97 acceptRecive : picked,seq: 80,size: 1000069
2023-04-23 19:06:58,019 [debug] [  12] in/git/lwdee/leopard/net/IRunway.cpp:97 acceptRecive : picked,seq: 30,size: 1000069
2023-04-23 19:06:58,025 [debug] [  10] in/git/lwdee/leopard/net/IRunway.cpp:97 acceptRecive : picked,seq: 35,size: 1000069
2023-04-23 19:06:58,028 [debug] [  17] in/git/lwdee/leopard/net/IRunway.cpp:97 acceptRecive : picked,seq: 63,size: 1000069
2023-04-23 19:06:58,028 [debug] [   9] in/git/lwdee/leopard/net/IRunway.cpp:97 acceptRecive : picked,seq: 27,size: 1000069
2023-04-23 19:06:58,028 [debug] [   8] in/git/lwdee/leopard/net/IRunway.cpp:97 acceptRecive : picked,seq: 72,size: 1000069
2023-04-23 19:06:58,879 [debug] [  11] in/git/lwdee/leopard/net/IRunway.cpp:97 acceptRecive : picked,seq: 81,size: 1000070
2023-04-23 19:06:58,883 [debug] [  15] in/git/lwdee/leopard/net/IRunway.cpp:97 acceptRecive : picked,seq: 49,size: 1000070
2023-04-23 19:06:58,888 [debug] [  12] in/git/lwdee/leopard/net/IRunway.cpp:97 acceptRecive : picked,seq: 31,size: 1000070
2023-04-23 19:06:58,897 [debug] [  10] in/git/lwdee/leopard/net/IRunway.cpp:97 acceptRecive : picked,seq: 36,size: 1000070
2023-04-23 19:06:58,902 [debug] [  17] in/git/lwdee/leopard/net/IRunway.cpp:97 acceptRecive : picked,seq: 64,size: 1000070
2023-04-23 19:06:58,907 [debug] [   9] in/git/lwdee/leopard/net/IRunway.cpp:97 acceptRecive : picked,seq: 28,size: 1000070
2023-04-23 19:06:58,909 [debug] [   8] in/git/lwdee/leopard/net/IRunway.cpp:97 acceptRecive : picked,seq: 73,size: 1000070
2023-04-23 19:06:59,746 [debug] [  15] in/git/lwdee/leopard/net/IRunway.cpp:97 acceptRecive : picked,seq: 50,size: 1000070
2023-04-23 19:06:59,790 [debug] [   8] in/git/lwdee/leopard/net/IRunway.cpp:97 acceptRecive : picked,seq: 74,size: 1000069
2023-04-23 19:06:59,794 [debug] [   9] in/git/lwdee/leopard/net/IRunway.cpp:97 acceptRecive : picked,seq: 29,size: 1000069
2023-04-23 19:07:00,607 [debug] [  15] in/git/lwdee/leopard/net/IRunway.cpp:97 acceptRecive : picked,seq: 51,size: 1000070
2023-04-23 19:07:00,669 [debug] [   8] in/git/lwdee/leopard/net/IRunway.cpp:97 acceptRecive : picked,seq: 75,size: 1000070
2023-04-23 19:07:00,679 [debug] [   9] in/git/lwdee/leopard/net/IRunway.cpp:97 acceptRecive : picked,seq: 30,size: 1000070
2023-04-23 19:07:14,425 [debug] [  10] in/git/lwdee/leopard/net/IRunway.cpp:97 acceptRecive : picked,seq: 37,size: 10000069
2023-04-23 19:07:14,610 [debug] [  12] in/git/lwdee/leopard/net/IRunway.cpp:97 acceptRecive : picked,seq: 32,size: 10000069
2023-04-23 19:07:14,678 [debug] [  16] in/git/lwdee/leopard/net/IRunway.cpp:97 acceptRecive : picked,seq: 33,size: 10000070
2023-04-23 19:07:15,345 [debug] [  11] in/git/lwdee/leopard/net/IRunway.cpp:97 acceptRecive : picked,seq: 82,size: 10000069
2023-04-23 19:07:16,229 [debug] [  14] in/git/lwdee/leopard/net/IRunway.cpp:97 acceptRecive : picked,seq: 32,size: 10000069
2023-04-23 19:07:16,341 [debug] [   8] in/git/lwdee/leopard/net/IRunway.cpp:97 acceptRecive : picked,seq: 76,size: 10000069
2023-04-23 19:07:26,896 [debug] [  10] in/git/lwdee/leopard/net/IRunway.cpp:97 acceptRecive : picked,seq: 38,size: 10000070
2023-04-23 19:07:27,058 [debug] [  12] in/git/lwdee/leopard/net/IRunway.cpp:97 acceptRecive : picked,seq: 33,size: 10000070
2023-04-23 19:07:27,182 [debug] [  16] in/git/lwdee/leopard/net/IRunway.cpp:97 acceptRecive : picked,seq: 34,size: 10000070
2023-04-23 19:07:28,863 [debug] [  11] in/git/lwdee/leopard/net/IRunway.cpp:97 acceptRecive : picked,seq: 83,size: 10000070
2023-04-23 19:07:30,824 [debug] [  14] in/git/lwdee/leopard/net/IRunway.cpp:97 acceptRecive : picked,seq: 33,size: 10000070
2023-04-23 19:07:30,845 [debug] [   8] in/git/lwdee/leopard/net/IRunway.cpp:97 acceptRecive : picked,seq: 77,size: 10000070
2023-04-23 19:07:38,453 [debug] [  10] in/git/lwdee/leopard/net/IRunway.cpp:97 acceptRecive : picked,seq: 39,size: 10000069
2023-04-23 19:07:40,746 [debug] [  11] in/git/lwdee/leopard/net/IRunway.cpp:97 acceptRecive : picked,seq: 84,size: 10000069
2023-04-23 19:07:49,909 [debug] [  10] in/git/lwdee/leopard/net/IRunway.cpp:97 acceptRecive : picked,seq: 40,size: 10000070
2023-04-23 19:07:52,617 [debug] [  11] in/git/lwdee/leopard/net/IRunway.cpp:97 acceptRecive : picked,seq: 85,size: 10000070
2023-04-23 19:08:01,990 [debug] [  10] in/git/lwdee/leopard/net/IRunway.cpp:97 acceptRecive : picked,seq: 41,size: 10000069
2023-04-23 19:08:13,594 [debug] [  10] in/git/lwdee/leopard/net/IRunway.cpp:97 acceptRecive : picked,seq: 42,size: 10000070
2023-04-23 19:08:25,153 [debug] [  10] in/git/lwdee/leopard/net/IRunway.cpp:97 acceptRecive : picked,seq: 43,size: 10000069
2023-04-23 19:08:36,730 [debug] [  10] in/git/lwdee/leopard/net/IRunway.cpp:97 acceptRecive : picked,seq: 44,size: 10000070
