2023-03-31 14:00:13,970 [info ] [140607367359680] /home/kevin/git/lwdee/app.cpp:49 init : this is node3
[0mlog is not initilaized
2023-03-31 14:00:13,971 [debug] [140607367359680] /home/kevin/git/lwdee/terasort/driver/TerasortConfig.cpp:45 readConfig : /home/terasort/data/data-input.dat /home/terasort/data/data-output.dat 99999 24 24
[0mlog is not initilaized
log path: ../log 
[1;32m2023-03-31 14:00:13,971 [info ] [140607367359680] /home/kevin/git/lwdee/app.cpp:97 init_logger : -- app starting ... 
[0m[0;36m2023-03-31 14:00:43,868 [debug] [140607346349632] /home/kevin/git/lwdee/terasort/TerasortDCOFactory.cpp:14 newDco : create dco SampleDCO
[0m[1;32m2023-03-31 14:00:43,871 [info ] [140607346349632] /home/kevin/git/lwdee/terasort/sample/SampleDCO.cpp:16 sample : < accept sample 
[0m[0;37m2023-03-31 14:00:43,871 [trace] [140607346349632] /home/kevin/git/lwdee/terasort/matrix/LinuxMatrix.cpp:46 print : CPU(1.21%-3.14%: 1.93%),RAM(64855M-64862M: 7M), cpu:1.26%,ram total:96476M,avai:31617M,used:64859M,free:31616M 
[0m[1;32m2023-03-31 14:00:43,871 [info ] [140607346349632] /home/kevin/git/lwdee/terasort/sample/Step0Task.cpp:13 run : < samples task run
[0m[1;32m2023-03-31 14:00:43,871 [info ] [140607346349632] /home/kevin/git/lwdee/terasort/sample/Step0Task.cpp:28 samples : < samples
[0m[0;36m2023-03-31 14:00:43,871 [debug] [140607346349632] /home/kevin/git/lwdee/terasort/sample/Step0Task.cpp:43 samples : 1 - read range, 41666664 - 83333327,è®¡ 41666664 æ¡
[0m[0;36m2023-03-31 14:00:43,886 [debug] [140607337956928] /home/kevin/git/lwdee/terasort/TerasortDCOFactory.cpp:14 newDco : create dco SampleDCO
[0m[1;32m2023-03-31 14:00:43,888 [info ] [140607337956928] /home/kevin/git/lwdee/terasort/sample/SampleDCO.cpp:16 sample : < accept sample 
[0m[0;37m2023-03-31 14:00:43,888 [trace] [140607337956928] /home/kevin/git/lwdee/terasort/matrix/LinuxMatrix.cpp:46 print : CPU(1.21%-3.14%: 1.93%),RAM(64855M-64862M: 7M), cpu:1.26%,ram total:96476M,avai:31617M,used:64859M,free:31616M 
[0m[1;32m2023-03-31 14:00:43,888 [info ] [140607337956928] /home/kevin/git/lwdee/terasort/sample/Step0Task.cpp:13 run : < samples task run
[0m[1;32m2023-03-31 14:00:43,888 [info ] [140607337956928] /home/kevin/git/lwdee/terasort/sample/Step0Task.cpp:28 samples : < samples
[0m[0;36m2023-03-31 14:00:43,889 [debug] [140607337956928] /home/kevin/git/lwdee/terasort/sample/Step0Task.cpp:43 samples : 6 - read range, 249999984 - 291666647,è®¡ 41666664 æ¡
[0m[0;36m2023-03-31 14:00:43,905 [debug] [140607329564224] /home/kevin/git/lwdee/terasort/TerasortDCOFactory.cpp:14 newDco : create dco SampleDCO
[0m[1;32m2023-03-31 14:00:43,907 [info ] [140607329564224] /home/kevin/git/lwdee/terasort/sample/SampleDCO.cpp:16 sample : < accept sample 
[0m[0;37m2023-03-31 14:00:43,907 [trace] [140607329564224] /home/kevin/git/lwdee/terasort/matrix/LinuxMatrix.cpp:46 print : CPU(1.21%-3.14%: 1.93%),RAM(64855M-64862M: 7M), cpu:1.26%,ram total:96476M,avai:31617M,used:64859M,free:31616M 
[0m[1;32m2023-03-31 14:00:43,907 [info ] [140607329564224] /home/kevin/git/lwdee/terasort/sample/Step0Task.cpp:13 run : < samples task run
[0m[1;32m2023-03-31 14:00:43,907 [info ] [140607329564224] /home/kevin/git/lwdee/terasort/sample/Step0Task.cpp:28 samples : < samples
[0m[0;36m2023-03-31 14:00:43,907 [debug] [140607329564224] /home/kevin/git/lwdee/terasort/sample/Step0Task.cpp:43 samples : 11 - read range, 458333304 - 499999967,è®¡ 41666664 æ¡
[0m[0;36m2023-03-31 14:00:43,924 [debug] [140607321171520] /home/kevin/git/lwdee/terasort/TerasortDCOFactory.cpp:14 newDco : create dco SampleDCO
[0m[1;32m2023-03-31 14:00:43,925 [info ] [140607321171520] /home/kevin/git/lwdee/terasort/sample/SampleDCO.cpp:16 sample : < accept sample 
[0m[0;37m2023-03-31 14:00:43,926 [trace] [140607321171520] /home/kevin/git/lwdee/terasort/matrix/LinuxMatrix.cpp:46 print : CPU(1.21%-3.14%: 1.93%),RAM(64855M-64862M: 7M), cpu:1.26%,ram total:96476M,avai:31617M,used:64859M,free:31616M 
[0m[1;32m2023-03-31 14:00:43,926 [info ] [140607321171520] /home/kevin/git/lwdee/terasort/sample/Step0Task.cpp:13 run : < samples task run
[0m[1;32m2023-03-31 14:00:43,926 [info ] [140607321171520] /home/kevin/git/lwdee/terasort/sample/Step0Task.cpp:28 samples : < samples
[0m[0;36m2023-03-31 14:00:43,926 [debug] [140607321171520] /home/kevin/git/lwdee/terasort/sample/Step0Task.cpp:43 samples : 16 - read range, 666666624 - 708333287,è®¡ 41666664 æ¡
[0m[0;36m2023-03-31 14:00:43,947 [debug] [140607312778816] /home/kevin/git/lwdee/terasort/TerasortDCOFactory.cpp:14 newDco : create dco SampleDCO
[0m[1;32m2023-03-31 14:00:43,949 [info ] [140607312778816] /home/kevin/git/lwdee/terasort/sample/SampleDCO.cpp:16 sample : < accept sample 
[0m[0;37m2023-03-31 14:00:43,949 [trace] [140607312778816] /home/kevin/git/lwdee/terasort/matrix/LinuxMatrix.cpp:46 print : CPU(1.21%-3.14%: 1.93%),RAM(64855M-64862M: 7M), cpu:1.26%,ram total:96476M,avai:31617M,used:64859M,free:31616M 
[0m[1;32m2023-03-31 14:00:43,949 [info ] [140607312778816] /home/kevin/git/lwdee/terasort/sample/Step0Task.cpp:13 run : < samples task run
[0m[1;32m2023-03-31 14:00:43,949 [info ] [140607312778816] /home/kevin/git/lwdee/terasort/sample/Step0Task.cpp:28 samples : < samples
[0m[0;36m2023-03-31 14:00:43,949 [debug] [140607312778816] /home/kevin/git/lwdee/terasort/sample/Step0Task.cpp:43 samples : 21 - read range, 874999944 - 916666607,è®¡ 41666664 æ¡
[0m[1;32m2023-03-21 14:00:50,827 [info ] [140607312778816] /home/kevin/git/lwdee/terasort/sample/Step0Task.cpp:73 samples : > samples,partition: 21,eclipse 6.878000
[0m[1;32m2023-03-31 14:00:50,828 [info ] [140607312778816] /home/kevin/git/lwdee/terasort/sample/Step0Task.cpp:21 run : > samples task run,partition: 21,eclipse 6.879000
[0m[0;37m2023-03-31 14:00:50,828 [trace] [140607312778816] /home/kevin/git/lwdee/terasort/matrix/LinuxMatrix.cpp:46 print : CPU(1.21%-21.80%: 20.58%),RAM(64855M-64865M: 10M), cpu:21.80%,ram total:96476M,avai:31611M,used:64865M,free:31610M 
[0m[1;32m2023-03-31 14:00:50,828 [info ] [140607312778816] /home/kevin/git/lwdee/terasort/sample/SampleDCO.cpp:26 sample : > accept sample ,partition : 21, ddoId: 0, fileName: /home/terasort/data/data-input.dat
[0m[1;32m2023-03-31 14:00:51,298 [info ] [140607346349632] /home/kevin/git/lwdee/terasort/sample/Step0Task.cpp:73 samples : > samples,partition: 1,eclipse 7.427000
[0m[1;32m2023-03-31 14:00:51,298 [info ] [140607346349632] /home/kevin/git/lwdee/terasort/sample/Step0Task.cpp:21 run : > samples task run,partition: 1,eclipse 7.427000
[0m[0;37m2023-03-31 14:00:51,298 [trace] [140607346349632] /home/kevin/git/lwdee/terasort/matrix/LinuxMatrix.cpp:46 print : CPU(1.21%-21.80%: 20.58%),RAM(64855M-64866M: 11M), cpu:20.06%,ram total:96476M,avai:31610M,used:64866M,free:31609M 
[0m[1;32m2023-03-31 14:00:51,298 [info ] [140607346349632] /home/kevin/git/lwdee/terasort/sample/SampleDCO.cpp:26 sample : > accept sample ,partition : 1, ddoId: 0, fileName: /home/terasort/data/data-input.dat
[0m[1;32m2023-03-31 14:00:51,457 [info ] [140607337956928] /home/kevin/git/lwdee/terasort/sample/Step0Task.cpp:73 samples : > samples,partition: 6,eclipse 7.568000
[0m[1;32m2023-03-31 14:00:51,457 [info ] [140607337956928] /home/kevin/git/lwdee/terasort/sample/Step0Task.cpp:21 run : > samples task run,partition: 6,eclipse 7.569000
[0m[0;37m2023-03-31 14:00:51,458 [trace] [140607337956928] /home/kevin/git/lwdee/terasort/matrix/LinuxMatrix.cpp:46 print : CPU(1.21%-21.80%: 20.58%),RAM(64855M-64866M: 11M), cpu:20.06%,ram total:96476M,avai:31610M,used:64866M,free:31609M 
[0m[1;32m2023-03-31 14:00:51,458 [info ] [140607337956928] /home/kevin/git/lwdee/terasort/sample/SampleDCO.cpp:26 sample : > accept sample ,partition : 6, ddoId: 0, fileName: /home/terasort/data/data-input.dat
[0m[1;32m2023-03-31 14:00:52,203 [info ] [140607321171520] /home/kevin/git/lwdee/terasort/sample/Step0Task.cpp:73 samples : > samples,partition: 16,eclipse 8.277000
[0m[1;32m2023-03-31 14:00:52,203 [info ] [140607321171520] /home/kevin/git/lwdee/terasort/sample/Step0Task.cpp:21 run : > samples task run,partition: 16,eclipse 8.277000
[0m[0;37m2023-03-31 14:00:52,203 [trace] [140607321171520] /home/kevin/git/lwdee/terasort/matrix/LinuxMatrix.cpp:46 print : CPU(1.21%-21.80%: 20.58%),RAM(64855M-64866M: 11M), cpu:20.06%,ram total:96476M,avai:31610M,used:64866M,free:31609M 
[0m[1;32m2023-03-31 14:00:52,203 [info ] [140607321171520] /home/kevin/git/lwdee/terasort/sample/SampleDCO.cpp:26 sample : > accept sample ,partition : 16, ddoId: 0, fileName: /home/terasort/data/data-input.dat
[0m[1;32m2023-03-31 14:00:52,216 [info ] [140607329564224] /home/kevin/git/lwdee/terasort/sample/Step0Task.cpp:73 samples : > samples,partition: 11,eclipse 8.309000
[0m[1;32m2023-03-31 14:00:52,216 [info ] [140607329564224] /home/kevin/git/lwdee/terasort/sample/Step0Task.cpp:21 run : > samples task run,partition: 11,eclipse 8.309000
[0m[0;37m2023-03-31 14:00:52,217 [trace] [140607329564224] /home/kevin/git/lwdee/terasort/matrix/LinuxMatrix.cpp:46 print : CPU(1.21%-21.80%: 20.58%),RAM(64855M-64866M: 11M), cpu:20.06%,ram total:96476M,avai:31610M,used:64866M,free:31609M 
[0m[1;32m2023-03-31 14:00:52,217 [info ] [140607329564224] /home/kevin/git/lwdee/terasort/sample/SampleDCO.cpp:26 sample : > accept sample ,partition : 11, ddoId: 0, fileName: /home/terasort/data/data-input.dat
[0m[0;36m2023-03-31 14:00:52,298 [debug] [140607321171520] /home/kevin/git/lwdee/terasort/TerasortDCOFactory.cpp:14 newDco : create dco MapDCO
[0m[1;32m2023-03-31 14:00:52,300 [info ] [140607321171520] /home/kevin/git/lwdee/terasort/map/MapDCO.cpp:21 map : < accept map 
[0m[0;37m2023-03-31 14:00:52,300 [trace] [140607321171520] /home/kevin/git/lwdee/terasort/matrix/LinuxMatrix.cpp:46 print : CPU(1.21%-21.80%: 20.58%),RAM(64855M-64869M: 14M), cpu:12.03%,ram total:96476M,avai:31607M,used:64869M,free:31606M 
[0m[1;32m2023-03-31 14:00:52,300 [info ] [140607321171520] /home/kevin/git/lwdee/terasort/map/Step1Task.cpp:13 run : < map task run
[0m[1;32m2023-03-31 14:00:52,300 [info ] [140607321171520] /home/kevin/git/lwdee/terasort/map/Step1Task.cpp:31 textFile : < textFile
[0m[0;36m2023-03-31 14:00:52,311 [debug] [140607321171520] /home/kevin/git/lwdee/terasort/map/Step1Task.cpp:46 textFile : 2 - read range, 83333328 - 124999991,è®¡ 41666664 æ¡
[0m[0;36m2023-03-31 14:00:52,313 [debug] [140607312778816] /home/kevin/git/lwdee/terasort/TerasortDCOFactory.cpp:14 newDco : create dco MapDCO
[0m[1;32m2023-03-31 14:00:52,316 [info ] [140607312778816] /home/kevin/git/lwdee/terasort/map/MapDCO.cpp:21 map : < accept map 
[0m[0;37m2023-03-31 14:00:52,316 [trace] [140607312778816] /home/kevin/git/lwdee/terasort/matrix/LinuxMatrix.cpp:46 print : CPU(1.21%-21.80%: 20.58%),RAM(64855M-64869M: 14M), cpu:12.03%,ram total:96476M,avai:31607M,used:64869M,free:31606M 
[0m[1;32m2023-03-31 14:00:52,316 [info ] [140607312778816] /home/kevin/git/lwdee/terasort/map/Step1Task.cpp:13 run : < map task run
[0m[1;32m2023-03-31 14:00:52,316 [info ] [140607312778816] /home/kevin/git/lwdee/terasort/map/Step1Task.cpp:31 textFile : < textFile
[0m[0;36m2023-03-31 14:00:52,316 [debug] [140607312778816] /home/kevin/git/lwdee/terasort/map/Step1Task.cpp:46 textFile : 7 - read range, 291666648 - 333333311,è®¡ 41666664 æ¡
[0m[0;36m2023-03-31 14:00:52,331 [debug] [140607346349632] /home/kevin/git/lwdee/terasort/TerasortDCOFactory.cpp:14 newDco : create dco MapDCO
[0m[1;32m2023-03-31 14:00:52,333 [info ] [140607346349632] /home/kevin/git/lwdee/terasort/map/MapDCO.cpp:21 map : < accept map 
[0m[0;37m2023-03-31 14:00:52,333 [trace] [140607346349632] /home/kevin/git/lwdee/terasort/matrix/LinuxMatrix.cpp:46 print : CPU(1.21%-21.80%: 20.58%),RAM(64855M-64869M: 14M), cpu:12.03%,ram total:96476M,avai:31607M,used:64869M,free:31606M 
[0m[1;32m2023-03-31 14:00:52,334 [info ] [140607346349632] /home/kevin/git/lwdee/terasort/map/Step1Task.cpp:13 run : < map task run
[0m[1;32m2023-03-31 14:00:52,334 [info ] [140607346349632] /home/kevin/git/lwdee/terasort/map/Step1Task.cpp:31 textFile : < textFile
[0m[0;36m2023-03-31 14:00:52,334 [debug] [140607346349632] /home/kevin/git/lwdee/terasort/map/Step1Task.cpp:46 textFile : 12 - read range, 499999968 - 541666631,è®¡ 41666664 æ¡
[0m[0;36m2023-03-31 14:00:52,353 [debug] [140607337956928] /home/kevin/git/lwdee/terasort/TerasortDCOFactory.cpp:14 newDco : create dco MapDCO
[0m[1;32m2023-03-31 14:00:52,355 [info ] [140607329564224] /home/kevin/git/lwdee/terasort/map/MapDCO.cpp:21 map : < accept map 
[0m[0;37m2023-03-31 14:00:52,355 [trace] [140607329564224] /home/kevin/git/lwdee/terasort/matrix/LinuxMatrix.cpp:46 print : CPU(1.21%-21.80%: 20.58%),RAM(64855M-64869M: 14M), cpu:12.03%,ram total:96476M,avai:31607M,used:64869M,free:31606M 
[0m[1;32m2023-03-31 14:00:52,355 [info ] [140607329564224] /home/kevin/git/lwdee/terasort/map/Step1Task.cpp:13 run : < map task run
[0m[1;32m2023-03-31 14:00:52,355 [info ] [140607329564224] /home/kevin/git/lwdee/terasort/map/Step1Task.cpp:31 textFile : < textFile
[0m[0;36m2023-03-31 14:00:52,355 [debug] [140607329564224] /home/kevin/git/lwdee/terasort/map/Step1Task.cpp:46 textFile : 17 - read range, 708333288 - 749999951,è®¡ 41666664 æ¡
[0m[0;36m2023-03-21 14:00:52,377 [debug] [140607337956928] /home/kevin/git/lwdee/terasort/TerasortDCOFactory.cpp:14 newDco : create dco MapDCO
[0m[1;32m2023-03-31 14:00:52,379 [info ] [140607337956928] /home/kevin/git/lwdee/terasort/map/MapDCO.cpp:21 map : < accept map 
[0m[0;37m2023-03-31 14:00:52,379 [trace] [140607337956928] /home/kevin/git/lwdee/terasort/matrix/LinuxMatrix.cpp:46 print : CPU(1.21%-21.80%: 20.58%),RAM(64855M-64869M: 14M), cpu:12.03%,ram total:96476M,avai:31607M,used:64869M,free:31606M 
[0m[1;32m2023-03-31 14:00:52,379 [info ] [140607337956928] /home/kevin/git/lwdee/terasort/map/Step1Task.cpp:13 run : < map task run
[0m[1;32m2023-03-31 14:00:52,379 [info ] [140607337956928] /home/kevin/git/lwdee/terasort/map/Step1Task.cpp:31 textFile : < textFile
[0m[0;36m2023-03-31 14:00:52,379 [debug] [140607337956928] /home/kevin/git/lwdee/terasort/map/Step1Task.cpp:46 textFile : 22 - read range, 916666608 - 958333271,è®¡ 41666664 æ¡
[0m[1;32m2023-03-31 14:01:41,601 [info ] [140607346349632] /home/kevin/git/lwdee/terasort/map/Step1Task.cpp:63 textFile : > textFile,partition: 12,eclipse 49.267000
[0m[1;32m2023-03-31 14:01:41,602 [info ] [140607346349632] /home/kevin/git/lwdee/terasort/map/Step1Task.cpp:69 generateSubSplit : < generateSubSplit
[0m[1;32m2023-03-31 14:01:50,398 [info ] [140607337956928] /home/kevin/git/lwdee/terasort/map/Step1Task.cpp:63 textFile : > textFile,partition: 22,eclipse 58.019000
[0m[1;32m2023-03-31 14:01:50,399 [info ] [140607337956928] /home/kevin/git/lwdee/terasort/map/Step1Task.cpp:69 generateSubSplit : < generateSubSplit
[0m[0;36m2023-03-31 14:01:57,091 [debug] [140607346349632] /home/kevin/git/lwdee/terasort/map/Step1Task.cpp:85 generateSubSplit : partition 12 - sub split 0 - 1735200
[0m[0;36m2023-03-31 14:01:57,091 [debug] [140607346349632] /home/kevin/git/lwdee/terasort/map/Step1Task.cpp:85 generateSubSplit : partition 12 - sub split 1 - 1736148
[0m[0;36m2023-03-31 14:01:57,091 [debug] [140607346349632] /home/kevin/git/lwdee/terasort/map/Step1Task.cpp:85 generateSubSplit : partition 12 - sub split 2 - 1735056
[0m[0;36m2023-03-31 14:01:57,092 [debug] [140607346349632] /home/kevin/git/lwdee/terasort/map/Step1Task.cpp:85 generateSubSplit : partition 12 - sub split 3 - 1736886
[0m[0;36m2023-03-31 14:01:57,092 [debug] [140607346349632] /home/kevin/git/lwdee/terasort/map/Step1Task.cpp:85 generateSubSplit : partition 12 - sub split 4 - 1734356
[0m[0;36m2023-03-31 14:01:57,092 [debug] [140607346349632] /home/kevin/git/lwdee/terasort/map/Step1Task.cpp:85 generateSubSplit : partition 12 - sub split 5 - 1733216
[0m[0;36m2023-03-31 14:01:57,092 [debug] [140607346349632] /home/kevin/git/lwdee/terasort/map/Step1Task.cpp:85 generateSubSplit : partition 12 - sub split 6 - 1735002
[0m[0;36m2023-03-31 14:01:57,092 [debug] [140607346349632] /home/kevin/git/lwdee/terasort/map/Step1Task.cpp:85 generateSubSplit : partition 12 - sub split 7 - 1736778
[0m[0;36m2023-03-31 14:01:57,092 [debug] [140607346349632] /home/kevin/git/lwdee/terasort/map/Step1Task.cpp:85 generateSubSplit : partition 12 - sub split 8 - 1738240
[0m[0;36m2023-03-31 14:01:57,092 [debug] [140607346349632] /home/kevin/git/lwdee/terasort/map/Step1Task.cpp:85 generateSubSplit : partition 12 - sub split 9 - 1735213
[0m[0;36m2023-03-31 14:01:57,092 [debug] [140607346349632] /home/kevin/git/lwdee/terasort/map/Step1Task.cpp:85 generateSubSplit : partition 12 - sub split 10 - 1737427
[0m[0;36m2023-03-31 14:01:57,092 [debug] [140607346349632] /home/kevin/git/lwdee/terasort/map/Step1Task.cpp:85 generateSubSplit : partition 12 - sub split 11 - 1736962
[0m[0;36m2023-03-31 14:01:57,092 [debug] [140607346349632] /home/kevin/git/lwdee/terasort/map/Step1Task.cpp:85 generateSubSplit : partition 12 - sub split 12 - 1735523
[0m[0;36m2023-03-31 14:01:57,092 [debug] [140607346349632] /home/kevin/git/lwdee/terasort/map/Step1Task.cpp:85 generateSubSplit : partition 12 - sub split 13 - 1736628
[0m[0;36m2023-03-31 14:01:57,092 [debug] [140607346349632] /home/kevin/git/lwdee/terasort/map/Step1Task.cpp:85 generateSubSplit : partition 12 - sub split 14 - 1734802
[0m[0;36m2023-03-31 14:01:57,092 [debug] [140607346349632] /home/kevin/git/lwdee/terasort/map/Step1Task.cpp:85 generateSubSplit : partition 12 - sub split 15 - 1734798
[0m[0;36m2023-03-31 14:01:57,092 [debug] [140607346349632] /home/kevin/git/lwdee/terasort/map/Step1Task.cpp:85 generateSubSplit : partition 12 - sub split 16 - 1735971
[0m[0;36m2023-03-31 14:01:57,092 [debug] [140607346349632] /home/kevin/git/lwdee/terasort/map/Step1Task.cpp:85 generateSubSplit : partition 12 - sub split 17 - 1736316
[0m[0;36m2023-03-31 14:01:57,092 [debug] [140607346349632] /home/kevin/git/lwdee/terasort/map/Step1Task.cpp:85 generateSubSplit : partition 12 - sub split 18 - 1736411
[0m[0;36m2023-03-31 14:01:57,092 [debug] [140607346349632] /home/kevin/git/lwdee/terasort/map/Step1Task.cpp:85 generateSubSplit : partition 12 - sub split 19 - 1735425
[0m[0;36m2023-03-31 14:01:57,092 [debug] [140607346349632] /home/kevin/git/lwdee/terasort/map/Step1Task.cpp:85 generateSubSplit : partition 12 - sub split 20 - 1736242
[0m[0;36m2023-03-31 14:01:57,092 [debug] [140607346349632] /home/kevin/git/lwdee/terasort/map/Step1Task.cpp:85 generateSubSplit : partition 12 - sub split 21 - 1735990
[0m[0;36m2023-03-31 14:01:57,093 [debug] [140607346349632] /home/kevin/git/lwdee/terasort/map/Step1Task.cpp:85 generateSubSplit : partition 12 - sub split 22 - 1734923
[0m[0;36m2023-03-31 14:01:57,093 [debug] [140607346349632] /home/kevin/git/lwdee/terasort/map/Step1Task.cpp:85 generateSubSplit : partition 12 - sub split 23 - 1743151
[0m[0;36m2023-03-31 14:02:05,732 [debug] [140607337956928] /home/kevin/git/lwdee/terasort/map/Step1Task.cpp:85 generateSubSplit : partition 22 - sub split 0 - 1735463
[0m[0;36m2023-03-31 14:02:05,732 [debug] [140607337956928] /home/kevin/git/lwdee/terasort/map/Step1Task.cpp:85 generateSubSplit : partition 22 - sub split 1 - 1735958
[0m[0;36m2023-03-31 14:02:05,732 [debug] [140607337956928] /home/kevin/git/lwdee/terasort/map/Step1Task.cpp:85 generateSubSplit : partition 22 - sub split 2 - 1737183
[0m[0;36m2023-03-31 14:02:05,732 [debug] [140607337956928] /home/kevin/git/lwdee/terasort/map/Step1Task.cpp:85 generateSubSplit : partition 22 - sub split 3 - 1736670
[0m[0;36m2023-03-31 14:02:05,732 [debug] [140607337956928] /home/kevin/git/lwdee/terasort/map/Step1Task.cpp:85 generateSubSplit : partition 22 - sub split 4 - 1735938
[0m[0;36m2023-03-31 14:02:05,732 [debug] [140607337956928] /home/kevin/git/lwdee/terasort/map/Step1Task.cpp:85 generateSubSplit : partition 22 - sub split 5 - 1734837
[0m[0;36m2023-03-31 14:02:05,732 [debug] [140607337956928] /home/kevin/git/lwdee/terasort/map/Step1Task.cpp:85 generateSubSplit : partition 22 - sub split 6 - 1734713
[0m[0;36m2023-03-31 14:02:05,732 [debug] [140607337956928] /home/kevin/git/lwdee/terasort/map/Step1Task.cpp:85 generateSubSplit : partition 22 - sub split 7 - 1735721
[0m[0;36m2023-03-31 14:02:05,732 [debug] [140607337956928] /home/kevin/git/lwdee/terasort/map/Step1Task.cpp:85 generateSubSplit : partition 22 - sub split 8 - 1736886
[0m[0;36m2023-03-31 14:02:05,732 [debug] [140607337956928] /home/kevin/git/lwdee/terasort/map/Step1Task.cpp:85 generateSubSplit : partition 22 - sub split 9 - 1735719
[0m[0;36m2023-03-31 14:02:05,732 [debug] [140607337956928] /home/kevin/git/lwdee/terasort/map/Step1Task.cpp:85 generateSubSplit : partition 22 - sub split 10 - 1740258
[0m[0;36m2023-03-31 14:02:05,732 [debug] [140607337956928] /home/kevin/git/lwdee/terasort/map/Step1Task.cpp:85 generateSubSplit : partition 22 - sub split 11 - 1732974
[0m[0;36m2023-03-31 14:02:05,733 [debug] [140607337956928] /home/kevin/git/lwdee/terasort/map/Step1Task.cpp:85 generateSubSplit : partition 22 - sub split 12 - 1736135
[0m[0;36m2023-03-31 14:02:05,733 [debug] [140607337956928] /home/kevin/git/lwdee/terasort/map/Step1Task.cpp:85 generateSubSplit : partition 22 - sub split 13 - 1737386
[0m[0;36m2023-03-31 14:02:05,733 [debug] [140607337956928] /home/kevin/git/lwdee/terasort/map/Step1Task.cpp:85 generateSubSplit : partition 22 - sub split 14 - 1735256
[0m[0;36m2023-03-31 14:02:05,733 [debug] [140607337956928] /home/kevin/git/lwdee/terasort/map/Step1Task.cpp:85 generateSubSplit : partition 22 - sub split 15 - 1734107
[0m[0;36m2023-03-31 14:02:05,733 [debug] [140607337956928] /home/kevin/git/lwdee/terasort/map/Step1Task.cpp:85 generateSubSplit : partition 22 - sub split 16 - 1736489
[0m[0;36m2023-03-31 14:02:05,733 [debug] [140607337956928] /home/kevin/git/lwdee/terasort/map/Step1Task.cpp:85 generateSubSplit : partition 22 - sub split 17 - 1733106
[0m[0;36m2023-03-31 14:02:05,733 [debug] [140607337956928] /home/kevin/git/lwdee/terasort/map/Step1Task.cpp:85 generateSubSplit : partition 22 - sub split 18 - 1736211
[0m[0;36m2023-03-31 14:02:05,733 [debug] [140607337956928] /home/kevin/git/lwdee/terasort/map/Step1Task.cpp:85 generateSubSplit : partition 22 - sub split 19 - 1737972
[0m[0;36m2023-03-31 14:02:05,733 [debug] [140607337956928] /home/kevin/git/lwdee/terasort/map/Step1Task.cpp:85 generateSubSplit : partition 22 - sub split 20 - 1735687
[0m[0;36m2023-03-31 14:02:05,733 [debug] [140607337956928] /home/kevin/git/lwdee/terasort/map/Step1Task.cpp:85 generateSubSplit : partition 22 - sub split 21 - 1735388
[0m[0;36m2023-03-31 14:02:05,733 [debug] [140607337956928] /home/kevin/git/lwdee/terasort/map/Step1Task.cpp:85 generateSubSplit : partition 22 - sub split 22 - 1735931
[0m[0;36m2023-03-31 14:02:05,733 [debug] [140607337956928] /home/kevin/git/lwdee/terasort/map/Step1Task.cpp:85 generateSubSplit : partition 22 - sub split 23 - 1740676
[0m[1;32m2023-03-31 14:02:26,894 [info ] [140607329564224] /home/kevin/git/lwdee/terasort/map/Step1Task.cpp:63 textFile : > textFile,partition: 17,eclipse 94.539000
[0m[1;32m2023-03-31 14:02:26,894 [info ] [140607329564224] /home/kevin/git/lwdee/terasort/map/Step1Task.cpp:69 generateSubSplit : < generateSubSplit
[0m[0;36m2023-03-31 14:02:41,860 [debug] [140607329564224] /home/kevin/git/lwdee/terasort/map/Step1Task.cpp:85 generateSubSplit : partition 17 - sub split 0 - 1735646
[0m[0;36m2023-03-31 14:02:41,860 [debug] [140607329564224] /home/kevin/git/lwdee/terasort/map/Step1Task.cpp:85 generateSubSplit : partition 17 - sub split 1 - 1738052
[0m[0;36m2023-03-31 14:02:41,860 [debug] [140607329564224] /home/kevin/git/lwdee/terasort/map/Step1Task.cpp:85 generateSubSplit : partition 17 - sub split 2 - 1735586
[0m[0;36m2023-03-31 14:02:41,860 [debug] [140607329564224] /home/kevin/git/lwdee/terasort/map/Step1Task.cpp:85 generateSubSplit : partition 17 - sub split 3 - 1735128
[0m[0;36m2023-03-31 14:02:41,860 [debug] [140607329564224] /home/kevin/git/lwdee/terasort/map/Step1Task.cpp:85 generateSubSplit : partition 17 - sub split 4 - 1737167
[0m[0;36m2023-03-31 14:02:41,860 [debug] [140607329564224] /home/kevin/git/lwdee/terasort/map/Step1Task.cpp:85 generateSubSplit : partition 17 - sub split 5 - 1738127
[0m[0;36m2023-03-31 14:02:41,860 [debug] [140607329564224] /home/kevin/git/lwdee/terasort/map/Step1Task.cpp:85 generateSubSplit : partition 17 - sub split 6 - 1735371
[0m[0;36m2023-03-31 14:02:41,860 [debug] [140607329564224] /home/kevin/git/lwdee/terasort/map/Step1Task.cpp:85 generateSubSplit : partition 17 - sub split 7 - 1736235
[0m[0;36m2023-03-31 14:02:41,860 [debug] [140607329564224] /home/kevin/git/lwdee/terasort/map/Step1Task.cpp:85 generateSubSplit : partition 17 - sub split 8 - 1733800
[0m[0;36m2023-03-31 14:02:41,860 [debug] [140607329564224] /home/kevin/git/lwdee/terasort/map/Step1Task.cpp:85 generateSubSplit : partition 17 - sub split 9 - 1737191
[0m[0;36m2023-03-31 14:02:41,860 [debug] [140607329564224] /home/kevin/git/lwdee/terasort/map/Step1Task.cpp:85 generateSubSplit : partition 17 - sub split 10 - 1734386
[0m[0;36m2023-03-31 14:02:41,860 [debug] [140607329564224] /home/kevin/git/lwdee/terasort/map/Step1Task.cpp:85 generateSubSplit : partition 17 - sub split 11 - 1735976
[0m[0;36m2023-03-31 14:02:41,860 [debug] [140607329564224] /home/kevin/git/lwdee/terasort/map/Step1Task.cpp:85 generateSubSplit : partition 17 - sub split 12 - 1734982
[0m[0;36m2023-03-31 14:02:41,860 [debug] [140607329564224] /home/kevin/git/lwdee/terasort/map/Step1Task.cpp:85 generateSubSplit : partition 17 - sub split 13 - 1737669
[0m[0;36m2023-03-31 14:02:41,860 [debug] [140607329564224] /home/kevin/git/lwdee/terasort/map/Step1Task.cpp:85 generateSubSplit : partition 17 - sub split 14 - 1733428
[0m[0;36m2023-03-31 14:02:41,860 [debug] [140607329564224] /home/kevin/git/lwdee/terasort/map/Step1Task.cpp:85 generateSubSplit : partition 17 - sub split 15 - 1735269
[0m[0;36m2023-03-31 14:02:41,860 [debug] [140607329564224] /home/kevin/git/lwdee/terasort/map/Step1Task.cpp:85 generateSubSplit : partition 17 - sub split 16 - 1734589
[0m[0;36m2023-03-31 14:02:41,861 [debug] [140607329564224] /home/kevin/git/lwdee/terasort/map/Step1Task.cpp:85 generateSubSplit : partition 17 - sub split 17 - 1735215
[0m[0;36m2023-03-31 14:02:41,861 [debug] [140607329564224] /home/kevin/git/lwdee/terasort/map/Step1Task.cpp:85 generateSubSplit : partition 17 - sub split 18 - 1735307
[0m[0;36m2023-03-31 14:02:41,861 [debug] [140607329564224] /home/kevin/git/lwdee/terasort/map/Step1Task.cpp:85 generateSubSplit : partition 17 - sub split 19 - 1738303
[0m[0;36m2023-03-31 14:02:41,861 [debug] [140607329564224] /home/kevin/git/lwdee/terasort/map/Step1Task.cpp:85 generateSubSplit : partition 17 - sub split 20 - 1736149
[0m[0;36m2023-03-31 14:02:41,861 [debug] [140607329564224] /home/kevin/git/lwdee/terasort/map/Step1Task.cpp:85 generateSubSplit : partition 17 - sub split 21 - 1735597
[0m[0;36m2023-03-31 14:02:41,861 [debug] [140607329564224] /home/kevin/git/lwdee/terasort/map/Step1Task.cpp:85 generateSubSplit : partition 17 - sub split 22 - 1734369
[0m[0;36m2023-03-31 14:02:41,861 [debug] [140607329564224] /home/kevin/git/lwdee/terasort/map/Step1Task.cpp:85 generateSubSplit : partition 17 - sub split 23 - 1743122
[0m[1;32m2023-03-31 14:02:42,485 [info ] [140607312778816] /home/kevin/git/lwdee/terasort/map/Step1Task.cpp:63 textFile : > textFile,partition: 7,eclipse 110.169000
[0m[1;32m2023-03-31 14:02:42,485 [info ] [140607312778816] /home/kevin/git/lwdee/terasort/map/Step1Task.cpp:69 generateSubSplit : < generateSubSplit
[0m[1;32m2023-03-31 14:02:43,416 [info ] [140607321171520] /home/kevin/git/lwdee/terasort/map/Step1Task.cpp:63 textFile : > textFile,partition: 2,eclipse 111.105000
[0m[1;32m2023-03-31 14:02:43,416 [info ] [140607321171520] /home/kevin/git/lwdee/terasort/map/Step1Task.cpp:69 generateSubSplit : < generateSubSplit
[0m[0;36m2023-03-31 14:02:57,152 [debug] [140607312778816] /home/kevin/git/lwdee/terasort/map/Step1Task.cpp:85 generateSubSplit : partition 7 - sub split 0 - 1737127
[0m[0;36m2023-03-31 14:02:57,152 [debug] [140607312778816] /home/kevin/git/lwdee/terasort/map/Step1Task.cpp:85 generateSubSplit : partition 7 - sub split 1 - 1737449
[0m[0;36m2023-03-31 14:02:57,152 [debug] [140607312778816] /home/kevin/git/lwdee/terasort/map/Step1Task.cpp:85 generateSubSplit : partition 7 - sub split 2 - 1738159
[0m[0;36m2023-03-31 14:02:57,152 [debug] [140607312778816] /home/kevin/git/lwdee/terasort/map/Step1Task.cpp:85 generateSubSplit : partition 7 - sub split 3 - 1735625
[0m[0;36m2023-03-31 14:02:57,152 [debug] [140607312778816] /home/kevin/git/lwdee/terasort/map/Step1Task.cpp:85 generateSubSplit : partition 7 - sub split 4 - 1734408
[0m[0;36m2023-03-31 14:02:57,152 [debug] [140607312778816] /home/kevin/git/lwdee/terasort/map/Step1Task.cpp:85 generateSubSplit : partition 7 - sub split 5 - 1735388
[0m[0;36m2023-03-31 14:02:57,152 [debug] [140607312778816] /home/kevin/git/lwdee/terasort/map/Step1Task.cpp:85 generateSubSplit : partition 7 - sub split 6 - 1734626
[0m[0;36m2023-03-31 14:02:57,152 [debug] [140607312778816] /home/kevin/git/lwdee/terasort/map/Step1Task.cpp:85 generateSubSplit : partition 7 - sub split 7 - 1736248
[0m[0;36m2023-03-31 14:02:57,152 [debug] [140607312778816] /home/kevin/git/lwdee/terasort/map/Step1Task.cpp:85 generateSubSplit : partition 7 - sub split 8 - 1737159
[0m[0;36m2023-03-31 14:02:57,152 [debug] [140607312778816] /home/kevin/git/lwdee/terasort/map/Step1Task.cpp:85 generateSubSplit : partition 7 - sub split 9 - 1735564
[0m[0;36m2023-03-31 14:02:57,152 [debug] [140607312778816] /home/kevin/git/lwdee/terasort/map/Step1Task.cpp:85 generateSubSplit : partition 7 - sub split 10 - 1737819
[0m[0;36m2023-03-31 14:02:57,152 [debug] [140607312778816] /home/kevin/git/lwdee/terasort/map/Step1Task.cpp:85 generateSubSplit : partition 7 - sub split 11 - 1733648
[0m[0;36m2023-03-31 14:02:57,152 [debug] [140607312778816] /home/kevin/git/lwdee/terasort/map/Step1Task.cpp:85 generateSubSplit : partition 7 - sub split 12 - 1736815
[0m[0;36m2023-03-31 14:02:57,152 [debug] [140607312778816] /home/kevin/git/lwdee/terasort/map/Step1Task.cpp:85 generateSubSplit : partition 7 - sub split 13 - 1734012
[0m[0;36m2023-03-31 14:02:57,152 [debug] [140607312778816] /home/kevin/git/lwdee/terasort/map/Step1Task.cpp:85 generateSubSplit : partition 7 - sub split 14 - 1735886
[0m[0;36m2023-03-31 14:02:57,152 [debug] [140607312778816] /home/kevin/git/lwdee/terasort/map/Step1Task.cpp:85 generateSubSplit : partition 7 - sub split 15 - 1735379
[0m[0;36m2023-03-31 14:02:57,152 [debug] [140607312778816] /home/kevin/git/lwdee/terasort/map/Step1Task.cpp:85 generateSubSplit : partition 7 - sub split 16 - 1734352
[0m[0;36m2023-03-31 14:02:57,152 [debug] [140607312778816] /home/kevin/git/lwdee/terasort/map/Step1Task.cpp:85 generateSubSplit : partition 7 - sub split 17 - 1735487
[0m[0;36m2023-03-31 14:02:57,153 [debug] [140607312778816] /home/kevin/git/lwdee/terasort/map/Step1Task.cpp:85 generateSubSplit : partition 7 - sub split 18 - 1735764
[0m[0;36m2023-03-31 14:02:57,153 [debug] [140607312778816] /home/kevin/git/lwdee/terasort/map/Step1Task.cpp:85 generateSubSplit : partition 7 - sub split 19 - 1736743
[0m[0;36m2023-03-31 14:02:57,153 [debug] [140607312778816] /home/kevin/git/lwdee/terasort/map/Step1Task.cpp:85 generateSubSplit : partition 7 - sub split 20 - 1736394
[0m[0;36m2023-03-31 14:02:57,153 [debug] [140607312778816] /home/kevin/git/lwdee/terasort/map/Step1Task.cpp:85 generateSubSplit : partition 7 - sub split 21 - 1736055
[0m[0;36m2023-03-31 14:02:57,153 [debug] [140607312778816] /home/kevin/git/lwdee/terasort/map/Step1Task.cpp:85 generateSubSplit : partition 7 - sub split 22 - 1735533
[0m[0;36m2023-03-31 14:02:57,153 [debug] [140607312778816] /home/kevin/git/lwdee/terasort/map/Step1Task.cpp:85 generateSubSplit : partition 7 - sub split 23 - 1741024
[0m[0;36m2023-03-31 14:02:58,052 [debug] [140607321171520] /home/kevin/git/lwdee/terasort/map/Step1Task.cpp:85 generateSubSplit : partition 2 - sub split 0 - 1735795
[0m[0;36m2023-03-31 14:02:58,052 [debug] [140607321171520] /home/kevin/git/lwdee/terasort/map/Step1Task.cpp:85 generateSubSplit : partition 2 - sub split 1 - 1735790
[0m[0;36m2023-03-31 14:02:58,052 [debug] [140607321171520] /home/kevin/git/lwdee/terasort/map/Step1Task.cpp:85 generateSubSplit : partition 2 - sub split 2 - 1735926
[0m[0;36m2023-03-31 14:02:58,052 [debug] [140607321171520] /home/kevin/git/lwdee/terasort/map/Step1Task.cpp:85 generateSubSplit : partition 2 - sub split 3 - 1734441
[0m[0;36m2023-03-31 14:02:58,052 [debug] [140607321171520] /home/kevin/git/lwdee/terasort/map/Step1Task.cpp:85 generateSubSplit : partition 2 - sub split 4 - 1738500
[0m[0;36m2023-03-31 14:02:58,052 [debug] [140607321171520] /home/kevin/git/lwdee/terasort/map/Step1Task.cpp:85 generateSubSplit : partition 2 - sub split 5 - 1738718
[0m[0;36m2023-03-31 14:02:58,052 [debug] [140607321171520] /home/kevin/git/lwdee/terasort/map/Step1Task.cpp:85 generateSubSplit : partition 2 - sub split 6 - 1735476
[0m[0;36m2023-03-31 14:02:58,052 [debug] [140607321171520] /home/kevin/git/lwdee/terasort/map/Step1Task.cpp:85 generateSubSplit : partition 2 - sub split 7 - 1734189
[0m[0;36m2023-03-31 14:02:58,052 [debug] [140607321171520] /home/kevin/git/lwdee/terasort/map/Step1Task.cpp:85 generateSubSplit : partition 2 - sub split 8 - 1734958
[0m[0;36m2023-03-31 14:02:58,052 [debug] [140607321171520] /home/kevin/git/lwdee/terasort/map/Step1Task.cpp:85 generateSubSplit : partition 2 - sub split 9 - 1736348
[0m[0;36m2023-03-31 14:02:58,052 [debug] [140607321171520] /home/kevin/git/lwdee/terasort/map/Step1Task.cpp:85 generateSubSplit : partition 2 - sub split 10 - 1736976
[0m[0;36m2023-03-31 14:02:58,052 [debug] [140607321171520] /home/kevin/git/lwdee/terasort/map/Step1Task.cpp:85 generateSubSplit : partition 2 - sub split 11 - 1737132
[0m[0;36m2023-03-31 14:02:58,052 [debug] [140607321171520] /home/kevin/git/lwdee/terasort/map/Step1Task.cpp:85 generateSubSplit : partition 2 - sub split 12 - 1735118
[0m[0;36m2023-03-31 14:02:58,052 [debug] [140607321171520] /home/kevin/git/lwdee/terasort/map/Step1Task.cpp:85 generateSubSplit : partition 2 - sub split 13 - 1737082
[0m[0;36m2023-03-31 14:02:58,053 [debug] [140607321171520] /home/kevin/git/lwdee/terasort/map/Step1Task.cpp:85 generateSubSplit : partition 2 - sub split 14 - 1735522
[0m[0;36m2023-03-31 14:02:58,053 [debug] [140607321171520] /home/kevin/git/lwdee/terasort/map/Step1Task.cpp:85 generateSubSplit : partition 2 - sub split 15 - 1735785
[0m[0;36m2023-03-31 14:02:58,053 [debug] [140607321171520] /home/kevin/git/lwdee/terasort/map/Step1Task.cpp:85 generateSubSplit : partition 2 - sub split 16 - 1734889
[0m[0;36m2023-03-31 14:02:58,053 [debug] [140607321171520] /home/kevin/git/lwdee/terasort/map/Step1Task.cpp:85 generateSubSplit : partition 2 - sub split 17 - 1734506
[0m[0;36m2023-03-31 14:02:58,053 [debug] [140607321171520] /home/kevin/git/lwdee/terasort/map/Step1Task.cpp:85 generateSubSplit : partition 2 - sub split 18 - 1734419
[0m[0;36m2023-03-31 14:02:58,053 [debug] [140607321171520] /home/kevin/git/lwdee/terasort/map/Step1Task.cpp:85 generateSubSplit : partition 2 - sub split 19 - 1735175
[0m[0;36m2023-03-31 14:02:58,053 [debug] [140607321171520] /home/kevin/git/lwdee/terasort/map/Step1Task.cpp:85 generateSubSplit : partition 2 - sub split 20 - 1737667
[0m[0;36m2023-03-31 14:02:58,053 [debug] [140607321171520] /home/kevin/git/lwdee/terasort/map/Step1Task.cpp:85 generateSubSplit : partition 2 - sub split 21 - 1735287
[0m[0;36m2023-03-31 14:02:58,053 [debug] [140607321171520] /home/kevin/git/lwdee/terasort/map/Step1Task.cpp:85 generateSubSplit : partition 2 - sub split 22 - 1735263
[0m[0;36m2023-03-31 14:02:58,053 [debug] [140607321171520] /home/kevin/git/lwdee/terasort/map/Step1Task.cpp:85 generateSubSplit : partition 2 - sub split 23 - 1741702
[0m[1;32m2023-03-31 14:03:03,694 [info ] [140607346349632] /home/kevin/git/lwdee/terasort/map/Step1Task.cpp:111 generateSubSplit : > generateSubSplit,partition: 12,eclipse 82.092000
[0m[1;32m2023-03-31 14:03:04,200 [info ] [140607346349632] /home/kevin/git/lwdee/terasort/map/Step1Task.cpp:25 run : > map task run,eclipse 131.866000
[0m[0;37m2023-03-31 14:03:04,201 [trace] [140607346349632] /home/kevin/git/lwdee/terasort/matrix/LinuxMatrix.cpp:46 print : CPU(1.21%-26.94%: 25.73%),RAM(64855M-96173M: 31318M), cpu:21.85%,ram total:96476M,avai:309M,used:96167M,free:308M 
[0m[1;32m2023-03-31 14:03:04,201 [info ] [140607346349632] /home/kevin/git/lwdee/terasort/map/MapDCO.cpp:31 map : > accept map ,partition : 12, ddoId: 0, fileName: /home/terasort/data/data-input.dat
[0m[1;32m2023-03-31 14:03:13,233 [info ] [140607337956928] /home/kevin/git/lwdee/terasort/map/Step1Task.cpp:111 generateSubSplit : > generateSubSplit,partition: 22,eclipse 82.834000
[0m[1;32m2023-03-31 14:03:13,824 [info ] [140607337956928] /home/kevin/git/lwdee/terasort/map/Step1Task.cpp:25 run : > map task run,eclipse 141.445000
[0m[0;37m2023-03-31 14:03:13,825 [trace] [140607337956928] /home/kevin/git/lwdee/terasort/matrix/LinuxMatrix.cpp:46 print : CPU(1.21%-26.94%: 25.73%),RAM(64855M-96173M: 31318M), cpu:17.63%,ram total:96476M,avai:2091M,used:94385M,free:2090M 
[0m[1;32m2023-03-31 14:03:13,825 [info ] [140607337956928] /home/kevin/git/lwdee/terasort/map/MapDCO.cpp:31 map : > accept map ,partition : 22, ddoId: 0, fileName: /home/terasort/data/data-input.dat
[0m[1;32m2023-03-31 14:03:50,647 [info ] [140607329564224] /home/kevin/git/lwdee/terasort/map/Step1Task.cpp:111 generateSubSplit : > generateSubSplit,partition: 17,eclipse 83.753000
[0m[1;32m2023-03-31 14:03:51,180 [info ] [140607329564224] /home/kevin/git/lwdee/terasort/map/Step1Task.cpp:25 run : > map task run,eclipse 178.825000
[0m[0;37m2023-03-31 14:03:51,180 [trace] [140607329564224] /home/kevin/git/lwdee/terasort/matrix/LinuxMatrix.cpp:46 print : CPU(1.21%-26.94%: 25.73%),RAM(64855M-96173M: 31318M), cpu:14.09%,ram total:96476M,avai:314M,used:96162M,free:313M 
[0m[1;32m2023-03-31 14:03:51,180 [info ] [140607329564224] /home/kevin/git/lwdee/terasort/map/MapDCO.cpp:31 map : > accept map ,partition : 17, ddoId: 0, fileName: /home/terasort/data/data-input.dat
[0m[1;32m2023-03-31 14:04:06,364 [info ] [140607312778816] /home/kevin/git/lwdee/terasort/map/Step1Task.cpp:111 generateSubSplit : > generateSubSplit,partition: 7,eclipse 83.878000
[0m[1;32m2023-03-31 14:04:06,917 [info ] [140607312778816] /home/kevin/git/lwdee/terasort/map/Step1Task.cpp:25 run : > map task run,eclipse 194.601000
[0m[0;37m2023-03-31 14:04:06,917 [trace] [140607312778816] /home/kevin/git/lwdee/terasort/matrix/LinuxMatrix.cpp:46 print : CPU(1.21%-26.94%: 25.73%),RAM(64855M-96173M: 31318M), cpu:9.00%,ram total:96476M,avai:2571M,used:93905M,free:2570M 
[0m[1;32m2023-03-31 14:04:06,917 [info ] [140607312778816] /home/kevin/git/lwdee/terasort/map/MapDCO.cpp:31 map : > accept map ,partition : 7, ddoId: 0, fileName: /home/terasort/data/data-input.dat
[0m[1;32m2023-03-31 14:04:08,432 [info ] [140607321171520] /home/kevin/git/lwdee/terasort/map/Step1Task.cpp:111 generateSubSplit : > generateSubSplit,partition: 2,eclipse 85.016000
[0m[1;32m2023-03-31 14:04:08,935 [info ] [140607321171520] /home/kevin/git/lwdee/terasort/map/Step1Task.cpp:25 run : > map task run,eclipse 196.635000
[0m[0;37m2023-03-31 14:04:08,935 [trace] [140607321171520] /home/kevin/git/lwdee/terasort/matrix/LinuxMatrix.cpp:46 print : CPU(1.21%-26.94%: 25.73%),RAM(64855M-96173M: 31318M), cpu:5.36%,ram total:96476M,avai:6429M,used:90047M,free:6428M 
[0m[1;32m2023-03-31 14:04:08,935 [info ] [140607321171520] /home/kevin/git/lwdee/terasort/map/MapDCO.cpp:31 map : > accept map ,partition : 2, ddoId: 0, fileName: /home/terasort/data/data-input.dat
[0m[0;36m2023-03-31 14:08:38,209 [debug] [140607337956928] /home/kevin/git/lwdee/terasort/TerasortDCOFactory.cpp:14 newDco : create dco ReduceDCO
[0m[0;37m2023-03-31 14:08:38,212 [trace] [140607337956928] /home/kevin/git/lwdee/terasort/reduce/ReduceDCO.cpp:9 reduce : ---------------------------------
[0m[1;32m2023-03-31 14:08:38,212 [info ] [140607337956928] /home/kevin/git/lwdee/terasort/reduce/ReduceDCO.cpp:11 reduce : < accept reduce 
[0m[0;37m2023-03-31 14:08:38,212 [trace] [140607337956928] /home/kevin/git/lwdee/terasort/matrix/LinuxMatrix.cpp:46 print : CPU(1.05%-26.94%: 25.90%),RAM(64855M-96173M: 31318M), cpu:5.54%,ram total:96476M,avai:9994M,used:86482M,free:9993M 
[0m[1;32m2023-03-31 14:08:38,212 [info ] [140607337956928] /home/kevin/git/lwdee/terasort/reduce/Step2Task.cpp:14 run : < reduce task run
[0m[1;32m2023-03-31 14:08:38,212 [info ] [140607337956928] /home/kevin/git/lwdee/terasort/reduce/Step2Task.cpp:31 read : < read
[0m[0;36m2023-03-31 14:08:38,226 [debug] [140607346349632] /home/kevin/git/lwdee/terasort/TerasortDCOFactory.cpp:14 newDco : create dco ReduceDCO
[0m[0;37m2023-03-31 14:08:38,228 [trace] [140607346349632] /home/kevin/git/lwdee/terasort/reduce/ReduceDCO.cpp:9 reduce : ---------------------------------
[0m[1;32m2023-03-31 14:08:38,228 [info ] [140607346349632] /home/kevin/git/lwdee/terasort/reduce/ReduceDCO.cpp:11 reduce : < accept reduce 
[0m[0;37m2023-03-31 14:08:38,229 [trace] [140607346349632] /home/kevin/git/lwdee/terasort/matrix/LinuxMatrix.cpp:46 print : CPU(1.05%-26.94%: 25.90%),RAM(64855M-96173M: 31318M), cpu:5.54%,ram total:96476M,avai:9994M,used:86482M,free:9993M 
[0m[1;32m2023-03-31 14:08:38,229 [info ] [140607346349632] /home/kevin/git/lwdee/terasort/reduce/Step2Task.cpp:14 run : < reduce task run
[0m[1;32m2023-03-31 14:08:38,229 [info ] [140607346349632] /home/kevin/git/lwdee/terasort/reduce/Step2Task.cpp:31 read : < read
[0m[0;36m2023-03-31 14:08:38,245 [debug] [140607346349632] /home/kevin/git/lwdee/terasort/TerasortDCOFactory.cpp:14 newDco : create dco ReduceDCO
[0m[0;37m2023-03-31 14:08:38,247 [trace] [140607346349632] /home/kevin/git/lwdee/terasort/reduce/ReduceDCO.cpp:9 reduce : ---------------------------------
[0m[1;32m2023-03-31 14:08:38,247 [info ] [140607346349632] /home/kevin/git/lwdee/terasort/reduce/ReduceDCO.cpp:11 reduce : < accept reduce 
[0m[0;37m2023-03-31 14:08:38,247 [trace] [140607346349632] /home/kevin/git/lwdee/terasort/matrix/LinuxMatrix.cpp:46 print : CPU(1.05%-26.94%: 25.90%),RAM(64855M-96173M: 31318M), cpu:5.54%,ram total:96476M,avai:9994M,used:86482M,free:9993M 
[0m[1;32m2023-03-31 14:08:38,248 [info ] [140607346349632] /home/kevin/git/lwdee/terasort/reduce/Step2Task.cpp:14 run : < reduce task run
[0m[1;32m2023-03-31 14:08:38,248 [info ] [140607346349632] /home/kevin/git/lwdee/terasort/reduce/Step2Task.cpp:31 read : < read
[0m[0;36m2023-03-31 14:08:38,266 [debug] [140607346349632] /home/kevin/git/lwdee/terasort/TerasortDCOFactory.cpp:14 newDco : create dco ReduceDCO
[0m[0;37m2023-03-31 14:08:38,268 [trace] [140607346349632] /home/kevin/git/lwdee/terasort/reduce/ReduceDCO.cpp:9 reduce : ---------------------------------
[0m[1;32m2023-03-31 14:08:38,268 [info ] [140607346349632] /home/kevin/git/lwdee/terasort/reduce/ReduceDCO.cpp:11 reduce : < accept reduce 
[0m[0;37m2023-03-31 14:08:38,268 [trace] [140607346349632] /home/kevin/git/lwdee/terasort/matrix/LinuxMatrix.cpp:46 print : CPU(1.05%-26.94%: 25.90%),RAM(64855M-96173M: 31318M), cpu:5.54%,ram total:96476M,avai:9994M,used:86482M,free:9993M 
[0m[1;32m2023-03-31 14:08:38,268 [info ] [140607346349632] /home/kevin/git/lwdee/terasort/reduce/Step2Task.cpp:14 run : < reduce task run
[0m[1;32m2023-03-31 14:08:38,268 [info ] [140607346349632] /home/kevin/git/lwdee/terasort/reduce/Step2Task.cpp:31 read : < read
[0m[0;36m2023-03-31 14:08:38,294 [debug] [140607346349632] /home/kevin/git/lwdee/terasort/TerasortDCOFactory.cpp:14 newDco : create dco ReduceDCO
[0m[0;37m2023-03-31 14:08:38,312 [trace] [140607346349632] /home/kevin/git/lwdee/terasort/reduce/ReduceDCO.cpp:9 reduce : ---------------------------------
[0m[1;32m2023-03-31 14:08:38,312 [info ] [140607346349632] /home/kevin/git/lwdee/terasort/reduce/ReduceDCO.cpp:11 reduce : < accept reduce 
[0m[0;37m2023-03-31 14:08:38,312 [trace] [140607346349632] /home/kevin/git/lwdee/terasort/matrix/LinuxMatrix.cpp:46 print : CPU(1.05%-26.94%: 25.90%),RAM(64855M-96173M: 31318M), cpu:5.54%,ram total:96476M,avai:9994M,used:86482M,free:9993M 
[0m[1;32m2023-03-31 14:08:38,312 [info ] [140607346349632] /home/kevin/git/lwdee/terasort/reduce/Step2Task.cpp:14 run : < reduce task run
[0m[1;32m2023-03-31 14:08:38,312 [info ] [140607346349632] /home/kevin/git/lwdee/terasort/reduce/Step2Task.cpp:31 read : < read
[0m[0;36m2023-03-31 14:08:44,769 [debug] [140607329564224] /home/kevin/git/lwdee/terasort/reduce/Step2Task.cpp:47 read : read node 1 ddo, record count: 1737339æ¡
[0m[0;36m2023-03-31 14:08:51,838 [debug] [140607346349632] /home/kevin/git/lwdee/terasort/reduce/Step2Task.cpp:47 read : read node 1 ddo, record count: 1735545æ¡
[0m[0;36m2023-03-31 14:08:59,149 [debug] [140607346349632] /home/kevin/git/lwdee/terasort/reduce/Step2Task.cpp:47 read : read node 1 ddo, record count: 1735304æ¡
[0m[0;36m2023-03-31 14:09:03,390 [debug] [140607337956928] /home/kevin/git/lwdee/terasort/reduce/Step2Task.cpp:47 read : read node 1 ddo, record count: 1734903æ¡
[0m[0;36m2023-03-31 14:09:07,136 [debug] [140607329564224] /home/kevin/git/lwdee/terasort/reduce/Step2Task.cpp:47 read : read node 1 ddo, record count: 1741145æ¡
[0m[0;36m2023-03-31 14:09:11,816 [debug] [140607321171520] /home/kevin/git/lwdee/terasort/reduce/Step2Task.cpp:47 read : read node 2 ddo, record count: 1736956æ¡
[0m[0;36m2023-03-31 14:09:15,890 [debug] [140607337956928] /home/kevin/git/lwdee/terasort/reduce/Step2Task.cpp:47 read : read node 2 ddo, record count: 1735036æ¡
[0m[0;36m2023-03-31 14:09:19,679 [debug] [140607337956928] /home/kevin/git/lwdee/terasort/reduce/Step2Task.cpp:47 read : read node 2 ddo, record count: 1735222æ¡
[0m[0;36m2023-03-31 14:09:23,814 [debug] [140607321171520] /home/kevin/git/lwdee/terasort/reduce/Step2Task.cpp:47 read : read node 2 ddo, record count: 1737442æ¡
[0m[0;36m2023-03-31 14:09:24,113 [debug] [140607312778816] /home/kevin/git/lwdee/terasort/reduce/Step2Task.cpp:47 read : read node 3 ddo, record count: 1737082æ¡
[0m[0;36m2023-03-31 14:09:24,242 [debug] [140607095830080] /home/kevin/git/lwdee/terasort/reduce/Step2Task.cpp:47 read : read node 3 ddo, record count: 1734419æ¡
[0m[0;36m2023-03-31 14:09:24,316 [debug] [140607087437376] /home/kevin/git/lwdee/terasort/reduce/Step2Task.cpp:47 read : read node 3 ddo, record count: 1734441æ¡
[0m[0;36m2023-03-31 14:09:27,993 [debug] [140607337956928] /home/kevin/git/lwdee/terasort/reduce/Step2Task.cpp:47 read : read node 2 ddo, record count: 1742145æ¡
[0m[0;36m2023-03-31 14:09:28,117 [debug] [140607321171520] /home/kevin/git/lwdee/terasort/reduce/Step2Task.cpp:47 read : read node 3 ddo, record count: 1734958æ¡
[0m[0;36m2023-03-31 14:09:34,390 [debug] [140607346349632] /home/kevin/git/lwdee/terasort/reduce/Step2Task.cpp:47 read : read node 4 ddo, record count: 1735672æ¡
[0m[0;36m2023-03-31 14:09:41,461 [debug] [140607329564224] /home/kevin/git/lwdee/terasort/reduce/Step2Task.cpp:47 read : read node 4 ddo, record count: 1735636æ¡
[0m[0;36m2023-03-31 14:09:41,512 [debug] [140607346349632] /home/kevin/git/lwdee/terasort/reduce/Step2Task.cpp:47 read : read node 3 ddo, record count: 1741702æ¡
[0m[0;36m2023-03-31 14:09:47,246 [debug] [140607346349632] /home/kevin/git/lwdee/terasort/reduce/Step2Task.cpp:47 read : read node 4 ddo, record count: 1737879æ¡
[0m[0;36m2023-03-31 14:09:52,706 [debug] [140607337956928] /home/kevin/git/lwdee/terasort/reduce/Step2Task.cpp:47 read : read node 4 ddo, record count: 1735711æ¡
[0m[0;36m2023-03-31 14:09:56,109 [debug] [140607337956928] /home/kevin/git/lwdee/terasort/reduce/Step2Task.cpp:47 read : read node 5 ddo, record count: 1736525æ¡
[0m[0;36m2023-03-31 14:09:57,068 [debug] [140607329564224] /home/kevin/git/lwdee/terasort/reduce/Step2Task.cpp:47 read : read node 4 ddo, record count: 1742541æ¡
[0m[0;36m2023-03-31 14:10:01,284 [debug] [140607337956928] /home/kevin/git/lwdee/terasort/reduce/Step2Task.cpp:47 read : read node 5 ddo, record count: 1735779æ¡
[0m[0;36m2023-03-31 14:10:04,643 [debug] [140607329564224] /home/kevin/git/lwdee/terasort/reduce/Step2Task.cpp:47 read : read node 5 ddo, record count: 1733999æ¡
[0m[0;36m2023-03-31 14:10:07,098 [debug] [140607329564224] /home/kevin/git/lwdee/terasort/reduce/Step2Task.cpp:47 read : read node 6 ddo, record count: 1734968æ¡
[0m[0;36m2023-03-31 14:10:11,046 [debug] [140607321171520] /home/kevin/git/lwdee/terasort/reduce/Step2Task.cpp:47 read : read node 6 ddo, record count: 1733903æ¡
[0m[0;36m2023-03-31 14:10:12,745 [debug] [140607312778816] /home/kevin/git/lwdee/terasort/reduce/Step2Task.cpp:47 read : read node 5 ddo, record count: 1743762æ¡
[0m[0;36m2023-03-31 14:10:14,791 [debug] [140607321171520] /home/kevin/git/lwdee/terasort/reduce/Step2Task.cpp:47 read : read node 6 ddo, record count: 1735881æ¡
[0m[0;36m2023-03-31 14:10:15,356 [debug] [140607337956928] /home/kevin/git/lwdee/terasort/reduce/Step2Task.cpp:47 read : read node 5 ddo, record count: 1735580æ¡
[0m[0;36m2023-03-31 14:10:17,507 [debug] [140607329564224] /home/kevin/git/lwdee/terasort/reduce/Step2Task.cpp:47 read : read node 6 ddo, record count: 1740989æ¡
[0m[0;36m2023-03-31 14:10:21,211 [debug] [140607346349632] /home/kevin/git/lwdee/terasort/reduce/Step2Task.cpp:47 read : read node 7 ddo, record count: 1734742æ¡
[0m[0;36m2023-03-31 14:10:24,661 [debug] [140607329564224] /home/kevin/git/lwdee/terasort/reduce/Step2Task.cpp:47 read : read node 7 ddo, record count: 1734709æ¡
[0m[0;36m2023-03-31 14:10:29,039 [debug] [140607312778816] /home/kevin/git/lwdee/terasort/reduce/Step2Task.cpp:47 read : read node 7 ddo, record count: 1733606æ¡
[0m[0;36m2023-03-31 14:10:31,696 [debug] [140607337956928] /home/kevin/git/lwdee/terasort/reduce/Step2Task.cpp:47 read : read node 6 ddo, record count: 1735344æ¡
[0m[0;36m2023-03-31 14:10:31,772 [debug] [140607321171520] /home/kevin/git/lwdee/terasort/reduce/Step2Task.cpp:47 read : read node 8 ddo, record count: 1735764æ¡
[0m[0;36m2023-03-31 14:10:31,828 [debug] [140607312778816] /home/kevin/git/lwdee/terasort/reduce/Step2Task.cpp:47 read : read node 8 ddo, record count: 1734012æ¡
[0m[0;36m2023-03-31 14:10:31,901 [debug] [140607095830080] /home/kevin/git/lwdee/terasort/reduce/Step2Task.cpp:47 read : read node 8 ddo, record count: 1735625æ¡
[0m[0;36m2023-03-31 14:10:33,426 [debug] [140607337956928] /home/kevin/git/lwdee/terasort/reduce/Step2Task.cpp:47 read : read node 7 ddo, record count: 1743090æ¡
[0m[0;36m2023-03-31 14:10:36,092 [debug] [140607321171520] /home/kevin/git/lwdee/terasort/reduce/Step2Task.cpp:47 read : read node 7 ddo, record count: 1734204æ¡
[0m[0;36m2023-03-31 14:10:38,126 [debug] [140607321171520] /home/kevin/git/lwdee/terasort/reduce/Step2Task.cpp:47 read : read node 9 ddo, record count: 1736512æ¡
[0m[0;36m2023-03-31 14:10:40,966 [debug] [140607346349632] /home/kevin/git/lwdee/terasort/reduce/Step2Task.cpp:47 read : read node 9 ddo, record count: 1736628æ¡
[0m[0;36m2023-03-31 14:10:41,247 [debug] [140607337956928] /home/kevin/git/lwdee/terasort/reduce/Step2Task.cpp:47 read : read node 8 ddo, record count: 1741024æ¡
[0m[0;36m2023-03-31 14:10:41,291 [debug] [140607312778816] /home/kevin/git/lwdee/terasort/reduce/Step2Task.cpp:47 read : read node 8 ddo, record count: 1737159æ¡
[0m[0;36m2023-03-31 14:10:45,389 [debug] [140607337956928] /home/kevin/git/lwdee/terasort/reduce/Step2Task.cpp:47 read : read node 10 ddo, record count: 1736462æ¡
[0m[0;36m2023-03-31 14:10:45,493 [debug] [140607346349632] /home/kevin/git/lwdee/terasort/reduce/Step2Task.cpp:47 read : read node 9 ddo, record count: 1736496æ¡
[0m[0;36m2023-03-31 14:10:49,147 [debug] [140607321171520] /home/kevin/git/lwdee/terasort/reduce/Step2Task.cpp:47 read : read node 10 ddo, record count: 1734502æ¡
[0m[0;36m2023-03-31 14:10:51,767 [debug] [140607329564224] /home/kevin/git/lwdee/terasort/reduce/Step2Task.cpp:47 read : read node 11 ddo, record count: 1733550æ¡
[0m[0;36m2023-03-31 14:10:53,140 [debug] [140607346349632] /home/kevin/git/lwdee/terasort/reduce/Step2Task.cpp:47 read : read node 9 ddo, record count: 1743489æ¡
[0m[0;36m2023-03-31 14:10:55,519 [debug] [140607337956928] /home/kevin/git/lwdee/terasort/reduce/Step2Task.cpp:47 read : read node 10 ddo, record count: 1736896æ¡
[0m[0;36m2023-03-31 14:10:57,388 [debug] [140607337956928] /home/kevin/git/lwdee/terasort/reduce/Step2Task.cpp:47 read : read node 9 ddo, record count: 1736488æ¡
[0m[0;36m2023-03-31 14:10:59,949 [debug] [140607337956928] /home/kevin/git/lwdee/terasort/reduce/Step2Task.cpp:47 read : read node 12 ddo, record count: 1732396æ¡
[0m[0;36m2023-03-31 14:11:00,718 [debug] [140607337956928] /home/kevin/git/lwdee/terasort/reduce/Step2Task.cpp:47 read : read node 11 ddo, record count: 1732679æ¡
[0m[0;36m2023-03-31 14:11:03,768 [debug] [140607337956928] /home/kevin/git/lwdee/terasort/reduce/Step2Task.cpp:47 read : read node 11 ddo, record count: 1733942æ¡
[0m[0;36m2023-03-31 14:11:04,155 [debug] [140607321171520] /home/kevin/git/lwdee/terasort/reduce/Step2Task.cpp:47 read : read node 13 ddo, record count: 1736411æ¡
[0m[0;36m2023-03-31 14:11:07,313 [debug] [140607321171520] /home/kevin/git/lwdee/terasort/reduce/Step2Task.cpp:47 read : read node 12 ddo, record count: 1734606æ¡
[0m[0;36m2023-03-31 14:11:07,425 [debug] [140607337956928] /home/kevin/git/lwdee/terasort/reduce/Step2Task.cpp:47 read : read node 10 ddo, record count: 1743405æ¡
[0m[0;36m2023-03-31 14:11:11,388 [debug] [140607337956928] /home/kevin/git/lwdee/terasort/reduce/Step2Task.cpp:47 read : read node 14 ddo, record count: 1735313æ¡
[0m[0;36m2023-03-31 14:11:12,145 [debug] [140607329564224] /home/kevin/git/lwdee/terasort/reduce/Step2Task.cpp:47 read : read node 12 ddo, record count: 1735005æ¡
[0m[0;36m2023-03-31 14:11:12,474 [debug] [140607337956928] /home/kevin/git/lwdee/terasort/reduce/Step2Task.cpp:47 read : read node 10 ddo, record count: 1733586æ¡
[0m[0;36m2023-03-31 14:11:12,818 [debug] [140607329564224] /home/kevin/git/lwdee/terasort/reduce/Step2Task.cpp:47 read : read node 13 ddo, record count: 1736886æ¡
[0m[0;36m2023-03-31 14:11:18,797 [debug] [140607346349632] /home/kevin/git/lwdee/terasort/reduce/Step2Task.cpp:47 read : read node 11 ddo, record count: 1742866æ¡
[0m[0;36m2023-03-31 14:11:19,202 [debug] [140607329564224] /home/kevin/git/lwdee/terasort/reduce/Step2Task.cpp:47 read : read node 13 ddo, record count: 1736628æ¡
[0m[0;36m2023-03-31 14:11:22,729 [debug] [140607337956928] /home/kevin/git/lwdee/terasort/reduce/Step2Task.cpp:47 read : read node 15 ddo, record count: 1734587æ¡
[0m[0;36m2023-03-31 14:11:23,644 [debug] [140607337956928] /home/kevin/git/lwdee/terasort/reduce/Step2Task.cpp:47 read : read node 11 ddo, record count: 1736583æ¡
[0m[0;36m2023-03-31 14:11:24,601 [debug] [140607346349632] /home/kevin/git/lwdee/terasort/reduce/Step2Task.cpp:47 read : read node 14 ddo, record count: 1736003æ¡
[0m[0;36m2023-03-31 14:11:27,681 [debug] [140607312778816] /home/kevin/git/lwdee/terasort/reduce/Step2Task.cpp:47 read : read node 12 ddo, record count: 1742714æ¡
[0m[0;36m2023-03-31 14:11:28,633 [debug] [140607329564224] /home/kevin/git/lwdee/terasort/reduce/Step2Task.cpp:47 read : read node 16 ddo, record count: 1735075æ¡
[0m[0;36m2023-03-31 14:11:29,144 [debug] [140607079044672] /home/kevin/git/lwdee/terasort/reduce/Step2Task.cpp:47 read : read node 13 ddo, record count: 1743151æ¡
[0m[0;36m2023-03-31 14:11:31,321 [debug] [140607095830080] /home/kevin/git/lwdee/terasort/reduce/Step2Task.cpp:47 read : read node 12 ddo, record count: 1735019æ¡
[0m[0;36m2023-03-31 14:11:33,658 [debug] [140607095830080] /home/kevin/git/lwdee/terasort/reduce/Step2Task.cpp:47 read : read node 14 ddo, record count: 1737472æ¡
[0m[0;36m2023-03-31 14:11:33,876 [debug] [140607329564224] /home/kevin/git/lwdee/terasort/reduce/Step2Task.cpp:47 read : read node 15 ddo, record count: 1736828æ¡
[0m[0;36m2023-03-31 14:11:34,349 [debug] [140607087437376] /home/kevin/git/lwdee/terasort/reduce/Step2Task.cpp:47 read : read node 13 ddo, record count: 1738240æ¡
[0m[0;36m2023-03-31 14:11:36,802 [debug] [140607337956928] /home/kevin/git/lwdee/terasort/reduce/Step2Task.cpp:47 read : read node 14 ddo, record count: 1743024æ¡
[0m[0;36m2023-03-31 14:11:37,781 [debug] [140607346349632] /home/kevin/git/lwdee/terasort/reduce/Step2Task.cpp:47 read : read node 17 ddo, record count: 1735144æ¡
[0m[0;36m2023-03-31 14:11:40,252 [debug] [140607346349632] /home/kevin/git/lwdee/terasort/reduce/Step2Task.cpp:47 read : read node 16 ddo, record count: 1735325æ¡
[0m[0;36m2023-03-31 14:11:40,558 [debug] [140607329564224] /home/kevin/git/lwdee/terasort/reduce/Step2Task.cpp:47 read : read node 18 ddo, record count: 1735307æ¡
[0m[0;36m2023-03-31 14:11:43,417 [debug] [140607321171520] /home/kevin/git/lwdee/terasort/reduce/Step2Task.cpp:47 read : read node 15 ddo, record count: 1743917æ¡
[0m[0;36m2023-03-31 14:11:45,637 [debug] [140607321171520] /home/kevin/git/lwdee/terasort/reduce/Step2Task.cpp:47 read : read node 15 ddo, record count: 1736869æ¡
[0m[0;36m2023-03-31 14:11:45,664 [debug] [140607312778816] /home/kevin/git/lwdee/terasort/reduce/Step2Task.cpp:47 read : read node 14 ddo, record count: 1737526æ¡
[0m[0;36m2023-03-31 14:11:49,192 [debug] [140607346349632] /home/kevin/git/lwdee/terasort/reduce/Step2Task.cpp:47 read : read node 17 ddo, record count: 1735649æ¡
[0m[0;36m2023-03-31 14:11:49,385 [debug] [140607337956928] /home/kevin/git/lwdee/terasort/reduce/Step2Task.cpp:47 read : read node 16 ddo, record count: 1742485æ¡
[0m[0;36m2023-03-31 14:11:52,916 [debug] [140607337956928] /home/kevin/git/lwdee/terasort/reduce/Step2Task.cpp:47 read : read node 19 ddo, record count: 1736111æ¡
[0m[0;36m2023-03-31 14:11:56,663 [debug] [140607346349632] /home/kevin/git/lwdee/terasort/reduce/Step2Task.cpp:47 read : read node 16 ddo, record count: 1737139æ¡
[0m[0;36m2023-03-31 14:11:57,082 [debug] [140607337956928] /home/kevin/git/lwdee/terasort/reduce/Step2Task.cpp:47 read : read node 18 ddo, record count: 1735128æ¡
[0m[0;36m2023-03-31 14:11:59,309 [debug] [140607329564224] /home/kevin/git/lwdee/terasort/reduce/Step2Task.cpp:47 read : read node 17 ddo, record count: 1742595æ¡
[0m[0;36m2023-03-31 14:12:00,755 [debug] [140607329564224] /home/kevin/git/lwdee/terasort/reduce/Step2Task.cpp:47 read : read node 15 ddo, record count: 1732929æ¡
[0m[0;36m2023-03-31 14:12:04,028 [debug] [140607337956928] /home/kevin/git/lwdee/terasort/reduce/Step2Task.cpp:47 read : read node 20 ddo, record count: 1736376æ¡
[0m[0;36m2023-03-31 14:12:04,257 [debug] [140607329564224] /home/kevin/git/lwdee/terasort/reduce/Step2Task.cpp:47 read : read node 18 ddo, record count: 1743122æ¡
[0m[0;36m2023-03-31 14:12:07,488 [debug] [140607337956928] /home/kevin/git/lwdee/terasort/reduce/Step2Task.cpp:47 read : read node 16 ddo, record count: 1734681æ¡
[0m[0;36m2023-03-31 14:12:08,392 [debug] [140607346349632] /home/kevin/git/lwdee/terasort/reduce/Step2Task.cpp:47 read : read node 17 ddo, record count: 1735475æ¡
[0m[0;36m2023-03-31 14:12:08,835 [debug] [140607337956928] /home/kevin/git/lwdee/terasort/reduce/Step2Task.cpp:47 read : read node 19 ddo, record count: 1737729æ¡
[0m[0;36m2023-03-31 14:12:12,089 [debug] [140607337956928] /home/kevin/git/lwdee/terasort/reduce/Step2Task.cpp:47 read : read node 19 ddo, record count: 1743364æ¡
[0m[0;36m2023-03-31 14:12:13,151 [debug] [140607346349632] /home/kevin/git/lwdee/terasort/reduce/Step2Task.cpp:47 read : read node 17 ddo, record count: 1737607æ¡
[0m[0;36m2023-03-31 14:12:14,588 [debug] [140607337956928] /home/kevin/git/lwdee/terasort/reduce/Step2Task.cpp:47 read : read node 21 ddo, record count: 1733348æ¡
[0m[0;36m2023-03-31 14:12:14,614 [debug] [140607329564224] /home/kevin/git/lwdee/terasort/reduce/Step2Task.cpp:47 read : read node 18 ddo, record count: 1737669æ¡
[0m[0;36m2023-03-31 14:12:14,922 [debug] [140607312778816] /home/kevin/git/lwdee/terasort/reduce/Step2Task.cpp:47 read : read node 18 ddo, record count: 1733800æ¡
[0m[0;36m2023-03-31 14:12:16,264 [debug] [140607329564224] /home/kevin/git/lwdee/terasort/reduce/Step2Task.cpp:47 read : read node 20 ddo, record count: 1735437æ¡
[0m[0;36m2023-03-31 14:12:18,445 [debug] [140607337956928] /home/kevin/git/lwdee/terasort/reduce/Step2Task.cpp:47 read : read node 20 ddo, record count: 1742090æ¡
[0m[0;36m2023-03-31 14:12:22,895 [debug] [140607329564224] /home/kevin/git/lwdee/terasort/reduce/Step2Task.cpp:47 read : read node 19 ddo, record count: 1736141æ¡
[0m[0;36m2023-03-31 14:12:23,056 [debug] [140607087437376] /home/kevin/git/lwdee/terasort/reduce/Step2Task.cpp:47 read : read node 22 ddo, record count: 1739261æ¡
[0m[0;36m2023-03-31 14:12:23,538 [debug] [140607346349632] /home/kevin/git/lwdee/terasort/reduce/Step2Task.cpp:47 read : read node 21 ddo, record count: 1734315æ¡
[0m[0;36m2023-03-31 14:12:26,032 [debug] [140607346349632] /home/kevin/git/lwdee/terasort/reduce/Step2Task.cpp:47 read : read node 19 ddo, record count: 1735705æ¡
[0m[0;36m2023-03-31 14:12:28,257 [debug] [140607337956928] /home/kevin/git/lwdee/terasort/reduce/Step2Task.cpp:47 read : read node 21 ddo, record count: 1743937æ¡
[0m[0;36m2023-03-31 14:12:28,544 [debug] [140607087437376] /home/kevin/git/lwdee/terasort/reduce/Step2Task.cpp:47 read : read node 23 ddo, record count: 1736211æ¡
[0m[0;36m2023-03-31 14:12:31,137 [debug] [140607337956928] /home/kevin/git/lwdee/terasort/reduce/Step2Task.cpp:47 read : read node 22 ddo, record count: 1736505æ¡
[0m[0;36m2023-03-31 14:12:33,134 [debug] [140607346349632] /home/kevin/git/lwdee/terasort/reduce/Step2Task.cpp:47 read : read node 20 ddo, record count: 1737855æ¡
[0m[0;36m2023-03-31 14:12:33,318 [debug] [140607329564224] /home/kevin/git/lwdee/terasort/reduce/Step2Task.cpp:47 read : read node 23 ddo, record count: 1736670æ¡
[0m[0;36m2023-03-31 14:12:35,105 [debug] [140607329564224] /home/kevin/git/lwdee/terasort/reduce/Step2Task.cpp:47 read : read node 20 ddo, record count: 1736809æ¡
[0m[0;36m2023-03-31 14:12:36,972 [debug] [140607346349632] /home/kevin/git/lwdee/terasort/reduce/Step2Task.cpp:47 read : read node 22 ddo, record count: 1742452æ¡
[0m[0;36m2023-03-31 14:12:39,708 [debug] [140607337956928] /home/kevin/git/lwdee/terasort/reduce/Step2Task.cpp:47 read : read node 24 ddo, record count: 1734761æ¡
[0m[0;36m2023-03-31 14:12:41,369 [debug] [140607337956928] /home/kevin/git/lwdee/terasort/reduce/Step2Task.cpp:47 read : read node 21 ddo, record count: 1736073æ¡
[0m[0;36m2023-03-31 14:12:43,121 [debug] [140607321171520] /home/kevin/git/lwdee/terasort/reduce/Step2Task.cpp:56 read : read æ‰€æœ‰åˆ†åŒºDDOè®°å½• åˆè®¡41647871æ¡
[0m[0;36m2023-03-31 14:12:43,121 [debug] [140607321171520] /home/kevin/git/lwdee/terasort/reduce/Step2Task.cpp:58 read : å¼€å§‹ç”ŸæˆTeraRecordè®°å½•ï¼Œåº”è¯¥æ˜¯41647871æ¡
[0m[0;36m2023-03-31 14:12:43,121 [debug] [140607321171520] /home/kevin/git/lwdee/terasort/reduce/Step2Task.cpp:64 read : 18 - split 0,1735304æ¡
[0m[0;36m2023-03-31 14:12:43,424 [debug] [140607337956928] /home/kevin/git/lwdee/terasort/reduce/Step2Task.cpp:47 read : read node 21 ddo, record count: 1736326æ¡
[0m[0;36m2023-03-31 14:12:43,532 [debug] [140607321171520] /home/kevin/git/lwdee/terasort/reduce/Step2Task.cpp:64 read : 18 - split 1,1735036æ¡
[0m[0;36m2023-03-31 14:12:43,660 [debug] [140607346349632] /home/kevin/git/lwdee/terasort/reduce/Step2Task.cpp:47 read : read node 23 ddo, record count: 1740676æ¡
[0m[0;36m2023-03-31 14:12:43,845 [debug] [140607321171520] /home/kevin/git/lwdee/terasort/reduce/Step2Task.cpp:64 read : 18 - split 2,1734419æ¡
[0m[0;36m2023-03-31 14:12:44,164 [debug] [140607321171520] /home/kevin/git/lwdee/terasort/reduce/Step2Task.cpp:64 read : 18 - split 3,1737879æ¡
[0m[0;36m2023-03-31 14:12:44,500 [debug] [140607321171520] /home/kevin/git/lwdee/terasort/reduce/Step2Task.cpp:64 read : 18 - split 4,1733999æ¡
[0m[0;36m2023-03-31 14:12:44,674 [debug] [140607346349632] /home/kevin/git/lwdee/terasort/reduce/Step2Task.cpp:47 read : read node 24 ddo, record count: 1736745æ¡
[0m[0;36m2023-03-31 14:12:44,817 [debug] [140607321171520] /home/kevin/git/lwdee/terasort/reduce/Step2Task.cpp:64 read : 18 - split 5,1733903æ¡
[0m[0;36m2023-03-31 14:12:45,108 [debug] [140607321171520] /home/kevin/git/lwdee/terasort/reduce/Step2Task.cpp:64 read : 18 - split 6,1734742æ¡
[0m[0;36m2023-03-31 14:12:45,427 [debug] [140607321171520] /home/kevin/git/lwdee/terasort/reduce/Step2Task.cpp:64 read : 18 - split 7,1735764æ¡
[0m[0;36m2023-03-31 14:12:45,738 [debug] [140607321171520] /home/kevin/git/lwdee/terasort/reduce/Step2Task.cpp:64 read : 18 - split 8,1736512æ¡
[0m[0;36m2023-03-31 14:12:46,055 [debug] [140607321171520] /home/kevin/git/lwdee/terasort/reduce/Step2Task.cpp:64 read : 18 - split 9,1736462æ¡
[0m[0;36m2023-03-31 14:12:46,377 [debug] [140607321171520] /home/kevin/git/lwdee/terasort/reduce/Step2Task.cpp:64 read : 18 - split 10,1733550æ¡
[0m[0;36m2023-03-31 14:12:46,712 [debug] [140607321171520] /home/kevin/git/lwdee/terasort/reduce/Step2Task.cpp:64 read : 18 - split 11,1732396æ¡
[0m[0;36m2023-03-31 14:12:47,029 [debug] [140607321171520] /home/kevin/git/lwdee/terasort/reduce/Step2Task.cpp:64 read : 18 - split 12,1736411æ¡
[0m[0;36m2023-03-31 14:12:47,377 [debug] [140607321171520] /home/kevin/git/lwdee/terasort/reduce/Step2Task.cpp:64 read : 18 - split 13,1735313æ¡
[0m[0;36m2023-03-31 14:12:47,403 [debug] [140607337956928] /home/kevin/git/lwdee/terasort/reduce/Step2Task.cpp:47 read : read node 22 ddo, record count: 1736576æ¡
[0m[0;36m2023-03-31 14:12:47,736 [debug] [140607321171520] /home/kevin/git/lwdee/terasort/reduce/Step2Task.cpp:64 read : 18 - split 14,1734587æ¡
[0m[0;36m2023-03-31 14:12:47,845 [debug] [140607337956928] /home/kevin/git/lwdee/terasort/reduce/Step2Task.cpp:47 read : read node 24 ddo, record count: 1741841æ¡
[0m[0;36m2023-03-31 14:12:48,082 [debug] [140607321171520] /home/kevin/git/lwdee/terasort/reduce/Step2Task.cpp:64 read : 18 - split 15,1735075æ¡
[0m[0;36m2023-03-31 14:12:48,393 [debug] [140607321171520] /home/kevin/git/lwdee/terasort/reduce/Step2Task.cpp:64 read : 18 - split 16,1735144æ¡
[0m[0;36m2023-03-31 14:12:48,700 [debug] [140607321171520] /home/kevin/git/lwdee/terasort/reduce/Step2Task.cpp:64 read : 18 - split 17,1735307æ¡
[0m[0;36m2023-03-31 14:12:49,020 [debug] [140607321171520] /home/kevin/git/lwdee/terasort/reduce/Step2Task.cpp:64 read : 18 - split 18,1736111æ¡
[0m[0;36m2023-03-31 14:12:49,330 [debug] [140607321171520] /home/kevin/git/lwdee/terasort/reduce/Step2Task.cpp:64 read : 18 - split 19,1736376æ¡
[0m[0;36m2023-03-31 14:12:49,542 [debug] [140607329564224] /home/kevin/git/lwdee/terasort/reduce/Step2Task.cpp:56 read : read æ‰€æœ‰åˆ†åŒºDDOè®°å½• åˆè®¡41658037æ¡
[0m[0;36m2023-03-31 14:12:49,543 [debug] [140607329564224] /home/kevin/git/lwdee/terasort/reduce/Step2Task.cpp:58 read : å¼€å§‹ç”ŸæˆTeraRecordè®°å½•ï¼Œåº”è¯¥æ˜¯41658037æ¡
[0m[0;36m2023-03-31 14:12:49,543 [debug] [140607329564224] /home/kevin/git/lwdee/terasort/reduce/Step2Task.cpp:64 read : 3 - split 0,1737339æ¡
[0m[0;36m2023-03-31 14:12:49,544 [debug] [140607312778816] /home/kevin/git/lwdee/terasort/reduce/Step2Task.cpp:56 read : read æ‰€æœ‰åˆ†åŒºDDOè®°å½• åˆè®¡41821526æ¡
[0m[0;36m2023-03-31 14:12:49,544 [debug] [140607312778816] /home/kevin/git/lwdee/terasort/reduce/Step2Task.cpp:58 read : å¼€å§‹ç”ŸæˆTeraRecordè®°å½•ï¼Œåº”è¯¥æ˜¯41821526æ¡
[0m[0;36m2023-03-31 14:12:49,544 [debug] [140607312778816] /home/kevin/git/lwdee/terasort/reduce/Step2Task.cpp:64 read : 23 - split 0,1741145æ¡
[0m[0;36m2023-03-31 14:12:49,651 [debug] [140607321171520] /home/kevin/git/lwdee/terasort/reduce/Step2Task.cpp:64 read : 18 - split 20,1733348æ¡
[0m[0;36m2023-03-31 14:12:49,887 [debug] [140607312778816] /home/kevin/git/lwdee/terasort/reduce/Step2Task.cpp:64 read : 23 - split 1,1742145æ¡
[0m[0;36m2023-03-31 14:12:49,891 [debug] [140607329564224] /home/kevin/git/lwdee/terasort/reduce/Step2Task.cpp:64 read : 3 - split 1,1736956æ¡
[0m[0;36m2023-03-31 14:12:49,893 [debug] [140607337956928] /home/kevin/git/lwdee/terasort/reduce/Step2Task.cpp:47 read : read node 22 ddo, record count: 1736294æ¡
[0m[0;36m2023-03-31 14:12:50,039 [debug] [140607346349632] /home/kevin/git/lwdee/terasort/reduce/Step2Task.cpp:47 read : read node 23 ddo, record count: 1737386æ¡
[0m[0;36m2023-03-31 14:12:50,099 [debug] [140607321171520] /home/kevin/git/lwdee/terasort/reduce/Step2Task.cpp:64 read : 18 - split 21,1739261æ¡
[0m[0;36m2023-03-31 14:12:50,278 [debug] [140607312778816] /home/kevin/git/lwdee/terasort/reduce/Step2Task.cpp:64 read : 23 - split 2,1741702æ¡
[0m[0;36m2023-03-31 14:12:50,286 [debug] [140607329564224] /home/kevin/git/lwdee/terasort/reduce/Step2Task.cpp:64 read : 3 - split 2,1734441æ¡
[0m[0;36m2023-03-31 14:12:50,387 [debug] [140607337956928] /home/kevin/git/lwdee/terasort/reduce/Step2Task.cpp:47 read : read node 23 ddo, record count: 1736886æ¡
[0m[0;36m2023-03-31 14:12:50,526 [debug] [140607321171520] /home/kevin/git/lwdee/terasort/reduce/Step2Task.cpp:64 read : 18 - split 22,1736211æ¡
[0m[0;36m2023-03-31 14:12:50,690 [debug] [140607312778816] /home/kevin/git/lwdee/terasort/reduce/Step2Task.cpp:64 read : 23 - split 3,1742541æ¡
[0m[0;36m2023-03-31 14:12:50,717 [debug] [140607329564224] /home/kevin/git/lwdee/terasort/reduce/Step2Task.cpp:64 read : 3 - split 3,1735672æ¡
[0m[0;36m2023-03-31 14:12:50,911 [debug] [140607321171520] /home/kevin/git/lwdee/terasort/reduce/Step2Task.cpp:64 read : 18 - split 23,1734761æ¡
[0m[0;36m2023-03-31 14:12:51,043 [debug] [140607329564224] /home/kevin/git/lwdee/terasort/reduce/Step2Task.cpp:64 read : 3 - split 4,1735779æ¡
[0m[0;36m2023-03-31 14:12:51,047 [debug] [140607312778816] /home/kevin/git/lwdee/terasort/reduce/Step2Task.cpp:64 read : 23 - split 4,1743762æ¡
[0m[1;32m2023-03-31 14:12:51,237 [info ] [140607321171520] /home/kevin/git/lwdee/terasort/reduce/Step2Task.cpp:81 read : > read,partition: 18,eclipse 252.969000
[0m[1;32m2023-03-31 14:12:51,867 [info ] [140607321171520] /home/kevin/git/lwdee/terasort/reduce/Step2Task.cpp:100 sort : < sort
[0m[0;36m2023-03-31 14:12:51,993 [debug] [140607329564224] /home/kevin/git/lwdee/terasort/reduce/Step2Task.cpp:64 read : 3 - split 5,1735881æ¡
[0m[0;36m2023-03-31 14:12:52,006 [debug] [140607312778816] /home/kevin/git/lwdee/terasort/reduce/Step2Task.cpp:64 read : 23 - split 5,1740989æ¡
[0m[0;36m2023-03-31 14:12:52,097 [debug] [140607346349632] /home/kevin/git/lwdee/terasort/reduce/Step2Task.cpp:47 read : read node 24 ddo, record count: 1738648æ¡
[0m[0;36m2023-03-31 14:12:52,311 [debug] [140607329564224] /home/kevin/git/lwdee/terasort/reduce/Step2Task.cpp:64 read : 3 - split 6,1734709æ¡
[0m[0;36m2023-03-31 14:12:52,344 [debug] [140607312778816] /home/kevin/git/lwdee/terasort/reduce/Step2Task.cpp:64 read : 23 - split 6,1743090æ¡
[0m[0;36m2023-03-31 14:12:52,597 [debug] [140607329564224] /home/kevin/git/lwdee/terasort/reduce/Step2Task.cpp:64 read : 3 - split 7,1735625æ¡
[0m[0;36m2023-03-31 14:12:52,753 [debug] [140607312778816] /home/kevin/git/lwdee/terasort/reduce/Step2Task.cpp:64 read : 23 - split 7,1741024æ¡
[0m[0;36m2023-03-31 14:12:52,881 [debug] [140607329564224] /home/kevin/git/lwdee/terasort/reduce/Step2Task.cpp:64 read : 3 - split 8,1736628æ¡
[0m[0;36m2023-03-31 14:12:53,029 [debug] [140607312778816] /home/kevin/git/lwdee/terasort/reduce/Step2Task.cpp:64 read : 23 - split 8,1743489æ¡
[0m[0;36m2023-03-31 14:12:53,150 [debug] [140607329564224] /home/kevin/git/lwdee/terasort/reduce/Step2Task.cpp:64 read : 3 - split 9,1734502æ¡
[0m[0;36m2023-03-31 14:12:53,315 [debug] [140607312778816] /home/kevin/git/lwdee/terasort/reduce/Step2Task.cpp:64 read : 23 - split 9,1743405æ¡
[0m[0;36m2023-03-31 14:12:53,422 [debug] [140607329564224] /home/kevin/git/lwdee/terasort/reduce/Step2Task.cpp:64 read : 3 - split 10,1732679æ¡
[0m[0;36m2023-03-31 14:12:53,507 [debug] [140607346349632] /home/kevin/git/lwdee/terasort/reduce/Step2Task.cpp:56 read : read æ‰€æœ‰åˆ†åŒºDDOè®°å½• åˆè®¡41667788æ¡
[0m[0;36m2023-03-31 14:12:53,507 [debug] [140607346349632] /home/kevin/git/lwdee/terasort/reduce/Step2Task.cpp:58 read : å¼€å§‹ç”ŸæˆTeraRecordè®°å½•ï¼Œåº”è¯¥æ˜¯41667788æ¡
[0m[0;36m2023-03-31 14:12:53,507 [debug] [140607346349632] /home/kevin/git/lwdee/terasort/reduce/Step2Task.cpp:64 read : 13 - split 0,1734903æ¡
[0m[0;36m2023-03-31 14:12:53,616 [debug] [140607312778816] /home/kevin/git/lwdee/terasort/reduce/Step2Task.cpp:64 read : 23 - split 10,1742866æ¡
[0m[0;36m2023-03-31 14:12:53,733 [debug] [140607337956928] /home/kevin/git/lwdee/terasort/reduce/Step2Task.cpp:47 read : read node 24 ddo, record count: 1734234æ¡
[0m[0;36m2023-03-31 14:12:53,760 [debug] [140607337956928] /home/kevin/git/lwdee/terasort/reduce/Step2Task.cpp:56 read : read æ‰€æœ‰åˆ†åŒºDDOè®°å½• åˆè®¡41659092æ¡
[0m[0;36m2023-03-31 14:12:53,760 [debug] [140607337956928] /home/kevin/git/lwdee/terasort/reduce/Step2Task.cpp:58 read : å¼€å§‹ç”ŸæˆTeraRecordè®°å½•ï¼Œåº”è¯¥æ˜¯41659092æ¡
[0m[0;36m2023-03-31 14:12:53,760 [debug] [140607337956928] /home/kevin/git/lwdee/terasort/reduce/Step2Task.cpp:64 read : 8 - split 0,1735545æ¡
[0m[0;36m2023-03-31 14:12:53,773 [debug] [140607329564224] /home/kevin/git/lwdee/terasort/reduce/Step2Task.cpp:64 read : 3 - split 11,1734606æ¡
[0m[0;36m2023-03-31 14:12:53,870 [debug] [140607346349632] /home/kevin/git/lwdee/terasort/reduce/Step2Task.cpp:64 read : 13 - split 1,1735222æ¡
[0m[0;36m2023-03-31 14:12:54,062 [debug] [140607337956928] /home/kevin/git/lwdee/terasort/reduce/Step2Task.cpp:64 read : 8 - split 1,1737442æ¡
[0m[0;36m2023-03-31 14:12:54,075 [debug] [140607329564224] /home/kevin/git/lwdee/terasort/reduce/Step2Task.cpp:64 read : 3 - split 12,1736886æ¡
[0m[0;36m2023-03-31 14:12:54,152 [debug] [140607312778816] /home/kevin/git/lwdee/terasort/reduce/Step2Task.cpp:64 read : 23 - split 11,1742714æ¡
[0m[0;36m2023-03-31 14:12:54,167 [debug] [140607346349632] /home/kevin/git/lwdee/terasort/reduce/Step2Task.cpp:64 read : 13 - split 2,1737082æ¡
[0m[0;36m2023-03-31 14:12:54,368 [debug] [140607337956928] /home/kevin/git/lwdee/terasort/reduce/Step2Task.cpp:64 read : 8 - split 2,1734958æ¡
[0m[0;36m2023-03-31 14:12:54,382 [debug] [140607329564224] /home/kevin/git/lwdee/terasort/reduce/Step2Task.cpp:64 read : 3 - split 13,1736003æ¡
[0m[0;36m2023-03-31 14:12:54,461 [debug] [140607312778816] /home/kevin/git/lwdee/terasort/reduce/Step2Task.cpp:64 read : 23 - split 12,1743151æ¡
[0m[0;36m2023-03-31 14:12:54,505 [debug] [140607346349632] /home/kevin/git/lwdee/terasort/reduce/Step2Task.cpp:64 read : 13 - split 3,1735636æ¡
[0m[0;36m2023-03-31 14:12:54,682 [debug] [140607337956928] /home/kevin/git/lwdee/terasort/reduce/Step2Task.cpp:64 read : 8 - split 3,1735711æ¡
[0m[0;36m2023-03-31 14:12:54,692 [debug] [140607329564224] /home/kevin/git/lwdee/terasort/reduce/Step2Task.cpp:64 read : 3 - split 14,1736828æ¡
[0m[0;36m2023-03-31 14:12:54,776 [debug] [140607312778816] /home/kevin/git/lwdee/terasort/reduce/Step2Task.cpp:64 read : 23 - split 13,1743024æ¡
[0m[0;36m2023-03-31 14:12:54,812 [debug] [140607346349632] /home/kevin/git/lwdee/terasort/reduce/Step2Task.cpp:64 read : 13 - split 4,1736525æ¡
[0m[0;36m2023-03-31 14:12:54,992 [debug] [140607337956928] /home/kevin/git/lwdee/terasort/reduce/Step2Task.cpp:64 read : 8 - split 4,1735580æ¡
[0m[0;36m2023-03-31 14:12:55,001 [debug] [140607329564224] /home/kevin/git/lwdee/terasort/reduce/Step2Task.cpp:64 read : 3 - split 15,1735325æ¡
[0m[0;36m2023-03-31 14:12:55,089 [debug] [140607312778816] /home/kevin/git/lwdee/terasort/reduce/Step2Task.cpp:64 read : 23 - split 14,1743917æ¡
[0m[0;36m2023-03-31 14:12:55,128 [debug] [140607346349632] /home/kevin/git/lwdee/terasort/reduce/Step2Task.cpp:64 read : 13 - split 5,1734968æ¡
[0m[0;36m2023-03-31 14:12:55,311 [debug] [140607337956928] /home/kevin/git/lwdee/terasort/reduce/Step2Task.cpp:64 read : 8 - split 5,1735344æ¡
[0m[0;36m2023-03-31 14:12:55,316 [debug] [140607329564224] /home/kevin/git/lwdee/terasort/reduce/Step2Task.cpp:64 read : 3 - split 16,1735649æ¡
[0m[0;36m2023-03-31 14:12:55,403 [debug] [140607312778816] /home/kevin/git/lwdee/terasort/reduce/Step2Task.cpp:64 read : 23 - split 15,1742485æ¡
[0m[0;36m2023-03-31 14:12:55,437 [debug] [140607346349632] /home/kevin/git/lwdee/terasort/reduce/Step2Task.cpp:64 read : 13 - split 6,1733606æ¡
[0m[0;36m2023-03-31 14:12:55,601 [debug] [140607337956928] /home/kevin/git/lwdee/terasort/reduce/Step2Task.cpp:64 read : 8 - split 6,1734204æ¡
[0m[0;36m2023-03-31 14:12:55,638 [debug] [140607329564224] /home/kevin/git/lwdee/terasort/reduce/Step2Task.cpp:64 read : 3 - split 17,1735128æ¡
[0m[0;36m2023-03-31 14:12:55,720 [debug] [140607312778816] /home/kevin/git/lwdee/terasort/reduce/Step2Task.cpp:64 read : 23 - split 16,1742595æ¡
[0m[0;36m2023-03-31 14:12:55,763 [debug] [140607346349632] /home/kevin/git/lwdee/terasort/reduce/Step2Task.cpp:64 read : 13 - split 7,1734012æ¡
[0m[0;36m2023-03-31 14:12:55,918 [debug] [140607337956928] /home/kevin/git/lwdee/terasort/reduce/Step2Task.cpp:64 read : 8 - split 7,1737159æ¡
[0m[0;36m2023-03-31 14:12:55,959 [debug] [140607329564224] /home/kevin/git/lwdee/terasort/reduce/Step2Task.cpp:64 read : 3 - split 18,1737729æ¡
[0m[0;36m2023-03-31 14:12:56,040 [debug] [140607312778816] /home/kevin/git/lwdee/terasort/reduce/Step2Task.cpp:64 read : 23 - split 17,1743122æ¡
[0m[0;36m2023-03-31 14:12:56,073 [debug] [140607346349632] /home/kevin/git/lwdee/terasort/reduce/Step2Task.cpp:64 read : 13 - split 8,1736496æ¡
[0m[0;36m2023-03-31 14:12:56,234 [debug] [140607337956928] /home/kevin/git/lwdee/terasort/reduce/Step2Task.cpp:64 read : 8 - split 8,1736488æ¡
[0m[0;36m2023-03-31 14:12:56,279 [debug] [140607329564224] /home/kevin/git/lwdee/terasort/reduce/Step2Task.cpp:64 read : 3 - split 19,1735437æ¡
[0m[0;36m2023-03-31 14:12:56,354 [debug] [140607312778816] /home/kevin/git/lwdee/terasort/reduce/Step2Task.cpp:64 read : 23 - split 18,1743364æ¡
[0m[0;36m2023-03-31 14:12:56,394 [debug] [140607346349632] /home/kevin/git/lwdee/terasort/reduce/Step2Task.cpp:64 read : 13 - split 9,1736896æ¡
[0m[0;36m2023-03-31 14:12:56,532 [debug] [140607337956928] /home/kevin/git/lwdee/terasort/reduce/Step2Task.cpp:64 read : 8 - split 9,1733586æ¡
[0m[0;36m2023-03-31 14:12:56,573 [debug] [140607329564224] /home/kevin/git/lwdee/terasort/reduce/Step2Task.cpp:64 read : 3 - split 20,1734315æ¡
[0m[0;36m2023-03-31 14:12:56,649 [debug] [140607312778816] /home/kevin/git/lwdee/terasort/reduce/Step2Task.cpp:64 read : 23 - split 19,1742090æ¡
[0m[0;36m2023-03-31 14:12:56,671 [debug] [140607346349632] /home/kevin/git/lwdee/terasort/reduce/Step2Task.cpp:64 read : 13 - split 10,1733942æ¡
[0m[0;36m2023-03-31 14:12:56,821 [debug] [140607337956928] /home/kevin/git/lwdee/terasort/reduce/Step2Task.cpp:64 read : 8 - split 10,1736583æ¡
[0m[0;36m2023-03-31 14:12:56,867 [debug] [140607329564224] /home/kevin/git/lwdee/terasort/reduce/Step2Task.cpp:64 read : 3 - split 21,1736505æ¡
[0m[0;36m2023-03-31 14:12:56,954 [debug] [140607312778816] /home/kevin/git/lwdee/terasort/reduce/Step2Task.cpp:64 read : 23 - split 20,1743937æ¡
[0m[0;36m2023-03-31 14:12:56,976 [debug] [140607346349632] /home/kevin/git/lwdee/terasort/reduce/Step2Task.cpp:64 read : 13 - split 11,1735005æ¡
[0m[0;36m2023-03-31 14:12:57,137 [debug] [140607337956928] /home/kevin/git/lwdee/terasort/reduce/Step2Task.cpp:64 read : 8 - split 11,1735019æ¡
[0m[0;36m2023-03-31 14:12:57,163 [debug] [140607329564224] /home/kevin/git/lwdee/terasort/reduce/Step2Task.cpp:64 read : 3 - split 22,1736670æ¡
[0m[0;36m2023-03-31 14:12:57,268 [debug] [140607312778816] /home/kevin/git/lwdee/terasort/reduce/Step2Task.cpp:64 read : 23 - split 21,1742452æ¡
[0m[0;36m2023-03-31 14:12:57,281 [debug] [140607346349632] /home/kevin/git/lwdee/terasort/reduce/Step2Task.cpp:64 read : 13 - split 12,1736628æ¡
[0m[0;36m2023-03-31 14:12:57,441 [debug] [140607337956928] /home/kevin/git/lwdee/terasort/reduce/Step2Task.cpp:64 read : 8 - split 12,1738240æ¡
[0m[0;36m2023-03-31 14:12:57,474 [debug] [140607329564224] /home/kevin/git/lwdee/terasort/reduce/Step2Task.cpp:64 read : 3 - split 23,1736745æ¡
[0m[0;36m2023-03-31 14:12:57,583 [debug] [140607312778816] /home/kevin/git/lwdee/terasort/reduce/Step2Task.cpp:64 read : 23 - split 22,1740676æ¡
[0m[0;36m2023-03-31 14:12:57,584 [debug] [140607346349632] /home/kevin/git/lwdee/terasort/reduce/Step2Task.cpp:64 read : 13 - split 13,1737472æ¡
[0m[1;32m2023-03-31 14:12:57,728 [info ] [140607329564224] /home/kevin/git/lwdee/terasort/reduce/Step2Task.cpp:81 read : > read,partition: 3,eclipse 259.516000
[0m[1;32m2023-03-31 14:12:58,294 [info ] [140607329564224] /home/kevin/git/lwdee/terasort/reduce/Step2Task.cpp:100 sort : < sort
[0m[0;36m2023-03-31 14:12:58,315 [debug] [140607337956928] /home/kevin/git/lwdee/terasort/reduce/Step2Task.cpp:64 read : 8 - split 13,1737526æ¡
[0m[0;36m2023-03-31 14:12:58,456 [debug] [140607346349632] /home/kevin/git/lwdee/terasort/reduce/Step2Task.cpp:64 read : 13 - split 14,1736869æ¡
[0m[0;36m2023-03-31 14:12:58,632 [debug] [140607337956928] /home/kevin/git/lwdee/terasort/reduce/Step2Task.cpp:64 read : 8 - split 14,1732929æ¡
[0m[0;36m2023-03-31 14:12:58,687 [debug] [140607312778816] /home/kevin/git/lwdee/terasort/reduce/Step2Task.cpp:64 read : 23 - split 23,1741841æ¡
[0m[0;36m2023-03-31 14:12:58,757 [debug] [140607346349632] /home/kevin/git/lwdee/terasort/reduce/Step2Task.cpp:64 read : 13 - split 15,1737139æ¡
[0m[1;32m2023-03-31 14:12:58,901 [info ] [140607312778816] /home/kevin/git/lwdee/terasort/reduce/Step2Task.cpp:81 read : > read,partition: 23,eclipse 260.589000
[0m[1;32m2023-03-31 14:12:59,454 [info ] [140607312778816] /home/kevin/git/lwdee/terasort/reduce/Step2Task.cpp:100 sort : < sort
[0m[0;36m2023-03-31 14:12:59,467 [debug] [140607337956928] /home/kevin/git/lwdee/terasort/reduce/Step2Task.cpp:64 read : 8 - split 15,1734681æ¡
[0m[0;36m2023-03-31 14:12:59,617 [debug] [140607346349632] /home/kevin/git/lwdee/terasort/reduce/Step2Task.cpp:64 read : 13 - split 16,1735475æ¡
[0m[0;36m2023-03-31 14:12:59,780 [debug] [140607337956928] /home/kevin/git/lwdee/terasort/reduce/Step2Task.cpp:64 read : 8 - split 16,1737607æ¡
[0m[0;36m2023-03-31 14:12:59,889 [debug] [140607346349632] /home/kevin/git/lwdee/terasort/reduce/Step2Task.cpp:64 read : 13 - split 17,1737669æ¡
[0m[0;36m2023-03-31 14:13:00,047 [debug] [140607337956928] /home/kevin/git/lwdee/terasort/reduce/Step2Task.cpp:64 read : 8 - split 17,1733800æ¡
[0m[0;36m2023-03-31 14:13:00,262 [debug] [140607346349632] /home/kevin/git/lwdee/terasort/reduce/Step2Task.cpp:64 read : 13 - split 18,1735705æ¡
[0m[0;36m2023-03-31 14:13:00,336 [debug] [140607337956928] /home/kevin/git/lwdee/terasort/reduce/Step2Task.cpp:64 read : 8 - split 18,1736141æ¡
[0m[0;36m2023-03-31 14:13:00,530 [debug] [140607346349632] /home/kevin/git/lwdee/terasort/reduce/Step2Task.cpp:64 read : 13 - split 19,1737855æ¡
[0m[0;36m2023-03-31 14:13:00,608 [debug] [140607337956928] /home/kevin/git/lwdee/terasort/reduce/Step2Task.cpp:64 read : 8 - split 19,1736809æ¡
[0m[0;36m2023-03-31 14:13:00,890 [debug] [140607346349632] /home/kevin/git/lwdee/terasort/reduce/Step2Task.cpp:64 read : 13 - split 20,1736073æ¡
[0m[0;36m2023-03-31 14:13:00,890 [debug] [140607337956928] /home/kevin/git/lwdee/terasort/reduce/Step2Task.cpp:64 read : 8 - split 20,1736326æ¡
[0m[0;36m2023-03-31 14:13:01,172 [debug] [140607346349632] /home/kevin/git/lwdee/terasort/reduce/Step2Task.cpp:64 read : 13 - split 21,1736576æ¡
[0m[0;36m2023-03-31 14:13:01,366 [debug] [140607337956928] /home/kevin/git/lwdee/terasort/reduce/Step2Task.cpp:64 read : 8 - split 21,1736294æ¡
[0m[0;36m2023-03-31 14:13:01,367 [debug] [140607346349632] /home/kevin/git/lwdee/terasort/reduce/Step2Task.cpp:64 read : 13 - split 22,1737386æ¡
[0m[0;36m2023-03-31 14:13:01,542 [debug] [140607346349632] /home/kevin/git/lwdee/terasort/reduce/Step2Task.cpp:64 read : 13 - split 23,1738648æ¡
[0m[0;36m2023-03-31 14:13:01,546 [debug] [140607337956928] /home/kevin/git/lwdee/terasort/reduce/Step2Task.cpp:64 read : 8 - split 22,1736886æ¡
[0m[0;36m2023-03-31 14:13:01,725 [debug] [140607337956928] /home/kevin/git/lwdee/terasort/reduce/Step2Task.cpp:64 read : 8 - split 23,1734234æ¡
[0m[1;32m2023-03-31 14:13:01,768 [info ] [140607346349632] /home/kevin/git/lwdee/terasort/reduce/Step2Task.cpp:81 read : > read,partition: 13,eclipse 263.520000
[0m[1;32m2023-03-31 14:13:02,274 [info ] [140607346349632] /home/kevin/git/lwdee/terasort/reduce/Step2Task.cpp:100 sort : < sort
[0m[1;32m2023-03-31 14:13:02,464 [info ] [140607337956928] /home/kevin/git/lwdee/terasort/reduce/Step2Task.cpp:81 read : > read,partition: 8,eclipse 264.235000
[0m[1;32m2023-03-31 14:13:02,952 [info ] [140607337956928] /home/kevin/git/lwdee/terasort/reduce/Step2Task.cpp:100 sort : < sort
[0m[1;32m2023-03-31 14:14:16,788 [info ] [140607321171520] /home/kevin/git/lwdee/terasort/reduce/Step2Task.cpp:105 sort : > sort,partition: 18,eclipse 84.921000
[0m[1;32m2023-03-31 14:14:16,788 [info ] [140607321171520] /home/kevin/git/lwdee/terasort/reduce/Step2Task.cpp:109 save : < save
[0m[1;32m2023-03-31 14:14:19,123 [info ] [140607312778816] /home/kevin/git/lwdee/terasort/reduce/Step2Task.cpp:105 sort : > sort,partition: 23,eclipse 79.669000
[0m[1;32m2023-03-31 14:14:19,123 [info ] [140607312778816] /home/kevin/git/lwdee/terasort/reduce/Step2Task.cpp:109 save : < save
[0m[1;32m2023-03-31 14:14:20,559 [info ] [140607337956928] /home/kevin/git/lwdee/terasort/reduce/Step2Task.cpp:105 sort : > sort,partition: 8,eclipse 77.607000
[0m[1;32m2023-03-31 14:14:20,559 [info ] [140607337956928] /home/kevin/git/lwdee/terasort/reduce/Step2Task.cpp:109 save : < save
[0m[1;32m2023-03-31 14:14:21,432 [info ] [140607329564224] /home/kevin/git/lwdee/terasort/reduce/Step2Task.cpp:105 sort : > sort,partition: 3,eclipse 83.138000
[0m[1;32m2023-03-31 14:14:21,433 [info ] [140607329564224] /home/kevin/git/lwdee/terasort/reduce/Step2Task.cpp:109 save : < save
[0m[1;32m2023-03-31 14:14:22,818 [info ] [140607346349632] /home/kevin/git/lwdee/terasort/reduce/Step2Task.cpp:105 sort : > sort,partition: 13,eclipse 80.544000
[0m[1;32m2023-03-31 14:14:22,818 [info ] [140607346349632] /home/kevin/git/lwdee/terasort/reduce/Step2Task.cpp:109 save : < save
[0m[1;32m2023-03-31 14:14:31,235 [info ] [140607321171520] /home/kevin/git/lwdee/terasort/reduce/Step2Task.cpp:129 save : > save,partition: 18,eclipse 14.447000
[0m[1;32m2023-03-31 14:14:31,236 [info ] [140607321171520] /home/kevin/git/lwdee/terasort/reduce/Step2Task.cpp:25 run : > reduce task run,partition: 18,output count: 41647871,eclipse 352.968000, /home/terasort/data/data-output-19.dat
[0m[0;37m2023-03-31 14:14:31,846 [trace] [140607321171520] /home/kevin/git/lwdee/terasort/matrix/LinuxMatrix.cpp:46 print : CPU(1.05%-29.71%: 28.66%),RAM(64855M-96173M: 31318M), cpu:28.78%,ram total:96476M,avai:6347M,used:90129M,free:6346M 
[0m[1;32m2023-03-31 14:14:31,846 [info ] [140607321171520] /home/kevin/git/lwdee/terasort/reduce/ReduceDCO.cpp:20 reduce : > accept reduct ,partition : 18
[0m[1;32m2023-03-31 14:14:33,521 [info ] [140607312778816] /home/kevin/git/lwdee/terasort/reduce/Step2Task.cpp:129 save : > save,partition: 23,eclipse 14.398000
[0m[1;32m2023-03-31 14:14:33,522 [info ] [140607312778816] /home/kevin/git/lwdee/terasort/reduce/Step2Task.cpp:25 run : > reduce task run,partition: 23,output count: 41821526,eclipse 355.210000, /home/terasort/data/data-output-24.dat
[0m[0;37m2023-03-31 14:14:34,138 [trace] [140607312778816] /home/kevin/git/lwdee/terasort/matrix/LinuxMatrix.cpp:46 print : CPU(1.05%-29.71%: 28.66%),RAM(64855M-96173M: 31318M), cpu:18.79%,ram total:96476M,avai:8601M,used:87875M,free:8600M 
[0m[1;32m2023-03-31 14:14:34,138 [info ] [140607312778816] /home/kevin/git/lwdee/terasort/reduce/ReduceDCO.cpp:20 reduce : > accept reduct ,partition : 23
[0m[1;32m2023-03-31 14:14:40,252 [info ] [140607346349632] /home/kevin/git/lwdee/terasort/reduce/Step2Task.cpp:129 save : > save,partition: 13,eclipse 17.434000
[0m[1;32m2023-03-31 14:14:40,252 [info ] [140607346349632] /home/kevin/git/lwdee/terasort/reduce/Step2Task.cpp:25 run : > reduce task run,partition: 13,output count: 41667788,eclipse 362.004000, /home/terasort/data/data-output-14.dat
[0m[0;37m2023-03-31 14:14:40,910 [trace] [140607346349632] /home/kevin/git/lwdee/terasort/matrix/LinuxMatrix.cpp:46 print : CPU(1.05%-29.71%: 28.66%),RAM(64855M-96173M: 31318M), cpu:18.93%,ram total:96476M,avai:10022M,used:86454M,free:10021M 
[0m[1;32m2023-03-31 14:14:40,910 [info ] [140607346349632] /home/kevin/git/lwdee/terasort/reduce/ReduceDCO.cpp:20 reduce : > accept reduct ,partition : 13
[0m[1;32m2023-03-31 14:15:12,177 [info ] [140607329564224] /home/kevin/git/lwdee/terasort/reduce/Step2Task.cpp:129 save : > save,partition: 3,eclipse 50.744000
[0m[1;32m2023-03-31 14:15:12,178 [info ] [140607329564224] /home/kevin/git/lwdee/terasort/reduce/Step2Task.cpp:25 run : > reduce task run,partition: 3,output count: 41658037,eclipse 393.966000, /home/terasort/data/data-output-04.dat
[0m[0;37m2023-03-31 14:15:12,957 [trace] [140607329564224] /home/kevin/git/lwdee/terasort/matrix/LinuxMatrix.cpp:46 print : CPU(1.05%-29.71%: 28.66%),RAM(64855M-96173M: 31318M), cpu:16.25%,ram total:96476M,avai:17899M,used:78577M,free:17898M 
[0m[1;32m2023-03-31 14:15:12,957 [info ] [140607329564224] /home/kevin/git/lwdee/terasort/reduce/ReduceDCO.cpp:20 reduce : > accept reduct ,partition : 3
[0m[1;32m2023-03-31 14:15:12,958 [info ] [140607337956928] /home/kevin/git/lwdee/terasort/reduce/Step2Task.cpp:129 save : > save,partition: 8,eclipse 52.398000
[0m[1;32m2023-03-31 14:15:12,958 [info ] [140607337956928] /home/kevin/git/lwdee/terasort/reduce/Step2Task.cpp:25 run : > reduce task run,partition: 8,output count: 41659092,eclipse 394.729000, /home/terasort/data/data-output-09.dat
[0m[0;37m2023-03-31 14:15:13,682 [trace] [140607337956928] /home/kevin/git/lwdee/terasort/matrix/LinuxMatrix.cpp:46 print : CPU(1.05%-29.71%: 28.66%),RAM(64855M-96173M: 31318M), cpu:16.25%,ram total:96476M,avai:17899M,used:78577M,free:17898M 
[0m[1;32m2023-03-31 14:15:13,682 [info ] [140607337956928] /home/kevin/git/lwdee/terasort/reduce/ReduceDCO.cpp:20 reduce : > accept reduct ,partition : 8
