2023-03-31 14:00:14,621 [info ] [140711248092352] /home/kevin/git/lwdee/app.cpp:49 init : this is node4
[0mlog is not initilaized
2023-03-31 14:00:14,622 [debug] [140711248092352] /home/kevin/git/lwdee/terasort/driver/TerasortConfig.cpp:45 readConfig : /home/terasort/data/data-input.dat /home/terasort/data/data-output.dat 99999 24 24
[0mlog is not initilaized
log path: ../log 
[1;32m2023-03-31 14:00:14,622 [info ] [140711248092352] /home/kevin/git/lwdee/app.cpp:97 init_logger : -- app starting ... 
[0m[0;36m2023-03-21 14:00:43,862 [debug] [140711227082304] /home/kevin/git/lwdee/terasort/TerasortDCOFactory.cpp:14 newDco : create dco SampleDCO
[0m[1;32m2023-03-31 14:00:43,864 [info ] [140711227082304] /home/kevin/git/lwdee/terasort/sample/SampleDCO.cpp:16 sample : < accept sample 
[0m[0;37m2023-03-31 14:00:43,864 [trace] [140711227082304] /home/kevin/git/lwdee/terasort/matrix/LinuxMatrix.cpp:46 print : CPU(0.96%-2.09%: 1.13%),RAM(47961M-47972M: 11M), cpu:1.21%,ram total:80341M,avai:32380M,used:47961M,free:32378M 
[0m[1;32m2023-03-31 14:00:43,864 [info ] [140711227082304] /home/kevin/git/lwdee/terasort/sample/Step0Task.cpp:13 run : < samples task run
[0m[1;32m2023-03-31 14:00:43,864 [info ] [140711227082304] /home/kevin/git/lwdee/terasort/sample/Step0Task.cpp:28 samples : < samples
[0m[0;36m2023-03-31 14:00:43,864 [debug] [140711227082304] /home/kevin/git/lwdee/terasort/sample/Step0Task.cpp:43 samples : 2 - read range, 83333328 - 124999991,è®¡ 41666664 æ¡
[0m[0;36m2023-03-31 14:00:43,879 [debug] [140711218689600] /home/kevin/git/lwdee/terasort/TerasortDCOFactory.cpp:14 newDco : create dco SampleDCO
[0m[1;32m2023-03-31 14:00:43,881 [info ] [140711218689600] /home/kevin/git/lwdee/terasort/sample/SampleDCO.cpp:16 sample : < accept sample 
[0m[0;37m2023-03-31 14:00:43,881 [trace] [140711218689600] /home/kevin/git/lwdee/terasort/matrix/LinuxMatrix.cpp:46 print : CPU(0.96%-2.09%: 1.13%),RAM(47961M-47972M: 11M), cpu:1.21%,ram total:80341M,avai:32380M,used:47961M,free:32378M 
[0m[1;32m2023-03-31 14:00:43,881 [info ] [140711218689600] /home/kevin/git/lwdee/terasort/sample/Step0Task.cpp:13 run : < samples task run
[0m[1;32m2023-03-31 14:00:43,881 [info ] [140711218689600] /home/kevin/git/lwdee/terasort/sample/Step0Task.cpp:28 samples : < samples
[0m[0;36m2023-03-31 14:00:43,881 [debug] [140711218689600] /home/kevin/git/lwdee/terasort/sample/Step0Task.cpp:43 samples : 7 - read range, 291666648 - 333333311,è®¡ 41666664 æ¡
[0m[0;36m2023-03-31 14:00:43,898 [debug] [140711210296896] /home/kevin/git/lwdee/terasort/TerasortDCOFactory.cpp:14 newDco : create dco SampleDCO
[0m[1;32m2023-03-31 14:00:43,900 [info ] [140711210296896] /home/kevin/git/lwdee/terasort/sample/SampleDCO.cpp:16 sample : < accept sample 
[0m[0;37m2023-03-31 14:00:43,900 [trace] [140711210296896] /home/kevin/git/lwdee/terasort/matrix/LinuxMatrix.cpp:46 print : CPU(0.96%-2.09%: 1.13%),RAM(47961M-47972M: 11M), cpu:1.21%,ram total:80341M,avai:32380M,used:47961M,free:32378M 
[0m[1;32m2023-03-31 14:00:43,900 [info ] [140711210296896] /home/kevin/git/lwdee/terasort/sample/Step0Task.cpp:13 run : < samples task run
[0m[1;32m2023-03-31 14:00:43,900 [info ] [140711210296896] /home/kevin/git/lwdee/terasort/sample/Step0Task.cpp:28 samples : < samples
[0m[0;36m2023-03-31 14:00:43,900 [debug] [140711210296896] /home/kevin/git/lwdee/terasort/sample/Step0Task.cpp:43 samples : 12 - read range, 499999968 - 541666631,è®¡ 41666664 æ¡
[0m[0;36m2023-03-31 14:00:43,917 [debug] [140711201904192] /home/kevin/git/lwdee/terasort/TerasortDCOFactory.cpp:14 newDco : create dco SampleDCO
[0m[1;32m2023-03-31 14:00:43,919 [info ] [140711201904192] /home/kevin/git/lwdee/terasort/sample/SampleDCO.cpp:16 sample : < accept sample 
[0m[0;37m2023-03-31 14:00:43,919 [trace] [140711201904192] /home/kevin/git/lwdee/terasort/matrix/LinuxMatrix.cpp:46 print : CPU(0.96%-2.09%: 1.13%),RAM(47961M-47972M: 11M), cpu:1.21%,ram total:80341M,avai:32380M,used:47961M,free:32378M 
[0m[1;32m2023-03-31 14:00:43,919 [info ] [140711201904192] /home/kevin/git/lwdee/terasort/sample/Step0Task.cpp:13 run : < samples task run
[0m[1;32m2023-03-31 14:00:43,919 [info ] [140711201904192] /home/kevin/git/lwdee/terasort/sample/Step0Task.cpp:28 samples : < samples
[0m[0;36m2023-03-31 14:00:43,919 [debug] [140711201904192] /home/kevin/git/lwdee/terasort/sample/Step0Task.cpp:43 samples : 17 - read range, 708333288 - 749999951,è®¡ 41666664 æ¡
[0m[0;36m2023-03-31 14:00:43,941 [debug] [140711193511488] /home/kevin/git/lwdee/terasort/TerasortDCOFactory.cpp:14 newDco : create dco SampleDCO
[0m[1;32m2023-03-31 14:00:43,943 [info ] [140711193511488] /home/kevin/git/lwdee/terasort/sample/SampleDCO.cpp:16 sample : < accept sample 
[0m[0;37m2023-03-31 14:00:43,943 [trace] [140711193511488] /home/kevin/git/lwdee/terasort/matrix/LinuxMatrix.cpp:46 print : CPU(0.96%-2.09%: 1.13%),RAM(47961M-47972M: 11M), cpu:1.21%,ram total:80341M,avai:32380M,used:47961M,free:32378M 
[0m[1;32m2023-03-31 14:00:43,943 [info ] [140711193511488] /home/kevin/git/lwdee/terasort/sample/Step0Task.cpp:13 run : < samples task run
[0m[1;32m2023-03-31 14:00:43,943 [info ] [140711193511488] /home/kevin/git/lwdee/terasort/sample/Step0Task.cpp:28 samples : < samples
[0m[0;36m2023-03-31 14:00:43,943 [debug] [140711193511488] /home/kevin/git/lwdee/terasort/sample/Step0Task.cpp:43 samples : 22 - read range, 916666608 - 958333271,è®¡ 41666664 æ¡
[0m[1;32m2023-03-31 14:00:45,752 [info ] [140711210296896] /home/kevin/git/lwdee/terasort/sample/Step0Task.cpp:73 samples : > samples,partition: 12,eclipse 1.852000
[0m[1;32m2023-03-31 14:00:45,752 [info ] [140711210296896] /home/kevin/git/lwdee/terasort/sample/Step0Task.cpp:21 run : > samples task run,partition: 12,eclipse 1.852000
[0m[0;37m2023-03-31 14:00:45,752 [trace] [140711210296896] /home/kevin/git/lwdee/terasort/matrix/LinuxMatrix.cpp:46 print : CPU(0.96%-18.55%: 17.59%),RAM(47961M-47972M: 11M), cpu:18.55%,ram total:80341M,avai:32378M,used:47963M,free:32376M 
[0m[1;32m2023-03-31 14:00:45,752 [info ] [140711210296896] /home/kevin/git/lwdee/terasort/sample/SampleDCO.cpp:26 sample : > accept sample ,partition : 12, ddoId: 0, fileName: /home/terasort/data/data-input.dat
[0m[1;32m2023-03-31 14:00:46,804 [info ] [140711218689600] /home/kevin/git/lwdee/terasort/sample/Step0Task.cpp:73 samples : > samples,partition: 7,eclipse 2.923000
[0m[1;32m2023-03-31 14:00:46,804 [info ] [140711218689600] /home/kevin/git/lwdee/terasort/sample/Step0Task.cpp:21 run : > samples task run,partition: 7,eclipse 2.923000
[0m[0;37m2023-03-31 14:00:46,804 [trace] [140711218689600] /home/kevin/git/lwdee/terasort/matrix/LinuxMatrix.cpp:46 print : CPU(0.96%-18.55%: 17.59%),RAM(47961M-47972M: 11M), cpu:18.29%,ram total:80341M,avai:32369M,used:47972M,free:32367M 
[0m[1;32m2023-03-31 14:00:46,804 [info ] [140711218689600] /home/kevin/git/lwdee/terasort/sample/SampleDCO.cpp:26 sample : > accept sample ,partition : 7, ddoId: 0, fileName: /home/terasort/data/data-input.dat
[0m[1;32m2023-03-31 14:00:46,849 [info ] [140711193511488] /home/kevin/git/lwdee/terasort/sample/Step0Task.cpp:73 samples : > samples,partition: 22,eclipse 2.906000
[0m[1;32m2023-03-31 14:00:46,849 [info ] [140711193511488] /home/kevin/git/lwdee/terasort/sample/Step0Task.cpp:21 run : > samples task run,partition: 22,eclipse 2.906000
[0m[0;37m2023-03-31 14:00:46,849 [trace] [140711193511488] /home/kevin/git/lwdee/terasort/matrix/LinuxMatrix.cpp:46 print : CPU(0.96%-18.55%: 17.59%),RAM(47961M-47972M: 11M), cpu:18.29%,ram total:80341M,avai:32369M,used:47972M,free:32367M 
[0m[1;32m2023-03-31 14:00:46,849 [info ] [140711193511488] /home/kevin/git/lwdee/terasort/sample/SampleDCO.cpp:26 sample : > accept sample ,partition : 22, ddoId: 0, fileName: /home/terasort/data/data-input.dat
[0m[1;32m2023-03-31 14:00:46,864 [info ] [140711201904192] /home/kevin/git/lwdee/terasort/sample/Step0Task.cpp:73 samples : > samples,partition: 17,eclipse 2.945000
[0m[1;32m2023-03-31 14:00:46,864 [info ] [140711201904192] /home/kevin/git/lwdee/terasort/sample/Step0Task.cpp:21 run : > samples task run,partition: 17,eclipse 2.945000
[0m[0;37m2023-03-31 14:00:46,864 [trace] [140711201904192] /home/kevin/git/lwdee/terasort/matrix/LinuxMatrix.cpp:46 print : CPU(0.96%-18.55%: 17.59%),RAM(47961M-47972M: 11M), cpu:18.29%,ram total:80341M,avai:32369M,used:47972M,free:32367M 
[0m[1;32m2023-03-31 14:00:46,864 [info ] [140711201904192] /home/kevin/git/lwdee/terasort/sample/SampleDCO.cpp:26 sample : > accept sample ,partition : 17, ddoId: 0, fileName: /home/terasort/data/data-input.dat
[0m[1;32m2023-03-31 14:00:46,865 [info ] [140711227082304] /home/kevin/git/lwdee/terasort/sample/Step0Task.cpp:73 samples : > samples,partition: 2,eclipse 3.001000
[0m[1;32m2023-03-31 14:00:46,865 [info ] [140711227082304] /home/kevin/git/lwdee/terasort/sample/Step0Task.cpp:21 run : > samples task run,partition: 2,eclipse 3.001000
[0m[0;37m2023-03-31 14:00:46,866 [trace] [140711227082304] /home/kevin/git/lwdee/terasort/matrix/LinuxMatrix.cpp:46 print : CPU(0.96%-18.55%: 17.59%),RAM(47961M-47972M: 11M), cpu:18.29%,ram total:80341M,avai:32369M,used:47972M,free:32367M 
[0m[1;32m2023-03-31 14:00:46,866 [info ] [140711227082304] /home/kevin/git/lwdee/terasort/sample/SampleDCO.cpp:26 sample : > accept sample ,partition : 2, ddoId: 0, fileName: /home/terasort/data/data-input.dat
[0m[0;36m2023-03-31 14:00:52,290 [debug] [140711201904192] /home/kevin/git/lwdee/terasort/TerasortDCOFactory.cpp:14 newDco : create dco MapDCO
[0m[1;32m2023-03-31 14:00:52,292 [info ] [140711201904192] /home/kevin/git/lwdee/terasort/map/MapDCO.cpp:21 map : < accept map 
[0m[0;37m2023-03-31 14:00:52,292 [trace] [140711201904192] /home/kevin/git/lwdee/terasort/matrix/LinuxMatrix.cpp:46 print : CPU(0.96%-18.55%: 17.59%),RAM(47961M-47972M: 11M), cpu:1.59%,ram total:80341M,avai:32370M,used:47971M,free:32368M 
[0m[1;32m2023-03-31 14:00:52,302 [info ] [140711201904192] /home/kevin/git/lwdee/terasort/map/Step1Task.cpp:13 run : < map task run
[0m[1;32m2023-03-31 14:00:52,302 [info ] [140711201904192] /home/kevin/git/lwdee/terasort/map/Step1Task.cpp:31 textFile : < textFile
[0m[0;36m2023-03-31 14:00:52,302 [debug] [140711201904192] /home/kevin/git/lwdee/terasort/map/Step1Task.cpp:46 textFile : 3 - read range, 124999992 - 166666655,è®¡ 41666664 æ¡
[0m[0;36m2023-03-31 14:00:52,305 [debug] [140711193511488] /home/kevin/git/lwdee/terasort/TerasortDCOFactory.cpp:14 newDco : create dco MapDCO
[0m[1;32m2023-03-31 14:00:52,308 [info ] [140711193511488] /home/kevin/git/lwdee/terasort/map/MapDCO.cpp:21 map : < accept map 
[0m[0;37m2023-03-31 14:00:52,308 [trace] [140711193511488] /home/kevin/git/lwdee/terasort/matrix/LinuxMatrix.cpp:46 print : CPU(0.96%-18.55%: 17.59%),RAM(47961M-47972M: 11M), cpu:1.59%,ram total:80341M,avai:32370M,used:47971M,free:32368M 
[0m[1;32m2023-03-31 14:00:52,308 [info ] [140711193511488] /home/kevin/git/lwdee/terasort/map/Step1Task.cpp:13 run : < map task run
[0m[1;32m2023-03-31 14:00:52,308 [info ] [140711193511488] /home/kevin/git/lwdee/terasort/map/Step1Task.cpp:31 textFile : < textFile
[0m[0;36m2023-03-31 14:00:52,308 [debug] [140711193511488] /home/kevin/git/lwdee/terasort/map/Step1Task.cpp:46 textFile : 8 - read range, 333333312 - 374999975,è®¡ 41666664 æ¡
[0m[0;36m2023-03-31 14:00:52,325 [debug] [140711227082304] /home/kevin/git/lwdee/terasort/TerasortDCOFactory.cpp:14 newDco : create dco MapDCO
[0m[1;32m2023-03-31 14:00:52,328 [info ] [140711227082304] /home/kevin/git/lwdee/terasort/map/MapDCO.cpp:21 map : < accept map 
[0m[0;37m2023-03-31 14:00:52,328 [trace] [140711227082304] /home/kevin/git/lwdee/terasort/matrix/LinuxMatrix.cpp:46 print : CPU(0.96%-18.55%: 17.59%),RAM(47961M-47972M: 11M), cpu:1.59%,ram total:80341M,avai:32370M,used:47971M,free:32368M 
[0m[1;32m2023-03-31 14:00:52,328 [info ] [140711227082304] /home/kevin/git/lwdee/terasort/map/Step1Task.cpp:13 run : < map task run
[0m[1;32m2023-03-31 14:00:52,328 [info ] [140711227082304] /home/kevin/git/lwdee/terasort/map/Step1Task.cpp:31 textFile : < textFile
[0m[0;36m2023-03-31 14:00:52,328 [debug] [140711227082304] /home/kevin/git/lwdee/terasort/map/Step1Task.cpp:46 textFile : 13 - read range, 541666632 - 583333295,è®¡ 41666664 æ¡
[0m[0;36m2023-03-31 14:00:52,345 [debug] [140711218689600] /home/kevin/git/lwdee/terasort/TerasortDCOFactory.cpp:14 newDco : create dco MapDCO
[0m[1;32m2023-03-31 14:00:52,347 [info ] [140711218689600] /home/kevin/git/lwdee/terasort/map/MapDCO.cpp:21 map : < accept map 
[0m[0;37m2023-03-31 14:00:52,347 [trace] [140711218689600] /home/kevin/git/lwdee/terasort/matrix/LinuxMatrix.cpp:46 print : CPU(0.96%-18.55%: 17.59%),RAM(47961M-47972M: 11M), cpu:1.59%,ram total:80341M,avai:32370M,used:47971M,free:32368M 
[0m[1;32m2023-03-31 14:00:52,347 [info ] [140711218689600] /home/kevin/git/lwdee/terasort/map/Step1Task.cpp:13 run : < map task run
[0m[1;32m2023-03-31 14:00:52,347 [info ] [140711218689600] /home/kevin/git/lwdee/terasort/map/Step1Task.cpp:31 textFile : < textFile
[0m[0;36m2023-03-31 14:00:52,347 [debug] [140711218689600] /home/kevin/git/lwdee/terasort/map/Step1Task.cpp:46 textFile : 18 - read range, 749999952 - 791666615,è®¡ 41666664 æ¡
[0m[0;36m2023-03-31 14:00:52,371 [debug] [140711210296896] /home/kevin/git/lwdee/terasort/TerasortDCOFactory.cpp:14 newDco : create dco MapDCO
[0m[1;32m2023-03-31 14:00:52,373 [info ] [140711210296896] /home/kevin/git/lwdee/terasort/map/MapDCO.cpp:21 map : < accept map 
[0m[0;37m2023-03-31 14:00:52,373 [trace] [140711210296896] /home/kevin/git/lwdee/terasort/matrix/LinuxMatrix.cpp:46 print : CPU(0.96%-18.55%: 17.59%),RAM(47961M-47972M: 11M), cpu:1.59%,ram total:80341M,avai:32370M,used:47971M,free:32368M 
[0m[1;32m2023-03-31 14:00:52,374 [info ] [140711210296896] /home/kevin/git/lwdee/terasort/map/Step1Task.cpp:13 run : < map task run
[0m[1;32m2023-03-31 14:00:52,374 [info ] [140711210296896] /home/kevin/git/lwdee/terasort/map/Step1Task.cpp:31 textFile : < textFile
[0m[0;36m2023-03-31 14:00:52,374 [debug] [140711210296896] /home/kevin/git/lwdee/terasort/map/Step1Task.cpp:46 textFile : 23 - read range, 958333272 - 999999935,è®¡ 41666664 æ¡
[0m[1;32m2023-03-31 14:05:10,911 [info ] [140711227082304] /home/kevin/git/lwdee/terasort/map/Step1Task.cpp:63 textFile : > textFile,partition: 13,eclipse 258.583000
[0m[1;32m2023-03-31 14:05:10,911 [info ] [140711227082304] /home/kevin/git/lwdee/terasort/map/Step1Task.cpp:69 generateSubSplit : < generateSubSplit
[0m[1;32m2023-03-31 14:05:14,831 [info ] [140711210296896] /home/kevin/git/lwdee/terasort/map/Step1Task.cpp:63 textFile : > textFile,partition: 23,eclipse 262.457000
[0m[1;32m2023-03-31 14:05:14,831 [info ] [140711210296896] /home/kevin/git/lwdee/terasort/map/Step1Task.cpp:69 generateSubSplit : < generateSubSplit
[0m[0;36m2023-03-31 14:05:23,818 [debug] [140711227082304] /home/kevin/git/lwdee/terasort/map/Step1Task.cpp:85 generateSubSplit : partition 13 - sub split 0 - 1735721
[0m[0;36m2023-03-31 14:05:23,818 [debug] [140711227082304] /home/kevin/git/lwdee/terasort/map/Step1Task.cpp:85 generateSubSplit : partition 13 - sub split 1 - 1737015
[0m[0;36m2023-03-31 14:05:23,818 [debug] [140711227082304] /home/kevin/git/lwdee/terasort/map/Step1Task.cpp:85 generateSubSplit : partition 13 - sub split 2 - 1736710
[0m[0;36m2023-03-31 14:05:23,818 [debug] [140711227082304] /home/kevin/git/lwdee/terasort/map/Step1Task.cpp:85 generateSubSplit : partition 13 - sub split 3 - 1736003
[0m[0;36m2023-03-31 14:05:23,819 [debug] [140711227082304] /home/kevin/git/lwdee/terasort/map/Step1Task.cpp:85 generateSubSplit : partition 13 - sub split 4 - 1736670
[0m[0;36m2023-03-31 14:05:23,819 [debug] [140711227082304] /home/kevin/git/lwdee/terasort/map/Step1Task.cpp:85 generateSubSplit : partition 13 - sub split 5 - 1735330
[0m[0;36m2023-03-31 14:05:23,819 [debug] [140711227082304] /home/kevin/git/lwdee/terasort/map/Step1Task.cpp:85 generateSubSplit : partition 13 - sub split 6 - 1734949
[0m[0;36m2023-03-31 14:05:23,819 [debug] [140711227082304] /home/kevin/git/lwdee/terasort/map/Step1Task.cpp:85 generateSubSplit : partition 13 - sub split 7 - 1733799
[0m[0;36m2023-03-31 14:05:23,819 [debug] [140711227082304] /home/kevin/git/lwdee/terasort/map/Step1Task.cpp:85 generateSubSplit : partition 13 - sub split 8 - 1737526
[0m[0;36m2023-03-31 14:05:23,819 [debug] [140711227082304] /home/kevin/git/lwdee/terasort/map/Step1Task.cpp:85 generateSubSplit : partition 13 - sub split 9 - 1735634
[0m[0;36m2023-03-31 14:05:23,819 [debug] [140711227082304] /home/kevin/git/lwdee/terasort/map/Step1Task.cpp:85 generateSubSplit : partition 13 - sub split 10 - 1734022
[0m[0;36m2023-03-31 14:05:23,819 [debug] [140711227082304] /home/kevin/git/lwdee/terasort/map/Step1Task.cpp:85 generateSubSplit : partition 13 - sub split 11 - 1736800
[0m[0;36m2023-03-31 14:05:23,819 [debug] [140711227082304] /home/kevin/git/lwdee/terasort/map/Step1Task.cpp:85 generateSubSplit : partition 13 - sub split 12 - 1735717
[0m[0;36m2023-03-31 14:05:23,819 [debug] [140711227082304] /home/kevin/git/lwdee/terasort/map/Step1Task.cpp:85 generateSubSplit : partition 13 - sub split 13 - 1737472
[0m[0;36m2023-03-31 14:05:23,819 [debug] [140711227082304] /home/kevin/git/lwdee/terasort/map/Step1Task.cpp:85 generateSubSplit : partition 13 - sub split 14 - 1737718
[0m[0;36m2023-03-31 14:05:23,819 [debug] [140711227082304] /home/kevin/git/lwdee/terasort/map/Step1Task.cpp:85 generateSubSplit : partition 13 - sub split 15 - 1737316
[0m[0;36m2023-03-31 14:05:23,819 [debug] [140711227082304] /home/kevin/git/lwdee/terasort/map/Step1Task.cpp:85 generateSubSplit : partition 13 - sub split 16 - 1734300
[0m[0;36m2023-03-31 14:05:23,819 [debug] [140711227082304] /home/kevin/git/lwdee/terasort/map/Step1Task.cpp:85 generateSubSplit : partition 13 - sub split 17 - 1732854
[0m[0;36m2023-03-31 14:05:23,819 [debug] [140711227082304] /home/kevin/git/lwdee/terasort/map/Step1Task.cpp:85 generateSubSplit : partition 13 - sub split 18 - 1735313
[0m[0;36m2023-03-31 14:05:23,819 [debug] [140711227082304] /home/kevin/git/lwdee/terasort/map/Step1Task.cpp:85 generateSubSplit : partition 13 - sub split 19 - 1732736
[0m[0;36m2023-03-31 14:05:23,819 [debug] [140711227082304] /home/kevin/git/lwdee/terasort/map/Step1Task.cpp:85 generateSubSplit : partition 13 - sub split 20 - 1735950
[0m[0;36m2023-03-31 14:05:23,819 [debug] [140711227082304] /home/kevin/git/lwdee/terasort/map/Step1Task.cpp:85 generateSubSplit : partition 13 - sub split 21 - 1738280
[0m[0;36m2023-03-31 14:05:23,819 [debug] [140711227082304] /home/kevin/git/lwdee/terasort/map/Step1Task.cpp:85 generateSubSplit : partition 13 - sub split 22 - 1735805
[0m[0;36m2023-03-31 14:05:23,819 [debug] [140711227082304] /home/kevin/git/lwdee/terasort/map/Step1Task.cpp:85 generateSubSplit : partition 13 - sub split 23 - 1743024
[0m[0;36m2023-03-31 14:05:28,113 [debug] [140711210296896] /home/kevin/git/lwdee/terasort/map/Step1Task.cpp:85 generateSubSplit : partition 23 - sub split 0 - 1737496
[0m[0;36m2023-03-31 14:05:28,113 [debug] [140711210296896] /home/kevin/git/lwdee/terasort/map/Step1Task.cpp:85 generateSubSplit : partition 23 - sub split 1 - 1734558
[0m[0;36m2023-03-31 14:05:28,113 [debug] [140711210296896] /home/kevin/git/lwdee/terasort/map/Step1Task.cpp:85 generateSubSplit : partition 23 - sub split 2 - 1737793
[0m[0;36m2023-03-31 14:05:28,113 [debug] [140711210296896] /home/kevin/git/lwdee/terasort/map/Step1Task.cpp:85 generateSubSplit : partition 23 - sub split 3 - 1736745
[0m[0;36m2023-03-31 14:05:28,113 [debug] [140711210296896] /home/kevin/git/lwdee/terasort/map/Step1Task.cpp:85 generateSubSplit : partition 23 - sub split 4 - 1734270
[0m[0;36m2023-03-31 14:05:28,113 [debug] [140711210296896] /home/kevin/git/lwdee/terasort/map/Step1Task.cpp:85 generateSubSplit : partition 23 - sub split 5 - 1736645
[0m[0;36m2023-03-31 14:05:28,113 [debug] [140711210296896] /home/kevin/git/lwdee/terasort/map/Step1Task.cpp:85 generateSubSplit : partition 23 - sub split 6 - 1737086
[0m[0;36m2023-03-31 14:05:28,113 [debug] [140711210296896] /home/kevin/git/lwdee/terasort/map/Step1Task.cpp:85 generateSubSplit : partition 23 - sub split 7 - 1735697
[0m[0;36m2023-03-31 14:05:28,113 [debug] [140711210296896] /home/kevin/git/lwdee/terasort/map/Step1Task.cpp:85 generateSubSplit : partition 23 - sub split 8 - 1734234
[0m[0;36m2023-03-31 14:05:28,113 [debug] [140711210296896] /home/kevin/git/lwdee/terasort/map/Step1Task.cpp:85 generateSubSplit : partition 23 - sub split 9 - 1736312
[0m[0;36m2023-03-31 14:05:28,113 [debug] [140711210296896] /home/kevin/git/lwdee/terasort/map/Step1Task.cpp:85 generateSubSplit : partition 23 - sub split 10 - 1736197
[0m[0;36m2023-03-31 14:05:28,114 [debug] [140711210296896] /home/kevin/git/lwdee/terasort/map/Step1Task.cpp:85 generateSubSplit : partition 23 - sub split 11 - 1734699
[0m[0;36m2023-03-31 14:05:28,114 [debug] [140711210296896] /home/kevin/git/lwdee/terasort/map/Step1Task.cpp:85 generateSubSplit : partition 23 - sub split 12 - 1734347
[0m[0;36m2023-03-31 14:05:28,114 [debug] [140711210296896] /home/kevin/git/lwdee/terasort/map/Step1Task.cpp:85 generateSubSplit : partition 23 - sub split 13 - 1738648
[0m[0;36m2023-03-31 14:05:28,114 [debug] [140711210296896] /home/kevin/git/lwdee/terasort/map/Step1Task.cpp:85 generateSubSplit : partition 23 - sub split 14 - 1738137
[0m[0;36m2023-03-31 14:05:28,114 [debug] [140711210296896] /home/kevin/git/lwdee/terasort/map/Step1Task.cpp:85 generateSubSplit : partition 23 - sub split 15 - 1734765
[0m[0;36m2023-03-31 14:05:28,114 [debug] [140711210296896] /home/kevin/git/lwdee/terasort/map/Step1Task.cpp:85 generateSubSplit : partition 23 - sub split 16 - 1736874
[0m[0;36m2023-03-31 14:05:28,114 [debug] [140711210296896] /home/kevin/git/lwdee/terasort/map/Step1Task.cpp:85 generateSubSplit : partition 23 - sub split 17 - 1734638
[0m[0;36m2023-03-31 14:05:28,114 [debug] [140711210296896] /home/kevin/git/lwdee/terasort/map/Step1Task.cpp:85 generateSubSplit : partition 23 - sub split 18 - 1734761
[0m[0;36m2023-03-31 14:05:28,114 [debug] [140711210296896] /home/kevin/git/lwdee/terasort/map/Step1Task.cpp:85 generateSubSplit : partition 23 - sub split 19 - 1735156
[0m[0;36m2023-03-31 14:05:28,114 [debug] [140711210296896] /home/kevin/git/lwdee/terasort/map/Step1Task.cpp:85 generateSubSplit : partition 23 - sub split 20 - 1735686
[0m[0;36m2023-03-31 14:05:28,114 [debug] [140711210296896] /home/kevin/git/lwdee/terasort/map/Step1Task.cpp:85 generateSubSplit : partition 23 - sub split 21 - 1734246
[0m[0;36m2023-03-31 14:05:28,114 [debug] [140711210296896] /home/kevin/git/lwdee/terasort/map/Step1Task.cpp:85 generateSubSplit : partition 23 - sub split 22 - 1735833
[0m[0;36m2023-03-31 14:05:28,114 [debug] [140711210296896] /home/kevin/git/lwdee/terasort/map/Step1Task.cpp:85 generateSubSplit : partition 23 - sub split 23 - 1741841
[0m[1;32m2023-03-31 14:05:51,910 [info ] [140711193511488] /home/kevin/git/lwdee/terasort/map/Step1Task.cpp:63 textFile : > textFile,partition: 8,eclipse 299.602000
[0m[1;32m2023-03-31 14:05:51,910 [info ] [140711193511488] /home/kevin/git/lwdee/terasort/map/Step1Task.cpp:69 generateSubSplit : < generateSubSplit
[0m[1;32m2023-03-31 14:06:02,801 [info ] [140711201904192] /home/kevin/git/lwdee/terasort/map/Step1Task.cpp:63 textFile : > textFile,partition: 3,eclipse 310.499000
[0m[1;32m2023-03-31 14:06:02,801 [info ] [140711201904192] /home/kevin/git/lwdee/terasort/map/Step1Task.cpp:69 generateSubSplit : < generateSubSplit
[0m[1;32m2023-03-31 14:06:03,974 [info ] [140711218689600] /home/kevin/git/lwdee/terasort/map/Step1Task.cpp:63 textFile : > textFile,partition: 18,eclipse 311.627000
[0m[1;32m2023-03-31 14:06:03,974 [info ] [140711218689600] /home/kevin/git/lwdee/terasort/map/Step1Task.cpp:69 generateSubSplit : < generateSubSplit
[0m[0;36m2023-03-31 14:06:04,674 [debug] [140711193511488] /home/kevin/git/lwdee/terasort/map/Step1Task.cpp:85 generateSubSplit : partition 8 - sub split 0 - 1736412
[0m[0;36m2023-03-31 14:06:04,674 [debug] [140711193511488] /home/kevin/git/lwdee/terasort/map/Step1Task.cpp:85 generateSubSplit : partition 8 - sub split 1 - 1735931
[0m[0;36m2023-03-31 14:06:04,674 [debug] [140711193511488] /home/kevin/git/lwdee/terasort/map/Step1Task.cpp:85 generateSubSplit : partition 8 - sub split 2 - 1737308
[0m[0;36m2023-03-31 14:06:04,674 [debug] [140711193511488] /home/kevin/git/lwdee/terasort/map/Step1Task.cpp:85 generateSubSplit : partition 8 - sub split 3 - 1736628
[0m[0;36m2023-03-31 14:06:04,674 [debug] [140711193511488] /home/kevin/git/lwdee/terasort/map/Step1Task.cpp:85 generateSubSplit : partition 8 - sub split 4 - 1734038
[0m[0;36m2023-03-31 14:06:04,674 [debug] [140711193511488] /home/kevin/git/lwdee/terasort/map/Step1Task.cpp:85 generateSubSplit : partition 8 - sub split 5 - 1735737
[0m[0;36m2023-03-31 14:06:04,674 [debug] [140711193511488] /home/kevin/git/lwdee/terasort/map/Step1Task.cpp:85 generateSubSplit : partition 8 - sub split 6 - 1736489
[0m[0;36m2023-03-31 14:06:04,674 [debug] [140711193511488] /home/kevin/git/lwdee/terasort/map/Step1Task.cpp:85 generateSubSplit : partition 8 - sub split 7 - 1734908
[0m[0;36m2023-03-31 14:06:04,674 [debug] [140711193511488] /home/kevin/git/lwdee/terasort/map/Step1Task.cpp:85 generateSubSplit : partition 8 - sub split 8 - 1736488
[0m[0;36m2023-03-31 14:06:04,674 [debug] [140711193511488] /home/kevin/git/lwdee/terasort/map/Step1Task.cpp:85 generateSubSplit : partition 8 - sub split 9 - 1735687
[0m[0;36m2023-03-31 14:06:04,674 [debug] [140711193511488] /home/kevin/git/lwdee/terasort/map/Step1Task.cpp:85 generateSubSplit : partition 8 - sub split 10 - 1736387
[0m[0;36m2023-03-31 14:06:04,674 [debug] [140711193511488] /home/kevin/git/lwdee/terasort/map/Step1Task.cpp:85 generateSubSplit : partition 8 - sub split 11 - 1734550
[0m[0;36m2023-03-31 14:06:04,674 [debug] [140711193511488] /home/kevin/git/lwdee/terasort/map/Step1Task.cpp:85 generateSubSplit : partition 8 - sub split 12 - 1735816
[0m[0;36m2023-03-31 14:06:04,674 [debug] [140711193511488] /home/kevin/git/lwdee/terasort/map/Step1Task.cpp:85 generateSubSplit : partition 8 - sub split 13 - 1736496
[0m[0;36m2023-03-31 14:06:04,675 [debug] [140711193511488] /home/kevin/git/lwdee/terasort/map/Step1Task.cpp:85 generateSubSplit : partition 8 - sub split 14 - 1735040
[0m[0;36m2023-03-31 14:06:04,675 [debug] [140711193511488] /home/kevin/git/lwdee/terasort/map/Step1Task.cpp:85 generateSubSplit : partition 8 - sub split 15 - 1736183
[0m[0;36m2023-03-31 14:06:04,675 [debug] [140711193511488] /home/kevin/git/lwdee/terasort/map/Step1Task.cpp:85 generateSubSplit : partition 8 - sub split 16 - 1735416
[0m[0;36m2023-03-31 14:06:04,675 [debug] [140711193511488] /home/kevin/git/lwdee/terasort/map/Step1Task.cpp:85 generateSubSplit : partition 8 - sub split 17 - 1735921
[0m[0;36m2023-03-31 14:06:04,675 [debug] [140711193511488] /home/kevin/git/lwdee/terasort/map/Step1Task.cpp:85 generateSubSplit : partition 8 - sub split 18 - 1736512
[0m[0;36m2023-03-31 14:06:04,675 [debug] [140711193511488] /home/kevin/git/lwdee/terasort/map/Step1Task.cpp:85 generateSubSplit : partition 8 - sub split 19 - 1734146
[0m[0;36m2023-03-31 14:06:04,675 [debug] [140711193511488] /home/kevin/git/lwdee/terasort/map/Step1Task.cpp:85 generateSubSplit : partition 8 - sub split 20 - 1737265
[0m[0;36m2023-03-31 14:06:04,675 [debug] [140711193511488] /home/kevin/git/lwdee/terasort/map/Step1Task.cpp:85 generateSubSplit : partition 8 - sub split 21 - 1736699
[0m[0;36m2023-03-31 14:06:04,675 [debug] [140711193511488] /home/kevin/git/lwdee/terasort/map/Step1Task.cpp:85 generateSubSplit : partition 8 - sub split 22 - 1733118
[0m[0;36m2023-03-31 14:06:04,675 [debug] [140711193511488] /home/kevin/git/lwdee/terasort/map/Step1Task.cpp:85 generateSubSplit : partition 8 - sub split 23 - 1743489
[0m[0;36m2023-03-31 14:06:15,779 [debug] [140711201904192] /home/kevin/git/lwdee/terasort/map/Step1Task.cpp:85 generateSubSplit : partition 3 - sub split 0 - 1735139
[0m[0;36m2023-03-31 14:06:15,779 [debug] [140711201904192] /home/kevin/git/lwdee/terasort/map/Step1Task.cpp:85 generateSubSplit : partition 3 - sub split 1 - 1734172
[0m[0;36m2023-03-31 14:06:15,779 [debug] [140711201904192] /home/kevin/git/lwdee/terasort/map/Step1Task.cpp:85 generateSubSplit : partition 3 - sub split 2 - 1736494
[0m[0;36m2023-03-31 14:06:15,779 [debug] [140711201904192] /home/kevin/git/lwdee/terasort/map/Step1Task.cpp:85 generateSubSplit : partition 3 - sub split 3 - 1735672
[0m[0;36m2023-03-31 14:06:15,779 [debug] [140711201904192] /home/kevin/git/lwdee/terasort/map/Step1Task.cpp:85 generateSubSplit : partition 3 - sub split 4 - 1736819
[0m[0;36m2023-03-31 14:06:15,779 [debug] [140711201904192] /home/kevin/git/lwdee/terasort/map/Step1Task.cpp:85 generateSubSplit : partition 3 - sub split 5 - 1735722
[0m[0;36m2023-03-31 14:06:15,779 [debug] [140711201904192] /home/kevin/git/lwdee/terasort/map/Step1Task.cpp:85 generateSubSplit : partition 3 - sub split 6 - 1734565
[0m[0;36m2023-03-31 14:06:15,779 [debug] [140711201904192] /home/kevin/git/lwdee/terasort/map/Step1Task.cpp:85 generateSubSplit : partition 3 - sub split 7 - 1734418
[0m[0;36m2023-03-31 14:06:15,779 [debug] [140711201904192] /home/kevin/git/lwdee/terasort/map/Step1Task.cpp:85 generateSubSplit : partition 3 - sub split 8 - 1735711
[0m[0;36m2023-03-31 14:06:15,779 [debug] [140711201904192] /home/kevin/git/lwdee/terasort/map/Step1Task.cpp:85 generateSubSplit : partition 3 - sub split 9 - 1735207
[0m[0;36m2023-03-31 14:06:15,780 [debug] [140711201904192] /home/kevin/git/lwdee/terasort/map/Step1Task.cpp:85 generateSubSplit : partition 3 - sub split 10 - 1736488
[0m[0;36m2023-03-31 14:06:15,780 [debug] [140711201904192] /home/kevin/git/lwdee/terasort/map/Step1Task.cpp:85 generateSubSplit : partition 3 - sub split 11 - 1736667
[0m[0;36m2023-03-31 14:06:15,780 [debug] [140711201904192] /home/kevin/git/lwdee/terasort/map/Step1Task.cpp:85 generateSubSplit : partition 3 - sub split 12 - 1734726
[0m[0;36m2023-03-31 14:06:15,780 [debug] [140711201904192] /home/kevin/git/lwdee/terasort/map/Step1Task.cpp:85 generateSubSplit : partition 3 - sub split 13 - 1735636
[0m[0;36m2023-03-31 14:06:15,780 [debug] [140711201904192] /home/kevin/git/lwdee/terasort/map/Step1Task.cpp:85 generateSubSplit : partition 3 - sub split 14 - 1734825
[0m[0;36m2023-03-31 14:06:15,780 [debug] [140711201904192] /home/kevin/git/lwdee/terasort/map/Step1Task.cpp:85 generateSubSplit : partition 3 - sub split 15 - 1734712
[0m[0;36m2023-03-31 14:06:15,780 [debug] [140711201904192] /home/kevin/git/lwdee/terasort/map/Step1Task.cpp:85 generateSubSplit : partition 3 - sub split 16 - 1736129
[0m[0;36m2023-03-31 14:06:15,780 [debug] [140711201904192] /home/kevin/git/lwdee/terasort/map/Step1Task.cpp:85 generateSubSplit : partition 3 - sub split 17 - 1735992
[0m[0;36m2023-03-31 14:06:15,780 [debug] [140711201904192] /home/kevin/git/lwdee/terasort/map/Step1Task.cpp:85 generateSubSplit : partition 3 - sub split 18 - 1737879
[0m[0;36m2023-03-31 14:06:15,780 [debug] [140711201904192] /home/kevin/git/lwdee/terasort/map/Step1Task.cpp:85 generateSubSplit : partition 3 - sub split 19 - 1734890
[0m[0;36m2023-03-31 14:06:15,780 [debug] [140711201904192] /home/kevin/git/lwdee/terasort/map/Step1Task.cpp:85 generateSubSplit : partition 3 - sub split 20 - 1736513
[0m[0;36m2023-03-31 14:06:15,780 [debug] [140711201904192] /home/kevin/git/lwdee/terasort/map/Step1Task.cpp:85 generateSubSplit : partition 3 - sub split 21 - 1738006
[0m[0;36m2023-03-31 14:06:15,780 [debug] [140711201904192] /home/kevin/git/lwdee/terasort/map/Step1Task.cpp:85 generateSubSplit : partition 3 - sub split 22 - 1737741
[0m[0;36m2023-03-31 14:06:15,780 [debug] [140711201904192] /home/kevin/git/lwdee/terasort/map/Step1Task.cpp:85 generateSubSplit : partition 3 - sub split 23 - 1742541
[0m[0;36m2023-03-31 14:06:16,829 [debug] [140711218689600] /home/kevin/git/lwdee/terasort/map/Step1Task.cpp:85 generateSubSplit : partition 18 - sub split 0 - 1738316
[0m[0;36m2023-03-31 14:06:16,830 [debug] [140711218689600] /home/kevin/git/lwdee/terasort/map/Step1Task.cpp:85 generateSubSplit : partition 18 - sub split 1 - 1734405
[0m[0;36m2023-03-31 14:06:16,830 [debug] [140711218689600] /home/kevin/git/lwdee/terasort/map/Step1Task.cpp:85 generateSubSplit : partition 18 - sub split 2 - 1734333
[0m[0;36m2023-03-31 14:06:16,830 [debug] [140711218689600] /home/kevin/git/lwdee/terasort/map/Step1Task.cpp:85 generateSubSplit : partition 18 - sub split 3 - 1737729
[0m[0;36m2023-03-31 14:06:16,830 [debug] [140711218689600] /home/kevin/git/lwdee/terasort/map/Step1Task.cpp:85 generateSubSplit : partition 18 - sub split 4 - 1735686
[0m[0;36m2023-03-31 14:06:16,830 [debug] [140711218689600] /home/kevin/git/lwdee/terasort/map/Step1Task.cpp:85 generateSubSplit : partition 18 - sub split 5 - 1733552
[0m[0;36m2023-03-31 14:06:16,830 [debug] [140711218689600] /home/kevin/git/lwdee/terasort/map/Step1Task.cpp:85 generateSubSplit : partition 18 - sub split 6 - 1735594
[0m[0;36m2023-03-31 14:06:16,830 [debug] [140711218689600] /home/kevin/git/lwdee/terasort/map/Step1Task.cpp:85 generateSubSplit : partition 18 - sub split 7 - 1734071
[0m[0;36m2023-03-31 14:06:16,830 [debug] [140711218689600] /home/kevin/git/lwdee/terasort/map/Step1Task.cpp:85 generateSubSplit : partition 18 - sub split 8 - 1736141
[0m[0;36m2023-03-31 14:06:16,830 [debug] [140711218689600] /home/kevin/git/lwdee/terasort/map/Step1Task.cpp:85 generateSubSplit : partition 18 - sub split 9 - 1734881
[0m[0;36m2023-03-31 14:06:16,830 [debug] [140711218689600] /home/kevin/git/lwdee/terasort/map/Step1Task.cpp:85 generateSubSplit : partition 18 - sub split 10 - 1735808
[0m[0;36m2023-03-31 14:06:16,830 [debug] [140711218689600] /home/kevin/git/lwdee/terasort/map/Step1Task.cpp:85 generateSubSplit : partition 18 - sub split 11 - 1736482
[0m[0;36m2023-03-31 14:06:16,830 [debug] [140711218689600] /home/kevin/git/lwdee/terasort/map/Step1Task.cpp:85 generateSubSplit : partition 18 - sub split 12 - 1738371
[0m[0;36m2023-03-31 14:06:16,830 [debug] [140711218689600] /home/kevin/git/lwdee/terasort/map/Step1Task.cpp:85 generateSubSplit : partition 18 - sub split 13 - 1735705
[0m[0;36m2023-03-31 14:06:16,830 [debug] [140711218689600] /home/kevin/git/lwdee/terasort/map/Step1Task.cpp:85 generateSubSplit : partition 18 - sub split 14 - 1736267
[0m[0;36m2023-03-31 14:06:16,830 [debug] [140711218689600] /home/kevin/git/lwdee/terasort/map/Step1Task.cpp:85 generateSubSplit : partition 18 - sub split 15 - 1736413
[0m[0;36m2023-03-31 14:06:16,830 [debug] [140711218689600] /home/kevin/git/lwdee/terasort/map/Step1Task.cpp:85 generateSubSplit : partition 18 - sub split 16 - 1737187
[0m[0;36m2023-03-31 14:06:16,830 [debug] [140711218689600] /home/kevin/git/lwdee/terasort/map/Step1Task.cpp:85 generateSubSplit : partition 18 - sub split 17 - 1735550
[0m[0;36m2023-03-31 14:06:16,830 [debug] [140711218689600] /home/kevin/git/lwdee/terasort/map/Step1Task.cpp:85 generateSubSplit : partition 18 - sub split 18 - 1736111
[0m[0;36m2023-03-31 14:06:16,830 [debug] [140711218689600] /home/kevin/git/lwdee/terasort/map/Step1Task.cpp:85 generateSubSplit : partition 18 - sub split 19 - 1732567
[0m[0;36m2023-03-31 14:06:16,830 [debug] [140711218689600] /home/kevin/git/lwdee/terasort/map/Step1Task.cpp:85 generateSubSplit : partition 18 - sub split 20 - 1737238
[0m[0;36m2023-03-31 14:06:16,830 [debug] [140711218689600] /home/kevin/git/lwdee/terasort/map/Step1Task.cpp:85 generateSubSplit : partition 18 - sub split 21 - 1735169
[0m[0;36m2023-03-31 14:06:16,831 [debug] [140711218689600] /home/kevin/git/lwdee/terasort/map/Step1Task.cpp:85 generateSubSplit : partition 18 - sub split 22 - 1735724
[0m[0;36m2023-03-31 14:06:16,831 [debug] [140711218689600] /home/kevin/git/lwdee/terasort/map/Step1Task.cpp:85 generateSubSplit : partition 18 - sub split 23 - 1743364
[0m[1;32m2023-03-31 14:06:21,641 [info ] [140711227082304] /home/kevin/git/lwdee/terasort/map/Step1Task.cpp:111 generateSubSplit : > generateSubSplit,partition: 13,eclipse 70.730000
[0m[1;32m2023-03-31 14:06:22,009 [info ] [140711227082304] /home/kevin/git/lwdee/terasort/map/Step1Task.cpp:25 run : > map task run,eclipse 329.681000
[0m[0;37m2023-03-31 14:06:22,009 [trace] [140711227082304] /home/kevin/git/lwdee/terasort/matrix/LinuxMatrix.cpp:46 print : CPU(0.96%-27.32%: 26.36%),RAM(47961M-80071M: 32110M), cpu:20.19%,ram total:80341M,avai:3991M,used:76350M,free:3989M 
[0m[1;32m2023-03-31 14:06:22,009 [info ] [140711227082304] /home/kevin/git/lwdee/terasort/map/MapDCO.cpp:31 map : > accept map ,partition : 13, ddoId: 0, fileName: /home/terasort/data/data-input.dat
[0m[1;32m2023-03-31 14:06:27,557 [info ] [140711210296896] /home/kevin/git/lwdee/terasort/map/Step1Task.cpp:111 generateSubSplit : > generateSubSplit,partition: 23,eclipse 72.726000
[0m[1;32m2023-03-31 14:06:27,995 [info ] [140711210296896] /home/kevin/git/lwdee/terasort/map/Step1Task.cpp:25 run : > map task run,eclipse 335.621000
[0m[0;37m2023-03-31 14:06:27,995 [trace] [140711210296896] /home/kevin/git/lwdee/terasort/matrix/LinuxMatrix.cpp:46 print : CPU(0.96%-27.32%: 26.36%),RAM(47961M-80071M: 32110M), cpu:21.74%,ram total:80341M,avai:2791M,used:77550M,free:2789M 
[0m[1;32m2023-03-31 14:06:27,995 [info ] [140711210296896] /home/kevin/git/lwdee/terasort/map/MapDCO.cpp:31 map : > accept map ,partition : 23, ddoId: 0, fileName: /home/terasort/data/data-input.dat
[0m[1;32m2023-03-21 14:07:04,370 [info ] [140711193511488] /home/kevin/git/lwdee/terasort/map/Step1Task.cpp:111 generateSubSplit : > generateSubSplit,partition: 8,eclipse 72.460000
[0m[1;32m2023-03-31 14:07:04,765 [info ] [140711193511488] /home/kevin/git/lwdee/terasort/map/Step1Task.cpp:25 run : > map task run,eclipse 372.457000
[0m[0;37m2023-03-31 14:07:04,765 [trace] [140711193511488] /home/kevin/git/lwdee/terasort/matrix/LinuxMatrix.cpp:46 print : CPU(0.96%-27.32%: 26.36%),RAM(47961M-80071M: 32110M), cpu:17.94%,ram total:80341M,avai:298M,used:80043M,free:296M 
[0m[1;32m2023-03-31 14:07:04,765 [info ] [140711193511488] /home/kevin/git/lwdee/terasort/map/MapDCO.cpp:31 map : > accept map ,partition : 8, ddoId: 0, fileName: /home/terasort/data/data-input.dat
[0m[1;32m2023-03-31 14:07:14,878 [info ] [140711201904192] /home/kevin/git/lwdee/terasort/map/Step1Task.cpp:111 generateSubSplit : > generateSubSplit,partition: 3,eclipse 72.077000
[0m[1;32m2023-03-31 14:07:15,231 [info ] [140711201904192] /home/kevin/git/lwdee/terasort/map/Step1Task.cpp:25 run : > map task run,eclipse 382.929000
[0m[0;37m2023-03-31 14:07:15,231 [trace] [140711201904192] /home/kevin/git/lwdee/terasort/matrix/LinuxMatrix.cpp:46 print : CPU(0.96%-27.32%: 26.36%),RAM(47961M-80071M: 32110M), cpu:19.85%,ram total:80341M,avai:2881M,used:77460M,free:2879M 
[0m[1;32m2023-03-31 14:07:15,231 [info ] [140711201904192] /home/kevin/git/lwdee/terasort/map/MapDCO.cpp:31 map : > accept map ,partition : 3, ddoId: 0, fileName: /home/terasort/data/data-input.dat
[0m[1;32m2023-03-31 14:07:17,534 [info ] [140711218689600] /home/kevin/git/lwdee/terasort/map/Step1Task.cpp:111 generateSubSplit : > generateSubSplit,partition: 18,eclipse 73.560000
[0m[1;32m2023-03-31 14:07:17,931 [info ] [140711218689600] /home/kevin/git/lwdee/terasort/map/Step1Task.cpp:25 run : > map task run,eclipse 385.584000
[0m[0;37m2023-03-31 14:07:17,931 [trace] [140711218689600] /home/kevin/git/lwdee/terasort/matrix/LinuxMatrix.cpp:46 print : CPU(0.96%-27.32%: 26.36%),RAM(47961M-80071M: 32110M), cpu:5.10%,ram total:80341M,avai:6700M,used:73641M,free:6698M 
[0m[1;32m2023-03-31 14:07:17,931 [info ] [140711218689600] /home/kevin/git/lwdee/terasort/map/MapDCO.cpp:31 map : > accept map ,partition : 18, ddoId: 0, fileName: /home/terasort/data/data-input.dat
[0m[0;36m2023-03-31 14:08:38,202 [debug] [140711218689600] /home/kevin/git/lwdee/terasort/TerasortDCOFactory.cpp:14 newDco : create dco ReduceDCO
[0m[0;37m2023-03-31 14:08:38,205 [trace] [140711227082304] /home/kevin/git/lwdee/terasort/reduce/ReduceDCO.cpp:9 reduce : ---------------------------------
[0m[1;32m2023-03-31 14:08:38,205 [info ] [140711227082304] /home/kevin/git/lwdee/terasort/reduce/ReduceDCO.cpp:11 reduce : < accept reduce 
[0m[0;37m2023-03-31 14:08:38,205 [trace] [140711227082304] /home/kevin/git/lwdee/terasort/matrix/LinuxMatrix.cpp:46 print : CPU(0.96%-27.32%: 26.36%),RAM(47961M-80071M: 32110M), cpu:1.26%,ram total:80341M,avai:10638M,used:69703M,free:10636M 
[0m[1;32m2023-03-31 14:08:38,205 [info ] [140711227082304] /home/kevin/git/lwdee/terasort/reduce/Step2Task.cpp:14 run : < reduce task run
[0m[1;32m2023-03-31 14:08:38,205 [info ] [140711227082304] /home/kevin/git/lwdee/terasort/reduce/Step2Task.cpp:31 read : < read
[0m[0;36m2023-03-31 14:08:38,218 [debug] [140711210296896] /home/kevin/git/lwdee/terasort/TerasortDCOFactory.cpp:14 newDco : create dco ReduceDCO
[0m[0;37m2023-03-31 14:08:38,220 [trace] [140711210296896] /home/kevin/git/lwdee/terasort/reduce/ReduceDCO.cpp:9 reduce : ---------------------------------
[0m[1;32m2023-03-31 14:08:38,221 [info ] [140711210296896] /home/kevin/git/lwdee/terasort/reduce/ReduceDCO.cpp:11 reduce : < accept reduce 
[0m[0;37m2023-03-31 14:08:38,221 [trace] [140711210296896] /home/kevin/git/lwdee/terasort/matrix/LinuxMatrix.cpp:46 print : CPU(0.96%-27.32%: 26.36%),RAM(47961M-80071M: 32110M), cpu:1.26%,ram total:80341M,avai:10638M,used:69703M,free:10636M 
[0m[1;32m2023-03-31 14:08:38,221 [info ] [140711210296896] /home/kevin/git/lwdee/terasort/reduce/Step2Task.cpp:14 run : < reduce task run
[0m[1;32m2023-03-31 14:08:38,221 [info ] [140711210296896] /home/kevin/git/lwdee/terasort/reduce/Step2Task.cpp:31 read : < read
[0m[0;36m2023-03-31 14:08:38,237 [debug] [140711218689600] /home/kevin/git/lwdee/terasort/TerasortDCOFactory.cpp:14 newDco : create dco ReduceDCO
[0m[0;37m2023-03-31 14:08:38,239 [trace] [140711218689600] /home/kevin/git/lwdee/terasort/reduce/ReduceDCO.cpp:9 reduce : ---------------------------------
[0m[1;32m2023-03-31 14:08:38,239 [info ] [140711218689600] /home/kevin/git/lwdee/terasort/reduce/ReduceDCO.cpp:11 reduce : < accept reduce 
[0m[0;37m2023-03-31 14:08:38,239 [trace] [140711218689600] /home/kevin/git/lwdee/terasort/matrix/LinuxMatrix.cpp:46 print : CPU(0.96%-27.32%: 26.36%),RAM(47961M-80071M: 32110M), cpu:1.26%,ram total:80341M,avai:10638M,used:69703M,free:10636M 
[0m[1;32m2023-03-31 14:08:38,239 [info ] [140711218689600] /home/kevin/git/lwdee/terasort/reduce/Step2Task.cpp:14 run : < reduce task run
[0m[1;32m2023-03-31 14:08:38,239 [info ] [140711218689600] /home/kevin/git/lwdee/terasort/reduce/Step2Task.cpp:31 read : < read
[0m[0;36m2023-03-31 14:08:38,258 [debug] [140711210296896] /home/kevin/git/lwdee/terasort/TerasortDCOFactory.cpp:14 newDco : create dco ReduceDCO
[0m[0;37m2023-03-31 14:08:38,260 [trace] [140711218689600] /home/kevin/git/lwdee/terasort/reduce/ReduceDCO.cpp:9 reduce : ---------------------------------
[0m[1;32m2023-03-31 14:08:38,276 [info ] [140711218689600] /home/kevin/git/lwdee/terasort/reduce/ReduceDCO.cpp:11 reduce : < accept reduce 
[0m[0;37m2023-03-31 14:08:38,276 [trace] [140711218689600] /home/kevin/git/lwdee/terasort/matrix/LinuxMatrix.cpp:46 print : CPU(0.96%-27.32%: 26.36%),RAM(47961M-80071M: 32110M), cpu:1.26%,ram total:80341M,avai:10638M,used:69703M,free:10636M 
[0m[1;32m2023-03-31 14:08:38,276 [info ] [140711218689600] /home/kevin/git/lwdee/terasort/reduce/Step2Task.cpp:14 run : < reduce task run
[0m[1;32m2023-03-31 14:08:38,276 [info ] [140711218689600] /home/kevin/git/lwdee/terasort/reduce/Step2Task.cpp:31 read : < read
[0m[0;36m2023-03-31 14:08:44,372 [debug] [140711227082304] /home/kevin/git/lwdee/terasort/reduce/Step2Task.cpp:47 read : read node 1 ddo, record count: 1735417æ¡
[0m[0;36m2023-03-31 14:08:48,772 [debug] [140711227082304] /home/kevin/git/lwdee/terasort/reduce/Step2Task.cpp:47 read : read node 1 ddo, record count: 1734685æ¡
[0m[0;36m2023-03-31 14:08:54,912 [debug] [140711210296896] /home/kevin/git/lwdee/terasort/reduce/Step2Task.cpp:47 read : read node 1 ddo, record count: 1736658æ¡
[0m[0;36m2023-03-31 14:09:00,605 [debug] [140711218689600] /home/kevin/git/lwdee/terasort/reduce/Step2Task.cpp:47 read : read node 1 ddo, record count: 1734969æ¡
[0m[0;36m2023-03-31 14:09:02,333 [debug] [140711218689600] /home/kevin/git/lwdee/terasort/reduce/Step2Task.cpp:47 read : read node 2 ddo, record count: 1735752æ¡
[0m[0;36m2023-03-31 14:09:03,968 [debug] [140711210296896] /home/kevin/git/lwdee/terasort/reduce/Step2Task.cpp:47 read : read node 2 ddo, record count: 1736682æ¡
[0m[0;36m2023-03-31 14:09:06,361 [debug] [140711218689600] /home/kevin/git/lwdee/terasort/reduce/Step2Task.cpp:47 read : read node 2 ddo, record count: 1734753æ¡
[0m[0;36m2023-03-31 14:09:09,360 [debug] [140711218689600] /home/kevin/git/lwdee/terasort/reduce/Step2Task.cpp:47 read : read node 3 ddo, record count: 1738500æ¡
[0m[0;36m2023-03-31 14:09:11,144 [debug] [140711227082304] /home/kevin/git/lwdee/terasort/reduce/Step2Task.cpp:47 read : read node 2 ddo, record count: 1734221æ¡
[0m[0;36m2023-03-31 14:09:14,362 [debug] [140711218689600] /home/kevin/git/lwdee/terasort/reduce/Step2Task.cpp:47 read : read node 3 ddo, record count: 1735522æ¡
[0m[0;36m2023-03-31 14:09:14,497 [debug] [140711227082304] /home/kevin/git/lwdee/terasort/reduce/Step2Task.cpp:47 read : read node 4 ddo, record count: 1736819æ¡
[0m[0;36m2023-03-31 14:09:17,174 [debug] [140711227082304] /home/kevin/git/lwdee/terasort/reduce/Step2Task.cpp:47 read : read node 3 ddo, record count: 1735175æ¡
[0m[0;36m2023-03-31 14:09:17,425 [debug] [140711218689600] /home/kevin/git/lwdee/terasort/reduce/Step2Task.cpp:47 read : read node 4 ddo, record count: 1734825æ¡
[0m[0;36m2023-03-31 14:09:18,984 [debug] [140711227082304] /home/kevin/git/lwdee/terasort/reduce/Step2Task.cpp:47 read : read node 5 ddo, record count: 1735968æ¡
[0m[0;36m2023-03-31 14:09:23,822 [debug] [140711227082304] /home/kevin/git/lwdee/terasort/reduce/Step2Task.cpp:47 read : read node 3 ddo, record count: 1736348æ¡
[0m[0;36m2023-03-31 14:09:23,888 [debug] [140711218689600] /home/kevin/git/lwdee/terasort/reduce/Step2Task.cpp:47 read : read node 4 ddo, record count: 1734890æ¡
[0m[0;36m2023-03-31 14:09:25,447 [debug] [140711218689600] /home/kevin/git/lwdee/terasort/reduce/Step2Task.cpp:47 read : read node 5 ddo, record count: 1736304æ¡
[0m[0;36m2023-03-31 14:09:27,172 [debug] [140711210296896] /home/kevin/git/lwdee/terasort/reduce/Step2Task.cpp:47 read : read node 6 ddo, record count: 1735076æ¡
[0m[0;36m2023-03-31 14:09:27,304 [debug] [140711201904192] /home/kevin/git/lwdee/terasort/reduce/Step2Task.cpp:47 read : read node 4 ddo, record count: 1735207æ¡
[0m[0;36m2023-03-31 14:09:30,239 [debug] [140711201904192] /home/kevin/git/lwdee/terasort/reduce/Step2Task.cpp:47 read : read node 5 ddo, record count: 1734340æ¡
[0m[0;36m2023-03-31 14:09:31,897 [debug] [140711193511488] /home/kevin/git/lwdee/terasort/reduce/Step2Task.cpp:47 read : read node 6 ddo, record count: 1734330æ¡
[0m[0;36m2023-03-31 14:09:36,306 [debug] [140711193511488] /home/kevin/git/lwdee/terasort/reduce/Step2Task.cpp:47 read : read node 5 ddo, record count: 1736163æ¡
[0m[0;36m2023-03-31 14:09:36,398 [debug] [140711210296896] /home/kevin/git/lwdee/terasort/reduce/Step2Task.cpp:47 read : read node 6 ddo, record count: 1735890æ¡
[0m[0;36m2023-03-31 14:09:36,846 [debug] [140711210296896] /home/kevin/git/lwdee/terasort/reduce/Step2Task.cpp:47 read : read node 7 ddo, record count: 1735702æ¡
[0m[0;36m2023-03-31 14:09:39,958 [debug] [140711218689600] /home/kevin/git/lwdee/terasort/reduce/Step2Task.cpp:47 read : read node 7 ddo, record count: 1736410æ¡
[0m[0;36m2023-03-31 14:09:40,402 [debug] [140711218689600] /home/kevin/git/lwdee/terasort/reduce/Step2Task.cpp:47 read : read node 6 ddo, record count: 1735902æ¡
[0m[0;36m2023-03-31 14:09:42,375 [debug] [140711227082304] /home/kevin/git/lwdee/terasort/reduce/Step2Task.cpp:47 read : read node 8 ddo, record count: 1734408æ¡
[0m[0;36m2023-03-31 14:09:44,824 [debug] [140711193511488] /home/kevin/git/lwdee/terasort/reduce/Step2Task.cpp:47 read : read node 8 ddo, record count: 1735886æ¡
[0m[0;36m2023-03-31 14:09:46,500 [debug] [140711218689600] /home/kevin/git/lwdee/terasort/reduce/Step2Task.cpp:47 read : read node 7 ddo, record count: 1736769æ¡
[0m[0;36m2023-03-31 14:09:46,638 [debug] [140711227082304] /home/kevin/git/lwdee/terasort/reduce/Step2Task.cpp:47 read : read node 9 ddo, record count: 1734038æ¡
[0m[0;36m2023-03-31 14:09:46,728 [debug] [140711193511488] /home/kevin/git/lwdee/terasort/reduce/Step2Task.cpp:47 read : read node 9 ddo, record count: 1735040æ¡
[0m[0;36m2023-03-31 14:09:48,407 [debug] [140711210296896] /home/kevin/git/lwdee/terasort/reduce/Step2Task.cpp:47 read : read node 7 ddo, record count: 1736230æ¡
[0m[0;36m2023-03-31 14:09:51,206 [debug] [140711218689600] /home/kevin/git/lwdee/terasort/reduce/Step2Task.cpp:47 read : read node 10 ddo, record count: 1735887æ¡
[0m[0;36m2023-03-31 14:09:51,799 [debug] [140711218689600] /home/kevin/git/lwdee/terasort/reduce/Step2Task.cpp:47 read : read node 8 ddo, record count: 1736743æ¡
[0m[0;36m2023-03-31 14:09:53,858 [debug] [140711210296896] /home/kevin/git/lwdee/terasort/reduce/Step2Task.cpp:47 read : read node 10 ddo, record count: 1737105æ¡
[0m[0;36m2023-03-31 14:09:53,987 [debug] [140711218689600] /home/kevin/git/lwdee/terasort/reduce/Step2Task.cpp:47 read : read node 9 ddo, record count: 1734146æ¡
[0m[0;36m2023-03-21 14:09:56,635 [debug] [140711218689600] /home/kevin/git/lwdee/terasort/reduce/Step2Task.cpp:47 read : read node 8 ddo, record count: 1735564æ¡
[0m[0;36m2023-03-31 14:09:57,307 [debug] [140711227082304] /home/kevin/git/lwdee/terasort/reduce/Step2Task.cpp:47 read : read node 11 ddo, record count: 1736835æ¡
[0m[0;36m2023-03-31 14:09:57,473 [debug] [140711218689600] /home/kevin/git/lwdee/terasort/reduce/Step2Task.cpp:47 read : read node 9 ddo, record count: 1735687æ¡
[0m[0;36m2023-03-31 14:10:00,400 [debug] [140711218689600] /home/kevin/git/lwdee/terasort/reduce/Step2Task.cpp:47 read : read node 11 ddo, record count: 1734770æ¡
[0m[0;36m2023-03-31 14:10:03,730 [debug] [140711201904192] /home/kevin/git/lwdee/terasort/reduce/Step2Task.cpp:47 read : read node 10 ddo, record count: 1736747æ¡
[0m[0;36m2023-03-31 14:10:06,065 [debug] [140711218689600] /home/kevin/git/lwdee/terasort/reduce/Step2Task.cpp:47 read : read node 12 ddo, record count: 1736263æ¡
[0m[0;36m2023-03-31 14:10:08,857 [debug] [140711227082304] /home/kevin/git/lwdee/terasort/reduce/Step2Task.cpp:47 read : read node 12 ddo, record count: 1737501æ¡
[0m[0;36m2023-03-31 14:10:08,904 [debug] [140711201904192] /home/kevin/git/lwdee/terasort/reduce/Step2Task.cpp:47 read : read node 10 ddo, record count: 1738165æ¡
[0m[0;36m2023-03-31 14:10:11,997 [debug] [140711218689600] /home/kevin/git/lwdee/terasort/reduce/Step2Task.cpp:47 read : read node 11 ddo, record count: 1735948æ¡
[0m[0;36m2023-03-31 14:10:14,905 [debug] [140711218689600] /home/kevin/git/lwdee/terasort/reduce/Step2Task.cpp:47 read : read node 11 ddo, record count: 1735287æ¡
[0m[0;36m2023-03-31 14:10:15,240 [debug] [140711227082304] /home/kevin/git/lwdee/terasort/reduce/Step2Task.cpp:47 read : read node 13 ddo, record count: 1734356æ¡
[0m[0;36m2023-03-21 14:10:16,995 [debug] [140711218689600] /home/kevin/git/lwdee/terasort/reduce/Step2Task.cpp:47 read : read node 13 ddo, record count: 1734802æ¡
[0m[0;36m2023-03-31 14:10:17,155 [debug] [140711201904192] /home/kevin/git/lwdee/terasort/reduce/Step2Task.cpp:47 read : read node 14 ddo, record count: 1736670æ¡
[0m[0;36m2023-03-31 14:10:22,903 [debug] [140711227082304] /home/kevin/git/lwdee/terasort/reduce/Step2Task.cpp:47 read : read node 12 ddo, record count: 1739034æ¡
[0m[0;36m2023-03-31 14:10:27,244 [debug] [140711227082304] /home/kevin/git/lwdee/terasort/reduce/Step2Task.cpp:47 read : read node 12 ddo, record count: 1734439æ¡
[0m[0;36m2023-03-31 14:10:27,355 [debug] [140711210296896] /home/kevin/git/lwdee/terasort/reduce/Step2Task.cpp:47 read : read node 14 ddo, record count: 1737718æ¡
[0m[0;36m2023-03-31 14:10:30,166 [debug] [140711218689600] /home/kevin/git/lwdee/terasort/reduce/Step2Task.cpp:47 read : read node 15 ddo, record count: 1734697æ¡
[0m[0;36m2023-03-31 14:10:31,792 [debug] [140711210296896] /home/kevin/git/lwdee/terasort/reduce/Step2Task.cpp:47 read : read node 13 ddo, record count: 1735213æ¡
[0m[0;36m2023-03-31 14:10:34,700 [debug] [140711193511488] /home/kevin/git/lwdee/terasort/reduce/Step2Task.cpp:47 read : read node 15 ddo, record count: 1736779æ¡
[0m[0;36m2023-03-31 14:10:36,763 [debug] [140711193511488] /home/kevin/git/lwdee/terasort/reduce/Step2Task.cpp:47 read : read node 13 ddo, record count: 1735425æ¡
[0m[0;36m2023-03-31 14:10:37,648 [debug] [140711201904192] /home/kevin/git/lwdee/terasort/reduce/Step2Task.cpp:47 read : read node 16 ddo, record count: 1735428æ¡
[0m[0;36m2023-03-21 14:10:37,796 [debug] [140710971958848] /home/kevin/git/lwdee/terasort/reduce/Step2Task.cpp:47 read : read node 14 ddo, record count: 1732736æ¡
[0m[0;36m2023-03-31 14:10:37,850 [debug] [140711193511488] /home/kevin/git/lwdee/terasort/reduce/Step2Task.cpp:47 read : read node 14 ddo, record count: 1735634æ¡
[0m[0;36m2023-03-31 14:10:41,298 [debug] [140711201904192] /home/kevin/git/lwdee/terasort/reduce/Step2Task.cpp:47 read : read node 16 ddo, record count: 1735591æ¡
[0m[0;36m2023-03-31 14:10:46,219 [debug] [140711218689600] /home/kevin/git/lwdee/terasort/reduce/Step2Task.cpp:47 read : read node 15 ddo, record count: 1735297æ¡
[0m[0;36m2023-03-31 14:10:46,334 [debug] [140711201904192] /home/kevin/git/lwdee/terasort/reduce/Step2Task.cpp:47 read : read node 17 ddo, record count: 1736685æ¡
[0m[0;36m2023-03-31 14:10:50,997 [debug] [140711210296896] /home/kevin/git/lwdee/terasort/reduce/Step2Task.cpp:47 read : read node 15 ddo, record count: 1734771æ¡
[0m[0;36m2023-03-31 14:10:54,186 [debug] [140711227082304] /home/kevin/git/lwdee/terasort/reduce/Step2Task.cpp:47 read : read node 16 ddo, record count: 1736535æ¡
[0m[0;36m2023-03-31 14:10:54,337 [debug] [140711210296896] /home/kevin/git/lwdee/terasort/reduce/Step2Task.cpp:47 read : read node 17 ddo, record count: 1736521æ¡
[0m[0;36m2023-03-31 14:10:58,073 [debug] [140711218689600] /home/kevin/git/lwdee/terasort/reduce/Step2Task.cpp:47 read : read node 18 ddo, record count: 1737167æ¡
[0m[0;36m2023-03-31 14:11:01,375 [debug] [140711210296896] /home/kevin/git/lwdee/terasort/reduce/Step2Task.cpp:47 read : read node 16 ddo, record count: 1736838æ¡
[0m[0;36m2023-03-31 14:11:01,467 [debug] [140711201904192] /home/kevin/git/lwdee/terasort/reduce/Step2Task.cpp:47 read : read node 19 ddo, record count: 1735686æ¡
[0m[0;36m2023-03-31 14:11:04,653 [debug] [140711210296896] /home/kevin/git/lwdee/terasort/reduce/Step2Task.cpp:47 read : read node 17 ddo, record count: 1736942æ¡
[0m[0;36m2023-03-31 14:11:05,826 [debug] [140711210296896] /home/kevin/git/lwdee/terasort/reduce/Step2Task.cpp:47 read : read node 18 ddo, record count: 1733428æ¡
[0m[0;36m2023-03-31 14:11:08,734 [debug] [140711201904192] /home/kevin/git/lwdee/terasort/reduce/Step2Task.cpp:47 read : read node 20 ddo, record count: 1737243æ¡
[0m[0;36m2023-03-31 14:11:08,862 [debug] [140711193511488] /home/kevin/git/lwdee/terasort/reduce/Step2Task.cpp:47 read : read node 19 ddo, record count: 1736267æ¡
[0m[0;36m2023-03-31 14:11:11,552 [debug] [140711218689600] /home/kevin/git/lwdee/terasort/reduce/Step2Task.cpp:47 read : read node 18 ddo, record count: 1738303æ¡
[0m[0;36m2023-03-31 14:11:12,650 [debug] [140711218689600] /home/kevin/git/lwdee/terasort/reduce/Step2Task.cpp:47 read : read node 17 ddo, record count: 1734884æ¡
[0m[0;36m2023-03-31 14:11:16,947 [debug] [140711218689600] /home/kevin/git/lwdee/terasort/reduce/Step2Task.cpp:47 read : read node 21 ddo, record count: 1737875æ¡
[0m[0;36m2023-03-31 14:11:17,077 [debug] [140711210296896] /home/kevin/git/lwdee/terasort/reduce/Step2Task.cpp:47 read : read node 19 ddo, record count: 1732567æ¡
[0m[0;36m2023-03-31 14:11:19,513 [debug] [140711193511488] /home/kevin/git/lwdee/terasort/reduce/Step2Task.cpp:47 read : read node 20 ddo, record count: 1736861æ¡
[0m[0;36m2023-03-31 14:11:22,423 [debug] [140711193511488] /home/kevin/git/lwdee/terasort/reduce/Step2Task.cpp:47 read : read node 18 ddo, record count: 1737191æ¡
[0m[0;36m2023-03-31 14:11:25,396 [debug] [140711193511488] /home/kevin/git/lwdee/terasort/reduce/Step2Task.cpp:47 read : read node 22 ddo, record count: 1736217æ¡
[0m[0;36m2023-03-31 14:11:25,749 [debug] [140711227082304] /home/kevin/git/lwdee/terasort/reduce/Step2Task.cpp:47 read : read node 20 ddo, record count: 1734906æ¡
[0m[0;36m2023-03-31 14:11:28,421 [debug] [140711210296896] /home/kevin/git/lwdee/terasort/reduce/Step2Task.cpp:47 read : read node 21 ddo, record count: 1736809æ¡
[0m[0;36m2023-03-31 14:11:28,630 [debug] [140711218689600] /home/kevin/git/lwdee/terasort/reduce/Step2Task.cpp:47 read : read node 19 ddo, record count: 1734881æ¡
[0m[0;36m2023-03-31 14:11:30,594 [debug] [140711227082304] /home/kevin/git/lwdee/terasort/reduce/Step2Task.cpp:47 read : read node 21 ddo, record count: 1737198æ¡
[0m[0;36m2023-03-31 14:11:34,040 [debug] [140711210296896] /home/kevin/git/lwdee/terasort/reduce/Step2Task.cpp:47 read : read node 23 ddo, record count: 1735938æ¡
[0m[0;36m2023-03-31 14:11:36,636 [debug] [140711210296896] /home/kevin/git/lwdee/terasort/reduce/Step2Task.cpp:47 read : read node 20 ddo, record count: 1735346æ¡
[0m[0;36m2023-03-31 14:11:38,052 [debug] [140711218689600] /home/kevin/git/lwdee/terasort/reduce/Step2Task.cpp:47 read : read node 22 ddo, record count: 1735662æ¡
[0m[0;36m2023-03-31 14:11:42,090 [debug] [140710980351552] /home/kevin/git/lwdee/terasort/reduce/Step2Task.cpp:47 read : read node 22 ddo, record count: 1734523æ¡
[0m[0;36m2023-03-31 14:11:42,978 [debug] [140711193511488] /home/kevin/git/lwdee/terasort/reduce/Step2Task.cpp:47 read : read node 21 ddo, record count: 1736155æ¡
[0m[0;36m2023-03-31 14:11:43,181 [debug] [140710980351552] /home/kevin/git/lwdee/terasort/reduce/Step2Task.cpp:47 read : read node 24 ddo, record count: 1734270æ¡
[0m[0;36m2023-03-31 14:11:47,526 [debug] [140711193511488] /home/kevin/git/lwdee/terasort/reduce/Step2Task.cpp:47 read : read node 23 ddo, record count: 1737972æ¡
[0m[0;36m2023-03-31 14:11:49,585 [debug] [140710971958848] /home/kevin/git/lwdee/terasort/reduce/Step2Task.cpp:56 read : read æ‰€æœ‰åˆ†åŒºDDOè®°å½• åˆè®¡41662897æ¡
[0m[0;36m2023-03-31 14:11:49,586 [debug] [140710971958848] /home/kevin/git/lwdee/terasort/reduce/Step2Task.cpp:58 read : å¼€å§‹ç”ŸæˆTeraRecordè®°å½•ï¼Œåº”è¯¥æ˜¯41662897æ¡
[0m[0;36m2023-03-31 14:11:49,587 [debug] [140710971958848] /home/kevin/git/lwdee/terasort/reduce/Step2Task.cpp:64 read : 4 - split 0,1735417æ¡
[0m[0;36m2023-03-31 14:11:49,786 [debug] [140711201904192] /home/kevin/git/lwdee/terasort/reduce/Step2Task.cpp:47 read : read node 23 ddo, record count: 1735256æ¡
[0m[0;36m2023-03-31 14:11:49,901 [debug] [140710971958848] /home/kevin/git/lwdee/terasort/reduce/Step2Task.cpp:64 read : 4 - split 1,1735752æ¡
[0m[0;36m2023-03-31 14:11:49,913 [debug] [140710980351552] /home/kevin/git/lwdee/terasort/reduce/Step2Task.cpp:47 read : read node 24 ddo, record count: 1735156æ¡
[0m[0;36m2023-03-31 14:11:50,205 [debug] [140710971958848] /home/kevin/git/lwdee/terasort/reduce/Step2Task.cpp:64 read : 4 - split 2,1738500æ¡
[0m[0;36m2023-03-31 14:11:50,519 [debug] [140710971958848] /home/kevin/git/lwdee/terasort/reduce/Step2Task.cpp:64 read : 4 - split 3,1736819æ¡
[0m[0;36m2023-03-31 14:11:50,818 [debug] [140710971958848] /home/kevin/git/lwdee/terasort/reduce/Step2Task.cpp:64 read : 4 - split 4,1735968æ¡
[0m[0;36m2023-03-31 14:11:51,118 [debug] [140710971958848] /home/kevin/git/lwdee/terasort/reduce/Step2Task.cpp:64 read : 4 - split 5,1735076æ¡
[0m[0;36m2023-03-31 14:11:51,433 [debug] [140710971958848] /home/kevin/git/lwdee/terasort/reduce/Step2Task.cpp:64 read : 4 - split 6,1735702æ¡
[0m[0;36m2023-03-31 14:11:51,719 [debug] [140710971958848] /home/kevin/git/lwdee/terasort/reduce/Step2Task.cpp:64 read : 4 - split 7,1734408æ¡
[0m[0;36m2023-03-31 14:11:52,023 [debug] [140710971958848] /home/kevin/git/lwdee/terasort/reduce/Step2Task.cpp:64 read : 4 - split 8,1734038æ¡
[0m[0;36m2023-03-31 14:11:52,168 [debug] [140710980351552] /home/kevin/git/lwdee/terasort/reduce/Step2Task.cpp:56 read : read æ‰€æœ‰åˆ†åŒºDDOè®°å½• åˆè®¡41654058æ¡
[0m[0;36m2023-03-31 14:11:52,168 [debug] [140710980351552] /home/kevin/git/lwdee/terasort/reduce/Step2Task.cpp:58 read : å¼€å§‹ç”ŸæˆTeraRecordè®°å½•ï¼Œåº”è¯¥æ˜¯41654058æ¡
[0m[0;36m2023-03-31 14:11:52,168 [debug] [140710980351552] /home/kevin/git/lwdee/terasort/reduce/Step2Task.cpp:64 read : 19 - split 0,1736658æ¡
[0m[0;36m2023-03-21 14:11:52,395 [debug] [140710963566144] /home/kevin/git/lwdee/terasort/reduce/Step2Task.cpp:47 read : read node 24 ddo, record count: 1738137æ¡
[0m[0;36m2023-03-31 14:11:52,436 [debug] [140711218689600] /home/kevin/git/lwdee/terasort/reduce/Step2Task.cpp:47 read : read node 22 ddo, record count: 1735693æ¡
[0m[0;36m2023-03-31 14:11:52,461 [debug] [140710963566144] /home/kevin/git/lwdee/terasort/reduce/Step2Task.cpp:56 read : read æ‰€æœ‰åˆ†åŒºDDOè®°å½• åˆè®¡41662891æ¡
[0m[0;36m2023-03-31 14:11:52,461 [debug] [140710963566144] /home/kevin/git/lwdee/terasort/reduce/Step2Task.cpp:58 read : å¼€å§‹ç”ŸæˆTeraRecordè®°å½•ï¼Œåº”è¯¥æ˜¯41662891æ¡
[0m[0;36m2023-03-31 14:11:52,461 [debug] [140710963566144] /home/kevin/git/lwdee/terasort/reduce/Step2Task.cpp:64 read : 14 - split 0,1734685æ¡
[0m[0;36m2023-03-31 14:11:52,466 [debug] [140710971958848] /home/kevin/git/lwdee/terasort/reduce/Step2Task.cpp:64 read : 4 - split 9,1735887æ¡
[0m[0;36m2023-03-31 14:11:52,500 [debug] [140710980351552] /home/kevin/git/lwdee/terasort/reduce/Step2Task.cpp:64 read : 19 - split 1,1734753æ¡
[0m[0;36m2023-03-31 14:11:52,728 [debug] [140710963566144] /home/kevin/git/lwdee/terasort/reduce/Step2Task.cpp:64 read : 14 - split 1,1736682æ¡
[0m[0;36m2023-03-31 14:11:52,807 [debug] [140710980351552] /home/kevin/git/lwdee/terasort/reduce/Step2Task.cpp:64 read : 19 - split 2,1735175æ¡
[0m[0;36m2023-03-31 14:11:52,814 [debug] [140710971958848] /home/kevin/git/lwdee/terasort/reduce/Step2Task.cpp:64 read : 4 - split 10,1736835æ¡
[0m[0;36m2023-03-31 14:11:53,077 [debug] [140710963566144] /home/kevin/git/lwdee/terasort/reduce/Step2Task.cpp:64 read : 14 - split 2,1735522æ¡
[0m[0;36m2023-03-31 14:11:53,114 [debug] [140710980351552] /home/kevin/git/lwdee/terasort/reduce/Step2Task.cpp:64 read : 19 - split 3,1734890æ¡
[0m[0;36m2023-03-31 14:11:53,356 [debug] [140710971958848] /home/kevin/git/lwdee/terasort/reduce/Step2Task.cpp:64 read : 4 - split 11,1736263æ¡
[0m[0;36m2023-03-31 14:11:53,412 [debug] [140710980351552] /home/kevin/git/lwdee/terasort/reduce/Step2Task.cpp:64 read : 19 - split 4,1734340æ¡
[0m[0;36m2023-03-31 14:11:53,442 [debug] [140710963566144] /home/kevin/git/lwdee/terasort/reduce/Step2Task.cpp:64 read : 14 - split 3,1734825æ¡
[0m[0;36m2023-03-31 14:11:53,666 [debug] [140710963566144] /home/kevin/git/lwdee/terasort/reduce/Step2Task.cpp:64 read : 14 - split 4,1736304æ¡
[0m[0;36m2023-03-31 14:11:53,699 [debug] [140710980351552] /home/kevin/git/lwdee/terasort/reduce/Step2Task.cpp:64 read : 19 - split 5,1735890æ¡
[0m[0;36m2023-03-31 14:11:53,835 [debug] [140710971958848] /home/kevin/git/lwdee/terasort/reduce/Step2Task.cpp:64 read : 4 - split 12,1734356æ¡
[0m[0;36m2023-03-31 14:11:53,919 [debug] [140710963566144] /home/kevin/git/lwdee/terasort/reduce/Step2Task.cpp:64 read : 14 - split 5,1734330æ¡
[0m[0;36m2023-03-31 14:11:53,988 [debug] [140710980351552] /home/kevin/git/lwdee/terasort/reduce/Step2Task.cpp:64 read : 19 - split 6,1736769æ¡
[0m[0;36m2023-03-31 14:11:54,174 [debug] [140710963566144] /home/kevin/git/lwdee/terasort/reduce/Step2Task.cpp:64 read : 14 - split 6,1736410æ¡
[0m[0;36m2023-03-31 14:11:54,265 [debug] [140710980351552] /home/kevin/git/lwdee/terasort/reduce/Step2Task.cpp:64 read : 19 - split 7,1736743æ¡
[0m[0;36m2023-03-31 14:11:54,324 [debug] [140710971958848] /home/kevin/git/lwdee/terasort/reduce/Step2Task.cpp:64 read : 4 - split 13,1736670æ¡
[0m[0;36m2023-03-31 14:11:54,420 [debug] [140710963566144] /home/kevin/git/lwdee/terasort/reduce/Step2Task.cpp:64 read : 14 - split 7,1735886æ¡
[0m[0;36m2023-03-31 14:11:54,522 [debug] [140710980351552] /home/kevin/git/lwdee/terasort/reduce/Step2Task.cpp:64 read : 19 - split 8,1734146æ¡
[0m[0;36m2023-03-31 14:11:54,675 [debug] [140710963566144] /home/kevin/git/lwdee/terasort/reduce/Step2Task.cpp:64 read : 14 - split 8,1735040æ¡
[0m[0;36m2023-03-31 14:11:54,814 [debug] [140710980351552] /home/kevin/git/lwdee/terasort/reduce/Step2Task.cpp:64 read : 19 - split 9,1736747æ¡
[0m[0;36m2023-03-31 14:11:54,818 [debug] [140710971958848] /home/kevin/git/lwdee/terasort/reduce/Step2Task.cpp:64 read : 4 - split 14,1734697æ¡
[0m[0;36m2023-03-31 14:11:54,929 [debug] [140710963566144] /home/kevin/git/lwdee/terasort/reduce/Step2Task.cpp:64 read : 14 - split 9,1737105æ¡
[0m[0;36m2023-03-31 14:11:55,101 [debug] [140710980351552] /home/kevin/git/lwdee/terasort/reduce/Step2Task.cpp:64 read : 19 - split 10,1735948æ¡
[0m[0;36m2023-03-21 14:11:55,192 [debug] [140710963566144] /home/kevin/git/lwdee/terasort/reduce/Step2Task.cpp:64 read : 14 - split 10,1734770æ¡
[0m[0;36m2023-03-31 14:11:55,219 [debug] [140710971958848] /home/kevin/git/lwdee/terasort/reduce/Step2Task.cpp:64 read : 4 - split 15,1735428æ¡
[0m[0;36m2023-03-31 14:11:55,386 [debug] [140710980351552] /home/kevin/git/lwdee/terasort/reduce/Step2Task.cpp:64 read : 19 - split 11,1734439æ¡
[0m[0;36m2023-03-31 14:11:55,457 [debug] [140710963566144] /home/kevin/git/lwdee/terasort/reduce/Step2Task.cpp:64 read : 14 - split 11,1737501æ¡
[0m[0;36m2023-03-31 14:11:55,512 [debug] [140710971958848] /home/kevin/git/lwdee/terasort/reduce/Step2Task.cpp:64 read : 4 - split 16,1736685æ¡
[0m[0;36m2023-03-31 14:11:55,523 [debug] [140711227082304] /home/kevin/git/lwdee/terasort/reduce/Step2Task.cpp:47 read : read node 23 ddo, record count: 1735719æ¡
[0m[0;36m2023-03-31 14:11:55,708 [debug] [140710980351552] /home/kevin/git/lwdee/terasort/reduce/Step2Task.cpp:64 read : 19 - split 12,1735425æ¡
[0m[0;36m2023-03-31 14:11:55,749 [debug] [140710963566144] /home/kevin/git/lwdee/terasort/reduce/Step2Task.cpp:64 read : 14 - split 12,1734802æ¡
[0m[0;36m2023-03-31 14:11:55,827 [debug] [140710971958848] /home/kevin/git/lwdee/terasort/reduce/Step2Task.cpp:64 read : 4 - split 17,1737167æ¡
[0m[0;36m2023-03-31 14:11:55,960 [debug] [140711227082304] /home/kevin/git/lwdee/terasort/reduce/Step2Task.cpp:47 read : read node 24 ddo, record count: 1736312æ¡
[0m[0;36m2023-03-31 14:11:56,000 [debug] [140711227082304] /home/kevin/git/lwdee/terasort/reduce/Step2Task.cpp:56 read : read æ‰€æœ‰åˆ†åŒºDDOè®°å½• åˆè®¡41661414æ¡
[0m[0;36m2023-03-31 14:11:56,000 [debug] [140711227082304] /home/kevin/git/lwdee/terasort/reduce/Step2Task.cpp:58 read : å¼€å§‹ç”ŸæˆTeraRecordè®°å½•ï¼Œåº”è¯¥æ˜¯41661414æ¡
[0m[0;36m2023-03-31 14:11:56,000 [debug] [140711227082304] /home/kevin/git/lwdee/terasort/reduce/Step2Task.cpp:64 read : 9 - split 0,1734969æ¡
[0m[0;36m2023-03-31 14:11:56,050 [debug] [140710963566144] /home/kevin/git/lwdee/terasort/reduce/Step2Task.cpp:64 read : 14 - split 13,1737718æ¡
[0m[0;36m2023-03-31 14:11:56,087 [debug] [140710980351552] /home/kevin/git/lwdee/terasort/reduce/Step2Task.cpp:64 read : 19 - split 13,1732736æ¡
[0m[0;36m2023-03-31 14:11:56,183 [debug] [140710971958848] /home/kevin/git/lwdee/terasort/reduce/Step2Task.cpp:64 read : 4 - split 18,1735686æ¡
[0m[0;36m2023-03-31 14:11:56,293 [debug] [140711227082304] /home/kevin/git/lwdee/terasort/reduce/Step2Task.cpp:64 read : 9 - split 1,1734221æ¡
[0m[0;36m2023-03-31 14:11:56,350 [debug] [140710963566144] /home/kevin/git/lwdee/terasort/reduce/Step2Task.cpp:64 read : 14 - split 14,1736779æ¡
[0m[0;36m2023-03-31 14:11:56,402 [debug] [140710980351552] /home/kevin/git/lwdee/terasort/reduce/Step2Task.cpp:64 read : 19 - split 14,1735297æ¡
[0m[0;36m2023-03-31 14:11:56,454 [debug] [140710971958848] /home/kevin/git/lwdee/terasort/reduce/Step2Task.cpp:64 read : 4 - split 19,1737243æ¡
[0m[0;36m2023-03-31 14:11:56,559 [debug] [140711227082304] /home/kevin/git/lwdee/terasort/reduce/Step2Task.cpp:64 read : 9 - split 2,1736348æ¡
[0m[0;36m2023-03-31 14:11:56,605 [debug] [140710963566144] /home/kevin/git/lwdee/terasort/reduce/Step2Task.cpp:64 read : 14 - split 15,1735591æ¡
[0m[0;36m2023-03-31 14:11:56,725 [debug] [140710980351552] /home/kevin/git/lwdee/terasort/reduce/Step2Task.cpp:64 read : 19 - split 15,1736535æ¡
[0m[0;36m2023-03-31 14:11:56,752 [debug] [140710971958848] /home/kevin/git/lwdee/terasort/reduce/Step2Task.cpp:64 read : 4 - split 20,1737875æ¡
[0m[0;36m2023-03-31 14:11:56,824 [debug] [140711227082304] /home/kevin/git/lwdee/terasort/reduce/Step2Task.cpp:64 read : 9 - split 3,1735207æ¡
[0m[0;36m2023-03-31 14:11:56,878 [debug] [140710963566144] /home/kevin/git/lwdee/terasort/reduce/Step2Task.cpp:64 read : 14 - split 16,1736521æ¡
[0m[0;36m2023-03-31 14:11:57,019 [debug] [140710980351552] /home/kevin/git/lwdee/terasort/reduce/Step2Task.cpp:64 read : 19 - split 16,1736942æ¡
[0m[0;36m2023-03-31 14:11:57,057 [debug] [140710971958848] /home/kevin/git/lwdee/terasort/reduce/Step2Task.cpp:64 read : 4 - split 21,1736217æ¡
[0m[0;36m2023-03-31 14:11:57,096 [debug] [140711227082304] /home/kevin/git/lwdee/terasort/reduce/Step2Task.cpp:64 read : 9 - split 4,1736163æ¡
[0m[0;36m2023-03-31 14:11:57,145 [debug] [140710963566144] /home/kevin/git/lwdee/terasort/reduce/Step2Task.cpp:64 read : 14 - split 17,1733428æ¡
[0m[0;36m2023-03-31 14:11:57,305 [debug] [140710980351552] /home/kevin/git/lwdee/terasort/reduce/Step2Task.cpp:64 read : 19 - split 17,1738303æ¡
[0m[0;36m2023-03-31 14:11:57,340 [debug] [140710971958848] /home/kevin/git/lwdee/terasort/reduce/Step2Task.cpp:64 read : 4 - split 22,1735938æ¡
[0m[0;36m2023-03-31 14:11:57,360 [debug] [140711227082304] /home/kevin/git/lwdee/terasort/reduce/Step2Task.cpp:64 read : 9 - split 5,1735902æ¡
[0m[0;36m2023-03-31 14:11:57,418 [debug] [140710963566144] /home/kevin/git/lwdee/terasort/reduce/Step2Task.cpp:64 read : 14 - split 18,1736267æ¡
[0m[0;36m2023-03-31 14:11:57,581 [debug] [140710980351552] /home/kevin/git/lwdee/terasort/reduce/Step2Task.cpp:64 read : 19 - split 18,1732567æ¡
[0m[0;36m2023-03-31 14:11:57,619 [debug] [140710971958848] /home/kevin/git/lwdee/terasort/reduce/Step2Task.cpp:64 read : 4 - split 23,1734270æ¡
[0m[0;36m2023-03-31 14:11:57,698 [debug] [140710963566144] /home/kevin/git/lwdee/terasort/reduce/Step2Task.cpp:64 read : 14 - split 19,1736861æ¡
[0m[0;36m2023-03-31 14:11:57,806 [debug] [140711227082304] /home/kevin/git/lwdee/terasort/reduce/Step2Task.cpp:64 read : 9 - split 6,1736230æ¡
[0m[0;36m2023-03-31 14:11:57,863 [debug] [140710980351552] /home/kevin/git/lwdee/terasort/reduce/Step2Task.cpp:64 read : 19 - split 19,1734906æ¡
[0m[1;32m2023-03-31 14:11:57,897 [info ] [140710971958848] /home/kevin/git/lwdee/terasort/reduce/Step2Task.cpp:81 read : > read,partition: 4,eclipse 199.692000
[0m[1;32m2023-03-31 14:11:58,375 [info ] [140710971958848] /home/kevin/git/lwdee/terasort/reduce/Step2Task.cpp:100 sort : < sort
[0m[0;36m2023-03-31 14:11:58,456 [debug] [140710963566144] /home/kevin/git/lwdee/terasort/reduce/Step2Task.cpp:64 read : 14 - split 20,1736809æ¡
[0m[0;36m2023-03-31 14:11:58,535 [debug] [140711227082304] /home/kevin/git/lwdee/terasort/reduce/Step2Task.cpp:64 read : 9 - split 7,1735564æ¡
[0m[0;36m2023-03-31 14:11:58,595 [debug] [140710980351552] /home/kevin/git/lwdee/terasort/reduce/Step2Task.cpp:64 read : 19 - split 20,1737198æ¡
[0m[0;36m2023-03-31 14:11:58,753 [debug] [140710963566144] /home/kevin/git/lwdee/terasort/reduce/Step2Task.cpp:64 read : 14 - split 21,1735662æ¡
[0m[0;36m2023-03-31 14:11:58,804 [debug] [140711227082304] /home/kevin/git/lwdee/terasort/reduce/Step2Task.cpp:64 read : 9 - split 8,1735687æ¡
[0m[0;36m2023-03-31 14:11:58,866 [debug] [140710980351552] /home/kevin/git/lwdee/terasort/reduce/Step2Task.cpp:64 read : 19 - split 21,1734523æ¡
[0m[0;36m2023-03-31 14:11:59,065 [debug] [140710963566144] /home/kevin/git/lwdee/terasort/reduce/Step2Task.cpp:64 read : 14 - split 22,1735256æ¡
[0m[0;36m2023-03-31 14:11:59,153 [debug] [140710980351552] /home/kevin/git/lwdee/terasort/reduce/Step2Task.cpp:64 read : 19 - split 22,1737972æ¡
[0m[0;36m2023-03-31 14:11:59,321 [debug] [140710963566144] /home/kevin/git/lwdee/terasort/reduce/Step2Task.cpp:64 read : 14 - split 23,1738137æ¡
[0m[0;36m2023-03-31 14:11:59,371 [debug] [140710980351552] /home/kevin/git/lwdee/terasort/reduce/Step2Task.cpp:64 read : 19 - split 23,1735156æ¡
[0m[0;36m2023-03-31 14:11:59,385 [debug] [140711227082304] /home/kevin/git/lwdee/terasort/reduce/Step2Task.cpp:64 read : 9 - split 9,1738165æ¡
[0m[1;32m2023-03-31 14:11:59,564 [info ] [140710963566144] /home/kevin/git/lwdee/terasort/reduce/Step2Task.cpp:81 read : > read,partition: 14,eclipse 201.325000
[0m[1;32m2023-03-31 14:11:59,794 [info ] [140710980351552] /home/kevin/git/lwdee/terasort/reduce/Step2Task.cpp:81 read : > read,partition: 19,eclipse 201.518000
[0m[1;32m2023-03-31 14:12:00,425 [info ] [140710963566144] /home/kevin/git/lwdee/terasort/reduce/Step2Task.cpp:100 sort : < sort
[0m[1;32m2023-03-31 14:12:00,637 [info ] [140710980351552] /home/kevin/git/lwdee/terasort/reduce/Step2Task.cpp:100 sort : < sort
[0m[0;36m2023-03-31 14:12:00,696 [debug] [140711227082304] /home/kevin/git/lwdee/terasort/reduce/Step2Task.cpp:64 read : 9 - split 10,1735287æ¡
[0m[0;36m2023-03-31 14:12:00,931 [debug] [140711227082304] /home/kevin/git/lwdee/terasort/reduce/Step2Task.cpp:64 read : 9 - split 11,1739034æ¡
[0m[0;36m2023-03-31 14:12:01,220 [debug] [140711227082304] /home/kevin/git/lwdee/terasort/reduce/Step2Task.cpp:64 read : 9 - split 12,1735213æ¡
[0m[0;36m2023-03-31 14:12:01,505 [debug] [140711227082304] /home/kevin/git/lwdee/terasort/reduce/Step2Task.cpp:64 read : 9 - split 13,1735634æ¡
[0m[0;36m2023-03-31 14:12:01,947 [debug] [140711227082304] /home/kevin/git/lwdee/terasort/reduce/Step2Task.cpp:64 read : 9 - split 14,1734771æ¡
[0m[0;36m2023-03-31 14:12:02,477 [debug] [140711227082304] /home/kevin/git/lwdee/terasort/reduce/Step2Task.cpp:64 read : 9 - split 15,1736838æ¡
[0m[0;36m2023-03-31 14:12:02,682 [debug] [140711227082304] /home/kevin/git/lwdee/terasort/reduce/Step2Task.cpp:64 read : 9 - split 16,1734884æ¡
[0m[0;36m2023-03-31 14:12:02,909 [debug] [140711227082304] /home/kevin/git/lwdee/terasort/reduce/Step2Task.cpp:64 read : 9 - split 17,1737191æ¡
[0m[0;36m2023-03-31 14:12:03,163 [debug] [140711227082304] /home/kevin/git/lwdee/terasort/reduce/Step2Task.cpp:64 read : 9 - split 18,1734881æ¡
[0m[0;36m2023-03-31 14:12:03,445 [debug] [140711227082304] /home/kevin/git/lwdee/terasort/reduce/Step2Task.cpp:64 read : 9 - split 19,1735346æ¡
[0m[0;36m2023-03-31 14:12:03,728 [debug] [140711227082304] /home/kevin/git/lwdee/terasort/reduce/Step2Task.cpp:64 read : 9 - split 20,1736155æ¡
[0m[0;36m2023-03-31 14:12:03,999 [debug] [140711227082304] /home/kevin/git/lwdee/terasort/reduce/Step2Task.cpp:64 read : 9 - split 21,1735693æ¡
[0m[0;36m2023-03-31 14:12:04,201 [debug] [140711227082304] /home/kevin/git/lwdee/terasort/reduce/Step2Task.cpp:64 read : 9 - split 22,1735719æ¡
[0m[0;36m2023-03-31 14:12:04,401 [debug] [140711227082304] /home/kevin/git/lwdee/terasort/reduce/Step2Task.cpp:64 read : 9 - split 23,1736312æ¡
[0m[1;32m2023-03-31 14:12:04,590 [info ] [140711227082304] /home/kevin/git/lwdee/terasort/reduce/Step2Task.cpp:81 read : > read,partition: 9,eclipse 206.369000
[0m[1;32m2023-03-31 14:12:05,084 [info ] [140711227082304] /home/kevin/git/lwdee/terasort/reduce/Step2Task.cpp:100 sort : < sort
[0m[1;32m2023-03-31 14:13:02,474 [info ] [140710963566144] /home/kevin/git/lwdee/terasort/reduce/Step2Task.cpp:105 sort : > sort,partition: 14,eclipse 62.049000
[0m[1;32m2023-03-31 14:13:02,474 [info ] [140710963566144] /home/kevin/git/lwdee/terasort/reduce/Step2Task.cpp:109 save : < save
[0m[1;32m2023-03-31 14:13:11,046 [info ] [140710971958848] /home/kevin/git/lwdee/terasort/reduce/Step2Task.cpp:105 sort : > sort,partition: 4,eclipse 72.671000
[0m[1;32m2023-03-31 14:13:11,046 [info ] [140710971958848] /home/kevin/git/lwdee/terasort/reduce/Step2Task.cpp:109 save : < save
[0m[1;32m2023-03-31 14:13:13,977 [info ] [140710980351552] /home/kevin/git/lwdee/terasort/reduce/Step2Task.cpp:105 sort : > sort,partition: 19,eclipse 73.340000
[0m[1;32m2023-03-31 14:13:13,977 [info ] [140710980351552] /home/kevin/git/lwdee/terasort/reduce/Step2Task.cpp:109 save : < save
[0m[1;32m2023-03-31 14:13:14,373 [info ] [140710963566144] /home/kevin/git/lwdee/terasort/reduce/Step2Task.cpp:129 save : > save,partition: 14,eclipse 11.899000
[0m[1;32m2023-03-31 14:13:14,373 [info ] [140710963566144] /home/kevin/git/lwdee/terasort/reduce/Step2Task.cpp:25 run : > reduce task run,partition: 14,output count: 41662891,eclipse 276.134000, /home/terasort/data/data-output-15.dat
[0m[0;37m2023-03-31 14:13:14,793 [trace] [140710963566144] /home/kevin/git/lwdee/terasort/matrix/LinuxMatrix.cpp:46 print : CPU(0.96%-27.32%: 26.36%),RAM(47961M-80071M: 32110M), cpu:17.62%,ram total:80341M,avai:12783M,used:67558M,free:12781M 
[0m[1;32m2023-03-31 14:13:14,794 [info ] [140710963566144] /home/kevin/git/lwdee/terasort/reduce/ReduceDCO.cpp:20 reduce : > accept reduct ,partition : 14
[0m[1;32m2023-03-31 14:13:17,724 [info ] [140711227082304] /home/kevin/git/lwdee/terasort/reduce/Step2Task.cpp:105 sort : > sort,partition: 9,eclipse 72.640000
[0m[1;32m2023-03-31 14:13:17,724 [info ] [140711227082304] /home/kevin/git/lwdee/terasort/reduce/Step2Task.cpp:109 save : < save
[0m[1;32m2023-03-31 14:13:22,337 [info ] [140710971958848] /home/kevin/git/lwdee/terasort/reduce/Step2Task.cpp:129 save : > save,partition: 4,eclipse 11.291000
[0m[1;32m2023-03-31 14:13:22,337 [info ] [140710971958848] /home/kevin/git/lwdee/terasort/reduce/Step2Task.cpp:25 run : > reduce task run,partition: 4,output count: 41662897,eclipse 284.132000, /home/terasort/data/data-output-05.dat
[0m[0;37m2023-03-31 14:13:22,838 [trace] [140710971958848] /home/kevin/git/lwdee/terasort/matrix/LinuxMatrix.cpp:46 print : CPU(0.96%-27.32%: 26.36%),RAM(47961M-80071M: 32110M), cpu:18.66%,ram total:80341M,avai:7753M,used:72588M,free:7751M 
[0m[1;32m2023-03-31 14:13:22,838 [info ] [140710971958848] /home/kevin/git/lwdee/terasort/reduce/ReduceDCO.cpp:20 reduce : > accept reduct ,partition : 4
[0m[1;32m2023-03-31 14:13:26,486 [info ] [140710980351552] /home/kevin/git/lwdee/terasort/reduce/Step2Task.cpp:129 save : > save,partition: 19,eclipse 12.509000
[0m[1;32m2023-03-31 14:13:26,487 [info ] [140710980351552] /home/kevin/git/lwdee/terasort/reduce/Step2Task.cpp:25 run : > reduce task run,partition: 19,output count: 41654058,eclipse 288.211000, /home/terasort/data/data-output-20.dat
[0m[0;37m2023-03-31 14:13:27,008 [trace] [140710980351552] /home/kevin/git/lwdee/terasort/matrix/LinuxMatrix.cpp:46 print : CPU(0.96%-27.32%: 26.36%),RAM(47961M-80071M: 32110M), cpu:14.19%,ram total:80341M,avai:11733M,used:68608M,free:11731M 
[0m[1;32m2023-03-31 14:13:27,008 [info ] [140710980351552] /home/kevin/git/lwdee/terasort/reduce/ReduceDCO.cpp:20 reduce : > accept reduct ,partition : 19
[0m[1;32m2023-03-31 14:13:31,572 [info ] [140711227082304] /home/kevin/git/lwdee/terasort/reduce/Step2Task.cpp:129 save : > save,partition: 9,eclipse 13.848000
[0m[1;32m2023-03-31 14:13:31,572 [info ] [140711227082304] /home/kevin/git/lwdee/terasort/reduce/Step2Task.cpp:25 run : > reduce task run,partition: 9,output count: 41661414,eclipse 293.351000, /home/terasort/data/data-output-10.dat
[0m[0;37m2023-03-31 14:13:32,243 [trace] [140711227082304] /home/kevin/git/lwdee/terasort/matrix/LinuxMatrix.cpp:46 print : CPU(0.96%-27.32%: 26.36%),RAM(47961M-80071M: 32110M), cpu:12.79%,ram total:80341M,avai:11822M,used:68519M,free:11820M 
[0m[1;32m2023-03-31 14:13:32,243 [info ] [140711227082304] /home/kevin/git/lwdee/terasort/reduce/ReduceDCO.cpp:20 reduce : > accept reduct ,partition : 9
