2023-03-31 14:00:15,197 [info ] [140416410557632] /home/kevin/git/lwdee/app.cpp:49 init : this is node5
[0mlog is not initilaized
2023-03-31 14:00:15,197 [debug] [140416410557632] /home/kevin/git/lwdee/terasort/driver/TerasortConfig.cpp:45 readConfig : /home/terasort/data/data-input.dat /home/terasort/data/data-output.dat 99999 24 24
[0mlog is not initilaized
log path: ../log 
[1;32m2023-03-31 14:00:15,197 [info ] [140416410557632] /home/kevin/git/lwdee/app.cpp:97 init_logger : -- app starting ... 
[0m[0;36m2023-03-31 14:00:43,866 [debug] [140416389547584] /home/kevin/git/lwdee/terasort/TerasortDCOFactory.cpp:14 newDco : create dco SampleDCO
[0m[1;32m2023-03-31 14:00:43,868 [info ] [140416389547584] /home/kevin/git/lwdee/terasort/sample/SampleDCO.cpp:16 sample : < accept sample 
[0m[0;37m2023-03-31 14:00:43,868 [trace] [140416389547584] /home/kevin/git/lwdee/terasort/matrix/LinuxMatrix.cpp:46 print : CPU(1.01%-2.14%: 1.13%),RAM(33862M-33867M: 5M), cpu:1.84%,ram total:64214M,avai:30350M,used:33864M,free:30348M 
[0m[1;32m2023-03-31 14:00:43,869 [info ] [140416389547584] /home/kevin/git/lwdee/terasort/sample/Step0Task.cpp:13 run : < samples task run
[0m[1;32m2023-03-31 14:00:43,869 [info ] [140416389547584] /home/kevin/git/lwdee/terasort/sample/Step0Task.cpp:28 samples : < samples
[0m[0;36m2023-03-31 14:00:43,869 [debug] [140416389547584] /home/kevin/git/lwdee/terasort/sample/Step0Task.cpp:43 samples : 3 - read range, 124999992 - 166666655,è®¡ 41666664 æ¡
[0m[0;36m2023-03-31 14:00:43,885 [debug] [140416381154880] /home/kevin/git/lwdee/terasort/TerasortDCOFactory.cpp:14 newDco : create dco SampleDCO
[0m[1;32m2023-03-31 14:00:43,886 [info ] [140416381154880] /home/kevin/git/lwdee/terasort/sample/SampleDCO.cpp:16 sample : < accept sample 
[0m[0;37m2023-03-31 14:00:43,887 [trace] [140416381154880] /home/kevin/git/lwdee/terasort/matrix/LinuxMatrix.cpp:46 print : CPU(1.01%-2.14%: 1.13%),RAM(33862M-33867M: 5M), cpu:1.84%,ram total:64214M,avai:30350M,used:33864M,free:30348M 
[0m[1;32m2023-03-31 14:00:43,887 [info ] [140416381154880] /home/kevin/git/lwdee/terasort/sample/Step0Task.cpp:13 run : < samples task run
[0m[1;32m2023-03-31 14:00:43,887 [info ] [140416381154880] /home/kevin/git/lwdee/terasort/sample/Step0Task.cpp:28 samples : < samples
[0m[0;36m2023-03-31 14:00:43,887 [debug] [140416381154880] /home/kevin/git/lwdee/terasort/sample/Step0Task.cpp:43 samples : 8 - read range, 333333312 - 374999975,è®¡ 41666664 æ¡
[0m[0;36m2023-03-31 14:00:43,903 [debug] [140416171112000] /home/kevin/git/lwdee/terasort/TerasortDCOFactory.cpp:14 newDco : create dco SampleDCO
[0m[1;32m2023-03-31 14:00:43,905 [info ] [140416171112000] /home/kevin/git/lwdee/terasort/sample/SampleDCO.cpp:16 sample : < accept sample 
[0m[0;37m2023-03-31 14:00:43,905 [trace] [140416171112000] /home/kevin/git/lwdee/terasort/matrix/LinuxMatrix.cpp:46 print : CPU(1.01%-2.14%: 1.13%),RAM(33862M-33867M: 5M), cpu:1.84%,ram total:64214M,avai:30350M,used:33864M,free:30348M 
[0m[1;32m2023-03-31 14:00:43,905 [info ] [140416171112000] /home/kevin/git/lwdee/terasort/sample/Step0Task.cpp:13 run : < samples task run
[0m[1;32m2023-03-31 14:00:43,905 [info ] [140416171112000] /home/kevin/git/lwdee/terasort/sample/Step0Task.cpp:28 samples : < samples
[0m[0;36m2023-03-31 14:00:43,905 [debug] [140416171112000] /home/kevin/git/lwdee/terasort/sample/Step0Task.cpp:43 samples : 13 - read range, 541666632 - 583333295,è®¡ 41666664 æ¡
[0m[0;36m2023-03-31 14:00:43,922 [debug] [140416162719296] /home/kevin/git/lwdee/terasort/TerasortDCOFactory.cpp:14 newDco : create dco SampleDCO
[0m[1;32m2023-03-31 14:00:43,924 [info ] [140416162719296] /home/kevin/git/lwdee/terasort/sample/SampleDCO.cpp:16 sample : < accept sample 
[0m[0;37m2023-03-31 14:00:43,924 [trace] [140416162719296] /home/kevin/git/lwdee/terasort/matrix/LinuxMatrix.cpp:46 print : CPU(1.01%-2.14%: 1.13%),RAM(33862M-33867M: 5M), cpu:1.84%,ram total:64214M,avai:30350M,used:33864M,free:30348M 
[0m[1;32m2023-03-31 14:00:43,924 [info ] [140416162719296] /home/kevin/git/lwdee/terasort/sample/Step0Task.cpp:13 run : < samples task run
[0m[1;32m2023-03-31 14:00:43,924 [info ] [140416162719296] /home/kevin/git/lwdee/terasort/sample/Step0Task.cpp:28 samples : < samples
[0m[0;36m2023-03-31 14:00:43,924 [debug] [140416162719296] /home/kevin/git/lwdee/terasort/sample/Step0Task.cpp:43 samples : 18 - read range, 749999952 - 791666615,è®¡ 41666664 æ¡
[0m[0;36m2023-03-31 14:00:43,947 [debug] [140416154326592] /home/kevin/git/lwdee/terasort/TerasortDCOFactory.cpp:14 newDco : create dco SampleDCO
[0m[1;32m2023-03-31 14:00:43,948 [info ] [140416154326592] /home/kevin/git/lwdee/terasort/sample/SampleDCO.cpp:16 sample : < accept sample 
[0m[0;37m2023-03-31 14:00:43,948 [trace] [140416154326592] /home/kevin/git/lwdee/terasort/matrix/LinuxMatrix.cpp:46 print : CPU(1.01%-2.14%: 1.13%),RAM(33862M-33867M: 5M), cpu:1.84%,ram total:64214M,avai:30350M,used:33864M,free:30348M 
[0m[1;32m2023-03-31 14:00:43,948 [info ] [140416154326592] /home/kevin/git/lwdee/terasort/sample/Step0Task.cpp:13 run : < samples task run
[0m[1;32m2023-03-31 14:00:43,948 [info ] [140416154326592] /home/kevin/git/lwdee/terasort/sample/Step0Task.cpp:28 samples : < samples
[0m[0;36m2023-03-31 14:00:43,949 [debug] [140416154326592] /home/kevin/git/lwdee/terasort/sample/Step0Task.cpp:43 samples : 23 - read range, 958333272 - 999999935,è®¡ 41666664 æ¡
[0m[1;32m2023-03-31 14:00:44,733 [info ] [140416171112000] /home/kevin/git/lwdee/terasort/sample/Step0Task.cpp:73 samples : > samples,partition: 13,eclipse 0.828000
[0m[1;32m2023-03-31 14:00:44,733 [info ] [140416171112000] /home/kevin/git/lwdee/terasort/sample/Step0Task.cpp:21 run : > samples task run,partition: 13,eclipse 0.828000
[0m[0;37m2023-03-31 14:00:44,733 [trace] [140416171112000] /home/kevin/git/lwdee/terasort/matrix/LinuxMatrix.cpp:46 print : CPU(1.01%-14.12%: 13.11%),RAM(33862M-33868M: 6M), cpu:14.12%,ram total:64214M,avai:30346M,used:33868M,free:30344M 
[0m[1;32m2023-03-31 14:00:44,733 [info ] [140416171112000] /home/kevin/git/lwdee/terasort/sample/SampleDCO.cpp:26 sample : > accept sample ,partition : 13, ddoId: 0, fileName: /home/terasort/data/data-input.dat
[0m[1;32m2023-03-31 14:00:45,042 [info ] [140416154326592] /home/kevin/git/lwdee/terasort/sample/Step0Task.cpp:73 samples : > samples,partition: 23,eclipse 1.094000
[0m[1;32m2023-03-31 14:00:45,042 [info ] [140416154326592] /home/kevin/git/lwdee/terasort/sample/Step0Task.cpp:21 run : > samples task run,partition: 23,eclipse 1.094000
[0m[0;37m2023-03-31 14:00:45,042 [trace] [140416154326592] /home/kevin/git/lwdee/terasort/matrix/LinuxMatrix.cpp:46 print : CPU(1.01%-14.12%: 13.11%),RAM(33862M-33868M: 6M), cpu:14.12%,ram total:64214M,avai:30346M,used:33868M,free:30344M 
[0m[1;32m2023-03-31 14:00:45,042 [info ] [140416154326592] /home/kevin/git/lwdee/terasort/sample/SampleDCO.cpp:26 sample : > accept sample ,partition : 23, ddoId: 0, fileName: /home/terasort/data/data-input.dat
[0m[1;32m2023-03-31 14:00:45,107 [info ] [140416389547584] /home/kevin/git/lwdee/terasort/sample/Step0Task.cpp:73 samples : > samples,partition: 3,eclipse 1.238000
[0m[1;32m2023-03-31 14:00:45,107 [info ] [140416389547584] /home/kevin/git/lwdee/terasort/sample/Step0Task.cpp:21 run : > samples task run,partition: 3,eclipse 1.238000
[0m[0;37m2023-03-31 14:00:45,107 [trace] [140416389547584] /home/kevin/git/lwdee/terasort/matrix/LinuxMatrix.cpp:46 print : CPU(1.01%-14.12%: 13.11%),RAM(33862M-33868M: 6M), cpu:14.12%,ram total:64214M,avai:30346M,used:33868M,free:30344M 
[0m[1;32m2023-03-31 14:00:45,107 [info ] [140416389547584] /home/kevin/git/lwdee/terasort/sample/SampleDCO.cpp:26 sample : > accept sample ,partition : 3, ddoId: 0, fileName: /home/terasort/data/data-input.dat
[0m[1;32m2023-03-31 14:00:46,978 [info ] [140416162719296] /home/kevin/git/lwdee/terasort/sample/Step0Task.cpp:73 samples : > samples,partition: 18,eclipse 3.054000
[0m[1;32m2023-03-31 14:00:46,979 [info ] [140416162719296] /home/kevin/git/lwdee/terasort/sample/Step0Task.cpp:21 run : > samples task run,partition: 18,eclipse 3.055000
[0m[0;37m2023-03-31 14:00:46,979 [trace] [140416162719296] /home/kevin/git/lwdee/terasort/matrix/LinuxMatrix.cpp:46 print : CPU(1.01%-14.12%: 13.11%),RAM(33862M-33868M: 6M), cpu:9.17%,ram total:64214M,avai:30346M,used:33868M,free:30344M 
[0m[1;32m2023-03-31 14:00:46,979 [info ] [140416162719296] /home/kevin/git/lwdee/terasort/sample/SampleDCO.cpp:26 sample : > accept sample ,partition : 18, ddoId: 0, fileName: /home/terasort/data/data-input.dat
[0m[1;32m2023-03-31 14:00:47,126 [info ] [140416381154880] /home/kevin/git/lwdee/terasort/sample/Step0Task.cpp:73 samples : > samples,partition: 8,eclipse 3.239000
[0m[1;32m2023-03-31 14:00:47,126 [info ] [140416381154880] /home/kevin/git/lwdee/terasort/sample/Step0Task.cpp:21 run : > samples task run,partition: 8,eclipse 3.239000
[0m[0;37m2023-03-31 14:00:47,126 [trace] [140416381154880] /home/kevin/git/lwdee/terasort/matrix/LinuxMatrix.cpp:46 print : CPU(1.01%-14.12%: 13.11%),RAM(33862M-33868M: 6M), cpu:9.17%,ram total:64214M,avai:30346M,used:33868M,free:30344M 
[0m[1;32m2023-03-31 14:00:47,126 [info ] [140416381154880] /home/kevin/git/lwdee/terasort/sample/SampleDCO.cpp:26 sample : > accept sample ,partition : 8, ddoId: 0, fileName: /home/terasort/data/data-input.dat
[0m[0;36m2023-03-31 14:00:52,295 [debug] [140416162719296] /home/kevin/git/lwdee/terasort/TerasortDCOFactory.cpp:14 newDco : create dco MapDCO
[0m[1;32m2023-03-31 14:00:52,297 [info ] [140416162719296] /home/kevin/git/lwdee/terasort/map/MapDCO.cpp:21 map : < accept map 
[0m[0;37m2023-03-31 14:00:52,297 [trace] [140416162719296] /home/kevin/git/lwdee/terasort/matrix/LinuxMatrix.cpp:46 print : CPU(1.01%-14.12%: 13.11%),RAM(33862M-33870M: 8M), cpu:1.42%,ram total:64214M,avai:30344M,used:33870M,free:30342M 
[0m[1;32m2023-03-31 14:00:52,297 [info ] [140416162719296] /home/kevin/git/lwdee/terasort/map/Step1Task.cpp:13 run : < map task run
[0m[1;32m2023-03-31 14:00:52,297 [info ] [140416162719296] /home/kevin/git/lwdee/terasort/map/Step1Task.cpp:31 textFile : < textFile
[0m[0;36m2023-03-31 14:00:52,297 [debug] [140416162719296] /home/kevin/git/lwdee/terasort/map/Step1Task.cpp:46 textFile : 4 - read range, 166666656 - 208333319,è®¡ 41666664 æ¡
[0m[0;36m2023-03-31 14:00:52,310 [debug] [140416154326592] /home/kevin/git/lwdee/terasort/TerasortDCOFactory.cpp:14 newDco : create dco MapDCO
[0m[1;32m2023-03-31 14:00:52,312 [info ] [140416154326592] /home/kevin/git/lwdee/terasort/map/MapDCO.cpp:21 map : < accept map 
[0m[0;37m2023-03-31 14:00:52,312 [trace] [140416154326592] /home/kevin/git/lwdee/terasort/matrix/LinuxMatrix.cpp:46 print : CPU(1.01%-14.12%: 13.11%),RAM(33862M-33870M: 8M), cpu:1.42%,ram total:64214M,avai:30344M,used:33870M,free:30342M 
[0m[1;32m2023-03-31 14:00:52,312 [info ] [140416154326592] /home/kevin/git/lwdee/terasort/map/Step1Task.cpp:13 run : < map task run
[0m[1;32m2023-03-31 14:00:52,312 [info ] [140416154326592] /home/kevin/git/lwdee/terasort/map/Step1Task.cpp:31 textFile : < textFile
[0m[0;36m2023-03-31 14:00:52,312 [debug] [140416154326592] /home/kevin/git/lwdee/terasort/map/Step1Task.cpp:46 textFile : 9 - read range, 374999976 - 416666639,è®¡ 41666664 æ¡
[0m[0;36m2023-03-31 14:00:52,331 [debug] [140416389547584] /home/kevin/git/lwdee/terasort/TerasortDCOFactory.cpp:14 newDco : create dco MapDCO
[0m[1;32m2023-03-31 14:00:52,333 [info ] [140416389547584] /home/kevin/git/lwdee/terasort/map/MapDCO.cpp:21 map : < accept map 
[0m[0;37m2023-03-31 14:00:52,333 [trace] [140416389547584] /home/kevin/git/lwdee/terasort/matrix/LinuxMatrix.cpp:46 print : CPU(1.01%-14.12%: 13.11%),RAM(33862M-33870M: 8M), cpu:1.42%,ram total:64214M,avai:30344M,used:33870M,free:30342M 
[0m[1;32m2023-03-31 14:00:52,333 [info ] [140416389547584] /home/kevin/git/lwdee/terasort/map/Step1Task.cpp:13 run : < map task run
[0m[1;32m2023-03-31 14:00:52,333 [info ] [140416389547584] /home/kevin/git/lwdee/terasort/map/Step1Task.cpp:31 textFile : < textFile
[0m[0;36m2023-03-31 14:00:52,333 [debug] [140416389547584] /home/kevin/git/lwdee/terasort/map/Step1Task.cpp:46 textFile : 14 - read range, 583333296 - 624999959,è®¡ 41666664 æ¡
[0m[0;36m2023-03-31 14:00:52,351 [debug] [140416381154880] /home/kevin/git/lwdee/terasort/TerasortDCOFactory.cpp:14 newDco : create dco MapDCO
[0m[1;32m2023-03-31 14:00:52,353 [info ] [140416381154880] /home/kevin/git/lwdee/terasort/map/MapDCO.cpp:21 map : < accept map 
[0m[0;37m2023-03-31 14:00:52,353 [trace] [140416381154880] /home/kevin/git/lwdee/terasort/matrix/LinuxMatrix.cpp:46 print : CPU(1.01%-14.12%: 13.11%),RAM(33862M-33870M: 8M), cpu:1.42%,ram total:64214M,avai:30344M,used:33870M,free:30342M 
[0m[1;32m2023-03-31 14:00:52,353 [info ] [140416381154880] /home/kevin/git/lwdee/terasort/map/Step1Task.cpp:13 run : < map task run
[0m[1;32m2023-03-31 14:00:52,354 [info ] [140416381154880] /home/kevin/git/lwdee/terasort/map/Step1Task.cpp:31 textFile : < textFile
[0m[0;36m2023-03-31 14:00:52,354 [debug] [140416381154880] /home/kevin/git/lwdee/terasort/map/Step1Task.cpp:46 textFile : 19 - read range, 791666616 - 833333279,è®¡ 41666664 æ¡
[0m[1;32m2023-03-31 14:06:57,314 [info ] [140416389547584] /home/kevin/git/lwdee/terasort/map/Step1Task.cpp:63 textFile : > textFile,partition: 14,eclipse 364.981000
[0m[1;32m2023-03-31 14:06:57,314 [info ] [140416389547584] /home/kevin/git/lwdee/terasort/map/Step1Task.cpp:69 generateSubSplit : < generateSubSplit
[0m[0;36m2023-03-31 14:07:10,454 [debug] [140416389547584] /home/kevin/git/lwdee/terasort/map/Step1Task.cpp:85 generateSubSplit : partition 14 - sub split 0 - 1740521
[0m[0;36m2023-03-31 14:07:10,454 [debug] [140416389547584] /home/kevin/git/lwdee/terasort/map/Step1Task.cpp:85 generateSubSplit : partition 14 - sub split 1 - 1735220
[0m[0;36m2023-03-31 14:07:10,454 [debug] [140416389547584] /home/kevin/git/lwdee/terasort/map/Step1Task.cpp:85 generateSubSplit : partition 14 - sub split 2 - 1732641
[0m[0;36m2023-03-31 14:07:10,454 [debug] [140416389547584] /home/kevin/git/lwdee/terasort/map/Step1Task.cpp:85 generateSubSplit : partition 14 - sub split 3 - 1736828
[0m[0;36m2023-03-31 14:07:10,454 [debug] [140416389547584] /home/kevin/git/lwdee/terasort/map/Step1Task.cpp:85 generateSubSplit : partition 14 - sub split 4 - 1734697
[0m[0;36m2023-03-31 14:07:10,454 [debug] [140416389547584] /home/kevin/git/lwdee/terasort/map/Step1Task.cpp:85 generateSubSplit : partition 14 - sub split 5 - 1735221
[0m[0;36m2023-03-31 14:07:10,454 [debug] [140416389547584] /home/kevin/git/lwdee/terasort/map/Step1Task.cpp:85 generateSubSplit : partition 14 - sub split 6 - 1735707
[0m[0;36m2023-03-31 14:07:10,454 [debug] [140416389547584] /home/kevin/git/lwdee/terasort/map/Step1Task.cpp:85 generateSubSplit : partition 14 - sub split 7 - 1735748
[0m[0;36m2023-03-31 14:07:10,455 [debug] [140416389547584] /home/kevin/git/lwdee/terasort/map/Step1Task.cpp:85 generateSubSplit : partition 14 - sub split 8 - 1732929
[0m[0;36m2023-03-31 14:07:10,455 [debug] [140416389547584] /home/kevin/git/lwdee/terasort/map/Step1Task.cpp:85 generateSubSplit : partition 14 - sub split 9 - 1734771
[0m[0;36m2023-03-31 14:07:10,455 [debug] [140416389547584] /home/kevin/git/lwdee/terasort/map/Step1Task.cpp:85 generateSubSplit : partition 14 - sub split 10 - 1737001
[0m[0;36m2023-03-31 14:07:10,455 [debug] [140416389547584] /home/kevin/git/lwdee/terasort/map/Step1Task.cpp:85 generateSubSplit : partition 14 - sub split 11 - 1735536
[0m[0;36m2023-03-31 14:07:10,455 [debug] [140416389547584] /home/kevin/git/lwdee/terasort/map/Step1Task.cpp:85 generateSubSplit : partition 14 - sub split 12 - 1734421
[0m[0;36m2023-03-31 14:07:10,455 [debug] [140416389547584] /home/kevin/git/lwdee/terasort/map/Step1Task.cpp:85 generateSubSplit : partition 14 - sub split 13 - 1736869
[0m[0;36m2023-03-31 14:07:10,455 [debug] [140416389547584] /home/kevin/git/lwdee/terasort/map/Step1Task.cpp:85 generateSubSplit : partition 14 - sub split 14 - 1736779
[0m[0;36m2023-03-31 14:07:10,455 [debug] [140416389547584] /home/kevin/git/lwdee/terasort/map/Step1Task.cpp:85 generateSubSplit : partition 14 - sub split 15 - 1735781
[0m[0;36m2023-03-31 14:07:10,455 [debug] [140416389547584] /home/kevin/git/lwdee/terasort/map/Step1Task.cpp:85 generateSubSplit : partition 14 - sub split 16 - 1736341
[0m[0;36m2023-03-31 14:07:10,455 [debug] [140416389547584] /home/kevin/git/lwdee/terasort/map/Step1Task.cpp:85 generateSubSplit : partition 14 - sub split 17 - 1737133
[0m[0;36m2023-03-31 14:07:10,455 [debug] [140416389547584] /home/kevin/git/lwdee/terasort/map/Step1Task.cpp:85 generateSubSplit : partition 14 - sub split 18 - 1734587
[0m[0;36m2023-03-31 14:07:10,455 [debug] [140416389547584] /home/kevin/git/lwdee/terasort/map/Step1Task.cpp:85 generateSubSplit : partition 14 - sub split 19 - 1735297
[0m[0;36m2023-03-31 14:07:10,455 [debug] [140416389547584] /home/kevin/git/lwdee/terasort/map/Step1Task.cpp:85 generateSubSplit : partition 14 - sub split 20 - 1735989
[0m[0;36m2023-03-31 14:07:10,455 [debug] [140416389547584] /home/kevin/git/lwdee/terasort/map/Step1Task.cpp:85 generateSubSplit : partition 14 - sub split 21 - 1735707
[0m[0;36m2023-03-31 14:07:10,455 [debug] [140416389547584] /home/kevin/git/lwdee/terasort/map/Step1Task.cpp:85 generateSubSplit : partition 14 - sub split 22 - 1737023
[0m[0;36m2023-03-31 14:07:10,455 [debug] [140416389547584] /home/kevin/git/lwdee/terasort/map/Step1Task.cpp:85 generateSubSplit : partition 14 - sub split 23 - 1743917
[0m[1;32m2023-03-31 14:07:21,968 [info ] [140416154326592] /home/kevin/git/lwdee/terasort/map/Step1Task.cpp:63 textFile : > textFile,partition: 9,eclipse 389.656000
[0m[1;32m2023-03-31 14:07:21,968 [info ] [140416154326592] /home/kevin/git/lwdee/terasort/map/Step1Task.cpp:69 generateSubSplit : < generateSubSplit
[0m[1;32m2023-03-31 14:07:22,686 [info ] [140416381154880] /home/kevin/git/lwdee/terasort/map/Step1Task.cpp:63 textFile : > textFile,partition: 19,eclipse 390.332000
[0m[1;32m2023-03-31 14:07:22,686 [info ] [140416381154880] /home/kevin/git/lwdee/terasort/map/Step1Task.cpp:69 generateSubSplit : < generateSubSplit
[0m[1;32m2023-03-31 14:07:23,243 [info ] [140416162719296] /home/kevin/git/lwdee/terasort/map/Step1Task.cpp:63 textFile : > textFile,partition: 4,eclipse 390.946000
[0m[1;32m2023-03-31 14:07:23,243 [info ] [140416162719296] /home/kevin/git/lwdee/terasort/map/Step1Task.cpp:69 generateSubSplit : < generateSubSplit
[0m[0;36m2023-03-31 14:07:34,900 [debug] [140416154326592] /home/kevin/git/lwdee/terasort/map/Step1Task.cpp:85 generateSubSplit : partition 9 - sub split 0 - 1737274
[0m[0;36m2023-03-31 14:07:34,901 [debug] [140416154326592] /home/kevin/git/lwdee/terasort/map/Step1Task.cpp:85 generateSubSplit : partition 9 - sub split 1 - 1735041
[0m[0;36m2023-03-31 14:07:34,901 [debug] [140416154326592] /home/kevin/git/lwdee/terasort/map/Step1Task.cpp:85 generateSubSplit : partition 9 - sub split 2 - 1736174
[0m[0;36m2023-03-31 14:07:34,901 [debug] [140416154326592] /home/kevin/git/lwdee/terasort/map/Step1Task.cpp:85 generateSubSplit : partition 9 - sub split 3 - 1734502
[0m[0;36m2023-03-31 14:07:34,901 [debug] [140416154326592] /home/kevin/git/lwdee/terasort/map/Step1Task.cpp:85 generateSubSplit : partition 9 - sub split 4 - 1735887
[0m[0;36m2023-03-31 14:07:34,901 [debug] [140416154326592] /home/kevin/git/lwdee/terasort/map/Step1Task.cpp:85 generateSubSplit : partition 9 - sub split 5 - 1737459
[0m[0;36m2023-03-31 14:07:34,901 [debug] [140416154326592] /home/kevin/git/lwdee/terasort/map/Step1Task.cpp:85 generateSubSplit : partition 9 - sub split 6 - 1736998
[0m[0;36m2023-03-31 14:07:34,901 [debug] [140416154326592] /home/kevin/git/lwdee/terasort/map/Step1Task.cpp:85 generateSubSplit : partition 9 - sub split 7 - 1734331
[0m[0;36m2023-03-31 14:07:34,901 [debug] [140416154326592] /home/kevin/git/lwdee/terasort/map/Step1Task.cpp:85 generateSubSplit : partition 9 - sub split 8 - 1733586
[0m[0;36m2023-03-31 14:07:34,901 [debug] [140416154326592] /home/kevin/git/lwdee/terasort/map/Step1Task.cpp:85 generateSubSplit : partition 9 - sub split 9 - 1738165
[0m[0;36m2023-03-31 14:07:34,901 [debug] [140416154326592] /home/kevin/git/lwdee/terasort/map/Step1Task.cpp:85 generateSubSplit : partition 9 - sub split 10 - 1734551
[0m[0;36m2023-03-31 14:07:34,901 [debug] [140416154326592] /home/kevin/git/lwdee/terasort/map/Step1Task.cpp:85 generateSubSplit : partition 9 - sub split 11 - 1735733
[0m[0;36m2023-03-31 14:07:34,901 [debug] [140416154326592] /home/kevin/git/lwdee/terasort/map/Step1Task.cpp:85 generateSubSplit : partition 9 - sub split 12 - 1734579
[0m[0;36m2023-03-31 14:07:34,901 [debug] [140416154326592] /home/kevin/git/lwdee/terasort/map/Step1Task.cpp:85 generateSubSplit : partition 9 - sub split 13 - 1736896
[0m[0;36m2023-03-31 14:07:34,901 [debug] [140416154326592] /home/kevin/git/lwdee/terasort/map/Step1Task.cpp:85 generateSubSplit : partition 9 - sub split 14 - 1737105
[0m[0;36m2023-03-31 14:07:34,901 [debug] [140416154326592] /home/kevin/git/lwdee/terasort/map/Step1Task.cpp:85 generateSubSplit : partition 9 - sub split 15 - 1736591
[0m[0;36m2023-03-31 14:07:34,901 [debug] [140416154326592] /home/kevin/git/lwdee/terasort/map/Step1Task.cpp:85 generateSubSplit : partition 9 - sub split 16 - 1735541
[0m[0;36m2023-03-31 14:07:34,901 [debug] [140416154326592] /home/kevin/git/lwdee/terasort/map/Step1Task.cpp:85 generateSubSplit : partition 9 - sub split 17 - 1733935
[0m[0;36m2023-03-31 14:07:34,901 [debug] [140416154326592] /home/kevin/git/lwdee/terasort/map/Step1Task.cpp:85 generateSubSplit : partition 9 - sub split 18 - 1736462
[0m[0;36m2023-03-31 14:07:34,901 [debug] [140416154326592] /home/kevin/git/lwdee/terasort/map/Step1Task.cpp:85 generateSubSplit : partition 9 - sub split 19 - 1736747
[0m[0;36m2023-03-31 14:07:34,901 [debug] [140416154326592] /home/kevin/git/lwdee/terasort/map/Step1Task.cpp:85 generateSubSplit : partition 9 - sub split 20 - 1733872
[0m[0;36m2023-03-31 14:07:34,902 [debug] [140416154326592] /home/kevin/git/lwdee/terasort/map/Step1Task.cpp:85 generateSubSplit : partition 9 - sub split 21 - 1736294
[0m[0;36m2023-03-31 14:07:34,902 [debug] [140416154326592] /home/kevin/git/lwdee/terasort/map/Step1Task.cpp:85 generateSubSplit : partition 9 - sub split 22 - 1735536
[0m[0;36m2023-03-31 14:07:34,902 [debug] [140416154326592] /home/kevin/git/lwdee/terasort/map/Step1Task.cpp:85 generateSubSplit : partition 9 - sub split 23 - 1743405
[0m[0;36m2023-03-31 14:07:35,486 [debug] [140416381154880] /home/kevin/git/lwdee/terasort/map/Step1Task.cpp:85 generateSubSplit : partition 19 - sub split 0 - 1736812
[0m[0;36m2023-03-31 14:07:35,486 [debug] [140416381154880] /home/kevin/git/lwdee/terasort/map/Step1Task.cpp:85 generateSubSplit : partition 19 - sub split 1 - 1735085
[0m[0;36m2023-03-31 14:07:35,486 [debug] [140416381154880] /home/kevin/git/lwdee/terasort/map/Step1Task.cpp:85 generateSubSplit : partition 19 - sub split 2 - 1734531
[0m[0;36m2023-03-31 14:07:35,486 [debug] [140416381154880] /home/kevin/git/lwdee/terasort/map/Step1Task.cpp:85 generateSubSplit : partition 19 - sub split 3 - 1735437
[0m[0;36m2023-03-31 14:07:35,486 [debug] [140416381154880] /home/kevin/git/lwdee/terasort/map/Step1Task.cpp:85 generateSubSplit : partition 19 - sub split 4 - 1737243
[0m[0;36m2023-03-31 14:07:35,486 [debug] [140416381154880] /home/kevin/git/lwdee/terasort/map/Step1Task.cpp:85 generateSubSplit : partition 19 - sub split 5 - 1734588
[0m[0;36m2023-03-31 14:07:35,486 [debug] [140416381154880] /home/kevin/git/lwdee/terasort/map/Step1Task.cpp:85 generateSubSplit : partition 19 - sub split 6 - 1736896
[0m[0;36m2023-03-31 14:07:35,486 [debug] [140416381154880] /home/kevin/git/lwdee/terasort/map/Step1Task.cpp:85 generateSubSplit : partition 19 - sub split 7 - 1735033
[0m[0;36m2023-03-31 14:07:35,486 [debug] [140416381154880] /home/kevin/git/lwdee/terasort/map/Step1Task.cpp:85 generateSubSplit : partition 19 - sub split 8 - 1736809
[0m[0;36m2023-03-31 14:07:35,486 [debug] [140416381154880] /home/kevin/git/lwdee/terasort/map/Step1Task.cpp:85 generateSubSplit : partition 19 - sub split 9 - 1735346
[0m[0;36m2023-03-31 14:07:35,486 [debug] [140416381154880] /home/kevin/git/lwdee/terasort/map/Step1Task.cpp:85 generateSubSplit : partition 19 - sub split 10 - 1733451
[0m[0;36m2023-03-31 14:07:35,486 [debug] [140416381154880] /home/kevin/git/lwdee/terasort/map/Step1Task.cpp:85 generateSubSplit : partition 19 - sub split 11 - 1736159
[0m[0;36m2023-03-31 14:07:35,486 [debug] [140416381154880] /home/kevin/git/lwdee/terasort/map/Step1Task.cpp:85 generateSubSplit : partition 19 - sub split 12 - 1735068
[0m[0;36m2023-03-31 14:07:35,486 [debug] [140416381154880] /home/kevin/git/lwdee/terasort/map/Step1Task.cpp:85 generateSubSplit : partition 19 - sub split 13 - 1737855
[0m[0;36m2023-03-31 14:07:35,486 [debug] [140416381154880] /home/kevin/git/lwdee/terasort/map/Step1Task.cpp:85 generateSubSplit : partition 19 - sub split 14 - 1736861
[0m[0;36m2023-03-31 14:07:35,486 [debug] [140416381154880] /home/kevin/git/lwdee/terasort/map/Step1Task.cpp:85 generateSubSplit : partition 19 - sub split 15 - 1734372
[0m[0;36m2023-03-31 14:07:35,486 [debug] [140416381154880] /home/kevin/git/lwdee/terasort/map/Step1Task.cpp:85 generateSubSplit : partition 19 - sub split 16 - 1735244
[0m[0;36m2023-03-31 14:07:35,486 [debug] [140416381154880] /home/kevin/git/lwdee/terasort/map/Step1Task.cpp:85 generateSubSplit : partition 19 - sub split 17 - 1737816
[0m[0;36m2023-03-31 14:07:35,487 [debug] [140416381154880] /home/kevin/git/lwdee/terasort/map/Step1Task.cpp:85 generateSubSplit : partition 19 - sub split 18 - 1736376
[0m[0;36m2023-03-31 14:07:35,487 [debug] [140416381154880] /home/kevin/git/lwdee/terasort/map/Step1Task.cpp:85 generateSubSplit : partition 19 - sub split 19 - 1734906
[0m[0;36m2023-03-31 14:07:35,487 [debug] [140416381154880] /home/kevin/git/lwdee/terasort/map/Step1Task.cpp:85 generateSubSplit : partition 19 - sub split 20 - 1736124
[0m[0;36m2023-03-31 14:07:35,487 [debug] [140416381154880] /home/kevin/git/lwdee/terasort/map/Step1Task.cpp:85 generateSubSplit : partition 19 - sub split 21 - 1736726
[0m[0;36m2023-03-31 14:07:35,487 [debug] [140416381154880] /home/kevin/git/lwdee/terasort/map/Step1Task.cpp:85 generateSubSplit : partition 19 - sub split 22 - 1735836
[0m[0;36m2023-03-31 14:07:35,487 [debug] [140416381154880] /home/kevin/git/lwdee/terasort/map/Step1Task.cpp:85 generateSubSplit : partition 19 - sub split 23 - 1742090
[0m[0;36m2023-03-31 14:07:35,955 [debug] [140416162719296] /home/kevin/git/lwdee/terasort/map/Step1Task.cpp:85 generateSubSplit : partition 4 - sub split 0 - 1736439
[0m[0;36m2023-03-31 14:07:35,955 [debug] [140416162719296] /home/kevin/git/lwdee/terasort/map/Step1Task.cpp:85 generateSubSplit : partition 4 - sub split 1 - 1736258
[0m[0;36m2023-03-31 14:07:35,955 [debug] [140416162719296] /home/kevin/git/lwdee/terasort/map/Step1Task.cpp:85 generateSubSplit : partition 4 - sub split 2 - 1734608
[0m[0;36m2023-03-31 14:07:35,955 [debug] [140416162719296] /home/kevin/git/lwdee/terasort/map/Step1Task.cpp:85 generateSubSplit : partition 4 - sub split 3 - 1735779
[0m[0;36m2023-03-31 14:07:35,955 [debug] [140416162719296] /home/kevin/git/lwdee/terasort/map/Step1Task.cpp:85 generateSubSplit : partition 4 - sub split 4 - 1735968
[0m[0;36m2023-03-31 14:07:35,955 [debug] [140416162719296] /home/kevin/git/lwdee/terasort/map/Step1Task.cpp:85 generateSubSplit : partition 4 - sub split 5 - 1735494
[0m[0;36m2023-03-31 14:07:35,955 [debug] [140416162719296] /home/kevin/git/lwdee/terasort/map/Step1Task.cpp:85 generateSubSplit : partition 4 - sub split 6 - 1735696
[0m[0;36m2023-03-31 14:07:35,955 [debug] [140416162719296] /home/kevin/git/lwdee/terasort/map/Step1Task.cpp:85 generateSubSplit : partition 4 - sub split 7 - 1737358
[0m[0;36m2023-03-31 14:07:35,955 [debug] [140416162719296] /home/kevin/git/lwdee/terasort/map/Step1Task.cpp:85 generateSubSplit : partition 4 - sub split 8 - 1735580
[0m[0;36m2023-03-31 14:07:35,956 [debug] [140416162719296] /home/kevin/git/lwdee/terasort/map/Step1Task.cpp:85 generateSubSplit : partition 4 - sub split 9 - 1736163
[0m[0;36m2023-03-31 14:07:35,956 [debug] [140416162719296] /home/kevin/git/lwdee/terasort/map/Step1Task.cpp:85 generateSubSplit : partition 4 - sub split 10 - 1734889
[0m[0;36m2023-03-31 14:07:35,956 [debug] [140416162719296] /home/kevin/git/lwdee/terasort/map/Step1Task.cpp:85 generateSubSplit : partition 4 - sub split 11 - 1735532
[0m[0;36m2023-03-31 14:07:35,956 [debug] [140416162719296] /home/kevin/git/lwdee/terasort/map/Step1Task.cpp:85 generateSubSplit : partition 4 - sub split 12 - 1736964
[0m[0;36m2023-03-31 14:07:35,956 [debug] [140416162719296] /home/kevin/git/lwdee/terasort/map/Step1Task.cpp:85 generateSubSplit : partition 4 - sub split 13 - 1736525
[0m[0;36m2023-03-31 14:07:35,956 [debug] [140416162719296] /home/kevin/git/lwdee/terasort/map/Step1Task.cpp:85 generateSubSplit : partition 4 - sub split 14 - 1736304
[0m[0;36m2023-03-31 14:07:35,956 [debug] [140416162719296] /home/kevin/git/lwdee/terasort/map/Step1Task.cpp:85 generateSubSplit : partition 4 - sub split 15 - 1738082
[0m[0;36m2023-03-31 14:07:35,956 [debug] [140416162719296] /home/kevin/git/lwdee/terasort/map/Step1Task.cpp:85 generateSubSplit : partition 4 - sub split 16 - 1735155
[0m[0;36m2023-03-31 14:07:35,956 [debug] [140416162719296] /home/kevin/git/lwdee/terasort/map/Step1Task.cpp:85 generateSubSplit : partition 4 - sub split 17 - 1735895
[0m[0;36m2023-03-31 14:07:35,956 [debug] [140416162719296] /home/kevin/git/lwdee/terasort/map/Step1Task.cpp:85 generateSubSplit : partition 4 - sub split 18 - 1733999
[0m[0;36m2023-03-31 14:07:35,956 [debug] [140416162719296] /home/kevin/git/lwdee/terasort/map/Step1Task.cpp:85 generateSubSplit : partition 4 - sub split 19 - 1734340
[0m[0;36m2023-03-31 14:07:35,956 [debug] [140416162719296] /home/kevin/git/lwdee/terasort/map/Step1Task.cpp:85 generateSubSplit : partition 4 - sub split 20 - 1735676
[0m[0;36m2023-03-31 14:07:35,956 [debug] [140416162719296] /home/kevin/git/lwdee/terasort/map/Step1Task.cpp:85 generateSubSplit : partition 4 - sub split 21 - 1736611
[0m[0;36m2023-03-31 14:07:35,956 [debug] [140416162719296] /home/kevin/git/lwdee/terasort/map/Step1Task.cpp:85 generateSubSplit : partition 4 - sub split 22 - 1733587
[0m[0;36m2023-03-31 14:07:35,956 [debug] [140416162719296] /home/kevin/git/lwdee/terasort/map/Step1Task.cpp:85 generateSubSplit : partition 4 - sub split 23 - 1743762
[0m[1;32m2023-03-31 14:08:08,355 [info ] [140416389547584] /home/kevin/git/lwdee/terasort/map/Step1Task.cpp:111 generateSubSplit : > generateSubSplit,partition: 14,eclipse 71.041000
[0m[1;32m2023-03-31 14:08:08,857 [info ] [140416389547584] /home/kevin/git/lwdee/terasort/map/Step1Task.cpp:25 run : > map task run,eclipse 436.524000
[0m[0;37m2023-03-31 14:08:08,857 [trace] [140416389547584] /home/kevin/git/lwdee/terasort/matrix/LinuxMatrix.cpp:46 print : CPU(1.01%-23.05%: 22.04%),RAM(33862M-63943M: 30081M), cpu:22.42%,ram total:64214M,avai:306M,used:63908M,free:304M 
[0m[1;32m2023-03-31 14:08:08,858 [info ] [140416389547584] /home/kevin/git/lwdee/terasort/map/MapDCO.cpp:31 map : > accept map ,partition : 14, ddoId: 0, fileName: /home/terasort/data/data-input.dat
[0m[1;32m2023-03-31 14:08:35,428 [info ] [140416381154880] /home/kevin/git/lwdee/terasort/map/Step1Task.cpp:111 generateSubSplit : > generateSubSplit,partition: 19,eclipse 72.742000
[0m[1;32m2023-03-31 14:08:35,852 [info ] [140416381154880] /home/kevin/git/lwdee/terasort/map/Step1Task.cpp:25 run : > map task run,eclipse 463.498000
[0m[0;37m2023-03-31 14:08:35,852 [trace] [140416381154880] /home/kevin/git/lwdee/terasort/matrix/LinuxMatrix.cpp:46 print : CPU(1.01%-23.05%: 22.04%),RAM(33862M-63943M: 30081M), cpu:15.07%,ram total:64214M,avai:3123M,used:61091M,free:3121M 
[0m[1;32m2023-03-31 14:08:35,852 [info ] [140416381154880] /home/kevin/git/lwdee/terasort/map/MapDCO.cpp:31 map : > accept map ,partition : 19, ddoId: 0, fileName: /home/terasort/data/data-input.dat
[0m[1;32m2023-03-31 14:08:36,196 [info ] [140416162719296] /home/kevin/git/lwdee/terasort/map/Step1Task.cpp:111 generateSubSplit : > generateSubSplit,partition: 4,eclipse 72.953000
[0m[1;32m2023-03-31 14:08:36,656 [info ] [140416162719296] /home/kevin/git/lwdee/terasort/map/Step1Task.cpp:25 run : > map task run,eclipse 464.359000
[0m[0;37m2023-03-31 14:08:36,656 [trace] [140416162719296] /home/kevin/git/lwdee/terasort/matrix/LinuxMatrix.cpp:46 print : CPU(1.01%-23.05%: 22.04%),RAM(33862M-63943M: 30081M), cpu:15.07%,ram total:64214M,avai:3123M,used:61091M,free:3121M 
[0m[1;32m2023-03-31 14:08:36,656 [info ] [140416162719296] /home/kevin/git/lwdee/terasort/map/MapDCO.cpp:31 map : > accept map ,partition : 4, ddoId: 0, fileName: /home/terasort/data/data-input.dat
[0m[1;32m2023-03-31 14:08:37,560 [info ] [140416154326592] /home/kevin/git/lwdee/terasort/map/Step1Task.cpp:111 generateSubSplit : > generateSubSplit,partition: 9,eclipse 75.592000
[0m[1;32m2023-03-31 14:08:38,101 [info ] [140416154326592] /home/kevin/git/lwdee/terasort/map/Step1Task.cpp:25 run : > map task run,eclipse 465.789000
[0m[0;37m2023-03-31 14:08:38,101 [trace] [140416154326592] /home/kevin/git/lwdee/terasort/matrix/LinuxMatrix.cpp:46 print : CPU(1.01%-23.05%: 22.04%),RAM(33862M-63943M: 30081M), cpu:9.36%,ram total:64214M,avai:10930M,used:53284M,free:10928M 
[0m[1;32m2023-03-31 14:08:38,101 [info ] [140416154326592] /home/kevin/git/lwdee/terasort/map/MapDCO.cpp:31 map : > accept map ,partition : 9, ddoId: 0, fileName: /home/terasort/data/data-input.dat
[0m[0;36m2023-03-31 14:08:38,192 [debug] [140416389547584] /home/kevin/git/lwdee/terasort/TerasortDCOFactory.cpp:14 newDco : create dco ReduceDCO
[0m[0;37m2023-03-31 14:08:38,194 [trace] [140416389547584] /home/kevin/git/lwdee/terasort/reduce/ReduceDCO.cpp:9 reduce : ---------------------------------
[0m[1;32m2023-03-31 14:08:38,194 [info ] [140416389547584] /home/kevin/git/lwdee/terasort/reduce/ReduceDCO.cpp:11 reduce : < accept reduce 
[0m[0;37m2023-03-31 14:08:38,194 [trace] [140416389547584] /home/kevin/git/lwdee/terasort/matrix/LinuxMatrix.cpp:46 print : CPU(1.01%-23.05%: 22.04%),RAM(33862M-63943M: 30081M), cpu:9.36%,ram total:64214M,avai:10930M,used:53284M,free:10928M 
[0m[1;32m2023-03-31 14:08:38,195 [info ] [140416389547584] /home/kevin/git/lwdee/terasort/reduce/Step2Task.cpp:14 run : < reduce task run
[0m[1;32m2023-03-31 14:08:38,195 [info ] [140416389547584] /home/kevin/git/lwdee/terasort/reduce/Step2Task.cpp:31 read : < read
[0m[0;36m2023-03-31 14:08:38,207 [debug] [140416381154880] /home/kevin/git/lwdee/terasort/TerasortDCOFactory.cpp:14 newDco : create dco ReduceDCO
[0m[0;37m2023-03-31 14:08:38,210 [trace] [140416171112000] /home/kevin/git/lwdee/terasort/reduce/ReduceDCO.cpp:9 reduce : ---------------------------------
[0m[1;32m2023-03-31 14:08:38,210 [info ] [140416171112000] /home/kevin/git/lwdee/terasort/reduce/ReduceDCO.cpp:11 reduce : < accept reduce 
[0m[0;37m2023-03-31 14:08:38,210 [trace] [140416171112000] /home/kevin/git/lwdee/terasort/matrix/LinuxMatrix.cpp:46 print : CPU(1.01%-23.05%: 22.04%),RAM(33862M-63943M: 30081M), cpu:9.36%,ram total:64214M,avai:10930M,used:53284M,free:10928M 
[0m[1;32m2023-03-31 14:08:38,210 [info ] [140416171112000] /home/kevin/git/lwdee/terasort/reduce/Step2Task.cpp:14 run : < reduce task run
[0m[1;32m2023-03-31 14:08:38,210 [info ] [140416171112000] /home/kevin/git/lwdee/terasort/reduce/Step2Task.cpp:31 read : < read
[0m[0;36m2023-03-31 14:08:38,224 [debug] [140416381154880] /home/kevin/git/lwdee/terasort/TerasortDCOFactory.cpp:14 newDco : create dco ReduceDCO
[0m[0;37m2023-03-31 14:08:38,226 [trace] [140416381154880] /home/kevin/git/lwdee/terasort/reduce/ReduceDCO.cpp:9 reduce : ---------------------------------
[0m[1;32m2023-03-31 14:08:38,226 [info ] [140416381154880] /home/kevin/git/lwdee/terasort/reduce/ReduceDCO.cpp:11 reduce : < accept reduce 
[0m[0;37m2023-03-31 14:08:38,226 [trace] [140416381154880] /home/kevin/git/lwdee/terasort/matrix/LinuxMatrix.cpp:46 print : CPU(1.01%-23.05%: 22.04%),RAM(33862M-63943M: 30081M), cpu:9.36%,ram total:64214M,avai:10930M,used:53284M,free:10928M 
[0m[1;32m2023-03-31 14:08:38,226 [info ] [140416381154880] /home/kevin/git/lwdee/terasort/reduce/Step2Task.cpp:14 run : < reduce task run
[0m[1;32m2023-03-31 14:08:38,226 [info ] [140416381154880] /home/kevin/git/lwdee/terasort/reduce/Step2Task.cpp:31 read : < read
[0m[0;36m2023-03-31 14:08:38,242 [debug] [140416381154880] /home/kevin/git/lwdee/terasort/TerasortDCOFactory.cpp:14 newDco : create dco ReduceDCO
[0m[0;37m2023-03-31 14:08:38,244 [trace] [140416171112000] /home/kevin/git/lwdee/terasort/reduce/ReduceDCO.cpp:9 reduce : ---------------------------------
[0m[1;32m2023-03-31 14:08:38,244 [info ] [140416171112000] /home/kevin/git/lwdee/terasort/reduce/ReduceDCO.cpp:11 reduce : < accept reduce 
[0m[0;37m2023-03-31 14:08:38,244 [trace] [140416171112000] /home/kevin/git/lwdee/terasort/matrix/LinuxMatrix.cpp:46 print : CPU(1.01%-23.05%: 22.04%),RAM(33862M-63943M: 30081M), cpu:9.36%,ram total:64214M,avai:10930M,used:53284M,free:10928M 
[0m[1;32m2023-03-31 14:08:38,244 [info ] [140416171112000] /home/kevin/git/lwdee/terasort/reduce/Step2Task.cpp:14 run : < reduce task run
[0m[1;32m2023-03-31 14:08:38,244 [info ] [140416171112000] /home/kevin/git/lwdee/terasort/reduce/Step2Task.cpp:31 read : < read
[0m[0;36m2023-03-31 14:08:38,262 [debug] [140416381154880] /home/kevin/git/lwdee/terasort/TerasortDCOFactory.cpp:14 newDco : create dco ReduceDCO
[0m[0;37m2023-03-31 14:08:38,264 [trace] [140416381154880] /home/kevin/git/lwdee/terasort/reduce/ReduceDCO.cpp:9 reduce : ---------------------------------
[0m[1;32m2023-03-31 14:08:38,264 [info ] [140416381154880] /home/kevin/git/lwdee/terasort/reduce/ReduceDCO.cpp:11 reduce : < accept reduce 
[0m[0;37m2023-03-31 14:08:38,264 [trace] [140416381154880] /home/kevin/git/lwdee/terasort/matrix/LinuxMatrix.cpp:46 print : CPU(1.01%-23.05%: 22.04%),RAM(33862M-63943M: 30081M), cpu:9.36%,ram total:64214M,avai:10930M,used:53284M,free:10928M 
[0m[1;32m2023-03-31 14:08:38,264 [info ] [140416381154880] /home/kevin/git/lwdee/terasort/reduce/Step2Task.cpp:14 run : < reduce task run
[0m[1;32m2023-03-31 14:08:38,265 [info ] [140416381154880] /home/kevin/git/lwdee/terasort/reduce/Step2Task.cpp:31 read : < read
[0m[0;36m2023-03-31 14:08:43,839 [debug] [140416389547584] /home/kevin/git/lwdee/terasort/reduce/Step2Task.cpp:47 read : read node 1 ddo, record count: 1738280æ¡
[0m[0;36m2023-03-31 14:08:49,126 [debug] [140416171112000] /home/kevin/git/lwdee/terasort/reduce/Step2Task.cpp:47 read : read node 1 ddo, record count: 1734668æ¡
[0m[0;36m2023-03-31 14:08:53,784 [debug] [140416171112000] /home/kevin/git/lwdee/terasort/reduce/Step2Task.cpp:47 read : read node 1 ddo, record count: 1736695æ¡
[0m[0;36m2023-03-31 14:09:00,112 [debug] [140416381154880] /home/kevin/git/lwdee/terasort/reduce/Step2Task.cpp:47 read : read node 1 ddo, record count: 1735154æ¡
[0m[0;36m2023-03-31 14:09:04,563 [debug] [140416381154880] /home/kevin/git/lwdee/terasort/reduce/Step2Task.cpp:47 read : read node 1 ddo, record count: 1736769æ¡
[0m[0;36m2023-03-31 14:09:07,729 [debug] [140416381154880] /home/kevin/git/lwdee/terasort/reduce/Step2Task.cpp:47 read : read node 2 ddo, record count: 1735871æ¡
[0m[0;36m2023-03-31 14:09:13,032 [debug] [140416389547584] /home/kevin/git/lwdee/terasort/reduce/Step2Task.cpp:47 read : read node 2 ddo, record count: 1734766æ¡
[0m[0;36m2023-03-31 14:09:16,284 [debug] [140416381154880] /home/kevin/git/lwdee/terasort/reduce/Step2Task.cpp:47 read : read node 2 ddo, record count: 1737856æ¡
[0m[0;36m2023-03-31 14:09:19,835 [debug] [140416389547584] /home/kevin/git/lwdee/terasort/reduce/Step2Task.cpp:47 read : read node 3 ddo, record count: 1735785æ¡
[0m[0;36m2023-03-31 14:09:22,789 [debug] [140416389547584] /home/kevin/git/lwdee/terasort/reduce/Step2Task.cpp:47 read : read node 2 ddo, record count: 1734212æ¡
[0m[0;36m2023-03-31 14:09:25,331 [debug] [140416162719296] /home/kevin/git/lwdee/terasort/reduce/Step2Task.cpp:47 read : read node 3 ddo, record count: 1736976æ¡
[0m[0;36m2023-03-31 14:09:27,803 [debug] [140416162719296] /home/kevin/git/lwdee/terasort/reduce/Step2Task.cpp:47 read : read node 2 ddo, record count: 1736773æ¡
[0m[0;36m2023-03-31 14:09:29,277 [debug] [140416162719296] /home/kevin/git/lwdee/terasort/reduce/Step2Task.cpp:47 read : read node 4 ddo, record count: 1734712æ¡
[0m[0;36m2023-03-31 14:09:29,465 [debug] [140416154326592] /home/kevin/git/lwdee/terasort/reduce/Step2Task.cpp:47 read : read node 3 ddo, record count: 1735795æ¡
[0m[0;36m2023-03-31 14:09:33,263 [debug] [140416162719296] /home/kevin/git/lwdee/terasort/reduce/Step2Task.cpp:47 read : read node 3 ddo, record count: 1737667æ¡
[0m[0;36m2023-03-31 14:09:33,511 [debug] [140416381154880] /home/kevin/git/lwdee/terasort/reduce/Step2Task.cpp:47 read : read node 4 ddo, record count: 1736488æ¡
[0m[0;36m2023-03-31 14:09:33,598 [debug] [140416162719296] /home/kevin/git/lwdee/terasort/reduce/Step2Task.cpp:47 read : read node 5 ddo, record count: 1738082æ¡
[0m[0;36m2023-03-31 14:09:36,146 [debug] [140416389547584] /home/kevin/git/lwdee/terasort/reduce/Step2Task.cpp:47 read : read node 3 ddo, record count: 1738718æ¡
[0m[0;36m2023-03-31 14:09:38,829 [debug] [140416389547584] /home/kevin/git/lwdee/terasort/reduce/Step2Task.cpp:47 read : read node 4 ddo, record count: 1735139æ¡
[0m[0;36m2023-03-31 14:09:38,865 [debug] [140416381154880] /home/kevin/git/lwdee/terasort/reduce/Step2Task.cpp:47 read : read node 5 ddo, record count: 1734889æ¡
[0m[0;36m2023-03-31 14:09:41,105 [debug] [140416389547584] /home/kevin/git/lwdee/terasort/reduce/Step2Task.cpp:47 read : read node 6 ddo, record count: 1735652æ¡
[0m[0;36m2023-03-31 14:09:41,255 [debug] [140416162719296] /home/kevin/git/lwdee/terasort/reduce/Step2Task.cpp:47 read : read node 5 ddo, record count: 1736439æ¡
[0m[0;36m2023-03-31 14:09:43,938 [debug] [140416389547584] /home/kevin/git/lwdee/terasort/reduce/Step2Task.cpp:47 read : read node 6 ddo, record count: 1736458æ¡
[0m[0;36m2023-03-31 14:09:46,581 [debug] [140416381154880] /home/kevin/git/lwdee/terasort/reduce/Step2Task.cpp:47 read : read node 4 ddo, record count: 1736513æ¡
[0m[0;36m2023-03-31 14:09:49,413 [debug] [140416171112000] /home/kevin/git/lwdee/terasort/reduce/Step2Task.cpp:47 read : read node 4 ddo, record count: 1735722æ¡
[0m[0;36m2023-03-31 14:09:49,527 [debug] [140416162719296] /home/kevin/git/lwdee/terasort/reduce/Step2Task.cpp:47 read : read node 5 ddo, record count: 1735676æ¡
[0m[0;36m2023-03-31 14:09:52,607 [debug] [140416389547584] /home/kevin/git/lwdee/terasort/reduce/Step2Task.cpp:47 read : read node 7 ddo, record count: 1736620æ¡
[0m[0;36m2023-03-31 14:09:53,308 [debug] [140416381154880] /home/kevin/git/lwdee/terasort/reduce/Step2Task.cpp:47 read : read node 6 ddo, record count: 1737880æ¡
[0m[0;36m2023-03-31 14:09:55,626 [debug] [140416381154880] /home/kevin/git/lwdee/terasort/reduce/Step2Task.cpp:47 read : read node 5 ddo, record count: 1735494æ¡
[0m[0;36m2023-03-31 14:09:55,638 [debug] [140416171112000] /home/kevin/git/lwdee/terasort/reduce/Step2Task.cpp:47 read : read node 7 ddo, record count: 1735128æ¡
[0m[0;36m2023-03-31 14:09:58,783 [debug] [140416162719296] /home/kevin/git/lwdee/terasort/reduce/Step2Task.cpp:47 read : read node 6 ddo, record count: 1737178æ¡
[0m[0;36m2023-03-31 14:10:01,937 [debug] [140416137541184] /home/kevin/git/lwdee/terasort/reduce/Step2Task.cpp:47 read : read node 6 ddo, record count: 1736670æ¡
[0m[0;36m2023-03-31 14:10:03,976 [debug] [140416162719296] /home/kevin/git/lwdee/terasort/reduce/Step2Task.cpp:47 read : read node 8 ddo, record count: 1737819æ¡
[0m[0;36m2023-03-31 14:10:04,409 [debug] [140416145933888] /home/kevin/git/lwdee/terasort/reduce/Step2Task.cpp:47 read : read node 7 ddo, record count: 1735410æ¡
[0m[0;36m2023-03-31 14:10:07,332 [debug] [140416162719296] /home/kevin/git/lwdee/terasort/reduce/Step2Task.cpp:47 read : read node 8 ddo, record count: 1735379æ¡
[0m[0;36m2023-03-31 14:10:09,578 [debug] [140416162719296] /home/kevin/git/lwdee/terasort/reduce/Step2Task.cpp:47 read : read node 9 ddo, record count: 1736387æ¡
[0m[0;36m2023-03-31 14:10:12,397 [debug] [140416381154880] /home/kevin/git/lwdee/terasort/reduce/Step2Task.cpp:47 read : read node 8 ddo, record count: 1737127æ¡
[0m[0;36m2023-03-31 14:10:14,858 [debug] [140416154326592] /home/kevin/git/lwdee/terasort/reduce/Step2Task.cpp:47 read : read node 7 ddo, record count: 1735705æ¡
[0m[0;36m2023-03-31 14:10:19,854 [debug] [140416389547584] /home/kevin/git/lwdee/terasort/reduce/Step2Task.cpp:47 read : read node 7 ddo, record count: 1735636æ¡
[0m[0;36m2023-03-31 14:10:21,599 [debug] [140416389547584] /home/kevin/git/lwdee/terasort/reduce/Step2Task.cpp:47 read : read node 9 ddo, record count: 1736412æ¡
[0m[0;36m2023-03-31 14:10:21,909 [debug] [140416162719296] /home/kevin/git/lwdee/terasort/reduce/Step2Task.cpp:47 read : read node 10 ddo, record count: 1734551æ¡
[0m[0;36m2023-03-31 14:10:23,749 [debug] [140416389547584] /home/kevin/git/lwdee/terasort/reduce/Step2Task.cpp:47 read : read node 8 ddo, record count: 1735388æ¡
[0m[0;36m2023-03-31 14:10:25,848 [debug] [140416381154880] /home/kevin/git/lwdee/terasort/reduce/Step2Task.cpp:47 read : read node 9 ddo, record count: 1736183æ¡
[0m[0;36m2023-03-31 14:10:26,516 [debug] [140416381154880] /home/kevin/git/lwdee/terasort/reduce/Step2Task.cpp:47 read : read node 8 ddo, record count: 1736394æ¡
[0m[0;36m2023-03-31 14:10:26,868 [debug] [140416389547584] /home/kevin/git/lwdee/terasort/reduce/Step2Task.cpp:47 read : read node 10 ddo, record count: 1737274æ¡
[0m[0;36m2023-03-31 14:10:28,256 [debug] [140416154326592] /home/kevin/git/lwdee/terasort/reduce/Step2Task.cpp:47 read : read node 11 ddo, record count: 1737910æ¡
[0m[0;36m2023-03-31 14:10:28,597 [debug] [140416145933888] /home/kevin/git/lwdee/terasort/reduce/Step2Task.cpp:47 read : read node 10 ddo, record count: 1736591æ¡
[0m[0;36m2023-03-31 14:10:30,585 [debug] [140416389547584] /home/kevin/git/lwdee/terasort/reduce/Step2Task.cpp:47 read : read node 9 ddo, record count: 1735737æ¡
[0m[0;36m2023-03-31 14:10:33,134 [debug] [140416389547584] /home/kevin/git/lwdee/terasort/reduce/Step2Task.cpp:47 read : read node 9 ddo, record count: 1737265æ¡
[0m[0;36m2023-03-31 14:10:33,904 [debug] [140416381154880] /home/kevin/git/lwdee/terasort/reduce/Step2Task.cpp:47 read : read node 11 ddo, record count: 1736649æ¡
[0m[0;36m2023-03-31 14:10:34,303 [debug] [140416389547584] /home/kevin/git/lwdee/terasort/reduce/Step2Task.cpp:47 read : read node 10 ddo, record count: 1733872æ¡
[0m[0;36m2023-03-31 14:10:34,383 [debug] [140416137541184] /home/kevin/git/lwdee/terasort/reduce/Step2Task.cpp:47 read : read node 10 ddo, record count: 1737459æ¡
[0m[0;36m2023-03-31 14:10:37,238 [debug] [140416171112000] /home/kevin/git/lwdee/terasort/reduce/Step2Task.cpp:47 read : read node 12 ddo, record count: 1737876æ¡
[0m[0;36m2023-03-31 14:10:37,277 [debug] [140416381154880] /home/kevin/git/lwdee/terasort/reduce/Step2Task.cpp:47 read : read node 11 ddo, record count: 1736176æ¡
[0m[0;36m2023-03-31 14:10:39,975 [debug] [140416389547584] /home/kevin/git/lwdee/terasort/reduce/Step2Task.cpp:47 read : read node 12 ddo, record count: 1737368æ¡
[0m[0;36m2023-03-31 14:10:41,110 [debug] [140416154326592] /home/kevin/git/lwdee/terasort/reduce/Step2Task.cpp:47 read : read node 11 ddo, record count: 1736265æ¡
[0m[0;36m2023-03-31 14:10:44,072 [debug] [140416145933888] /home/kevin/git/lwdee/terasort/reduce/Step2Task.cpp:47 read : read node 11 ddo, record count: 1735836æ¡
[0m[0;36m2023-03-31 14:10:46,584 [debug] [140416145933888] /home/kevin/git/lwdee/terasort/reduce/Step2Task.cpp:47 read : read node 13 ddo, record count: 1737427æ¡
[0m[0;36m2023-03-31 14:10:46,835 [debug] [140416137541184] /home/kevin/git/lwdee/terasort/reduce/Step2Task.cpp:47 read : read node 12 ddo, record count: 1734846æ¡
[0m[0;36m2023-03-31 14:10:48,417 [debug] [140416171112000] /home/kevin/git/lwdee/terasort/reduce/Step2Task.cpp:47 read : read node 13 ddo, record count: 1735200æ¡
[0m[0;36m2023-03-31 14:10:53,840 [debug] [140416171112000] /home/kevin/git/lwdee/terasort/reduce/Step2Task.cpp:47 read : read node 14 ddo, record count: 1734022æ¡
[0m[0;36m2023-03-31 14:10:53,919 [debug] [140416162719296] /home/kevin/git/lwdee/terasort/reduce/Step2Task.cpp:47 read : read node 12 ddo, record count: 1735693æ¡
[0m[0;36m2023-03-31 14:10:54,230 [debug] [140416171112000] /home/kevin/git/lwdee/terasort/reduce/Step2Task.cpp:47 read : read node 13 ddo, record count: 1734798æ¡
[0m[0;36m2023-03-31 14:10:56,588 [debug] [140416171112000] /home/kevin/git/lwdee/terasort/reduce/Step2Task.cpp:47 read : read node 12 ddo, record count: 1734504æ¡
[0m[0;36m2023-03-31 14:10:58,794 [debug] [140416154326592] /home/kevin/git/lwdee/terasort/reduce/Step2Task.cpp:47 read : read node 14 ddo, record count: 1735721æ¡
[0m[0;36m2023-03-31 14:10:59,345 [debug] [140416162719296] /home/kevin/git/lwdee/terasort/reduce/Step2Task.cpp:47 read : read node 15 ddo, record count: 1737001æ¡
[0m[0;36m2023-03-31 14:11:01,884 [debug] [140416381154880] /home/kevin/git/lwdee/terasort/reduce/Step2Task.cpp:47 read : read node 13 ddo, record count: 1736242æ¡
[0m[0;36m2023-03-31 14:11:02,036 [debug] [140416171112000] /home/kevin/git/lwdee/terasort/reduce/Step2Task.cpp:47 read : read node 14 ddo, record count: 1737316æ¡
[0m[0;36m2023-03-31 14:11:02,435 [debug] [140416154326592] /home/kevin/git/lwdee/terasort/reduce/Step2Task.cpp:47 read : read node 15 ddo, record count: 1740521æ¡
[0m[0;36m2023-03-31 14:11:04,943 [debug] [140416162719296] /home/kevin/git/lwdee/terasort/reduce/Step2Task.cpp:47 read : read node 16 ddo, record count: 1734082æ¡
[0m[0;36m2023-03-31 14:11:07,322 [debug] [140416154326592] /home/kevin/git/lwdee/terasort/reduce/Step2Task.cpp:47 read : read node 13 ddo, record count: 1733216æ¡
[0m[0;36m2023-03-31 14:11:07,390 [debug] [140416145933888] /home/kevin/git/lwdee/terasort/reduce/Step2Task.cpp:47 read : read node 15 ddo, record count: 1735781æ¡
[0m[0;36m2023-03-31 14:11:10,019 [debug] [140416162719296] /home/kevin/git/lwdee/terasort/reduce/Step2Task.cpp:47 read : read node 14 ddo, record count: 1735950æ¡
[0m[0;36m2023-03-31 14:11:11,995 [debug] [140416381154880] /home/kevin/git/lwdee/terasort/reduce/Step2Task.cpp:47 read : read node 16 ddo, record count: 1739513æ¡
[0m[0;36m2023-03-31 14:11:17,752 [debug] [140416162719296] /home/kevin/git/lwdee/terasort/reduce/Step2Task.cpp:47 read : read node 16 ddo, record count: 1737722æ¡
[0m[0;36m2023-03-31 14:11:17,813 [debug] [140416154326592] /home/kevin/git/lwdee/terasort/reduce/Step2Task.cpp:47 read : read node 15 ddo, record count: 1735989æ¡
[0m[0;36m2023-03-31 14:11:20,826 [debug] [140416171112000] /home/kevin/git/lwdee/terasort/reduce/Step2Task.cpp:47 read : read node 17 ddo, record count: 1735233æ¡
[0m[0;36m2023-03-31 14:11:21,525 [debug] [140416389547584] /home/kevin/git/lwdee/terasort/reduce/Step2Task.cpp:47 read : read node 14 ddo, record count: 1735330æ¡
[0m[0;36m2023-03-31 14:11:23,061 [debug] [140416171112000] /home/kevin/git/lwdee/terasort/reduce/Step2Task.cpp:47 read : read node 17 ddo, record count: 1738407æ¡
[0m[0;36m2023-03-31 14:11:25,072 [debug] [140416389547584] /home/kevin/git/lwdee/terasort/reduce/Step2Task.cpp:47 read : read node 16 ddo, record count: 1734137æ¡
[0m[0;36m2023-03-31 14:11:25,189 [debug] [140416145933888] /home/kevin/git/lwdee/terasort/reduce/Step2Task.cpp:47 read : read node 15 ddo, record count: 1735221æ¡
[0m[0;36m2023-03-31 14:11:28,487 [debug] [140416381154880] /home/kevin/git/lwdee/terasort/reduce/Step2Task.cpp:47 read : read node 18 ddo, record count: 1734386æ¡
[0m[0;36m2023-03-31 14:11:28,744 [debug] [140416389547584] /home/kevin/git/lwdee/terasort/reduce/Step2Task.cpp:47 read : read node 17 ddo, record count: 1736330æ¡
[0m[0;36m2023-03-31 14:11:34,268 [debug] [140416162719296] /home/kevin/git/lwdee/terasort/reduce/Step2Task.cpp:47 read : read node 18 ddo, record count: 1735646æ¡
[0m[0;36m2023-03-31 14:11:36,394 [debug] [140416154326592] /home/kevin/git/lwdee/terasort/reduce/Step2Task.cpp:47 read : read node 16 ddo, record count: 1735881æ¡
[0m[0;36m2023-03-31 14:11:40,137 [debug] [140416171112000] /home/kevin/git/lwdee/terasort/reduce/Step2Task.cpp:47 read : read node 19 ddo, record count: 1735808æ¡
[0m[0;36m2023-03-31 14:11:40,363 [debug] [140416389547584] /home/kevin/git/lwdee/terasort/reduce/Step2Task.cpp:47 read : read node 17 ddo, record count: 1735384æ¡
[0m[0;36m2023-03-31 14:11:41,504 [debug] [140416171112000] /home/kevin/git/lwdee/terasort/reduce/Step2Task.cpp:47 read : read node 18 ddo, record count: 1735269æ¡
[0m[0;36m2023-03-31 14:11:46,968 [debug] [140416389547584] /home/kevin/git/lwdee/terasort/reduce/Step2Task.cpp:47 read : read node 18 ddo, record count: 1736149æ¡
[0m[0;36m2023-03-31 14:11:48,375 [debug] [140416162719296] /home/kevin/git/lwdee/terasort/reduce/Step2Task.cpp:47 read : read node 19 ddo, record count: 1738316æ¡
[0m[0;36m2023-03-31 14:11:48,462 [debug] [140416389547584] /home/kevin/git/lwdee/terasort/reduce/Step2Task.cpp:47 read : read node 20 ddo, record count: 1733451æ¡
[0m[0;36m2023-03-31 14:11:48,469 [debug] [140416145933888] /home/kevin/git/lwdee/terasort/reduce/Step2Task.cpp:47 read : read node 17 ddo, record count: 1737114æ¡
[0m[0;36m2023-03-31 14:11:51,620 [debug] [140416389547584] /home/kevin/git/lwdee/terasort/reduce/Step2Task.cpp:47 read : read node 19 ddo, record count: 1736413æ¡
[0m[0;36m2023-03-31 14:11:51,663 [debug] [140416162719296] /home/kevin/git/lwdee/terasort/reduce/Step2Task.cpp:47 read : read node 20 ddo, record count: 1736812æ¡
[0m[0;36m2023-03-31 14:11:55,208 [debug] [140416171112000] /home/kevin/git/lwdee/terasort/reduce/Step2Task.cpp:47 read : read node 19 ddo, record count: 1737238æ¡
[0m[0;36m2023-03-31 14:11:56,324 [debug] [140416171112000] /home/kevin/git/lwdee/terasort/reduce/Step2Task.cpp:47 read : read node 18 ddo, record count: 1738127æ¡
[0m[0;36m2023-03-31 14:11:56,521 [debug] [140416162719296] /home/kevin/git/lwdee/terasort/reduce/Step2Task.cpp:47 read : read node 21 ddo, record count: 1732933æ¡
[0m[0;36m2023-03-31 14:11:56,595 [debug] [140416381154880] /home/kevin/git/lwdee/terasort/reduce/Step2Task.cpp:47 read : read node 20 ddo, record count: 1736124æ¡
[0m[0;36m2023-03-31 14:11:56,674 [debug] [140416389547584] /home/kevin/git/lwdee/terasort/reduce/Step2Task.cpp:47 read : read node 20 ddo, record count: 1734372æ¡
[0m[0;36m2023-03-31 14:11:58,594 [debug] [140416389547584] /home/kevin/git/lwdee/terasort/reduce/Step2Task.cpp:47 read : read node 21 ddo, record count: 1737797æ¡
[0m[0;36m2023-03-31 14:12:01,848 [debug] [140416381154880] /home/kevin/git/lwdee/terasort/reduce/Step2Task.cpp:47 read : read node 19 ddo, record count: 1733552æ¡
[0m[0;36m2023-03-31 14:12:02,049 [debug] [140416145933888] /home/kevin/git/lwdee/terasort/reduce/Step2Task.cpp:47 read : read node 21 ddo, record count: 1737727æ¡
[0m[0;36m2023-03-31 14:12:04,126 [debug] [140416389547584] /home/kevin/git/lwdee/terasort/reduce/Step2Task.cpp:47 read : read node 21 ddo, record count: 1735989æ¡
[0m[0;36m2023-03-31 14:12:04,239 [debug] [140416162719296] /home/kevin/git/lwdee/terasort/reduce/Step2Task.cpp:47 read : read node 20 ddo, record count: 1734588æ¡
[0m[0;36m2023-03-31 14:12:07,765 [debug] [140416389547584] /home/kevin/git/lwdee/terasort/reduce/Step2Task.cpp:47 read : read node 22 ddo, record count: 1733217æ¡
[0m[0;36m2023-03-31 14:12:11,869 [debug] [140416389547584] /home/kevin/git/lwdee/terasort/reduce/Step2Task.cpp:47 read : read node 22 ddo, record count: 1737062æ¡
[0m[0;36m2023-03-31 14:12:14,752 [debug] [140416162719296] /home/kevin/git/lwdee/terasort/reduce/Step2Task.cpp:47 read : read node 22 ddo, record count: 1734834æ¡
[0m[0;36m2023-03-31 14:12:15,404 [debug] [140416171112000] /home/kevin/git/lwdee/terasort/reduce/Step2Task.cpp:47 read : read node 21 ddo, record count: 1736268æ¡
[0m[0;36m2023-03-31 14:12:18,403 [debug] [140416162719296] /home/kevin/git/lwdee/terasort/reduce/Step2Task.cpp:47 read : read node 23 ddo, record count: 1740258æ¡
[0m[0;36m2023-03-31 14:12:21,326 [debug] [140416389547584] /home/kevin/git/lwdee/terasort/reduce/Step2Task.cpp:47 read : read node 23 ddo, record count: 1735463æ¡
[0m[0;36m2023-03-31 14:12:21,412 [debug] [140416162719296] /home/kevin/git/lwdee/terasort/reduce/Step2Task.cpp:47 read : read node 22 ddo, record count: 1737711æ¡
[0m[0;36m2023-03-31 14:12:24,384 [debug] [140416389547584] /home/kevin/git/lwdee/terasort/reduce/Step2Task.cpp:47 read : read node 23 ddo, record count: 1735687æ¡
[0m[0;36m2023-03-31 14:12:26,719 [debug] [140416171112000] /home/kevin/git/lwdee/terasort/reduce/Step2Task.cpp:47 read : read node 22 ddo, record count: 1736582æ¡
[0m[0;36m2023-03-31 14:12:28,686 [debug] [140416381154880] /home/kevin/git/lwdee/terasort/reduce/Step2Task.cpp:47 read : read node 23 ddo, record count: 1734107æ¡
[0m[0;36m2023-03-31 14:12:29,096 [debug] [140416381154880] /home/kevin/git/lwdee/terasort/reduce/Step2Task.cpp:47 read : read node 24 ddo, record count: 1737496æ¡
[0m[0;36m2023-03-31 14:12:32,213 [debug] [140416171112000] /home/kevin/git/lwdee/terasort/reduce/Step2Task.cpp:47 read : read node 24 ddo, record count: 1736197æ¡
[0m[0;36m2023-03-31 14:12:32,256 [debug] [140416145933888] /home/kevin/git/lwdee/terasort/reduce/Step2Task.cpp:47 read : read node 23 ddo, record count: 1734837æ¡
[0m[0;36m2023-03-31 14:12:34,965 [debug] [140416389547584] /home/kevin/git/lwdee/terasort/reduce/Step2Task.cpp:47 read : read node 24 ddo, record count: 1734765æ¡
[0m[0;36m2023-03-31 14:12:38,111 [debug] [140416171112000] /home/kevin/git/lwdee/terasort/reduce/Step2Task.cpp:56 read : read æ‰€æœ‰åˆ†åŒºDDOè®°å½• åˆè®¡41687355æ¡
[0m[0;36m2023-03-31 14:12:38,111 [debug] [140416171112000] /home/kevin/git/lwdee/terasort/reduce/Step2Task.cpp:58 read : å¼€å§‹ç”ŸæˆTeraRecordè®°å½•ï¼Œåº”è¯¥æ˜¯41687355æ¡
[0m[0;36m2023-03-31 14:12:38,111 [debug] [140416171112000] /home/kevin/git/lwdee/terasort/reduce/Step2Task.cpp:64 read : 0 - split 0,1738280æ¡
[0m[0;36m2023-03-31 14:12:38,115 [debug] [140416162719296] /home/kevin/git/lwdee/terasort/reduce/Step2Task.cpp:56 read : read æ‰€æœ‰åˆ†åŒºDDOè®°å½• åˆè®¡41659909æ¡
[0m[0;36m2023-03-31 14:12:38,115 [debug] [140416162719296] /home/kevin/git/lwdee/terasort/reduce/Step2Task.cpp:58 read : å¼€å§‹ç”ŸæˆTeraRecordè®°å½•ï¼Œåº”è¯¥æ˜¯41659909æ¡
[0m[0;36m2023-03-31 14:12:38,115 [debug] [140416162719296] /home/kevin/git/lwdee/terasort/reduce/Step2Task.cpp:64 read : 10 - split 0,1735154æ¡
[0m[0;36m2023-03-31 14:12:38,120 [debug] [140416389547584] /home/kevin/git/lwdee/terasort/reduce/Step2Task.cpp:56 read : read æ‰€æœ‰åˆ†åŒºDDOè®°å½• åˆè®¡41659646æ¡
[0m[0;36m2023-03-31 14:12:38,120 [debug] [140416389547584] /home/kevin/git/lwdee/terasort/reduce/Step2Task.cpp:58 read : å¼€å§‹ç”ŸæˆTeraRecordè®°å½•ï¼Œåº”è¯¥æ˜¯41659646æ¡
[0m[0;36m2023-03-31 14:12:38,120 [debug] [140416389547584] /home/kevin/git/lwdee/terasort/reduce/Step2Task.cpp:64 read : 15 - split 0,1734668æ¡
[0m[0;36m2023-03-31 14:12:38,353 [debug] [140416381154880] /home/kevin/git/lwdee/terasort/reduce/Step2Task.cpp:47 read : read node 24 ddo, record count: 1735686æ¡
[0m[0;36m2023-03-31 14:12:38,476 [debug] [140416162719296] /home/kevin/git/lwdee/terasort/reduce/Step2Task.cpp:64 read : 10 - split 1,1734766æ¡
[0m[0;36m2023-03-31 14:12:38,817 [debug] [140416162719296] /home/kevin/git/lwdee/terasort/reduce/Step2Task.cpp:64 read : 10 - split 2,1736976æ¡
[0m[0;36m2023-03-31 14:12:38,834 [debug] [140416171112000] /home/kevin/git/lwdee/terasort/reduce/Step2Task.cpp:64 read : 0 - split 1,1737856æ¡
[0m[0;36m2023-03-31 14:12:38,905 [debug] [140416389547584] /home/kevin/git/lwdee/terasort/reduce/Step2Task.cpp:64 read : 15 - split 1,1735871æ¡
[0m[0;36m2023-03-31 14:12:39,083 [debug] [140416171112000] /home/kevin/git/lwdee/terasort/reduce/Step2Task.cpp:64 read : 0 - split 2,1735795æ¡
[0m[0;36m2023-03-31 14:12:39,088 [debug] [140416162719296] /home/kevin/git/lwdee/terasort/reduce/Step2Task.cpp:64 read : 10 - split 3,1736488æ¡
[0m[0;36m2023-03-31 14:12:39,241 [debug] [140416389547584] /home/kevin/git/lwdee/terasort/reduce/Step2Task.cpp:64 read : 15 - split 2,1735785æ¡
[0m[0;36m2023-03-31 14:12:39,400 [debug] [140416162719296] /home/kevin/git/lwdee/terasort/reduce/Step2Task.cpp:64 read : 10 - split 4,1734889æ¡
[0m[0;36m2023-03-31 14:12:39,767 [debug] [140416162719296] /home/kevin/git/lwdee/terasort/reduce/Step2Task.cpp:64 read : 10 - split 5,1736458æ¡
[0m[0;36m2023-03-31 14:12:39,777 [debug] [140416171112000] /home/kevin/git/lwdee/terasort/reduce/Step2Task.cpp:64 read : 0 - split 3,1735139æ¡
[0m[0;36m2023-03-31 14:12:40,038 [debug] [140416171112000] /home/kevin/git/lwdee/terasort/reduce/Step2Task.cpp:64 read : 0 - split 4,1736439æ¡
[0m[0;36m2023-03-31 14:12:40,051 [debug] [140416162719296] /home/kevin/git/lwdee/terasort/reduce/Step2Task.cpp:64 read : 10 - split 6,1736620æ¡
[0m[0;36m2023-03-31 14:12:40,146 [debug] [140416389547584] /home/kevin/git/lwdee/terasort/reduce/Step2Task.cpp:64 read : 15 - split 3,1734712æ¡
[0m[0;36m2023-03-31 14:12:40,323 [debug] [140416162719296] /home/kevin/git/lwdee/terasort/reduce/Step2Task.cpp:64 read : 10 - split 7,1737819æ¡
[0m[0;36m2023-03-31 14:12:40,479 [debug] [140416171112000] /home/kevin/git/lwdee/terasort/reduce/Step2Task.cpp:64 read : 0 - split 5,1737880æ¡
[0m[0;36m2023-03-31 14:12:40,481 [debug] [140416389547584] /home/kevin/git/lwdee/terasort/reduce/Step2Task.cpp:64 read : 15 - split 4,1738082æ¡
[0m[0;36m2023-03-31 14:12:40,586 [debug] [140416162719296] /home/kevin/git/lwdee/terasort/reduce/Step2Task.cpp:64 read : 10 - split 8,1736387æ¡
[0m[0;36m2023-03-31 14:12:40,766 [debug] [140416171112000] /home/kevin/git/lwdee/terasort/reduce/Step2Task.cpp:64 read : 0 - split 6,1735410æ¡
[0m[0;36m2023-03-31 14:12:40,853 [debug] [140416162719296] /home/kevin/git/lwdee/terasort/reduce/Step2Task.cpp:64 read : 10 - split 9,1734551æ¡
[0m[0;36m2023-03-31 14:12:40,910 [debug] [140416389547584] /home/kevin/git/lwdee/terasort/reduce/Step2Task.cpp:64 read : 15 - split 5,1735652æ¡
[0m[0;36m2023-03-31 14:12:41,008 [debug] [140416171112000] /home/kevin/git/lwdee/terasort/reduce/Step2Task.cpp:64 read : 0 - split 7,1737127æ¡
[0m[0;36m2023-03-31 14:12:41,117 [debug] [140416162719296] /home/kevin/git/lwdee/terasort/reduce/Step2Task.cpp:64 read : 10 - split 10,1737910æ¡
[0m[0;36m2023-03-31 14:12:41,175 [debug] [140416389547584] /home/kevin/git/lwdee/terasort/reduce/Step2Task.cpp:64 read : 15 - split 6,1735128æ¡
[0m[0;36m2023-03-31 14:12:41,350 [debug] [140416171112000] /home/kevin/git/lwdee/terasort/reduce/Step2Task.cpp:64 read : 0 - split 8,1736412æ¡
[0m[0;36m2023-03-31 14:12:41,391 [debug] [140416381154880] /home/kevin/git/lwdee/terasort/reduce/Step2Task.cpp:56 read : read æ‰€æœ‰åˆ†åŒºDDOè®°å½• åˆè®¡41666086æ¡
[0m[0;36m2023-03-31 14:12:41,392 [debug] [140416381154880] /home/kevin/git/lwdee/terasort/reduce/Step2Task.cpp:58 read : å¼€å§‹ç”ŸæˆTeraRecordè®°å½•ï¼Œåº”è¯¥æ˜¯41666086æ¡
[0m[0;36m2023-03-31 14:12:41,392 [debug] [140416381154880] /home/kevin/git/lwdee/terasort/reduce/Step2Task.cpp:64 read : 20 - split 0,1736769æ¡
[0m[0;36m2023-03-31 14:12:41,416 [debug] [140416162719296] /home/kevin/git/lwdee/terasort/reduce/Step2Task.cpp:64 read : 10 - split 11,1737876æ¡
[0m[0;36m2023-03-31 14:12:41,613 [debug] [140416389547584] /home/kevin/git/lwdee/terasort/reduce/Step2Task.cpp:64 read : 15 - split 7,1735379æ¡
[0m[0;36m2023-03-31 14:12:41,617 [debug] [140416171112000] /home/kevin/git/lwdee/terasort/reduce/Step2Task.cpp:64 read : 0 - split 9,1737274æ¡
[0m[0;36m2023-03-31 14:12:41,667 [debug] [140416145933888] /home/kevin/git/lwdee/terasort/reduce/Step2Task.cpp:47 read : read node 24 ddo, record count: 1736645æ¡
[0m[0;36m2023-03-31 14:12:41,688 [debug] [140416145933888] /home/kevin/git/lwdee/terasort/reduce/Step2Task.cpp:56 read : read æ‰€æœ‰åˆ†åŒºDDOè®°å½• åˆè®¡41662491æ¡
[0m[0;36m2023-03-31 14:12:41,689 [debug] [140416145933888] /home/kevin/git/lwdee/terasort/reduce/Step2Task.cpp:58 read : å¼€å§‹ç”ŸæˆTeraRecordè®°å½•ï¼Œåº”è¯¥æ˜¯41662491æ¡
[0m[0;36m2023-03-31 14:12:41,689 [debug] [140416145933888] /home/kevin/git/lwdee/terasort/reduce/Step2Task.cpp:64 read : 5 - split 0,1736695æ¡
[0m[0;36m2023-03-31 14:12:41,693 [debug] [140416162719296] /home/kevin/git/lwdee/terasort/reduce/Step2Task.cpp:64 read : 10 - split 12,1737427æ¡
[0m[0;36m2023-03-31 14:12:41,830 [debug] [140416381154880] /home/kevin/git/lwdee/terasort/reduce/Step2Task.cpp:64 read : 20 - split 1,1734212æ¡
[0m[0;36m2023-03-31 14:12:41,904 [debug] [140416171112000] /home/kevin/git/lwdee/terasort/reduce/Step2Task.cpp:64 read : 0 - split 10,1736649æ¡
[0m[0;36m2023-03-31 14:12:41,927 [debug] [140416389547584] /home/kevin/git/lwdee/terasort/reduce/Step2Task.cpp:64 read : 15 - split 8,1736183æ¡
[0m[0;36m2023-03-31 14:12:41,960 [debug] [140416162719296] /home/kevin/git/lwdee/terasort/reduce/Step2Task.cpp:64 read : 10 - split 13,1734022æ¡
[0m[0;36m2023-03-31 14:12:41,977 [debug] [140416145933888] /home/kevin/git/lwdee/terasort/reduce/Step2Task.cpp:64 read : 5 - split 1,1736773æ¡
[0m[0;36m2023-03-31 14:12:42,124 [debug] [140416381154880] /home/kevin/git/lwdee/terasort/reduce/Step2Task.cpp:64 read : 20 - split 2,1737667æ¡
[0m[0;36m2023-03-31 14:12:42,172 [debug] [140416171112000] /home/kevin/git/lwdee/terasort/reduce/Step2Task.cpp:64 read : 0 - split 11,1737368æ¡
[0m[0;36m2023-03-31 14:12:42,216 [debug] [140416162719296] /home/kevin/git/lwdee/terasort/reduce/Step2Task.cpp:64 read : 10 - split 14,1737001æ¡
[0m[0;36m2023-03-31 14:12:42,220 [debug] [140416389547584] /home/kevin/git/lwdee/terasort/reduce/Step2Task.cpp:64 read : 15 - split 9,1736591æ¡
[0m[0;36m2023-03-31 14:12:42,268 [debug] [140416145933888] /home/kevin/git/lwdee/terasort/reduce/Step2Task.cpp:64 read : 5 - split 2,1738718æ¡
[0m[0;36m2023-03-31 14:12:42,465 [debug] [140416171112000] /home/kevin/git/lwdee/terasort/reduce/Step2Task.cpp:64 read : 0 - split 12,1735200æ¡
[0m[0;36m2023-03-31 14:12:42,470 [debug] [140416162719296] /home/kevin/git/lwdee/terasort/reduce/Step2Task.cpp:64 read : 10 - split 15,1734082æ¡
[0m[0;36m2023-03-31 14:12:42,476 [debug] [140416381154880] /home/kevin/git/lwdee/terasort/reduce/Step2Task.cpp:64 read : 20 - split 3,1736513æ¡
[0m[0;36m2023-03-31 14:12:42,511 [debug] [140416389547584] /home/kevin/git/lwdee/terasort/reduce/Step2Task.cpp:64 read : 15 - split 10,1736176æ¡
[0m[0;36m2023-03-31 14:12:42,524 [debug] [140416145933888] /home/kevin/git/lwdee/terasort/reduce/Step2Task.cpp:64 read : 5 - split 3,1735722æ¡
[0m[0;36m2023-03-31 14:12:42,722 [debug] [140416162719296] /home/kevin/git/lwdee/terasort/reduce/Step2Task.cpp:64 read : 10 - split 16,1735233æ¡
[0m[0;36m2023-03-31 14:12:42,756 [debug] [140416171112000] /home/kevin/git/lwdee/terasort/reduce/Step2Task.cpp:64 read : 0 - split 13,1735721æ¡
[0m[0;36m2023-03-31 14:12:42,769 [debug] [140416381154880] /home/kevin/git/lwdee/terasort/reduce/Step2Task.cpp:64 read : 20 - split 4,1735676æ¡
[0m[0;36m2023-03-31 14:12:42,803 [debug] [140416389547584] /home/kevin/git/lwdee/terasort/reduce/Step2Task.cpp:64 read : 15 - split 11,1734846æ¡
[0m[0;36m2023-03-31 14:12:42,856 [debug] [140416145933888] /home/kevin/git/lwdee/terasort/reduce/Step2Task.cpp:64 read : 5 - split 4,1735494æ¡
[0m[0;36m2023-03-31 14:12:43,031 [debug] [140416162719296] /home/kevin/git/lwdee/terasort/reduce/Step2Task.cpp:64 read : 10 - split 17,1734386æ¡
[0m[0;36m2023-03-31 14:12:43,100 [debug] [140416389547584] /home/kevin/git/lwdee/terasort/reduce/Step2Task.cpp:64 read : 15 - split 12,1734798æ¡
[0m[0;36m2023-03-31 14:12:43,160 [debug] [140416145933888] /home/kevin/git/lwdee/terasort/reduce/Step2Task.cpp:64 read : 5 - split 5,1736670æ¡
[0m[0;36m2023-03-31 14:12:43,313 [debug] [140416171112000] /home/kevin/git/lwdee/terasort/reduce/Step2Task.cpp:64 read : 0 - split 14,1740521æ¡
[0m[0;36m2023-03-31 14:12:43,327 [debug] [140416381154880] /home/kevin/git/lwdee/terasort/reduce/Step2Task.cpp:64 read : 20 - split 5,1737178æ¡
[0m[0;36m2023-03-31 14:12:43,337 [debug] [140416162719296] /home/kevin/git/lwdee/terasort/reduce/Step2Task.cpp:64 read : 10 - split 18,1735808æ¡
[0m[0;36m2023-03-31 14:12:43,394 [debug] [140416389547584] /home/kevin/git/lwdee/terasort/reduce/Step2Task.cpp:64 read : 15 - split 13,1737316æ¡
[0m[0;36m2023-03-31 14:12:43,448 [debug] [140416145933888] /home/kevin/git/lwdee/terasort/reduce/Step2Task.cpp:64 read : 5 - split 6,1735705æ¡
[0m[0;36m2023-03-31 14:12:43,610 [debug] [140416381154880] /home/kevin/git/lwdee/terasort/reduce/Step2Task.cpp:64 read : 20 - split 6,1735636æ¡
[0m[0;36m2023-03-31 14:12:43,639 [debug] [140416162719296] /home/kevin/git/lwdee/terasort/reduce/Step2Task.cpp:64 read : 10 - split 19,1733451æ¡
[0m[0;36m2023-03-31 14:12:43,673 [debug] [140416389547584] /home/kevin/git/lwdee/terasort/reduce/Step2Task.cpp:64 read : 15 - split 14,1735781æ¡
[0m[0;36m2023-03-31 14:12:43,713 [debug] [140416171112000] /home/kevin/git/lwdee/terasort/reduce/Step2Task.cpp:64 read : 0 - split 15,1739513æ¡
[0m[0;36m2023-03-31 14:12:43,899 [debug] [140416381154880] /home/kevin/git/lwdee/terasort/reduce/Step2Task.cpp:64 read : 20 - split 7,1736394æ¡
[0m[0;36m2023-03-31 14:12:43,956 [debug] [140416162719296] /home/kevin/git/lwdee/terasort/reduce/Step2Task.cpp:64 read : 10 - split 20,1732933æ¡
[0m[0;36m2023-03-31 14:12:43,964 [debug] [140416389547584] /home/kevin/git/lwdee/terasort/reduce/Step2Task.cpp:64 read : 15 - split 15,1737722æ¡
[0m[0;36m2023-03-31 14:12:44,023 [debug] [140416145933888] /home/kevin/git/lwdee/terasort/reduce/Step2Task.cpp:64 read : 5 - split 7,1735388æ¡
[0m[0;36m2023-03-31 14:12:44,186 [debug] [140416381154880] /home/kevin/git/lwdee/terasort/reduce/Step2Task.cpp:64 read : 20 - split 8,1737265æ¡
[0m[0;36m2023-03-31 14:12:44,239 [debug] [140416389547584] /home/kevin/git/lwdee/terasort/reduce/Step2Task.cpp:64 read : 15 - split 16,1736330æ¡
[0m[0;36m2023-03-31 14:12:44,262 [debug] [140416162719296] /home/kevin/git/lwdee/terasort/reduce/Step2Task.cpp:64 read : 10 - split 21,1733217æ¡
[0m[0;36m2023-03-31 14:12:44,295 [debug] [140416171112000] /home/kevin/git/lwdee/terasort/reduce/Step2Task.cpp:64 read : 0 - split 16,1738407æ¡
[0m[0;36m2023-03-21 14:12:44,307 [debug] [140416145933888] /home/kevin/git/lwdee/terasort/reduce/Step2Task.cpp:64 read : 5 - split 8,1735737æ¡
[0m[0;36m2023-03-31 14:12:44,492 [debug] [140416381154880] /home/kevin/git/lwdee/terasort/reduce/Step2Task.cpp:64 read : 20 - split 9,1733872æ¡
[0m[0;36m2023-03-31 14:12:44,596 [debug] [140416162719296] /home/kevin/git/lwdee/terasort/reduce/Step2Task.cpp:64 read : 10 - split 22,1740258æ¡
[0m[0;36m2023-03-31 14:12:44,617 [debug] [140416145933888] /home/kevin/git/lwdee/terasort/reduce/Step2Task.cpp:64 read : 5 - split 9,1737459æ¡
[0m[0;36m2023-03-31 14:12:44,792 [debug] [140416381154880] /home/kevin/git/lwdee/terasort/reduce/Step2Task.cpp:64 read : 20 - split 10,1735836æ¡
[0m[0;36m2023-03-31 14:12:44,797 [debug] [140416171112000] /home/kevin/git/lwdee/terasort/reduce/Step2Task.cpp:64 read : 0 - split 17,1735646æ¡
[0m[0;36m2023-03-31 14:12:44,816 [debug] [140416389547584] /home/kevin/git/lwdee/terasort/reduce/Step2Task.cpp:64 read : 15 - split 17,1735269æ¡
[0m[0;36m2023-03-31 14:12:44,905 [debug] [140416145933888] /home/kevin/git/lwdee/terasort/reduce/Step2Task.cpp:64 read : 5 - split 10,1736265æ¡
[0m[0;36m2023-03-31 14:12:44,910 [debug] [140416162719296] /home/kevin/git/lwdee/terasort/reduce/Step2Task.cpp:64 read : 10 - split 23,1736197æ¡
[0m[0;36m2023-03-31 14:12:45,046 [debug] [140416381154880] /home/kevin/git/lwdee/terasort/reduce/Step2Task.cpp:64 read : 20 - split 11,1735693æ¡
[0m[0;36m2023-03-31 14:12:45,048 [debug] [140416171112000] /home/kevin/git/lwdee/terasort/reduce/Step2Task.cpp:64 read : 0 - split 18,1738316æ¡
[0m[0;36m2023-03-31 14:12:45,067 [debug] [140416389547584] /home/kevin/git/lwdee/terasort/reduce/Step2Task.cpp:64 read : 15 - split 18,1736413æ¡
[0m[0;36m2023-03-31 14:12:45,174 [debug] [140416145933888] /home/kevin/git/lwdee/terasort/reduce/Step2Task.cpp:64 read : 5 - split 11,1734504æ¡
[0m[1;32m2023-03-31 14:12:45,216 [info ] [140416162719296] /home/kevin/git/lwdee/terasort/reduce/Step2Task.cpp:81 read : > read,partition: 10,eclipse 246.990000
[0m[1;32m2023-03-31 14:12:45,808 [info ] [140416162719296] /home/kevin/git/lwdee/terasort/reduce/Step2Task.cpp:100 sort : < sort
[0m[0;36m2023-03-31 14:12:45,915 [debug] [140416381154880] /home/kevin/git/lwdee/terasort/reduce/Step2Task.cpp:64 read : 20 - split 12,1736242æ¡
[0m[0;36m2023-03-31 14:12:45,944 [debug] [140416389547584] /home/kevin/git/lwdee/terasort/reduce/Step2Task.cpp:64 read : 15 - split 19,1734372æ¡
[0m[0;36m2023-03-31 14:12:46,048 [debug] [140416145933888] /home/kevin/git/lwdee/terasort/reduce/Step2Task.cpp:64 read : 5 - split 12,1733216æ¡
[0m[0;36m2023-03-31 14:12:46,112 [debug] [140416171112000] /home/kevin/git/lwdee/terasort/reduce/Step2Task.cpp:64 read : 0 - split 19,1736812æ¡
[0m[0;36m2023-03-31 14:12:46,370 [debug] [140416389547584] /home/kevin/git/lwdee/terasort/reduce/Step2Task.cpp:64 read : 15 - split 20,1735989æ¡
[0m[0;36m2023-03-31 14:12:46,388 [debug] [140416145933888] /home/kevin/git/lwdee/terasort/reduce/Step2Task.cpp:64 read : 5 - split 13,1735330æ¡
[0m[0;36m2023-03-21 14:12:46,593 [debug] [140416381154880] /home/kevin/git/lwdee/terasort/reduce/Step2Task.cpp:64 read : 20 - split 13,1735950æ¡
[0m[0;36m2023-03-31 14:12:46,657 [debug] [140416389547584] /home/kevin/git/lwdee/terasort/reduce/Step2Task.cpp:64 read : 15 - split 21,1737711æ¡
[0m[0;36m2023-03-31 14:12:46,710 [debug] [140416145933888] /home/kevin/git/lwdee/terasort/reduce/Step2Task.cpp:64 read : 5 - split 14,1735221æ¡
[0m[0;36m2023-03-31 14:12:46,800 [debug] [140416171112000] /home/kevin/git/lwdee/terasort/reduce/Step2Task.cpp:64 read : 0 - split 20,1737797æ¡
[0m[0;36m2023-03-31 14:12:46,880 [debug] [140416381154880] /home/kevin/git/lwdee/terasort/reduce/Step2Task.cpp:64 read : 20 - split 14,1735989æ¡
[0m[0;36m2023-03-31 14:12:47,005 [debug] [140416145933888] /home/kevin/git/lwdee/terasort/reduce/Step2Task.cpp:64 read : 5 - split 15,1735881æ¡
[0m[0;36m2023-03-31 14:12:47,076 [debug] [140416171112000] /home/kevin/git/lwdee/terasort/reduce/Step2Task.cpp:64 read : 0 - split 21,1734834æ¡
[0m[0;36m2023-03-31 14:12:47,155 [debug] [140416381154880] /home/kevin/git/lwdee/terasort/reduce/Step2Task.cpp:64 read : 20 - split 15,1734137æ¡
[0m[0;36m2023-03-31 14:12:47,292 [debug] [140416145933888] /home/kevin/git/lwdee/terasort/reduce/Step2Task.cpp:64 read : 5 - split 16,1737114æ¡
[0m[0;36m2023-03-31 14:12:47,300 [debug] [140416389547584] /home/kevin/git/lwdee/terasort/reduce/Step2Task.cpp:64 read : 15 - split 22,1734107æ¡
[0m[0;36m2023-03-31 14:12:47,344 [debug] [140416171112000] /home/kevin/git/lwdee/terasort/reduce/Step2Task.cpp:64 read : 0 - split 22,1735463æ¡
[0m[0;36m2023-03-31 14:12:47,411 [debug] [140416381154880] /home/kevin/git/lwdee/terasort/reduce/Step2Task.cpp:64 read : 20 - split 16,1735384æ¡
[0m[0;36m2023-03-31 14:12:47,540 [debug] [140416389547584] /home/kevin/git/lwdee/terasort/reduce/Step2Task.cpp:64 read : 15 - split 23,1734765æ¡
[0m[0;36m2023-03-31 14:12:47,546 [debug] [140416145933888] /home/kevin/git/lwdee/terasort/reduce/Step2Task.cpp:64 read : 5 - split 17,1738127æ¡
[0m[0;36m2023-03-31 14:12:47,582 [debug] [140416171112000] /home/kevin/git/lwdee/terasort/reduce/Step2Task.cpp:64 read : 0 - split 23,1737496æ¡
[0m[0;36m2023-03-31 14:12:47,666 [debug] [140416381154880] /home/kevin/git/lwdee/terasort/reduce/Step2Task.cpp:64 read : 20 - split 17,1736149æ¡
[0m[1;32m2023-03-31 14:12:47,739 [info ] [140416389547584] /home/kevin/git/lwdee/terasort/reduce/Step2Task.cpp:81 read : > read,partition: 15,eclipse 249.495000
[0m[1;32m2023-03-21 14:12:48,248 [info ] [140416389547584] /home/kevin/git/lwdee/terasort/reduce/Step2Task.cpp:100 sort : < sort
[0m[0;36m2023-03-31 14:12:48,306 [debug] [140416145933888] /home/kevin/git/lwdee/terasort/reduce/Step2Task.cpp:64 read : 5 - split 18,1733552æ¡
[0m[1;32m2023-03-31 14:12:48,349 [info ] [140416171112000] /home/kevin/git/lwdee/terasort/reduce/Step2Task.cpp:81 read : > read,partition: 0,eclipse 250.154000
[0m[1;32m2023-03-31 14:12:48,876 [info ] [140416171112000] /home/kevin/git/lwdee/terasort/reduce/Step2Task.cpp:100 sort : < sort
[0m[0;36m2023-03-31 14:12:48,946 [debug] [140416381154880] /home/kevin/git/lwdee/terasort/reduce/Step2Task.cpp:64 read : 20 - split 18,1737238æ¡
[0m[0;36m2023-03-31 14:12:49,099 [debug] [140416145933888] /home/kevin/git/lwdee/terasort/reduce/Step2Task.cpp:64 read : 5 - split 19,1734588æ¡
[0m[0;36m2023-03-21 14:12:49,593 [debug] [140416381154880] /home/kevin/git/lwdee/terasort/reduce/Step2Task.cpp:64 read : 20 - split 19,1736124æ¡
[0m[0;36m2023-03-31 14:12:49,739 [debug] [140416145933888] /home/kevin/git/lwdee/terasort/reduce/Step2Task.cpp:64 read : 5 - split 20,1736268æ¡
[0m[0;36m2023-03-31 14:12:49,835 [debug] [140416381154880] /home/kevin/git/lwdee/terasort/reduce/Step2Task.cpp:64 read : 20 - split 20,1737727æ¡
[0m[0;36m2023-03-31 14:12:49,965 [debug] [140416145933888] /home/kevin/git/lwdee/terasort/reduce/Step2Task.cpp:64 read : 5 - split 21,1736582æ¡
[0m[0;36m2023-03-31 14:12:50,066 [debug] [140416381154880] /home/kevin/git/lwdee/terasort/reduce/Step2Task.cpp:64 read : 20 - split 21,1737062æ¡
[0m[0;36m2023-03-31 14:12:50,199 [debug] [140416145933888] /home/kevin/git/lwdee/terasort/reduce/Step2Task.cpp:64 read : 5 - split 22,1734837æ¡
[0m[0;36m2023-03-31 14:12:50,299 [debug] [140416381154880] /home/kevin/git/lwdee/terasort/reduce/Step2Task.cpp:64 read : 20 - split 22,1735687æ¡
[0m[0;36m2023-03-31 14:12:50,437 [debug] [140416145933888] /home/kevin/git/lwdee/terasort/reduce/Step2Task.cpp:64 read : 5 - split 23,1736645æ¡
[0m[0;36m2023-03-31 14:12:50,541 [debug] [140416381154880] /home/kevin/git/lwdee/terasort/reduce/Step2Task.cpp:64 read : 20 - split 23,1735686æ¡
[0m[1;32m2023-03-31 14:12:50,679 [info ] [140416145933888] /home/kevin/git/lwdee/terasort/reduce/Step2Task.cpp:81 read : > read,partition: 5,eclipse 252.469000
[0m[1;32m2023-03-31 14:12:51,252 [info ] [140416145933888] /home/kevin/git/lwdee/terasort/reduce/Step2Task.cpp:100 sort : < sort
[0m[1;32m2023-03-31 14:12:51,353 [info ] [140416381154880] /home/kevin/git/lwdee/terasort/reduce/Step2Task.cpp:81 read : > read,partition: 20,eclipse 253.088000
[0m[1;32m2023-03-31 14:12:51,915 [info ] [140416381154880] /home/kevin/git/lwdee/terasort/reduce/Step2Task.cpp:100 sort : < sort
[0m[1;32m2023-03-31 14:13:54,234 [info ] [140416162719296] /home/kevin/git/lwdee/terasort/reduce/Step2Task.cpp:105 sort : > sort,partition: 10,eclipse 68.426000
[0m[1;32m2023-03-31 14:13:54,234 [info ] [140416162719296] /home/kevin/git/lwdee/terasort/reduce/Step2Task.cpp:109 save : < save
[0m[1;32m2023-03-31 14:14:00,432 [info ] [140416381154880] /home/kevin/git/lwdee/terasort/reduce/Step2Task.cpp:105 sort : > sort,partition: 20,eclipse 68.517000
[0m[1;32m2023-03-31 14:14:00,432 [info ] [140416381154880] /home/kevin/git/lwdee/terasort/reduce/Step2Task.cpp:109 save : < save
[0m[1;32m2023-03-31 14:14:01,469 [info ] [140416389547584] /home/kevin/git/lwdee/terasort/reduce/Step2Task.cpp:105 sort : > sort,partition: 15,eclipse 73.220000
[0m[1;32m2023-03-31 14:14:01,470 [info ] [140416389547584] /home/kevin/git/lwdee/terasort/reduce/Step2Task.cpp:109 save : < save
[0m[1;32m2023-03-31 14:14:04,387 [info ] [140416162719296] /home/kevin/git/lwdee/terasort/reduce/Step2Task.cpp:129 save : > save,partition: 10,eclipse 10.153000
[0m[1;32m2023-03-31 14:14:04,387 [info ] [140416162719296] /home/kevin/git/lwdee/terasort/reduce/Step2Task.cpp:25 run : > reduce task run,partition: 10,output count: 41659909,eclipse 326.161000, /home/terasort/data/data-output-11.dat
[0m[0;37m2023-03-31 14:14:04,917 [trace] [140416162719296] /home/kevin/git/lwdee/terasort/matrix/LinuxMatrix.cpp:46 print : CPU(1.01%-34.51%: 33.50%),RAM(33862M-63943M: 30081M), cpu:31.55%,ram total:64214M,avai:9159M,used:55055M,free:9157M 
[0m[1;32m2023-03-31 14:14:04,917 [info ] [140416162719296] /home/kevin/git/lwdee/terasort/reduce/ReduceDCO.cpp:20 reduce : > accept reduct ,partition : 10
[0m[1;32m2023-03-31 14:14:05,010 [info ] [140416145933888] /home/kevin/git/lwdee/terasort/reduce/Step2Task.cpp:105 sort : > sort,partition: 5,eclipse 73.758000
[0m[1;32m2023-03-31 14:14:05,010 [info ] [140416145933888] /home/kevin/git/lwdee/terasort/reduce/Step2Task.cpp:109 save : < save
[0m[1;32m2023-03-31 14:14:13,236 [info ] [140416171112000] /home/kevin/git/lwdee/terasort/reduce/Step2Task.cpp:105 sort : > sort,partition: 0,eclipse 84.360000
[0m[1;32m2023-03-31 14:14:13,236 [info ] [140416171112000] /home/kevin/git/lwdee/terasort/reduce/Step2Task.cpp:109 save : < save
[0m[1;32m2023-03-31 14:14:17,665 [info ] [140416381154880] /home/kevin/git/lwdee/terasort/reduce/Step2Task.cpp:129 save : > save,partition: 20,eclipse 17.233000
[0m[1;32m2023-03-31 14:14:17,666 [info ] [140416381154880] /home/kevin/git/lwdee/terasort/reduce/Step2Task.cpp:25 run : > reduce task run,partition: 20,output count: 41666086,eclipse 339.401000, /home/terasort/data/data-output-21.dat
[0m[0;37m2023-03-31 14:14:18,174 [trace] [140416381154880] /home/kevin/git/lwdee/terasort/matrix/LinuxMatrix.cpp:46 print : CPU(1.01%-34.51%: 33.50%),RAM(33862M-63943M: 30081M), cpu:21.76%,ram total:64214M,avai:7541M,used:56673M,free:7539M 
[0m[1;32m2023-03-31 14:14:18,174 [info ] [140416381154880] /home/kevin/git/lwdee/terasort/reduce/ReduceDCO.cpp:20 reduce : > accept reduct ,partition : 20
[0m[1;32m2023-03-31 14:14:20,853 [info ] [140416389547584] /home/kevin/git/lwdee/terasort/reduce/Step2Task.cpp:129 save : > save,partition: 15,eclipse 19.383000
[0m[1;32m2023-03-31 14:14:20,853 [info ] [140416389547584] /home/kevin/git/lwdee/terasort/reduce/Step2Task.cpp:25 run : > reduce task run,partition: 15,output count: 41659646,eclipse 342.609000, /home/terasort/data/data-output-16.dat
[0m[0;37m2023-03-31 14:14:21,354 [trace] [140416389547584] /home/kevin/git/lwdee/terasort/matrix/LinuxMatrix.cpp:46 print : CPU(1.01%-34.51%: 33.50%),RAM(33862M-63943M: 30081M), cpu:19.21%,ram total:64214M,avai:11025M,used:53189M,free:11023M 
[0m[1;32m2023-03-31 14:14:21,354 [info ] [140416389547584] /home/kevin/git/lwdee/terasort/reduce/ReduceDCO.cpp:20 reduce : > accept reduct ,partition : 15
[0m[1;32m2023-03-31 14:14:27,154 [info ] [140416145933888] /home/kevin/git/lwdee/terasort/reduce/Step2Task.cpp:129 save : > save,partition: 5,eclipse 22.144000
[0m[1;32m2023-03-31 14:14:27,154 [info ] [140416145933888] /home/kevin/git/lwdee/terasort/reduce/Step2Task.cpp:25 run : > reduce task run,partition: 5,output count: 41662491,eclipse 348.944000, /home/terasort/data/data-output-06.dat
[0m[0;37m2023-03-31 14:14:27,643 [trace] [140416145933888] /home/kevin/git/lwdee/terasort/matrix/LinuxMatrix.cpp:46 print : CPU(1.01%-34.51%: 33.50%),RAM(33862M-63943M: 30081M), cpu:18.27%,ram total:64214M,avai:8907M,used:55307M,free:8905M 
[0m[1;32m2023-03-31 14:14:27,643 [info ] [140416145933888] /home/kevin/git/lwdee/terasort/reduce/ReduceDCO.cpp:20 reduce : > accept reduct ,partition : 5
[0m[1;32m2023-03-31 14:14:32,528 [info ] [140416171112000] /home/kevin/git/lwdee/terasort/reduce/Step2Task.cpp:129 save : > save,partition: 0,eclipse 19.292000
[0m[1;32m2023-03-31 14:14:32,528 [info ] [140416171112000] /home/kevin/git/lwdee/terasort/reduce/Step2Task.cpp:25 run : > reduce task run,partition: 0,output count: 41687355,eclipse 354.333000, /home/terasort/data/data-output-01.dat
[0m[0;37m2023-03-31 14:14:33,082 [trace] [140416171112000] /home/kevin/git/lwdee/terasort/matrix/LinuxMatrix.cpp:46 print : CPU(1.01%-34.51%: 33.50%),RAM(33862M-63943M: 30081M), cpu:17.96%,ram total:64214M,avai:11123M,used:53091M,free:11121M 
[0m[1;32m2023-03-31 14:14:33,082 [info ] [140416171112000] /home/kevin/git/lwdee/terasort/reduce/ReduceDCO.cpp:20 reduce : > accept reduct ,partition : 0
