2023-03-31 14:00:13,159 [info ] [139726955564224] /home/kevin/git/lwdee/app.cpp:49 init : this is node2
[0mlog is not initilaized
2023-03-31 14:00:13,159 [debug] [139726955564224] /home/kevin/git/lwdee/terasort/driver/TerasortConfig.cpp:45 readConfig : /home/terasort/data/data-input.dat /home/terasort/data/data-output.dat 99999 24 24
[0mlog is not initilaized
log path: ../log 
[1;32m2023-03-31 14:00:13,160 [info ] [139726955564224] /home/kevin/git/lwdee/app.cpp:97 init_logger : -- app starting ... 
[0m[0;36m2023-03-31 14:00:43,868 [debug] [139726934554176] /home/kevin/git/lwdee/terasort/TerasortDCOFactory.cpp:14 newDco : create dco SampleDCO
[0m[1;32m2023-03-31 14:00:43,870 [info ] [139726934554176] /home/kevin/git/lwdee/terasort/sample/SampleDCO.cpp:16 sample : < accept sample 
[0m[0;37m2023-03-31 14:00:43,871 [trace] [139726934554176] /home/kevin/git/lwdee/terasort/matrix/LinuxMatrix.cpp:46 print : CPU(1.17%-3.82%: 2.65%),RAM(56395M-56411M: 16M), cpu:2.72%,ram total:96476M,avai:40073M,used:56403M,free:40073M 
[0m[1;32m2023-03-31 14:00:43,871 [info ] [139726934554176] /home/kevin/git/lwdee/terasort/sample/Step0Task.cpp:13 run : < samples task run
[0m[1;32m2023-03-31 14:00:43,871 [info ] [139726934554176] /home/kevin/git/lwdee/terasort/sample/Step0Task.cpp:28 samples : < samples
[0m[0;36m2023-03-31 14:00:43,871 [debug] [139726934554176] /home/kevin/git/lwdee/terasort/sample/Step0Task.cpp:43 samples : 0 - read range, 0 - 41666663,è®¡ 41666664 æ¡
[0m[0;36m2023-03-31 14:00:43,885 [debug] [139726926161472] /home/kevin/git/lwdee/terasort/TerasortDCOFactory.cpp:14 newDco : create dco SampleDCO
[0m[1;32m2023-03-31 14:00:43,887 [info ] [139726926161472] /home/kevin/git/lwdee/terasort/sample/SampleDCO.cpp:16 sample : < accept sample 
[0m[0;37m2023-03-31 14:00:43,887 [trace] [139726926161472] /home/kevin/git/lwdee/terasort/matrix/LinuxMatrix.cpp:46 print : CPU(1.17%-3.82%: 2.65%),RAM(56395M-56411M: 16M), cpu:2.72%,ram total:96476M,avai:40073M,used:56403M,free:40073M 
[0m[1;32m2023-03-31 14:00:43,887 [info ] [139726926161472] /home/kevin/git/lwdee/terasort/sample/Step0Task.cpp:13 run : < samples task run
[0m[1;32m2023-03-31 14:00:43,887 [info ] [139726926161472] /home/kevin/git/lwdee/terasort/sample/Step0Task.cpp:28 samples : < samples
[0m[0;36m2023-03-31 14:00:43,887 [debug] [139726926161472] /home/kevin/git/lwdee/terasort/sample/Step0Task.cpp:43 samples : 5 - read range, 208333320 - 249999983,è®¡ 41666664 æ¡
[0m[0;36m2023-03-31 14:00:43,905 [debug] [139726917768768] /home/kevin/git/lwdee/terasort/TerasortDCOFactory.cpp:14 newDco : create dco SampleDCO
[0m[1;32m2023-03-31 14:00:43,907 [info ] [139726917768768] /home/kevin/git/lwdee/terasort/sample/SampleDCO.cpp:16 sample : < accept sample 
[0m[0;37m2023-03-31 14:00:43,907 [trace] [139726917768768] /home/kevin/git/lwdee/terasort/matrix/LinuxMatrix.cpp:46 print : CPU(1.17%-3.82%: 2.65%),RAM(56395M-56411M: 16M), cpu:2.72%,ram total:96476M,avai:40073M,used:56403M,free:40073M 
[0m[1;32m2023-03-31 14:00:43,907 [info ] [139726917768768] /home/kevin/git/lwdee/terasort/sample/Step0Task.cpp:13 run : < samples task run
[0m[1;32m2023-03-31 14:00:43,907 [info ] [139726917768768] /home/kevin/git/lwdee/terasort/sample/Step0Task.cpp:28 samples : < samples
[0m[0;36m2023-03-31 14:00:43,907 [debug] [139726917768768] /home/kevin/git/lwdee/terasort/sample/Step0Task.cpp:43 samples : 10 - read range, 416666640 - 458333303,è®¡ 41666664 æ¡
[0m[0;36m2023-03-31 14:00:43,923 [debug] [139726909376064] /home/kevin/git/lwdee/terasort/TerasortDCOFactory.cpp:14 newDco : create dco SampleDCO
[0m[1;32m2023-03-31 14:00:43,925 [info ] [139726909376064] /home/kevin/git/lwdee/terasort/sample/SampleDCO.cpp:16 sample : < accept sample 
[0m[0;37m2023-03-31 14:00:43,925 [trace] [139726909376064] /home/kevin/git/lwdee/terasort/matrix/LinuxMatrix.cpp:46 print : CPU(1.17%-3.82%: 2.65%),RAM(56395M-56411M: 16M), cpu:2.72%,ram total:96476M,avai:40073M,used:56403M,free:40073M 
[0m[1;32m2023-03-31 14:00:43,925 [info ] [139726909376064] /home/kevin/git/lwdee/terasort/sample/Step0Task.cpp:13 run : < samples task run
[0m[1;32m2023-03-31 14:00:43,925 [info ] [139726909376064] /home/kevin/git/lwdee/terasort/sample/Step0Task.cpp:28 samples : < samples
[0m[0;36m2023-03-31 14:00:43,925 [debug] [139726909376064] /home/kevin/git/lwdee/terasort/sample/Step0Task.cpp:43 samples : 15 - read range, 624999960 - 666666623,è®¡ 41666664 æ¡
[0m[0;36m2023-03-31 14:00:43,947 [debug] [139726694643264] /home/kevin/git/lwdee/terasort/TerasortDCOFactory.cpp:14 newDco : create dco SampleDCO
[0m[1;32m2023-03-31 14:00:43,949 [info ] [139726694643264] /home/kevin/git/lwdee/terasort/sample/SampleDCO.cpp:16 sample : < accept sample 
[0m[0;37m2023-03-31 14:00:43,949 [trace] [139726694643264] /home/kevin/git/lwdee/terasort/matrix/LinuxMatrix.cpp:46 print : CPU(1.17%-3.82%: 2.65%),RAM(56395M-56411M: 16M), cpu:2.72%,ram total:96476M,avai:40073M,used:56403M,free:40073M 
[0m[1;32m2023-03-31 14:00:43,949 [info ] [139726694643264] /home/kevin/git/lwdee/terasort/sample/Step0Task.cpp:13 run : < samples task run
[0m[1;32m2023-03-31 14:00:43,949 [info ] [139726694643264] /home/kevin/git/lwdee/terasort/sample/Step0Task.cpp:28 samples : < samples
[0m[0;36m2023-03-31 14:00:43,950 [debug] [139726694643264] /home/kevin/git/lwdee/terasort/sample/Step0Task.cpp:43 samples : 20 - read range, 833333280 - 874999943,è®¡ 41666664 æ¡
[0m[1;32m2023-03-31 14:00:48,123 [info ] [139726934554176] /home/kevin/git/lwdee/terasort/sample/Step0Task.cpp:73 samples : > samples,partition: 0,eclipse 4.252000
[0m[1;32m2023-03-31 14:00:48,124 [info ] [139726934554176] /home/kevin/git/lwdee/terasort/sample/Step0Task.cpp:21 run : > samples task run,partition: 0,eclipse 4.253000
[0m[0;37m2023-03-31 14:00:48,124 [trace] [139726934554176] /home/kevin/git/lwdee/terasort/matrix/LinuxMatrix.cpp:46 print : CPU(1.17%-21.96%: 20.78%),RAM(56395M-56414M: 19M), cpu:21.96%,ram total:96476M,avai:40062M,used:56414M,free:40062M 
[0m[1;32m2023-03-31 14:00:48,124 [info ] [139726934554176] /home/kevin/git/lwdee/terasort/sample/SampleDCO.cpp:26 sample : > accept sample ,partition : 0, ddoId: 0, fileName: /home/terasort/data/data-input.dat
[0m[1;32m2023-03-31 14:00:48,132 [info ] [139726909376064] /home/kevin/git/lwdee/terasort/sample/Step0Task.cpp:73 samples : > samples,partition: 15,eclipse 4.207000
[0m[1;32m2023-03-31 14:00:48,132 [info ] [139726909376064] /home/kevin/git/lwdee/terasort/sample/Step0Task.cpp:21 run : > samples task run,partition: 15,eclipse 4.207000
[0m[0;37m2023-03-31 14:00:48,132 [trace] [139726909376064] /home/kevin/git/lwdee/terasort/matrix/LinuxMatrix.cpp:46 print : CPU(1.17%-21.96%: 20.78%),RAM(56395M-56414M: 19M), cpu:21.96%,ram total:96476M,avai:40062M,used:56414M,free:40062M 
[0m[1;32m2023-03-31 14:00:48,132 [info ] [139726909376064] /home/kevin/git/lwdee/terasort/sample/SampleDCO.cpp:26 sample : > accept sample ,partition : 15, ddoId: 0, fileName: /home/terasort/data/data-input.dat
[0m[1;32m2023-03-31 14:00:48,196 [info ] [139726917768768] /home/kevin/git/lwdee/terasort/sample/Step0Task.cpp:73 samples : > samples,partition: 10,eclipse 4.289000
[0m[1;32m2023-03-31 14:00:48,196 [info ] [139726917768768] /home/kevin/git/lwdee/terasort/sample/Step0Task.cpp:21 run : > samples task run,partition: 10,eclipse 4.289000
[0m[0;37m2023-03-31 14:00:48,196 [trace] [139726917768768] /home/kevin/git/lwdee/terasort/matrix/LinuxMatrix.cpp:46 print : CPU(1.17%-21.96%: 20.78%),RAM(56395M-56415M: 20M), cpu:21.85%,ram total:96476M,avai:40061M,used:56415M,free:40061M 
[0m[1;32m2023-03-31 14:00:48,196 [info ] [139726917768768] /home/kevin/git/lwdee/terasort/sample/SampleDCO.cpp:26 sample : > accept sample ,partition : 10, ddoId: 0, fileName: /home/terasort/data/data-input.dat
[0m[1;32m2023-03-31 14:00:48,277 [info ] [139726694643264] /home/kevin/git/lwdee/terasort/sample/Step0Task.cpp:73 samples : > samples,partition: 20,eclipse 4.328000
[0m[1;32m2023-03-31 14:00:48,277 [info ] [139726694643264] /home/kevin/git/lwdee/terasort/sample/Step0Task.cpp:21 run : > samples task run,partition: 20,eclipse 4.328000
[0m[0;37m2023-03-31 14:00:48,277 [trace] [139726694643264] /home/kevin/git/lwdee/terasort/matrix/LinuxMatrix.cpp:46 print : CPU(1.17%-21.96%: 20.78%),RAM(56395M-56415M: 20M), cpu:21.85%,ram total:96476M,avai:40061M,used:56415M,free:40061M 
[0m[1;32m2023-03-31 14:00:48,277 [info ] [139726694643264] /home/kevin/git/lwdee/terasort/sample/SampleDCO.cpp:26 sample : > accept sample ,partition : 20, ddoId: 0, fileName: /home/terasort/data/data-input.dat
[0m[1;32m2023-03-31 14:00:48,345 [info ] [139726926161472] /home/kevin/git/lwdee/terasort/sample/Step0Task.cpp:73 samples : > samples,partition: 5,eclipse 4.458000
[0m[1;32m2023-03-31 14:00:48,345 [info ] [139726926161472] /home/kevin/git/lwdee/terasort/sample/Step0Task.cpp:21 run : > samples task run,partition: 5,eclipse 4.458000
[0m[0;37m2023-03-31 14:00:48,345 [trace] [139726926161472] /home/kevin/git/lwdee/terasort/matrix/LinuxMatrix.cpp:46 print : CPU(1.17%-21.96%: 20.78%),RAM(56395M-56415M: 20M), cpu:21.85%,ram total:96476M,avai:40061M,used:56415M,free:40061M 
[0m[1;32m2023-03-31 14:00:48,345 [info ] [139726926161472] /home/kevin/git/lwdee/terasort/sample/SampleDCO.cpp:26 sample : > accept sample ,partition : 5, ddoId: 0, fileName: /home/terasort/data/data-input.dat
[0m[0;36m2023-03-31 14:00:52,298 [debug] [139726926161472] /home/kevin/git/lwdee/terasort/TerasortDCOFactory.cpp:14 newDco : create dco MapDCO
[0m[1;32m2023-03-31 14:00:52,300 [info ] [139726926161472] /home/kevin/git/lwdee/terasort/map/MapDCO.cpp:21 map : < accept map 
[0m[0;37m2023-03-31 14:00:52,300 [trace] [139726926161472] /home/kevin/git/lwdee/terasort/matrix/LinuxMatrix.cpp:46 print : CPU(1.17%-21.96%: 20.78%),RAM(56395M-56418M: 23M), cpu:2.64%,ram total:96476M,avai:40058M,used:56418M,free:40058M 
[0m[1;32m2023-03-31 14:00:52,312 [info ] [139726926161472] /home/kevin/git/lwdee/terasort/map/Step1Task.cpp:13 run : < map task run
[0m[1;32m2023-03-31 14:00:52,312 [info ] [139726926161472] /home/kevin/git/lwdee/terasort/map/Step1Task.cpp:31 textFile : < textFile
[0m[0;36m2023-03-31 14:00:52,312 [debug] [139726926161472] /home/kevin/git/lwdee/terasort/map/Step1Task.cpp:46 textFile : 1 - read range, 41666664 - 83333327,è®¡ 41666664 æ¡
[0m[0;36m2023-03-31 14:00:52,314 [debug] [139726694643264] /home/kevin/git/lwdee/terasort/TerasortDCOFactory.cpp:14 newDco : create dco MapDCO
[0m[1;32m2023-03-31 14:00:52,316 [info ] [139726694643264] /home/kevin/git/lwdee/terasort/map/MapDCO.cpp:21 map : < accept map 
[0m[0;37m2023-03-31 14:00:52,316 [trace] [139726694643264] /home/kevin/git/lwdee/terasort/matrix/LinuxMatrix.cpp:46 print : CPU(1.17%-21.96%: 20.78%),RAM(56395M-56418M: 23M), cpu:2.64%,ram total:96476M,avai:40058M,used:56418M,free:40058M 
[0m[1;32m2023-03-31 14:00:52,316 [info ] [139726694643264] /home/kevin/git/lwdee/terasort/map/Step1Task.cpp:13 run : < map task run
[0m[1;32m2023-03-31 14:00:52,316 [info ] [139726694643264] /home/kevin/git/lwdee/terasort/map/Step1Task.cpp:31 textFile : < textFile
[0m[0;36m2023-03-31 14:00:52,316 [debug] [139726694643264] /home/kevin/git/lwdee/terasort/map/Step1Task.cpp:46 textFile : 6 - read range, 249999984 - 291666647,è®¡ 41666664 æ¡
[0m[0;36m2023-03-31 14:00:52,330 [debug] [139726934554176] /home/kevin/git/lwdee/terasort/TerasortDCOFactory.cpp:14 newDco : create dco MapDCO
[0m[1;32m2023-03-31 14:00:52,333 [info ] [139726934554176] /home/kevin/git/lwdee/terasort/map/MapDCO.cpp:21 map : < accept map 
[0m[0;37m2023-03-31 14:00:52,333 [trace] [139726934554176] /home/kevin/git/lwdee/terasort/matrix/LinuxMatrix.cpp:46 print : CPU(1.17%-21.96%: 20.78%),RAM(56395M-56418M: 23M), cpu:2.64%,ram total:96476M,avai:40058M,used:56418M,free:40058M 
[0m[1;32m2023-03-31 14:00:52,334 [info ] [139726934554176] /home/kevin/git/lwdee/terasort/map/Step1Task.cpp:13 run : < map task run
[0m[1;32m2023-03-31 14:00:52,334 [info ] [139726934554176] /home/kevin/git/lwdee/terasort/map/Step1Task.cpp:31 textFile : < textFile
[0m[0;36m2023-03-31 14:00:52,334 [debug] [139726934554176] /home/kevin/git/lwdee/terasort/map/Step1Task.cpp:46 textFile : 11 - read range, 458333304 - 499999967,è®¡ 41666664 æ¡
[0m[0;36m2023-03-31 14:00:52,352 [debug] [139726917768768] /home/kevin/git/lwdee/terasort/TerasortDCOFactory.cpp:14 newDco : create dco MapDCO
[0m[1;32m2023-03-31 14:00:52,354 [info ] [139726917768768] /home/kevin/git/lwdee/terasort/map/MapDCO.cpp:21 map : < accept map 
[0m[0;37m2023-03-31 14:00:52,354 [trace] [139726917768768] /home/kevin/git/lwdee/terasort/matrix/LinuxMatrix.cpp:46 print : CPU(1.17%-21.96%: 20.78%),RAM(56395M-56418M: 23M), cpu:2.64%,ram total:96476M,avai:40058M,used:56418M,free:40058M 
[0m[1;32m2023-03-31 14:00:52,354 [info ] [139726917768768] /home/kevin/git/lwdee/terasort/map/Step1Task.cpp:13 run : < map task run
[0m[1;32m2023-03-31 14:00:52,354 [info ] [139726917768768] /home/kevin/git/lwdee/terasort/map/Step1Task.cpp:31 textFile : < textFile
[0m[0;36m2023-03-31 14:00:52,354 [debug] [139726917768768] /home/kevin/git/lwdee/terasort/map/Step1Task.cpp:46 textFile : 16 - read range, 666666624 - 708333287,è®¡ 41666664 æ¡
[0m[0;36m2023-03-31 14:00:52,377 [debug] [139726909376064] /home/kevin/git/lwdee/terasort/TerasortDCOFactory.cpp:14 newDco : create dco MapDCO
[0m[1;32m2023-03-31 14:00:52,378 [info ] [139726909376064] /home/kevin/git/lwdee/terasort/map/MapDCO.cpp:21 map : < accept map 
[0m[0;37m2023-03-31 14:00:52,379 [trace] [139726909376064] /home/kevin/git/lwdee/terasort/matrix/LinuxMatrix.cpp:46 print : CPU(1.17%-21.96%: 20.78%),RAM(56395M-56418M: 23M), cpu:2.64%,ram total:96476M,avai:40058M,used:56418M,free:40058M 
[0m[1;32m2023-03-31 14:00:52,379 [info ] [139726909376064] /home/kevin/git/lwdee/terasort/map/Step1Task.cpp:13 run : < map task run
[0m[1;32m2023-03-31 14:00:52,379 [info ] [139726909376064] /home/kevin/git/lwdee/terasort/map/Step1Task.cpp:31 textFile : < textFile
[0m[0;36m2023-03-31 14:00:52,379 [debug] [139726909376064] /home/kevin/git/lwdee/terasort/map/Step1Task.cpp:46 textFile : 21 - read range, 874999944 - 916666607,è®¡ 41666664 æ¡
[0m[1;32m2023-03-31 14:01:23,304 [info ] [139726694643264] /home/kevin/git/lwdee/terasort/map/Step1Task.cpp:63 textFile : > textFile,partition: 6,eclipse 30.988000
[0m[1;32m2023-03-31 14:01:23,304 [info ] [139726694643264] /home/kevin/git/lwdee/terasort/map/Step1Task.cpp:69 generateSubSplit : < generateSubSplit
[0m[1;32m2023-03-31 14:01:25,285 [info ] [139726917768768] /home/kevin/git/lwdee/terasort/map/Step1Task.cpp:63 textFile : > textFile,partition: 16,eclipse 32.931000
[0m[1;32m2023-03-31 14:01:25,285 [info ] [139726917768768] /home/kevin/git/lwdee/terasort/map/Step1Task.cpp:69 generateSubSplit : < generateSubSplit
[0m[1;32m2023-03-31 14:01:36,663 [info ] [139726934554176] /home/kevin/git/lwdee/terasort/map/Step1Task.cpp:63 textFile : > textFile,partition: 11,eclipse 44.329000
[0m[1;32m2023-03-31 14:01:36,663 [info ] [139726934554176] /home/kevin/git/lwdee/terasort/map/Step1Task.cpp:69 generateSubSplit : < generateSubSplit
[0m[0;36m2023-03-31 14:01:38,125 [debug] [139726694643264] /home/kevin/git/lwdee/terasort/map/Step1Task.cpp:85 generateSubSplit : partition 6 - sub split 0 - 1735410
[0m[0;36m2023-03-31 14:01:38,125 [debug] [139726694643264] /home/kevin/git/lwdee/terasort/map/Step1Task.cpp:85 generateSubSplit : partition 6 - sub split 1 - 1735975
[0m[0;36m2023-03-31 14:01:38,125 [debug] [139726694643264] /home/kevin/git/lwdee/terasort/map/Step1Task.cpp:85 generateSubSplit : partition 6 - sub split 2 - 1736917
[0m[0;36m2023-03-31 14:01:38,125 [debug] [139726694643264] /home/kevin/git/lwdee/terasort/map/Step1Task.cpp:85 generateSubSplit : partition 6 - sub split 3 - 1734709
[0m[0;36m2023-03-31 14:01:38,125 [debug] [139726694643264] /home/kevin/git/lwdee/terasort/map/Step1Task.cpp:85 generateSubSplit : partition 6 - sub split 4 - 1735702
[0m[0;36m2023-03-31 14:01:38,125 [debug] [139726694643264] /home/kevin/git/lwdee/terasort/map/Step1Task.cpp:85 generateSubSplit : partition 6 - sub split 5 - 1735705
[0m[0;36m2023-03-31 14:01:38,125 [debug] [139726694643264] /home/kevin/git/lwdee/terasort/map/Step1Task.cpp:85 generateSubSplit : partition 6 - sub split 6 - 1735956
[0m[0;36m2023-03-31 14:01:38,125 [debug] [139726694643264] /home/kevin/git/lwdee/terasort/map/Step1Task.cpp:85 generateSubSplit : partition 6 - sub split 7 - 1736516
[0m[0;36m2023-03-31 14:01:38,125 [debug] [139726694643264] /home/kevin/git/lwdee/terasort/map/Step1Task.cpp:85 generateSubSplit : partition 6 - sub split 8 - 1734204
[0m[0;36m2023-03-31 14:01:38,125 [debug] [139726694643264] /home/kevin/git/lwdee/terasort/map/Step1Task.cpp:85 generateSubSplit : partition 6 - sub split 9 - 1736230
[0m[0;36m2023-03-31 14:01:38,125 [debug] [139726694643264] /home/kevin/git/lwdee/terasort/map/Step1Task.cpp:85 generateSubSplit : partition 6 - sub split 10 - 1736620
[0m[0;36m2023-03-31 14:01:38,125 [debug] [139726694643264] /home/kevin/git/lwdee/terasort/map/Step1Task.cpp:85 generateSubSplit : partition 6 - sub split 11 - 1734609
[0m[0;36m2023-03-31 14:01:38,125 [debug] [139726694643264] /home/kevin/git/lwdee/terasort/map/Step1Task.cpp:85 generateSubSplit : partition 6 - sub split 12 - 1735693
[0m[0;36m2023-03-31 14:01:38,125 [debug] [139726694643264] /home/kevin/git/lwdee/terasort/map/Step1Task.cpp:85 generateSubSplit : partition 6 - sub split 13 - 1733606
[0m[0;36m2023-03-31 14:01:38,125 [debug] [139726694643264] /home/kevin/git/lwdee/terasort/map/Step1Task.cpp:85 generateSubSplit : partition 6 - sub split 14 - 1736410
[0m[0;36m2023-03-31 14:01:38,126 [debug] [139726694643264] /home/kevin/git/lwdee/terasort/map/Step1Task.cpp:85 generateSubSplit : partition 6 - sub split 15 - 1735128
[0m[0;36m2023-03-31 14:01:38,126 [debug] [139726694643264] /home/kevin/git/lwdee/terasort/map/Step1Task.cpp:85 generateSubSplit : partition 6 - sub split 16 - 1736485
[0m[0;36m2023-03-31 14:01:38,126 [debug] [139726694643264] /home/kevin/git/lwdee/terasort/map/Step1Task.cpp:85 generateSubSplit : partition 6 - sub split 17 - 1735004
[0m[0;36m2023-03-31 14:01:38,126 [debug] [139726694643264] /home/kevin/git/lwdee/terasort/map/Step1Task.cpp:85 generateSubSplit : partition 6 - sub split 18 - 1734742
[0m[0;36m2023-03-31 14:01:38,126 [debug] [139726694643264] /home/kevin/git/lwdee/terasort/map/Step1Task.cpp:85 generateSubSplit : partition 6 - sub split 19 - 1736769
[0m[0;36m2023-03-31 14:01:38,126 [debug] [139726694643264] /home/kevin/git/lwdee/terasort/map/Step1Task.cpp:85 generateSubSplit : partition 6 - sub split 20 - 1735636
[0m[0;36m2023-03-31 14:01:38,126 [debug] [139726694643264] /home/kevin/git/lwdee/terasort/map/Step1Task.cpp:85 generateSubSplit : partition 6 - sub split 21 - 1736985
[0m[0;36m2023-03-31 14:01:38,126 [debug] [139726694643264] /home/kevin/git/lwdee/terasort/map/Step1Task.cpp:85 generateSubSplit : partition 6 - sub split 22 - 1738563
[0m[0;36m2023-03-31 14:01:38,126 [debug] [139726694643264] /home/kevin/git/lwdee/terasort/map/Step1Task.cpp:85 generateSubSplit : partition 6 - sub split 23 - 1743090
[0m[0;36m2023-03-31 14:01:40,276 [debug] [139726917768768] /home/kevin/git/lwdee/terasort/map/Step1Task.cpp:85 generateSubSplit : partition 16 - sub split 0 - 1738407
[0m[0;36m2023-03-31 14:01:40,276 [debug] [139726917768768] /home/kevin/git/lwdee/terasort/map/Step1Task.cpp:85 generateSubSplit : partition 16 - sub split 1 - 1734784
[0m[0;36m2023-03-31 14:01:40,276 [debug] [139726917768768] /home/kevin/git/lwdee/terasort/map/Step1Task.cpp:85 generateSubSplit : partition 16 - sub split 2 - 1734623
[0m[0;36m2023-03-31 14:01:40,276 [debug] [139726917768768] /home/kevin/git/lwdee/terasort/map/Step1Task.cpp:85 generateSubSplit : partition 16 - sub split 3 - 1735649
[0m[0;36m2023-03-31 14:01:40,276 [debug] [139726917768768] /home/kevin/git/lwdee/terasort/map/Step1Task.cpp:85 generateSubSplit : partition 16 - sub split 4 - 1736685
[0m[0;36m2023-03-31 14:01:40,276 [debug] [139726917768768] /home/kevin/git/lwdee/terasort/map/Step1Task.cpp:85 generateSubSplit : partition 16 - sub split 5 - 1737114
[0m[0;36m2023-03-31 14:01:40,277 [debug] [139726917768768] /home/kevin/git/lwdee/terasort/map/Step1Task.cpp:85 generateSubSplit : partition 16 - sub split 6 - 1734687
[0m[0;36m2023-03-31 14:01:40,277 [debug] [139726917768768] /home/kevin/git/lwdee/terasort/map/Step1Task.cpp:85 generateSubSplit : partition 16 - sub split 7 - 1734981
[0m[0;36m2023-03-31 14:01:40,277 [debug] [139726917768768] /home/kevin/git/lwdee/terasort/map/Step1Task.cpp:85 generateSubSplit : partition 16 - sub split 8 - 1737607
[0m[0;36m2023-03-31 14:01:40,277 [debug] [139726917768768] /home/kevin/git/lwdee/terasort/map/Step1Task.cpp:85 generateSubSplit : partition 16 - sub split 9 - 1734884
[0m[0;36m2023-03-31 14:01:40,277 [debug] [139726917768768] /home/kevin/git/lwdee/terasort/map/Step1Task.cpp:85 generateSubSplit : partition 16 - sub split 10 - 1735233
[0m[0;36m2023-03-31 14:01:40,277 [debug] [139726917768768] /home/kevin/git/lwdee/terasort/map/Step1Task.cpp:85 generateSubSplit : partition 16 - sub split 11 - 1734724
[0m[0;36m2023-03-31 14:01:40,277 [debug] [139726917768768] /home/kevin/git/lwdee/terasort/map/Step1Task.cpp:85 generateSubSplit : partition 16 - sub split 12 - 1735128
[0m[0;36m2023-03-31 14:01:40,277 [debug] [139726917768768] /home/kevin/git/lwdee/terasort/map/Step1Task.cpp:85 generateSubSplit : partition 16 - sub split 13 - 1735475
[0m[0;36m2023-03-31 14:01:40,277 [debug] [139726917768768] /home/kevin/git/lwdee/terasort/map/Step1Task.cpp:85 generateSubSplit : partition 16 - sub split 14 - 1736521
[0m[0;36m2023-03-31 14:01:40,277 [debug] [139726917768768] /home/kevin/git/lwdee/terasort/map/Step1Task.cpp:85 generateSubSplit : partition 16 - sub split 15 - 1736330
[0m[0;36m2023-03-31 14:01:40,277 [debug] [139726917768768] /home/kevin/git/lwdee/terasort/map/Step1Task.cpp:85 generateSubSplit : partition 16 - sub split 16 - 1736267
[0m[0;36m2023-03-31 14:01:40,277 [debug] [139726917768768] /home/kevin/git/lwdee/terasort/map/Step1Task.cpp:85 generateSubSplit : partition 16 - sub split 17 - 1736587
[0m[0;36m2023-03-31 14:01:40,277 [debug] [139726917768768] /home/kevin/git/lwdee/terasort/map/Step1Task.cpp:85 generateSubSplit : partition 16 - sub split 18 - 1735144
[0m[0;36m2023-03-31 14:01:40,277 [debug] [139726917768768] /home/kevin/git/lwdee/terasort/map/Step1Task.cpp:85 generateSubSplit : partition 16 - sub split 19 - 1736942
[0m[0;36m2023-03-31 14:01:40,277 [debug] [139726917768768] /home/kevin/git/lwdee/terasort/map/Step1Task.cpp:85 generateSubSplit : partition 16 - sub split 20 - 1735384
[0m[0;36m2023-03-31 14:01:40,277 [debug] [139726917768768] /home/kevin/git/lwdee/terasort/map/Step1Task.cpp:85 generateSubSplit : partition 16 - sub split 21 - 1736655
[0m[0;36m2023-03-31 14:01:40,277 [debug] [139726917768768] /home/kevin/git/lwdee/terasort/map/Step1Task.cpp:85 generateSubSplit : partition 16 - sub split 22 - 1734258
[0m[0;36m2023-03-31 14:01:40,277 [debug] [139726917768768] /home/kevin/git/lwdee/terasort/map/Step1Task.cpp:85 generateSubSplit : partition 16 - sub split 23 - 1742595
[0m[1;32m2023-03-31 14:01:46,391 [info ] [139726909376064] /home/kevin/git/lwdee/terasort/map/Step1Task.cpp:63 textFile : > textFile,partition: 21,eclipse 54.012000
[0m[1;32m2023-03-31 14:01:46,391 [info ] [139726909376064] /home/kevin/git/lwdee/terasort/map/Step1Task.cpp:69 generateSubSplit : < generateSubSplit
[0m[0;36m2023-03-31 14:01:51,879 [debug] [139726934554176] /home/kevin/git/lwdee/terasort/map/Step1Task.cpp:85 generateSubSplit : partition 11 - sub split 0 - 1737368
[0m[0;36m2023-03-31 14:01:51,879 [debug] [139726934554176] /home/kevin/git/lwdee/terasort/map/Step1Task.cpp:85 generateSubSplit : partition 11 - sub split 1 - 1737049
[0m[0;36m2023-03-31 14:01:51,879 [debug] [139726934554176] /home/kevin/git/lwdee/terasort/map/Step1Task.cpp:85 generateSubSplit : partition 11 - sub split 2 - 1734252
[0m[0;36m2023-03-31 14:01:51,879 [debug] [139726934554176] /home/kevin/git/lwdee/terasort/map/Step1Task.cpp:85 generateSubSplit : partition 11 - sub split 3 - 1734606
[0m[0;36m2023-03-31 14:01:51,879 [debug] [139726934554176] /home/kevin/git/lwdee/terasort/map/Step1Task.cpp:85 generateSubSplit : partition 11 - sub split 4 - 1736263
[0m[0;36m2023-03-31 14:01:51,879 [debug] [139726934554176] /home/kevin/git/lwdee/terasort/map/Step1Task.cpp:85 generateSubSplit : partition 11 - sub split 5 - 1734504
[0m[0;36m2023-03-31 14:01:51,879 [debug] [139726934554176] /home/kevin/git/lwdee/terasort/map/Step1Task.cpp:85 generateSubSplit : partition 11 - sub split 6 - 1736952
[0m[0;36m2023-03-31 14:01:51,879 [debug] [139726934554176] /home/kevin/git/lwdee/terasort/map/Step1Task.cpp:85 generateSubSplit : partition 11 - sub split 7 - 1736762
[0m[0;36m2023-03-31 14:01:51,879 [debug] [139726934554176] /home/kevin/git/lwdee/terasort/map/Step1Task.cpp:85 generateSubSplit : partition 11 - sub split 8 - 1735019
[0m[0;36m2023-03-31 14:01:51,879 [debug] [139726934554176] /home/kevin/git/lwdee/terasort/map/Step1Task.cpp:85 generateSubSplit : partition 11 - sub split 9 - 1739034
[0m[0;36m2023-03-31 14:01:51,879 [debug] [139726934554176] /home/kevin/git/lwdee/terasort/map/Step1Task.cpp:85 generateSubSplit : partition 11 - sub split 10 - 1737876
[0m[0;36m2023-03-31 14:01:51,879 [debug] [139726934554176] /home/kevin/git/lwdee/terasort/map/Step1Task.cpp:85 generateSubSplit : partition 11 - sub split 11 - 1735791
[0m[0;36m2023-03-31 14:01:51,879 [debug] [139726934554176] /home/kevin/git/lwdee/terasort/map/Step1Task.cpp:85 generateSubSplit : partition 11 - sub split 12 - 1736211
[0m[0;36m2023-03-31 14:01:51,879 [debug] [139726934554176] /home/kevin/git/lwdee/terasort/map/Step1Task.cpp:85 generateSubSplit : partition 11 - sub split 13 - 1735005
[0m[0;36m2023-03-31 14:01:51,879 [debug] [139726934554176] /home/kevin/git/lwdee/terasort/map/Step1Task.cpp:85 generateSubSplit : partition 11 - sub split 14 - 1737501
[0m[0;36m2023-03-31 14:01:51,880 [debug] [139726934554176] /home/kevin/git/lwdee/terasort/map/Step1Task.cpp:85 generateSubSplit : partition 11 - sub split 15 - 1734846
[0m[0;36m2023-03-31 14:01:51,880 [debug] [139726934554176] /home/kevin/git/lwdee/terasort/map/Step1Task.cpp:85 generateSubSplit : partition 11 - sub split 16 - 1733849
[0m[0;36m2023-03-31 14:01:51,880 [debug] [139726934554176] /home/kevin/git/lwdee/terasort/map/Step1Task.cpp:85 generateSubSplit : partition 11 - sub split 17 - 1737095
[0m[0;36m2023-03-31 14:01:51,880 [debug] [139726934554176] /home/kevin/git/lwdee/terasort/map/Step1Task.cpp:85 generateSubSplit : partition 11 - sub split 18 - 1732396
[0m[0;36m2023-03-31 14:01:51,880 [debug] [139726934554176] /home/kevin/git/lwdee/terasort/map/Step1Task.cpp:85 generateSubSplit : partition 11 - sub split 19 - 1734439
[0m[0;36m2023-03-31 14:01:51,880 [debug] [139726934554176] /home/kevin/git/lwdee/terasort/map/Step1Task.cpp:85 generateSubSplit : partition 11 - sub split 20 - 1735693
[0m[0;36m2023-03-31 14:01:51,880 [debug] [139726934554176] /home/kevin/git/lwdee/terasort/map/Step1Task.cpp:85 generateSubSplit : partition 11 - sub split 21 - 1736571
[0m[0;36m2023-03-31 14:01:51,880 [debug] [139726934554176] /home/kevin/git/lwdee/terasort/map/Step1Task.cpp:85 generateSubSplit : partition 11 - sub split 22 - 1734868
[0m[0;36m2023-03-31 14:01:51,880 [debug] [139726934554176] /home/kevin/git/lwdee/terasort/map/Step1Task.cpp:85 generateSubSplit : partition 11 - sub split 23 - 1742714
[0m[0;36m2023-03-31 14:02:01,872 [debug] [139726909376064] /home/kevin/git/lwdee/terasort/map/Step1Task.cpp:85 generateSubSplit : partition 21 - sub split 0 - 1734834
[0m[0;36m2023-03-31 14:02:01,881 [debug] [139726909376064] /home/kevin/git/lwdee/terasort/map/Step1Task.cpp:85 generateSubSplit : partition 21 - sub split 1 - 1733888
[0m[0;36m2023-03-31 14:02:01,881 [debug] [139726909376064] /home/kevin/git/lwdee/terasort/map/Step1Task.cpp:85 generateSubSplit : partition 21 - sub split 2 - 1737005
[0m[0;36m2023-03-31 14:02:01,881 [debug] [139726909376064] /home/kevin/git/lwdee/terasort/map/Step1Task.cpp:85 generateSubSplit : partition 21 - sub split 3 - 1736505
[0m[0;36m2023-03-31 14:02:01,881 [debug] [139726909376064] /home/kevin/git/lwdee/terasort/map/Step1Task.cpp:85 generateSubSplit : partition 21 - sub split 4 - 1736217
[0m[0;36m2023-03-31 14:02:01,881 [debug] [139726909376064] /home/kevin/git/lwdee/terasort/map/Step1Task.cpp:85 generateSubSplit : partition 21 - sub split 5 - 1736582
[0m[0;36m2023-03-31 14:02:01,881 [debug] [139726909376064] /home/kevin/git/lwdee/terasort/map/Step1Task.cpp:85 generateSubSplit : partition 21 - sub split 6 - 1734614
[0m[0;36m2023-03-31 14:02:01,881 [debug] [139726909376064] /home/kevin/git/lwdee/terasort/map/Step1Task.cpp:85 generateSubSplit : partition 21 - sub split 7 - 1734784
[0m[0;36m2023-03-31 14:02:01,881 [debug] [139726909376064] /home/kevin/git/lwdee/terasort/map/Step1Task.cpp:85 generateSubSplit : partition 21 - sub split 8 - 1736294
[0m[0;36m2023-03-31 14:02:01,881 [debug] [139726909376064] /home/kevin/git/lwdee/terasort/map/Step1Task.cpp:85 generateSubSplit : partition 21 - sub split 9 - 1735693
[0m[0;36m2023-03-31 14:02:01,882 [debug] [139726909376064] /home/kevin/git/lwdee/terasort/map/Step1Task.cpp:85 generateSubSplit : partition 21 - sub split 10 - 1733217
[0m[0;36m2023-03-31 14:02:01,882 [debug] [139726909376064] /home/kevin/git/lwdee/terasort/map/Step1Task.cpp:85 generateSubSplit : partition 21 - sub split 11 - 1736034
[0m[0;36m2023-03-31 14:02:01,882 [debug] [139726909376064] /home/kevin/git/lwdee/terasort/map/Step1Task.cpp:85 generateSubSplit : partition 21 - sub split 12 - 1735502
[0m[0;36m2023-03-31 14:02:01,882 [debug] [139726909376064] /home/kevin/git/lwdee/terasort/map/Step1Task.cpp:85 generateSubSplit : partition 21 - sub split 13 - 1736576
[0m[0;36m2023-03-31 14:02:01,882 [debug] [139726909376064] /home/kevin/git/lwdee/terasort/map/Step1Task.cpp:85 generateSubSplit : partition 21 - sub split 14 - 1735662
[0m[0;36m2023-03-31 14:02:01,882 [debug] [139726909376064] /home/kevin/git/lwdee/terasort/map/Step1Task.cpp:85 generateSubSplit : partition 21 - sub split 15 - 1737711
[0m[0;36m2023-03-31 14:02:01,882 [debug] [139726909376064] /home/kevin/git/lwdee/terasort/map/Step1Task.cpp:85 generateSubSplit : partition 21 - sub split 16 - 1736832
[0m[0;36m2023-03-31 14:02:01,882 [debug] [139726909376064] /home/kevin/git/lwdee/terasort/map/Step1Task.cpp:85 generateSubSplit : partition 21 - sub split 17 - 1734290
[0m[0;36m2023-03-31 14:02:01,882 [debug] [139726909376064] /home/kevin/git/lwdee/terasort/map/Step1Task.cpp:85 generateSubSplit : partition 21 - sub split 18 - 1739261
[0m[0;36m2023-03-31 14:02:01,882 [debug] [139726909376064] /home/kevin/git/lwdee/terasort/map/Step1Task.cpp:85 generateSubSplit : partition 21 - sub split 19 - 1734523
[0m[0;36m2023-03-31 14:02:01,882 [debug] [139726909376064] /home/kevin/git/lwdee/terasort/map/Step1Task.cpp:85 generateSubSplit : partition 21 - sub split 20 - 1737062
[0m[0;36m2023-03-31 14:02:01,882 [debug] [139726909376064] /home/kevin/git/lwdee/terasort/map/Step1Task.cpp:85 generateSubSplit : partition 21 - sub split 21 - 1734938
[0m[0;36m2023-03-31 14:02:01,882 [debug] [139726909376064] /home/kevin/git/lwdee/terasort/map/Step1Task.cpp:85 generateSubSplit : partition 21 - sub split 22 - 1736188
[0m[0;36m2023-03-31 14:02:01,882 [debug] [139726909376064] /home/kevin/git/lwdee/terasort/map/Step1Task.cpp:85 generateSubSplit : partition 21 - sub split 23 - 1742452
[0m[1;32m2023-03-31 14:02:03,466 [info ] [139726926161472] /home/kevin/git/lwdee/terasort/map/Step1Task.cpp:63 textFile : > textFile,partition: 1,eclipse 71.154000
[0m[1;32m2023-03-31 14:02:03,466 [info ] [139726926161472] /home/kevin/git/lwdee/terasort/map/Step1Task.cpp:69 generateSubSplit : < generateSubSplit
[0m[0;36m2023-03-31 14:02:18,078 [debug] [139726926161472] /home/kevin/git/lwdee/terasort/map/Step1Task.cpp:85 generateSubSplit : partition 1 - sub split 0 - 1737856
[0m[0;36m2023-03-31 14:02:18,079 [debug] [139726926161472] /home/kevin/git/lwdee/terasort/map/Step1Task.cpp:85 generateSubSplit : partition 1 - sub split 1 - 1736943
[0m[0;36m2023-03-31 14:02:18,079 [debug] [139726926161472] /home/kevin/git/lwdee/terasort/map/Step1Task.cpp:85 generateSubSplit : partition 1 - sub split 2 - 1735664
[0m[0;36m2023-03-31 14:02:18,079 [debug] [139726926161472] /home/kevin/git/lwdee/terasort/map/Step1Task.cpp:85 generateSubSplit : partition 1 - sub split 3 - 1736956
[0m[0;36m2023-03-31 14:02:18,079 [debug] [139726926161472] /home/kevin/git/lwdee/terasort/map/Step1Task.cpp:85 generateSubSplit : partition 1 - sub split 4 - 1735752
[0m[0;36m2023-03-31 14:02:18,079 [debug] [139726926161472] /home/kevin/git/lwdee/terasort/map/Step1Task.cpp:85 generateSubSplit : partition 1 - sub split 5 - 1736773
[0m[0;36m2023-03-31 14:02:18,079 [debug] [139726926161472] /home/kevin/git/lwdee/terasort/map/Step1Task.cpp:85 generateSubSplit : partition 1 - sub split 6 - 1736954
[0m[0;36m2023-03-31 14:02:18,079 [debug] [139726926161472] /home/kevin/git/lwdee/terasort/map/Step1Task.cpp:85 generateSubSplit : partition 1 - sub split 7 - 1735893
[0m[0;36m2023-03-31 14:02:18,079 [debug] [139726926161472] /home/kevin/git/lwdee/terasort/map/Step1Task.cpp:85 generateSubSplit : partition 1 - sub split 8 - 1737442
[0m[0;36m2023-03-31 14:02:18,079 [debug] [139726926161472] /home/kevin/git/lwdee/terasort/map/Step1Task.cpp:85 generateSubSplit : partition 1 - sub split 9 - 1734221
[0m[0;36m2023-03-31 14:02:18,079 [debug] [139726926161472] /home/kevin/git/lwdee/terasort/map/Step1Task.cpp:85 generateSubSplit : partition 1 - sub split 10 - 1734766
[0m[0;36m2023-03-31 14:02:18,079 [debug] [139726926161472] /home/kevin/git/lwdee/terasort/map/Step1Task.cpp:85 generateSubSplit : partition 1 - sub split 11 - 1736774
[0m[0;36m2023-03-31 14:02:18,079 [debug] [139726926161472] /home/kevin/git/lwdee/terasort/map/Step1Task.cpp:85 generateSubSplit : partition 1 - sub split 12 - 1734375
[0m[0;36m2023-03-31 14:02:18,079 [debug] [139726926161472] /home/kevin/git/lwdee/terasort/map/Step1Task.cpp:85 generateSubSplit : partition 1 - sub split 13 - 1735222
[0m[0;36m2023-03-31 14:02:18,079 [debug] [139726926161472] /home/kevin/git/lwdee/terasort/map/Step1Task.cpp:85 generateSubSplit : partition 1 - sub split 14 - 1736682
[0m[0;36m2023-03-31 14:02:18,079 [debug] [139726926161472] /home/kevin/git/lwdee/terasort/map/Step1Task.cpp:85 generateSubSplit : partition 1 - sub split 15 - 1735871
[0m[0;36m2023-03-31 14:02:18,079 [debug] [139726926161472] /home/kevin/git/lwdee/terasort/map/Step1Task.cpp:85 generateSubSplit : partition 1 - sub split 16 - 1735136
[0m[0;36m2023-03-31 14:02:18,079 [debug] [139726926161472] /home/kevin/git/lwdee/terasort/map/Step1Task.cpp:85 generateSubSplit : partition 1 - sub split 17 - 1734879
[0m[0;36m2023-03-31 14:02:18,079 [debug] [139726926161472] /home/kevin/git/lwdee/terasort/map/Step1Task.cpp:85 generateSubSplit : partition 1 - sub split 18 - 1735036
[0m[0;36m2023-03-31 14:02:18,079 [debug] [139726926161472] /home/kevin/git/lwdee/terasort/map/Step1Task.cpp:85 generateSubSplit : partition 1 - sub split 19 - 1734753
[0m[0;36m2023-03-31 14:02:18,079 [debug] [139726926161472] /home/kevin/git/lwdee/terasort/map/Step1Task.cpp:85 generateSubSplit : partition 1 - sub split 20 - 1734212
[0m[0;36m2023-03-31 14:02:18,080 [debug] [139726926161472] /home/kevin/git/lwdee/terasort/map/Step1Task.cpp:85 generateSubSplit : partition 1 - sub split 21 - 1737101
[0m[0;36m2023-03-31 14:02:18,080 [debug] [139726926161472] /home/kevin/git/lwdee/terasort/map/Step1Task.cpp:85 generateSubSplit : partition 1 - sub split 22 - 1735258
[0m[0;36m2023-03-31 14:02:18,080 [debug] [139726926161472] /home/kevin/git/lwdee/terasort/map/Step1Task.cpp:85 generateSubSplit : partition 1 - sub split 23 - 1742145
[0m[1;32m2023-03-31 14:02:46,541 [info ] [139726694643264] /home/kevin/git/lwdee/terasort/map/Step1Task.cpp:111 generateSubSplit : > generateSubSplit,partition: 6,eclipse 83.237000
[0m[1;32m2023-03-31 14:02:47,060 [info ] [139726694643264] /home/kevin/git/lwdee/terasort/map/Step1Task.cpp:25 run : > map task run,eclipse 114.744000
[0m[0;37m2023-03-31 14:02:47,061 [trace] [139726694643264] /home/kevin/git/lwdee/terasort/matrix/LinuxMatrix.cpp:46 print : CPU(1.17%-25.57%: 24.40%),RAM(56395M-96172M: 39777M), cpu:16.32%,ram total:96476M,avai:9404M,used:87072M,free:9404M 
[0m[1;32m2023-03-31 14:02:47,061 [info ] [139726694643264] /home/kevin/git/lwdee/terasort/map/MapDCO.cpp:31 map : > accept map ,partition : 6, ddoId: 0, fileName: /home/terasort/data/data-input.dat
[0m[1;32m2023-03-31 14:02:50,134 [info ] [139726917768768] /home/kevin/git/lwdee/terasort/map/Step1Task.cpp:111 generateSubSplit : > generateSubSplit,partition: 16,eclipse 84.849000
[0m[1;32m2023-03-31 14:02:50,706 [info ] [139726917768768] /home/kevin/git/lwdee/terasort/map/Step1Task.cpp:25 run : > map task run,eclipse 118.352000
[0m[0;37m2023-03-31 14:02:50,706 [trace] [139726917768768] /home/kevin/git/lwdee/terasort/matrix/LinuxMatrix.cpp:46 print : CPU(1.17%-25.57%: 24.40%),RAM(56395M-96172M: 39777M), cpu:15.86%,ram total:96476M,avai:10186M,used:86290M,free:10186M 
[0m[1;32m2023-03-31 14:02:50,706 [info ] [139726917768768] /home/kevin/git/lwdee/terasort/map/MapDCO.cpp:31 map : > accept map ,partition : 16, ddoId: 0, fileName: /home/terasort/data/data-input.dat
[0m[1;32m2023-03-31 14:03:00,444 [info ] [139726934554176] /home/kevin/git/lwdee/terasort/map/Step1Task.cpp:111 generateSubSplit : > generateSubSplit,partition: 11,eclipse 83.781000
[0m[1;32m2023-03-31 14:03:01,014 [info ] [139726934554176] /home/kevin/git/lwdee/terasort/map/Step1Task.cpp:25 run : > map task run,eclipse 128.680000
[0m[0;37m2023-03-31 14:03:01,014 [trace] [139726934554176] /home/kevin/git/lwdee/terasort/matrix/LinuxMatrix.cpp:46 print : CPU(1.17%-25.57%: 24.40%),RAM(56395M-96172M: 39777M), cpu:20.81%,ram total:96476M,avai:11193M,used:85283M,free:11193M 
[0m[1;32m2023-03-31 14:03:01,014 [info ] [139726934554176] /home/kevin/git/lwdee/terasort/map/MapDCO.cpp:31 map : > accept map ,partition : 11, ddoId: 0, fileName: /home/terasort/data/data-input.dat
[0m[1;32m2023-03-31 14:03:10,372 [info ] [139726909376064] /home/kevin/git/lwdee/terasort/map/Step1Task.cpp:111 generateSubSplit : > generateSubSplit,partition: 21,eclipse 83.980000
[0m[1;32m2023-03-31 14:03:11,016 [info ] [139726909376064] /home/kevin/git/lwdee/terasort/map/Step1Task.cpp:25 run : > map task run,eclipse 138.637000
[0m[0;37m2023-03-31 14:03:11,016 [trace] [139726909376064] /home/kevin/git/lwdee/terasort/matrix/LinuxMatrix.cpp:46 print : CPU(1.17%-25.57%: 24.40%),RAM(56395M-96172M: 39777M), cpu:9.86%,ram total:96476M,avai:14120M,used:82356M,free:14120M 
[0m[1;32m2023-03-31 14:03:11,016 [info ] [139726909376064] /home/kevin/git/lwdee/terasort/map/MapDCO.cpp:31 map : > accept map ,partition : 21, ddoId: 0, fileName: /home/terasort/data/data-input.dat
[0m[1;32m2023-03-31 14:03:27,298 [info ] [139726926161472] /home/kevin/git/lwdee/terasort/map/Step1Task.cpp:111 generateSubSplit : > generateSubSplit,partition: 1,eclipse 83.832000
[0m[1;32m2023-03-31 14:03:27,746 [info ] [139726926161472] /home/kevin/git/lwdee/terasort/map/Step1Task.cpp:25 run : > map task run,eclipse 155.434000
[0m[0;37m2023-03-31 14:03:27,747 [trace] [139726926161472] /home/kevin/git/lwdee/terasort/matrix/LinuxMatrix.cpp:46 print : CPU(1.17%-25.57%: 24.40%),RAM(56395M-96172M: 39777M), cpu:5.71%,ram total:96476M,avai:21055M,used:75421M,free:21055M 
[0m[1;32m2023-03-31 14:03:27,747 [info ] [139726926161472] /home/kevin/git/lwdee/terasort/map/MapDCO.cpp:31 map : > accept map ,partition : 1, ddoId: 0, fileName: /home/terasort/data/data-input.dat
[0m[0;36m2023-03-31 14:08:38,210 [debug] [139726917768768] /home/kevin/git/lwdee/terasort/TerasortDCOFactory.cpp:14 newDco : create dco ReduceDCO
[0m[0;37m2023-03-31 14:08:38,212 [trace] [139726917768768] /home/kevin/git/lwdee/terasort/reduce/ReduceDCO.cpp:9 reduce : ---------------------------------
[0m[1;32m2023-03-31 14:08:38,212 [info ] [139726917768768] /home/kevin/git/lwdee/terasort/reduce/ReduceDCO.cpp:11 reduce : < accept reduce 
[0m[0;37m2023-03-31 14:08:38,212 [trace] [139726917768768] /home/kevin/git/lwdee/terasort/matrix/LinuxMatrix.cpp:46 print : CPU(1.17%-25.57%: 24.40%),RAM(56395M-96172M: 39777M), cpu:2.39%,ram total:96476M,avai:20730M,used:75746M,free:20730M 
[0m[1;32m2023-03-31 14:08:38,213 [info ] [139726917768768] /home/kevin/git/lwdee/terasort/reduce/Step2Task.cpp:14 run : < reduce task run
[0m[1;32m2023-03-31 14:08:38,213 [info ] [139726917768768] /home/kevin/git/lwdee/terasort/reduce/Step2Task.cpp:31 read : < read
[0m[0;36m2023-03-31 14:08:38,226 [debug] [139726909376064] /home/kevin/git/lwdee/terasort/TerasortDCOFactory.cpp:14 newDco : create dco ReduceDCO
[0m[0;37m2023-03-31 14:08:38,228 [trace] [139726909376064] /home/kevin/git/lwdee/terasort/reduce/ReduceDCO.cpp:9 reduce : ---------------------------------
[0m[1;32m2023-03-31 14:08:38,228 [info ] [139726909376064] /home/kevin/git/lwdee/terasort/reduce/ReduceDCO.cpp:11 reduce : < accept reduce 
[0m[0;37m2023-03-31 14:08:38,228 [trace] [139726909376064] /home/kevin/git/lwdee/terasort/matrix/LinuxMatrix.cpp:46 print : CPU(1.17%-25.57%: 24.40%),RAM(56395M-96172M: 39777M), cpu:2.39%,ram total:96476M,avai:20730M,used:75746M,free:20730M 
[0m[1;32m2023-03-31 14:08:38,228 [info ] [139726909376064] /home/kevin/git/lwdee/terasort/reduce/Step2Task.cpp:14 run : < reduce task run
[0m[1;32m2023-03-31 14:08:38,228 [info ] [139726909376064] /home/kevin/git/lwdee/terasort/reduce/Step2Task.cpp:31 read : < read
[0m[0;36m2023-03-31 14:08:38,245 [debug] [139726934554176] /home/kevin/git/lwdee/terasort/TerasortDCOFactory.cpp:14 newDco : create dco ReduceDCO
[0m[0;37m2023-03-31 14:08:38,247 [trace] [139726934554176] /home/kevin/git/lwdee/terasort/reduce/ReduceDCO.cpp:9 reduce : ---------------------------------
[0m[1;32m2023-03-31 14:08:38,247 [info ] [139726934554176] /home/kevin/git/lwdee/terasort/reduce/ReduceDCO.cpp:11 reduce : < accept reduce 
[0m[0;37m2023-03-31 14:08:38,247 [trace] [139726934554176] /home/kevin/git/lwdee/terasort/matrix/LinuxMatrix.cpp:46 print : CPU(1.17%-25.57%: 24.40%),RAM(56395M-96172M: 39777M), cpu:2.39%,ram total:96476M,avai:20730M,used:75746M,free:20730M 
[0m[1;32m2023-03-31 14:08:38,247 [info ] [139726934554176] /home/kevin/git/lwdee/terasort/reduce/Step2Task.cpp:14 run : < reduce task run
[0m[1;32m2023-03-31 14:08:38,247 [info ] [139726934554176] /home/kevin/git/lwdee/terasort/reduce/Step2Task.cpp:31 read : < read
[0m[0;36m2023-03-31 14:08:38,267 [debug] [139726909376064] /home/kevin/git/lwdee/terasort/TerasortDCOFactory.cpp:14 newDco : create dco ReduceDCO
[0m[0;37m2023-03-31 14:08:38,269 [trace] [139726909376064] /home/kevin/git/lwdee/terasort/reduce/ReduceDCO.cpp:9 reduce : ---------------------------------
[0m[1;32m2023-03-31 14:08:38,269 [info ] [139726909376064] /home/kevin/git/lwdee/terasort/reduce/ReduceDCO.cpp:11 reduce : < accept reduce 
[0m[0;37m2023-03-31 14:08:38,269 [trace] [139726909376064] /home/kevin/git/lwdee/terasort/matrix/LinuxMatrix.cpp:46 print : CPU(1.17%-25.57%: 24.40%),RAM(56395M-96172M: 39777M), cpu:2.39%,ram total:96476M,avai:20730M,used:75746M,free:20730M 
[0m[1;32m2023-03-31 14:08:38,269 [info ] [139726909376064] /home/kevin/git/lwdee/terasort/reduce/Step2Task.cpp:14 run : < reduce task run
[0m[1;32m2023-03-31 14:08:38,269 [info ] [139726909376064] /home/kevin/git/lwdee/terasort/reduce/Step2Task.cpp:31 read : < read
[0m[0;36m2023-03-31 14:08:38,285 [debug] [139726934554176] /home/kevin/git/lwdee/terasort/TerasortDCOFactory.cpp:14 newDco : create dco ReduceDCO
[0m[0;37m2023-03-31 14:08:38,297 [trace] [139726934554176] /home/kevin/git/lwdee/terasort/reduce/ReduceDCO.cpp:9 reduce : ---------------------------------
[0m[1;32m2023-03-21 14:08:38,297 [info ] [139726934554176] /home/kevin/git/lwdee/terasort/reduce/ReduceDCO.cpp:11 reduce : < accept reduce 
[0m[0;37m2023-03-31 14:08:38,297 [trace] [139726934554176] /home/kevin/git/lwdee/terasort/matrix/LinuxMatrix.cpp:46 print : CPU(1.17%-25.57%: 24.40%),RAM(56395M-96172M: 39777M), cpu:2.39%,ram total:96476M,avai:20730M,used:75746M,free:20730M 
[0m[1;32m2023-03-31 14:08:38,298 [info ] [139726934554176] /home/kevin/git/lwdee/terasort/reduce/Step2Task.cpp:14 run : < reduce task run
[0m[1;32m2023-03-31 14:08:38,298 [info ] [139726934554176] /home/kevin/git/lwdee/terasort/reduce/Step2Task.cpp:31 read : < read
[0m[0;36m2023-03-31 14:08:45,011 [debug] [139726934554176] /home/kevin/git/lwdee/terasort/reduce/Step2Task.cpp:47 read : read node 1 ddo, record count: 1736799æ¡
[0m[0;36m2023-03-31 14:08:52,324 [debug] [139726926161472] /home/kevin/git/lwdee/terasort/reduce/Step2Task.cpp:47 read : read node 1 ddo, record count: 1734684æ¡
[0m[0;36m2023-03-31 14:08:58,361 [debug] [139726934554176] /home/kevin/git/lwdee/terasort/reduce/Step2Task.cpp:47 read : read node 1 ddo, record count: 1736672æ¡
[0m[0;36m2023-03-31 14:09:03,416 [debug] [139726934554176] /home/kevin/git/lwdee/terasort/reduce/Step2Task.cpp:47 read : read node 1 ddo, record count: 1736050æ¡
[0m[0;36m2023-03-31 14:09:06,951 [debug] [139726917768768] /home/kevin/git/lwdee/terasort/reduce/Step2Task.cpp:47 read : read node 1 ddo, record count: 1735027æ¡
[0m[0;36m2023-03-31 14:09:07,071 [debug] [139726694643264] /home/kevin/git/lwdee/terasort/reduce/Step2Task.cpp:47 read : read node 2 ddo, record count: 1734879æ¡
[0m[0;36m2023-03-31 14:09:07,187 [debug] [139726926161472] /home/kevin/git/lwdee/terasort/reduce/Step2Task.cpp:47 read : read node 2 ddo, record count: 1735664æ¡
[0m[0;36m2023-03-31 14:09:07,266 [debug] [139726686250560] /home/kevin/git/lwdee/terasort/reduce/Step2Task.cpp:47 read : read node 2 ddo, record count: 1735893æ¡
[0m[0;36m2023-03-31 14:09:07,316 [debug] [139726677857856] /home/kevin/git/lwdee/terasort/reduce/Step2Task.cpp:47 read : read node 2 ddo, record count: 1734375æ¡
[0m[0;36m2023-03-31 14:09:07,449 [debug] [139726917768768] /home/kevin/git/lwdee/terasort/reduce/Step2Task.cpp:47 read : read node 2 ddo, record count: 1735258æ¡
[0m[0;36m2023-03-31 14:09:10,131 [debug] [139726694643264] /home/kevin/git/lwdee/terasort/reduce/Step2Task.cpp:47 read : read node 3 ddo, record count: 1734506æ¡
[0m[0;36m2023-03-31 14:09:12,344 [debug] [139726917768768] /home/kevin/git/lwdee/terasort/reduce/Step2Task.cpp:47 read : read node 3 ddo, record count: 1735118æ¡
[0m[0;36m2023-03-31 14:09:15,374 [debug] [139726694643264] /home/kevin/git/lwdee/terasort/reduce/Step2Task.cpp:47 read : read node 3 ddo, record count: 1734189æ¡
[0m[0;36m2023-03-31 14:09:17,990 [debug] [139726909376064] /home/kevin/git/lwdee/terasort/reduce/Step2Task.cpp:47 read : read node 4 ddo, record count: 1735992æ¡
[0m[0;36m2023-03-31 14:09:20,994 [debug] [139726917768768] /home/kevin/git/lwdee/terasort/reduce/Step2Task.cpp:47 read : read node 3 ddo, record count: 1735263æ¡
[0m[0;36m2023-03-31 14:09:26,197 [debug] [139726909376064] /home/kevin/git/lwdee/terasort/reduce/Step2Task.cpp:47 read : read node 3 ddo, record count: 1735926æ¡
[0m[0;36m2023-03-31 14:09:29,283 [debug] [139726934554176] /home/kevin/git/lwdee/terasort/reduce/Step2Task.cpp:47 read : read node 4 ddo, record count: 1734726æ¡
[0m[0;36m2023-03-31 14:09:30,088 [debug] [139726917768768] /home/kevin/git/lwdee/terasort/reduce/Step2Task.cpp:47 read : read node 5 ddo, record count: 1735895æ¡
[0m[0;36m2023-03-31 14:09:33,714 [debug] [139726926161472] /home/kevin/git/lwdee/terasort/reduce/Step2Task.cpp:47 read : read node 4 ddo, record count: 1737741æ¡
[0m[0;36m2023-03-31 14:09:38,302 [debug] [139726934554176] /home/kevin/git/lwdee/terasort/reduce/Step2Task.cpp:47 read : read node 4 ddo, record count: 1734418æ¡
[0m[0;36m2023-03-31 14:09:41,225 [debug] [139726917768768] /home/kevin/git/lwdee/terasort/reduce/Step2Task.cpp:47 read : read node 5 ddo, record count: 1736964æ¡
[0m[0;36m2023-03-31 14:09:44,413 [debug] [139726917768768] /home/kevin/git/lwdee/terasort/reduce/Step2Task.cpp:47 read : read node 6 ddo, record count: 1736428æ¡
[0m[0;36m2023-03-31 14:09:46,354 [debug] [139726926161472] /home/kevin/git/lwdee/terasort/reduce/Step2Task.cpp:47 read : read node 5 ddo, record count: 1733587æ¡
[0m[0;36m2023-03-31 14:09:46,376 [debug] [139726909376064] /home/kevin/git/lwdee/terasort/reduce/Step2Task.cpp:47 read : read node 4 ddo, record count: 1736494æ¡
[0m[0;36m2023-03-31 14:09:46,542 [debug] [139726917768768] /home/kevin/git/lwdee/terasort/reduce/Step2Task.cpp:47 read : read node 7 ddo, record count: 1735004æ¡
[0m[0;36m2023-03-31 14:09:48,084 [debug] [139726926161472] /home/kevin/git/lwdee/terasort/reduce/Step2Task.cpp:47 read : read node 5 ddo, record count: 1737358æ¡
[0m[0;36m2023-03-31 14:09:50,537 [debug] [139726917768768] /home/kevin/git/lwdee/terasort/reduce/Step2Task.cpp:47 read : read node 6 ddo, record count: 1734686æ¡
[0m[0;36m2023-03-31 14:09:53,379 [debug] [139726934554176] /home/kevin/git/lwdee/terasort/reduce/Step2Task.cpp:47 read : read node 6 ddo, record count: 1735630æ¡
[0m[0;36m2023-03-31 14:09:56,472 [debug] [139726926161472] /home/kevin/git/lwdee/terasort/reduce/Step2Task.cpp:47 read : read node 6 ddo, record count: 1736743æ¡
[0m[0;36m2023-03-31 14:09:56,599 [debug] [139726909376064] /home/kevin/git/lwdee/terasort/reduce/Step2Task.cpp:47 read : read node 7 ddo, record count: 1738563æ¡
[0m[0;36m2023-03-31 14:09:56,704 [debug] [139726917768768] /home/kevin/git/lwdee/terasort/reduce/Step2Task.cpp:47 read : read node 7 ddo, record count: 1735693æ¡
[0m[0;36m2023-03-31 14:09:58,629 [debug] [139726934554176] /home/kevin/git/lwdee/terasort/reduce/Step2Task.cpp:47 read : read node 8 ddo, record count: 1735487æ¡
[0m[0;36m2023-03-31 14:10:02,406 [debug] [139726917768768] /home/kevin/git/lwdee/terasort/reduce/Step2Task.cpp:47 read : read node 5 ddo, record count: 1734608æ¡
[0m[0;36m2023-03-31 14:10:02,512 [debug] [139726934554176] /home/kevin/git/lwdee/terasort/reduce/Step2Task.cpp:47 read : read node 7 ddo, record count: 1736516æ¡
[0m[0;36m2023-03-31 14:10:05,086 [debug] [139726934554176] /home/kevin/git/lwdee/terasort/reduce/Step2Task.cpp:47 read : read node 8 ddo, record count: 1736815æ¡
[0m[0;36m2023-03-31 14:10:06,940 [debug] [139726917768768] /home/kevin/git/lwdee/terasort/reduce/Step2Task.cpp:47 read : read node 9 ddo, record count: 1735921æ¡
[0m[0;36m2023-03-31 14:10:07,930 [debug] [139726909376064] /home/kevin/git/lwdee/terasort/reduce/Step2Task.cpp:47 read : read node 8 ddo, record count: 1735533æ¡
[0m[0;36m2023-03-31 14:10:10,277 [debug] [139726917768768] /home/kevin/git/lwdee/terasort/reduce/Step2Task.cpp:47 read : read node 6 ddo, record count: 1735838æ¡
[0m[0;36m2023-03-31 14:10:14,199 [debug] [139726909376064] /home/kevin/git/lwdee/terasort/reduce/Step2Task.cpp:47 read : read node 8 ddo, record count: 1736248æ¡
[0m[0;36m2023-03-31 14:10:14,981 [debug] [139726926161472] /home/kevin/git/lwdee/terasort/reduce/Step2Task.cpp:47 read : read node 10 ddo, record count: 1733935æ¡
[0m[0;36m2023-03-31 14:10:15,588 [debug] [139726694643264] /home/kevin/git/lwdee/terasort/reduce/Step2Task.cpp:47 read : read node 9 ddo, record count: 1735816æ¡
[0m[0;36m2023-03-31 14:10:17,408 [debug] [139726917768768] /home/kevin/git/lwdee/terasort/reduce/Step2Task.cpp:47 read : read node 9 ddo, record count: 1733118æ¡
[0m[0;36m2023-03-31 14:10:20,324 [debug] [139726934554176] /home/kevin/git/lwdee/terasort/reduce/Step2Task.cpp:47 read : read node 10 ddo, record count: 1734579æ¡
[0m[0;36m2023-03-31 14:10:22,504 [debug] [139726926161472] /home/kevin/git/lwdee/terasort/reduce/Step2Task.cpp:47 read : read node 9 ddo, record count: 1734908æ¡
[0m[0;36m2023-03-31 14:10:22,808 [debug] [139726917768768] /home/kevin/git/lwdee/terasort/reduce/Step2Task.cpp:47 read : read node 11 ddo, record count: 1735808æ¡
[0m[0;36m2023-03-31 14:10:22,908 [debug] [139726909376064] /home/kevin/git/lwdee/terasort/reduce/Step2Task.cpp:47 read : read node 7 ddo, record count: 1736917æ¡
[0m[0;36m2023-03-31 14:10:25,242 [debug] [139726917768768] /home/kevin/git/lwdee/terasort/reduce/Step2Task.cpp:47 read : read node 11 ddo, record count: 1735898æ¡
[0m[0;36m2023-03-31 14:10:26,447 [debug] [139726909376064] /home/kevin/git/lwdee/terasort/reduce/Step2Task.cpp:47 read : read node 10 ddo, record count: 1735536æ¡
[0m[0;36m2023-03-21 14:10:26,875 [debug] [139726917768768] /home/kevin/git/lwdee/terasort/reduce/Step2Task.cpp:47 read : read node 12 ddo, record count: 1737095æ¡
[0m[0;36m2023-03-31 14:10:29,629 [debug] [139726926161472] /home/kevin/git/lwdee/terasort/reduce/Step2Task.cpp:47 read : read node 10 ddo, record count: 1734331æ¡
[0m[0;36m2023-03-31 14:10:30,084 [debug] [139726694643264] /home/kevin/git/lwdee/terasort/reduce/Step2Task.cpp:47 read : read node 12 ddo, record count: 1736211æ¡
[0m[0;36m2023-03-31 14:10:30,886 [debug] [139726934554176] /home/kevin/git/lwdee/terasort/reduce/Step2Task.cpp:47 read : read node 8 ddo, record count: 1738159æ¡
[0m[0;36m2023-03-31 14:10:33,917 [debug] [139726926161472] /home/kevin/git/lwdee/terasort/reduce/Step2Task.cpp:47 read : read node 11 ddo, record count: 1736108æ¡
[0m[0;36m2023-03-31 14:10:37,333 [debug] [139726934554176] /home/kevin/git/lwdee/terasort/reduce/Step2Task.cpp:47 read : read node 13 ddo, record count: 1735523æ¡
[0m[0;36m2023-03-31 14:10:40,220 [debug] [139726926161472] /home/kevin/git/lwdee/terasort/reduce/Step2Task.cpp:47 read : read node 13 ddo, record count: 1736316æ¡
[0m[0;36m2023-03-31 14:10:40,329 [debug] [139726917768768] /home/kevin/git/lwdee/terasort/reduce/Step2Task.cpp:47 read : read node 9 ddo, record count: 1737308æ¡
[0m[0;36m2023-03-31 14:10:41,126 [debug] [139726926161472] /home/kevin/git/lwdee/terasort/reduce/Step2Task.cpp:47 read : read node 11 ddo, record count: 1736265æ¡
[0m[0;36m2023-03-31 14:10:41,440 [debug] [139726934554176] /home/kevin/git/lwdee/terasort/reduce/Step2Task.cpp:47 read : read node 12 ddo, record count: 1736762æ¡
[0m[0;36m2023-03-31 14:10:45,609 [debug] [139726926161472] /home/kevin/git/lwdee/terasort/reduce/Step2Task.cpp:47 read : read node 14 ddo, record count: 1735717æ¡
[0m[0;36m2023-03-31 14:10:45,798 [debug] [139726677857856] /home/kevin/git/lwdee/terasort/reduce/Step2Task.cpp:47 read : read node 10 ddo, record count: 1736174æ¡
[0m[0;36m2023-03-31 14:10:48,822 [debug] [139726917768768] /home/kevin/git/lwdee/terasort/reduce/Step2Task.cpp:47 read : read node 14 ddo, record count: 1732854æ¡
[0m[0;36m2023-03-31 14:10:49,217 [debug] [139726909376064] /home/kevin/git/lwdee/terasort/reduce/Step2Task.cpp:47 read : read node 12 ddo, record count: 1734868æ¡
[0m[0;36m2023-03-31 14:10:51,000 [debug] [139726917768768] /home/kevin/git/lwdee/terasort/reduce/Step2Task.cpp:47 read : read node 13 ddo, record count: 1736778æ¡
[0m[0;36m2023-03-31 14:10:53,539 [debug] [139726909376064] /home/kevin/git/lwdee/terasort/reduce/Step2Task.cpp:47 read : read node 15 ddo, record count: 1734421æ¡
[0m[0;36m2023-03-31 14:10:56,433 [debug] [139726934554176] /home/kevin/git/lwdee/terasort/reduce/Step2Task.cpp:47 read : read node 11 ddo, record count: 1737226æ¡
[0m[0;36m2023-03-31 14:10:59,705 [debug] [139726934554176] /home/kevin/git/lwdee/terasort/reduce/Step2Task.cpp:47 read : read node 13 ddo, record count: 1734923æ¡
[0m[0;36m2023-03-31 14:11:01,473 [debug] [139726926161472] /home/kevin/git/lwdee/terasort/reduce/Step2Task.cpp:47 read : read node 14 ddo, record count: 1733799æ¡
[0m[0;36m2023-03-31 14:11:02,868 [debug] [139726917768768] /home/kevin/git/lwdee/terasort/reduce/Step2Task.cpp:47 read : read node 16 ddo, record count: 1735572æ¡
[0m[0;36m2023-03-31 14:11:03,986 [debug] [139726917768768] /home/kevin/git/lwdee/terasort/reduce/Step2Task.cpp:47 read : read node 15 ddo, record count: 1737133æ¡
[0m[0;36m2023-03-31 14:11:04,292 [debug] [139726686250560] /home/kevin/git/lwdee/terasort/reduce/Step2Task.cpp:47 read : read node 17 ddo, record count: 1735128æ¡
[0m[0;36m2023-03-31 14:11:04,455 [debug] [139726909376064] /home/kevin/git/lwdee/terasort/reduce/Step2Task.cpp:47 read : read node 12 ddo, record count: 1734252æ¡
[0m[0;36m2023-03-31 14:11:07,649 [debug] [139726909376064] /home/kevin/git/lwdee/terasort/reduce/Step2Task.cpp:47 read : read node 14 ddo, record count: 1735805æ¡
[0m[0;36m2023-03-31 14:11:10,810 [debug] [139726934554176] /home/kevin/git/lwdee/terasort/reduce/Step2Task.cpp:47 read : read node 15 ddo, record count: 1735748æ¡
[0m[0;36m2023-03-31 14:11:14,661 [debug] [139726926161472] /home/kevin/git/lwdee/terasort/reduce/Step2Task.cpp:47 read : read node 16 ddo, record count: 1735177æ¡
[0m[0;36m2023-03-31 14:11:18,689 [debug] [139726926161472] /home/kevin/git/lwdee/terasort/reduce/Step2Task.cpp:47 read : read node 13 ddo, record count: 1735056æ¡
[0m[0;36m2023-03-31 14:11:19,125 [debug] [139726926161472] /home/kevin/git/lwdee/terasort/reduce/Step2Task.cpp:47 read : read node 15 ddo, record count: 1737023æ¡
[0m[0;36m2023-03-31 14:11:19,670 [debug] [139726934554176] /home/kevin/git/lwdee/terasort/reduce/Step2Task.cpp:47 read : read node 16 ddo, record count: 1735076æ¡
[0m[0;36m2023-03-31 14:11:19,876 [debug] [139726926161472] /home/kevin/git/lwdee/terasort/reduce/Step2Task.cpp:47 read : read node 17 ddo, record count: 1736587æ¡
[0m[0;36m2023-03-31 14:11:22,907 [debug] [139726926161472] /home/kevin/git/lwdee/terasort/reduce/Step2Task.cpp:47 read : read node 16 ddo, record count: 1735346æ¡
[0m[0;36m2023-03-31 14:11:23,640 [debug] [139726926161472] /home/kevin/git/lwdee/terasort/reduce/Step2Task.cpp:47 read : read node 18 ddo, record count: 1734982æ¡
[0m[0;36m2023-03-31 14:11:26,707 [debug] [139726694643264] /home/kevin/git/lwdee/terasort/reduce/Step2Task.cpp:47 read : read node 17 ddo, record count: 1734258æ¡
[0m[0;36m2023-03-31 14:11:26,795 [debug] [139726926161472] /home/kevin/git/lwdee/terasort/reduce/Step2Task.cpp:47 read : read node 14 ddo, record count: 1736710æ¡
[0m[0;36m2023-03-31 14:11:26,989 [debug] [139726934554176] /home/kevin/git/lwdee/terasort/reduce/Step2Task.cpp:47 read : read node 17 ddo, record count: 1734981æ¡
[0m[0;36m2023-03-31 14:11:29,267 [debug] [139726917768768] /home/kevin/git/lwdee/terasort/reduce/Step2Task.cpp:47 read : read node 19 ddo, record count: 1738371æ¡
[0m[0;36m2023-03-31 14:11:31,806 [debug] [139726926161472] /home/kevin/git/lwdee/terasort/reduce/Step2Task.cpp:47 read : read node 18 ddo, record count: 1735215æ¡
[0m[0;36m2023-03-31 14:11:34,196 [debug] [139726917768768] /home/kevin/git/lwdee/terasort/reduce/Step2Task.cpp:47 read : read node 15 ddo, record count: 1732641æ¡
[0m[0;36m2023-03-31 14:11:36,116 [debug] [139726934554176] /home/kevin/git/lwdee/terasort/reduce/Step2Task.cpp:47 read : read node 18 ddo, record count: 1734369æ¡
[0m[0;36m2023-03-31 14:11:38,996 [debug] [139726934554176] /home/kevin/git/lwdee/terasort/reduce/Step2Task.cpp:47 read : read node 18 ddo, record count: 1736235æ¡
[0m[0;36m2023-03-31 14:11:39,490 [debug] [139726934554176] /home/kevin/git/lwdee/terasort/reduce/Step2Task.cpp:47 read : read node 20 ddo, record count: 1735068æ¡
[0m[0;36m2023-03-21 14:11:42,763 [debug] [139726909376064] /home/kevin/git/lwdee/terasort/reduce/Step2Task.cpp:47 read : read node 16 ddo, record count: 1734683æ¡
[0m[0;36m2023-03-31 14:11:43,480 [debug] [139726909376064] /home/kevin/git/lwdee/terasort/reduce/Step2Task.cpp:47 read : read node 19 ddo, record count: 1735550æ¡
[0m[0;36m2023-03-31 14:11:48,835 [debug] [139726926161472] /home/kevin/git/lwdee/terasort/reduce/Step2Task.cpp:47 read : read node 19 ddo, record count: 1735724æ¡
[0m[0;36m2023-03-31 14:11:48,991 [debug] [139726909376064] /home/kevin/git/lwdee/terasort/reduce/Step2Task.cpp:47 read : read node 17 ddo, record count: 1734623æ¡
[0m[0;36m2023-03-31 14:11:53,224 [debug] [139726917768768] /home/kevin/git/lwdee/terasort/reduce/Step2Task.cpp:47 read : read node 19 ddo, record count: 1734071æ¡
[0m[0;36m2023-03-31 14:11:57,578 [debug] [139726917768768] /home/kevin/git/lwdee/terasort/reduce/Step2Task.cpp:47 read : read node 21 ddo, record count: 1734260æ¡
[0m[0;36m2023-03-31 14:12:00,599 [debug] [139726926161472] /home/kevin/git/lwdee/terasort/reduce/Step2Task.cpp:47 read : read node 20 ddo, record count: 1737816æ¡
[0m[0;36m2023-03-21 14:12:00,819 [debug] [139726934554176] /home/kevin/git/lwdee/terasort/reduce/Step2Task.cpp:47 read : read node 18 ddo, record count: 1735586æ¡
[0m[0;36m2023-03-31 14:12:03,504 [debug] [139726917768768] /home/kevin/git/lwdee/terasort/reduce/Step2Task.cpp:47 read : read node 20 ddo, record count: 1735033æ¡
[0m[0;36m2023-03-31 14:12:03,766 [debug] [139726909376064] /home/kevin/git/lwdee/terasort/reduce/Step2Task.cpp:47 read : read node 22 ddo, record count: 1735502æ¡
[0m[0;36m2023-03-31 14:12:05,533 [debug] [139726909376064] /home/kevin/git/lwdee/terasort/reduce/Step2Task.cpp:47 read : read node 20 ddo, record count: 1735836æ¡
[0m[0;36m2023-03-31 14:12:08,144 [debug] [139726917768768] /home/kevin/git/lwdee/terasort/reduce/Step2Task.cpp:47 read : read node 21 ddo, record count: 1735812æ¡
[0m[0;36m2023-03-31 14:12:10,722 [debug] [139726694643264] /home/kevin/git/lwdee/terasort/reduce/Step2Task.cpp:47 read : read node 23 ddo, record count: 1736135æ¡
[0m[0;36m2023-03-31 14:12:14,611 [debug] [139726926161472] /home/kevin/git/lwdee/terasort/reduce/Step2Task.cpp:47 read : read node 19 ddo, record count: 1734333æ¡
[0m[0;36m2023-03-31 14:12:14,984 [debug] [139726926161472] /home/kevin/git/lwdee/terasort/reduce/Step2Task.cpp:47 read : read node 21 ddo, record count: 1737070æ¡
[0m[0;36m2023-03-31 14:12:16,839 [debug] [139726926161472] /home/kevin/git/lwdee/terasort/reduce/Step2Task.cpp:47 read : read node 21 ddo, record count: 1734713æ¡
[0m[0;36m2023-03-31 14:12:16,999 [debug] [139726917768768] /home/kevin/git/lwdee/terasort/reduce/Step2Task.cpp:47 read : read node 22 ddo, record count: 1734784æ¡
[0m[0;36m2023-03-31 14:12:17,185 [debug] [139726686250560] /home/kevin/git/lwdee/terasort/reduce/Step2Task.cpp:47 read : read node 22 ddo, record count: 1734290æ¡
[0m[0;36m2023-03-31 14:12:19,304 [debug] [139726909376064] /home/kevin/git/lwdee/terasort/reduce/Step2Task.cpp:47 read : read node 24 ddo, record count: 1734347æ¡
[0m[0;36m2023-03-31 14:12:20,786 [debug] [139726686250560] /home/kevin/git/lwdee/terasort/reduce/Step2Task.cpp:56 read : read æ‰€æœ‰åˆ†åŒºDDOè®°å½• åˆè®¡41651957æ¡
[0m[0;36m2023-03-31 14:12:20,786 [debug] [139726686250560] /home/kevin/git/lwdee/terasort/reduce/Step2Task.cpp:58 read : å¼€å§‹ç”ŸæˆTeraRecordè®°å½•ï¼Œåº”è¯¥æ˜¯41651957æ¡
[0m[0;36m2023-03-31 14:12:20,786 [debug] [139726686250560] /home/kevin/git/lwdee/terasort/reduce/Step2Task.cpp:64 read : 12 - split 0,1736050æ¡
[0m[0;36m2023-03-31 14:12:21,052 [debug] [139726926161472] /home/kevin/git/lwdee/terasort/reduce/Step2Task.cpp:47 read : read node 20 ddo, record count: 1734531æ¡
[0m[0;36m2023-03-31 14:12:21,119 [debug] [139726686250560] /home/kevin/git/lwdee/terasort/reduce/Step2Task.cpp:64 read : 12 - split 1,1734375æ¡
[0m[0;36m2023-03-31 14:12:21,375 [debug] [139726909376064] /home/kevin/git/lwdee/terasort/reduce/Step2Task.cpp:47 read : read node 22 ddo, record count: 1736188æ¡
[0m[0;36m2023-03-31 14:12:21,444 [debug] [139726686250560] /home/kevin/git/lwdee/terasort/reduce/Step2Task.cpp:64 read : 12 - split 2,1735118æ¡
[0m[0;36m2023-03-31 14:12:21,739 [debug] [139726686250560] /home/kevin/git/lwdee/terasort/reduce/Step2Task.cpp:64 read : 12 - split 3,1734726æ¡
[0m[0;36m2023-03-31 14:12:22,026 [debug] [139726686250560] /home/kevin/git/lwdee/terasort/reduce/Step2Task.cpp:64 read : 12 - split 4,1736964æ¡
[0m[0;36m2023-03-31 14:12:22,289 [debug] [139726686250560] /home/kevin/git/lwdee/terasort/reduce/Step2Task.cpp:64 read : 12 - split 5,1734686æ¡
[0m[0;36m2023-03-31 14:12:22,551 [debug] [139726686250560] /home/kevin/git/lwdee/terasort/reduce/Step2Task.cpp:64 read : 12 - split 6,1735693æ¡
[0m[0;36m2023-03-31 14:12:22,809 [debug] [139726686250560] /home/kevin/git/lwdee/terasort/reduce/Step2Task.cpp:64 read : 12 - split 7,1736815æ¡
[0m[0;36m2023-03-31 14:12:23,396 [debug] [139726686250560] /home/kevin/git/lwdee/terasort/reduce/Step2Task.cpp:64 read : 12 - split 8,1735816æ¡
[0m[0;36m2023-03-31 14:12:23,753 [debug] [139726686250560] /home/kevin/git/lwdee/terasort/reduce/Step2Task.cpp:64 read : 12 - split 9,1734579æ¡
[0m[0;36m2023-03-31 14:12:23,930 [debug] [139726926161472] /home/kevin/git/lwdee/terasort/reduce/Step2Task.cpp:47 read : read node 23 ddo, record count: 1733106æ¡
[0m[0;36m2023-03-31 14:12:24,422 [debug] [139726686250560] /home/kevin/git/lwdee/terasort/reduce/Step2Task.cpp:64 read : 12 - split 10,1735898æ¡
[0m[0;36m2023-03-31 14:12:25,040 [debug] [139726686250560] /home/kevin/git/lwdee/terasort/reduce/Step2Task.cpp:64 read : 12 - split 11,1736211æ¡
[0m[0;36m2023-03-31 14:12:25,639 [debug] [139726686250560] /home/kevin/git/lwdee/terasort/reduce/Step2Task.cpp:64 read : 12 - split 12,1735523æ¡
[0m[0;36m2023-03-31 14:12:25,912 [debug] [139726686250560] /home/kevin/git/lwdee/terasort/reduce/Step2Task.cpp:64 read : 12 - split 13,1735717æ¡
[0m[0;36m2023-03-31 14:12:26,106 [debug] [139726926161472] /home/kevin/git/lwdee/terasort/reduce/Step2Task.cpp:47 read : read node 23 ddo, record count: 1735721æ¡
[0m[0;36m2023-03-31 14:12:26,215 [debug] [139726686250560] /home/kevin/git/lwdee/terasort/reduce/Step2Task.cpp:64 read : 12 - split 14,1734421æ¡
[0m[0;36m2023-03-31 14:12:26,481 [debug] [139726686250560] /home/kevin/git/lwdee/terasort/reduce/Step2Task.cpp:64 read : 12 - split 15,1735572æ¡
[0m[0;36m2023-03-31 14:12:26,741 [debug] [139726686250560] /home/kevin/git/lwdee/terasort/reduce/Step2Task.cpp:64 read : 12 - split 16,1735128æ¡
[0m[0;36m2023-03-31 14:12:27,173 [debug] [139726686250560] /home/kevin/git/lwdee/terasort/reduce/Step2Task.cpp:64 read : 12 - split 17,1734982æ¡
[0m[0;36m2023-03-31 14:12:27,431 [debug] [139726686250560] /home/kevin/git/lwdee/terasort/reduce/Step2Task.cpp:64 read : 12 - split 18,1738371æ¡
[0m[0;36m2023-03-31 14:12:27,702 [debug] [139726686250560] /home/kevin/git/lwdee/terasort/reduce/Step2Task.cpp:64 read : 12 - split 19,1735068æ¡
[0m[0;36m2023-03-31 14:12:27,954 [debug] [139726686250560] /home/kevin/git/lwdee/terasort/reduce/Step2Task.cpp:64 read : 12 - split 20,1734260æ¡
[0m[0;36m2023-03-31 14:12:28,209 [debug] [139726686250560] /home/kevin/git/lwdee/terasort/reduce/Step2Task.cpp:64 read : 12 - split 21,1735502æ¡
[0m[0;36m2023-03-31 14:12:28,472 [debug] [139726686250560] /home/kevin/git/lwdee/terasort/reduce/Step2Task.cpp:64 read : 12 - split 22,1736135æ¡
[0m[0;36m2023-03-31 14:12:28,731 [debug] [139726686250560] /home/kevin/git/lwdee/terasort/reduce/Step2Task.cpp:64 read : 12 - split 23,1734347æ¡
[0m[1;32m2023-03-31 14:12:28,991 [info ] [139726686250560] /home/kevin/git/lwdee/terasort/reduce/Step2Task.cpp:81 read : > read,partition: 12,eclipse 230.743000
[0m[1;32m2023-03-31 14:12:29,638 [info ] [139726686250560] /home/kevin/git/lwdee/terasort/reduce/Step2Task.cpp:100 sort : < sort
[0m[0;36m2023-03-31 14:12:29,965 [debug] [139726926161472] /home/kevin/git/lwdee/terasort/reduce/Step2Task.cpp:47 read : read node 24 ddo, record count: 1734638æ¡
[0m[0;36m2023-03-31 14:12:30,166 [debug] [139726917768768] /home/kevin/git/lwdee/terasort/reduce/Step2Task.cpp:47 read : read node 21 ddo, record count: 1735546æ¡
[0m[0;36m2023-03-31 14:12:31,263 [debug] [139726926161472] /home/kevin/git/lwdee/terasort/reduce/Step2Task.cpp:56 read : read æ‰€æœ‰åˆ†åŒºDDOè®°å½• åˆè®¡41652116æ¡
[0m[0;36m2023-03-31 14:12:31,263 [debug] [139726926161472] /home/kevin/git/lwdee/terasort/reduce/Step2Task.cpp:58 read : å¼€å§‹ç”ŸæˆTeraRecordè®°å½•ï¼Œåº”è¯¥æ˜¯41652116æ¡
[0m[0;36m2023-03-31 14:12:31,263 [debug] [139726926161472] /home/kevin/git/lwdee/terasort/reduce/Step2Task.cpp:64 read : 17 - split 0,1736672æ¡
[0m[0;36m2023-03-31 14:12:31,505 [debug] [139726934554176] /home/kevin/git/lwdee/terasort/reduce/Step2Task.cpp:47 read : read node 23 ddo, record count: 1735931æ¡
[0m[0;36m2023-03-31 14:12:31,605 [debug] [139726926161472] /home/kevin/git/lwdee/terasort/reduce/Step2Task.cpp:64 read : 17 - split 1,1734879æ¡
[0m[0;36m2023-03-31 14:12:31,648 [debug] [139726917768768] /home/kevin/git/lwdee/terasort/reduce/Step2Task.cpp:47 read : read node 22 ddo, record count: 1737005æ¡
[0m[0;36m2023-03-31 14:12:31,908 [debug] [139726926161472] /home/kevin/git/lwdee/terasort/reduce/Step2Task.cpp:64 read : 17 - split 2,1734506æ¡
[0m[0;36m2023-03-31 14:12:32,188 [debug] [139726926161472] /home/kevin/git/lwdee/terasort/reduce/Step2Task.cpp:64 read : 17 - split 3,1735992æ¡
[0m[0;36m2023-03-31 14:12:32,450 [debug] [139726926161472] /home/kevin/git/lwdee/terasort/reduce/Step2Task.cpp:64 read : 17 - split 4,1735895æ¡
[0m[0;36m2023-03-31 14:12:32,711 [debug] [139726926161472] /home/kevin/git/lwdee/terasort/reduce/Step2Task.cpp:64 read : 17 - split 5,1736428æ¡
[0m[0;36m2023-03-31 14:12:33,315 [debug] [139726926161472] /home/kevin/git/lwdee/terasort/reduce/Step2Task.cpp:64 read : 17 - split 6,1735004æ¡
[0m[0;36m2023-03-31 14:12:33,590 [debug] [139726926161472] /home/kevin/git/lwdee/terasort/reduce/Step2Task.cpp:64 read : 17 - split 7,1735487æ¡
[0m[0;36m2023-03-31 14:12:34,095 [debug] [139726926161472] /home/kevin/git/lwdee/terasort/reduce/Step2Task.cpp:64 read : 17 - split 8,1735921æ¡
[0m[0;36m2023-03-31 14:12:34,378 [debug] [139726926161472] /home/kevin/git/lwdee/terasort/reduce/Step2Task.cpp:64 read : 17 - split 9,1733935æ¡
[0m[0;36m2023-03-21 14:12:34,574 [debug] [139726909376064] /home/kevin/git/lwdee/terasort/reduce/Step2Task.cpp:47 read : read node 24 ddo, record count: 1735697æ¡
[0m[0;36m2023-03-31 14:12:34,693 [debug] [139726926161472] /home/kevin/git/lwdee/terasort/reduce/Step2Task.cpp:64 read : 17 - split 10,1735808æ¡
[0m[0;36m2023-03-31 14:12:34,965 [debug] [139726926161472] /home/kevin/git/lwdee/terasort/reduce/Step2Task.cpp:64 read : 17 - split 11,1737095æ¡
[0m[0;36m2023-03-31 14:12:35,237 [debug] [139726926161472] /home/kevin/git/lwdee/terasort/reduce/Step2Task.cpp:64 read : 17 - split 12,1736316æ¡
[0m[0;36m2023-03-31 14:12:35,516 [debug] [139726926161472] /home/kevin/git/lwdee/terasort/reduce/Step2Task.cpp:64 read : 17 - split 13,1732854æ¡
[0m[0;36m2023-03-31 14:12:35,794 [debug] [139726926161472] /home/kevin/git/lwdee/terasort/reduce/Step2Task.cpp:64 read : 17 - split 14,1737133æ¡
[0m[0;36m2023-03-31 14:12:36,162 [debug] [139726926161472] /home/kevin/git/lwdee/terasort/reduce/Step2Task.cpp:64 read : 17 - split 15,1735177æ¡
[0m[0;36m2023-03-31 14:12:36,540 [debug] [139726926161472] /home/kevin/git/lwdee/terasort/reduce/Step2Task.cpp:64 read : 17 - split 16,1736587æ¡
[0m[0;36m2023-03-31 14:12:36,850 [debug] [139726926161472] /home/kevin/git/lwdee/terasort/reduce/Step2Task.cpp:64 read : 17 - split 17,1735215æ¡
[0m[0;36m2023-03-31 14:12:36,913 [debug] [139726917768768] /home/kevin/git/lwdee/terasort/reduce/Step2Task.cpp:47 read : read node 23 ddo, record count: 1737183æ¡
[0m[0;36m2023-03-31 14:12:37,363 [debug] [139726926161472] /home/kevin/git/lwdee/terasort/reduce/Step2Task.cpp:64 read : 17 - split 18,1735550æ¡
[0m[0;36m2023-03-31 14:12:37,950 [debug] [139726926161472] /home/kevin/git/lwdee/terasort/reduce/Step2Task.cpp:64 read : 17 - split 19,1737816æ¡
[0m[0;36m2023-03-31 14:12:38,206 [debug] [139726926161472] /home/kevin/git/lwdee/terasort/reduce/Step2Task.cpp:64 read : 17 - split 20,1735812æ¡
[0m[0;36m2023-03-31 14:12:38,517 [debug] [139726926161472] /home/kevin/git/lwdee/terasort/reduce/Step2Task.cpp:64 read : 17 - split 21,1734290æ¡
[0m[0;36m2023-03-31 14:12:38,772 [debug] [139726926161472] /home/kevin/git/lwdee/terasort/reduce/Step2Task.cpp:64 read : 17 - split 22,1733106æ¡
[0m[0;36m2023-03-31 14:12:39,027 [debug] [139726926161472] /home/kevin/git/lwdee/terasort/reduce/Step2Task.cpp:64 read : 17 - split 23,1734638æ¡
[0m[1;32m2023-03-31 14:12:39,214 [info ] [139726926161472] /home/kevin/git/lwdee/terasort/reduce/Step2Task.cpp:81 read : > read,partition: 17,eclipse 240.945000
[0m[1;32m2023-03-31 14:12:39,809 [info ] [139726926161472] /home/kevin/git/lwdee/terasort/reduce/Step2Task.cpp:100 sort : < sort
[0m[0;36m2023-03-31 14:12:39,818 [debug] [139726909376064] /home/kevin/git/lwdee/terasort/reduce/Step2Task.cpp:56 read : read æ‰€æœ‰åˆ†åŒºDDOè®°å½• åˆè®¡41653151æ¡
[0m[0;36m2023-03-31 14:12:39,818 [debug] [139726909376064] /home/kevin/git/lwdee/terasort/reduce/Step2Task.cpp:58 read : å¼€å§‹ç”ŸæˆTeraRecordè®°å½•ï¼Œåº”è¯¥æ˜¯41653151æ¡
[0m[0;36m2023-03-31 14:12:39,818 [debug] [139726909376064] /home/kevin/git/lwdee/terasort/reduce/Step2Task.cpp:64 read : 7 - split 0,1734684æ¡
[0m[0;36m2023-03-31 14:12:40,042 [debug] [139726934554176] /home/kevin/git/lwdee/terasort/reduce/Step2Task.cpp:47 read : read node 24 ddo, record count: 1735833æ¡
[0m[0;36m2023-03-31 14:12:40,144 [debug] [139726909376064] /home/kevin/git/lwdee/terasort/reduce/Step2Task.cpp:64 read : 7 - split 1,1735893æ¡
[0m[0;36m2023-03-31 14:12:40,442 [debug] [139726909376064] /home/kevin/git/lwdee/terasort/reduce/Step2Task.cpp:64 read : 7 - split 2,1734189æ¡
[0m[0;36m2023-03-31 14:12:40,708 [debug] [139726909376064] /home/kevin/git/lwdee/terasort/reduce/Step2Task.cpp:64 read : 7 - split 3,1734418æ¡
[0m[0;36m2023-03-31 14:12:41,280 [debug] [139726909376064] /home/kevin/git/lwdee/terasort/reduce/Step2Task.cpp:64 read : 7 - split 4,1737358æ¡
[0m[0;36m2023-03-31 14:12:41,559 [debug] [139726909376064] /home/kevin/git/lwdee/terasort/reduce/Step2Task.cpp:64 read : 7 - split 5,1736743æ¡
[0m[0;36m2023-03-31 14:12:41,855 [debug] [139726909376064] /home/kevin/git/lwdee/terasort/reduce/Step2Task.cpp:64 read : 7 - split 6,1736516æ¡
[0m[0;36m2023-03-31 14:12:42,450 [debug] [139726917768768] /home/kevin/git/lwdee/terasort/reduce/Step2Task.cpp:56 read : read æ‰€æœ‰åˆ†åŒºDDOè®°å½• åˆè®¡41652338æ¡
[0m[0;36m2023-03-31 14:12:42,472 [debug] [139726917768768] /home/kevin/git/lwdee/terasort/reduce/Step2Task.cpp:58 read : å¼€å§‹ç”ŸæˆTeraRecordè®°å½•ï¼Œåº”è¯¥æ˜¯41652338æ¡
[0m[0;36m2023-03-31 14:12:42,472 [debug] [139726917768768] /home/kevin/git/lwdee/terasort/reduce/Step2Task.cpp:64 read : 22 - split 0,1735027æ¡
[0m[0;36m2023-03-21 14:12:42,537 [debug] [139726909376064] /home/kevin/git/lwdee/terasort/reduce/Step2Task.cpp:64 read : 7 - split 7,1736248æ¡
[0m[0;36m2023-03-31 14:12:42,701 [debug] [139726934554176] /home/kevin/git/lwdee/terasort/reduce/Step2Task.cpp:47 read : read node 24 ddo, record count: 1737793æ¡
[0m[0;36m2023-03-31 14:12:42,757 [debug] [139726934554176] /home/kevin/git/lwdee/terasort/reduce/Step2Task.cpp:56 read : read æ‰€æœ‰åˆ†åŒºDDOè®°å½• åˆè®¡41661055æ¡
[0m[0;36m2023-03-31 14:12:42,757 [debug] [139726934554176] /home/kevin/git/lwdee/terasort/reduce/Step2Task.cpp:58 read : å¼€å§‹ç”ŸæˆTeraRecordè®°å½•ï¼Œåº”è¯¥æ˜¯41661055æ¡
[0m[0;36m2023-03-31 14:12:42,758 [debug] [139726934554176] /home/kevin/git/lwdee/terasort/reduce/Step2Task.cpp:64 read : 2 - split 0,1736799æ¡
[0m[0;36m2023-03-31 14:12:42,809 [debug] [139726917768768] /home/kevin/git/lwdee/terasort/reduce/Step2Task.cpp:64 read : 22 - split 1,1735258æ¡
[0m[0;36m2023-03-31 14:12:43,060 [debug] [139726934554176] /home/kevin/git/lwdee/terasort/reduce/Step2Task.cpp:64 read : 2 - split 1,1735664æ¡
[0m[0;36m2023-03-31 14:12:43,109 [debug] [139726917768768] /home/kevin/git/lwdee/terasort/reduce/Step2Task.cpp:64 read : 22 - split 2,1735263æ¡
[0m[0;36m2023-03-31 14:12:43,245 [debug] [139726909376064] /home/kevin/git/lwdee/terasort/reduce/Step2Task.cpp:64 read : 7 - split 8,1734908æ¡
[0m[0;36m2023-03-31 14:12:43,407 [debug] [139726917768768] /home/kevin/git/lwdee/terasort/reduce/Step2Task.cpp:64 read : 22 - split 3,1737741æ¡
[0m[0;36m2023-03-31 14:12:43,489 [debug] [139726934554176] /home/kevin/git/lwdee/terasort/reduce/Step2Task.cpp:64 read : 2 - split 2,1735926æ¡
[0m[0;36m2023-03-31 14:12:43,535 [debug] [139726909376064] /home/kevin/git/lwdee/terasort/reduce/Step2Task.cpp:64 read : 7 - split 9,1734331æ¡
[0m[0;36m2023-03-31 14:12:43,693 [debug] [139726917768768] /home/kevin/git/lwdee/terasort/reduce/Step2Task.cpp:64 read : 22 - split 4,1733587æ¡
[0m[0;36m2023-03-31 14:12:43,763 [debug] [139726934554176] /home/kevin/git/lwdee/terasort/reduce/Step2Task.cpp:64 read : 2 - split 3,1736494æ¡
[0m[0;36m2023-03-31 14:12:43,876 [debug] [139726909376064] /home/kevin/git/lwdee/terasort/reduce/Step2Task.cpp:64 read : 7 - split 10,1736108æ¡
[0m[0;36m2023-03-31 14:12:44,016 [debug] [139726917768768] /home/kevin/git/lwdee/terasort/reduce/Step2Task.cpp:64 read : 22 - split 5,1735630æ¡
[0m[0;36m2023-03-31 14:12:44,172 [debug] [139726909376064] /home/kevin/git/lwdee/terasort/reduce/Step2Task.cpp:64 read : 7 - split 11,1736762æ¡
[0m[0;36m2023-03-31 14:12:44,177 [debug] [139726934554176] /home/kevin/git/lwdee/terasort/reduce/Step2Task.cpp:64 read : 2 - split 4,1734608æ¡
[0m[0;36m2023-03-31 14:12:44,323 [debug] [139726917768768] /home/kevin/git/lwdee/terasort/reduce/Step2Task.cpp:64 read : 22 - split 6,1738563æ¡
[0m[0;36m2023-03-31 14:12:44,456 [debug] [139726909376064] /home/kevin/git/lwdee/terasort/reduce/Step2Task.cpp:64 read : 7 - split 12,1736778æ¡
[0m[0;36m2023-03-31 14:12:44,462 [debug] [139726934554176] /home/kevin/git/lwdee/terasort/reduce/Step2Task.cpp:64 read : 2 - split 5,1735838æ¡
[0m[0;36m2023-03-31 14:12:44,621 [debug] [139726917768768] /home/kevin/git/lwdee/terasort/reduce/Step2Task.cpp:64 read : 22 - split 7,1735533æ¡
[0m[0;36m2023-03-31 14:12:44,743 [debug] [139726934554176] /home/kevin/git/lwdee/terasort/reduce/Step2Task.cpp:64 read : 2 - split 6,1736917æ¡
[0m[0;36m2023-03-31 14:12:44,748 [debug] [139726909376064] /home/kevin/git/lwdee/terasort/reduce/Step2Task.cpp:64 read : 7 - split 13,1733799æ¡
[0m[0;36m2023-03-31 14:12:44,932 [debug] [139726917768768] /home/kevin/git/lwdee/terasort/reduce/Step2Task.cpp:64 read : 22 - split 8,1733118æ¡
[0m[0;36m2023-03-31 14:12:45,091 [debug] [139726909376064] /home/kevin/git/lwdee/terasort/reduce/Step2Task.cpp:64 read : 7 - split 14,1735748æ¡
[0m[0;36m2023-03-31 14:12:45,266 [debug] [139726917768768] /home/kevin/git/lwdee/terasort/reduce/Step2Task.cpp:64 read : 22 - split 9,1735536æ¡
[0m[0;36m2023-03-31 14:12:45,428 [debug] [139726909376064] /home/kevin/git/lwdee/terasort/reduce/Step2Task.cpp:64 read : 7 - split 15,1735076æ¡
[0m[0;36m2023-03-31 14:12:45,477 [debug] [139726934554176] /home/kevin/git/lwdee/terasort/reduce/Step2Task.cpp:64 read : 2 - split 7,1738159æ¡
[0m[0;36m2023-03-31 14:12:45,626 [debug] [139726917768768] /home/kevin/git/lwdee/terasort/reduce/Step2Task.cpp:64 read : 22 - split 10,1736265æ¡
[0m[0;36m2023-03-31 14:12:45,746 [debug] [139726909376064] /home/kevin/git/lwdee/terasort/reduce/Step2Task.cpp:64 read : 7 - split 16,1734981æ¡
[0m[0;36m2023-03-31 14:12:45,874 [debug] [139726934554176] /home/kevin/git/lwdee/terasort/reduce/Step2Task.cpp:64 read : 2 - split 8,1737308æ¡
[0m[0;36m2023-03-31 14:12:45,967 [debug] [139726917768768] /home/kevin/git/lwdee/terasort/reduce/Step2Task.cpp:64 read : 22 - split 11,1734868æ¡
[0m[0;36m2023-03-31 14:12:46,104 [debug] [139726909376064] /home/kevin/git/lwdee/terasort/reduce/Step2Task.cpp:64 read : 7 - split 17,1736235æ¡
[0m[0;36m2023-03-31 14:12:46,196 [debug] [139726934554176] /home/kevin/git/lwdee/terasort/reduce/Step2Task.cpp:64 read : 2 - split 9,1736174æ¡
[0m[0;36m2023-03-31 14:12:46,256 [debug] [139726917768768] /home/kevin/git/lwdee/terasort/reduce/Step2Task.cpp:64 read : 22 - split 12,1734923æ¡
[0m[0;36m2023-03-31 14:12:46,492 [debug] [139726909376064] /home/kevin/git/lwdee/terasort/reduce/Step2Task.cpp:64 read : 7 - split 18,1734071æ¡
[0m[0;36m2023-03-31 14:12:46,519 [debug] [139726934554176] /home/kevin/git/lwdee/terasort/reduce/Step2Task.cpp:64 read : 2 - split 10,1737226æ¡
[0m[0;36m2023-03-31 14:12:46,547 [debug] [139726917768768] /home/kevin/git/lwdee/terasort/reduce/Step2Task.cpp:64 read : 22 - split 13,1735805æ¡
[0m[0;36m2023-03-31 14:12:46,834 [debug] [139726934554176] /home/kevin/git/lwdee/terasort/reduce/Step2Task.cpp:64 read : 2 - split 11,1734252æ¡
[0m[0;36m2023-03-31 14:12:46,872 [debug] [139726909376064] /home/kevin/git/lwdee/terasort/reduce/Step2Task.cpp:64 read : 7 - split 19,1735033æ¡
[0m[0;36m2023-03-31 14:12:46,912 [debug] [139726917768768] /home/kevin/git/lwdee/terasort/reduce/Step2Task.cpp:64 read : 22 - split 14,1737023æ¡
[0m[0;36m2023-03-31 14:12:47,142 [debug] [139726934554176] /home/kevin/git/lwdee/terasort/reduce/Step2Task.cpp:64 read : 2 - split 12,1735056æ¡
[0m[0;36m2023-03-31 14:12:47,222 [debug] [139726909376064] /home/kevin/git/lwdee/terasort/reduce/Step2Task.cpp:64 read : 7 - split 20,1737070æ¡
[0m[0;36m2023-03-31 14:12:47,225 [debug] [139726917768768] /home/kevin/git/lwdee/terasort/reduce/Step2Task.cpp:64 read : 22 - split 15,1735346æ¡
[0m[0;36m2023-03-31 14:12:47,455 [debug] [139726934554176] /home/kevin/git/lwdee/terasort/reduce/Step2Task.cpp:64 read : 2 - split 13,1736710æ¡
[0m[0;36m2023-03-31 14:12:47,533 [debug] [139726917768768] /home/kevin/git/lwdee/terasort/reduce/Step2Task.cpp:64 read : 22 - split 16,1734258æ¡
[0m[0;36m2023-03-31 14:12:47,565 [debug] [139726909376064] /home/kevin/git/lwdee/terasort/reduce/Step2Task.cpp:64 read : 7 - split 21,1734784æ¡
[0m[0;36m2023-03-31 14:12:47,761 [debug] [139726934554176] /home/kevin/git/lwdee/terasort/reduce/Step2Task.cpp:64 read : 2 - split 14,1732641æ¡
[0m[0;36m2023-03-31 14:12:47,838 [debug] [139726917768768] /home/kevin/git/lwdee/terasort/reduce/Step2Task.cpp:64 read : 22 - split 17,1734369æ¡
[0m[0;36m2023-03-31 14:12:47,955 [debug] [139726909376064] /home/kevin/git/lwdee/terasort/reduce/Step2Task.cpp:64 read : 7 - split 22,1735721æ¡
[0m[0;36m2023-03-31 14:12:48,059 [debug] [139726934554176] /home/kevin/git/lwdee/terasort/reduce/Step2Task.cpp:64 read : 2 - split 15,1734683æ¡
[0m[0;36m2023-03-31 14:12:48,143 [debug] [139726917768768] /home/kevin/git/lwdee/terasort/reduce/Step2Task.cpp:64 read : 22 - split 18,1735724æ¡
[0m[0;36m2023-03-31 14:12:48,359 [debug] [139726909376064] /home/kevin/git/lwdee/terasort/reduce/Step2Task.cpp:64 read : 7 - split 23,1735697æ¡
[0m[0;36m2023-03-31 14:12:48,417 [debug] [139726934554176] /home/kevin/git/lwdee/terasort/reduce/Step2Task.cpp:64 read : 2 - split 16,1734623æ¡
[0m[0;36m2023-03-31 14:12:48,453 [debug] [139726917768768] /home/kevin/git/lwdee/terasort/reduce/Step2Task.cpp:64 read : 22 - split 19,1735836æ¡
[0m[0;36m2023-03-31 14:12:48,720 [debug] [139726934554176] /home/kevin/git/lwdee/terasort/reduce/Step2Task.cpp:64 read : 2 - split 17,1735586æ¡
[0m[0;36m2023-03-31 14:12:48,753 [debug] [139726917768768] /home/kevin/git/lwdee/terasort/reduce/Step2Task.cpp:64 read : 22 - split 20,1734713æ¡
[0m[1;32m2023-03-31 14:12:48,770 [info ] [139726909376064] /home/kevin/git/lwdee/terasort/reduce/Step2Task.cpp:81 read : > read,partition: 7,eclipse 250.542000
[0m[1;32m2023-03-31 14:12:49,356 [info ] [139726909376064] /home/kevin/git/lwdee/terasort/reduce/Step2Task.cpp:100 sort : < sort
[0m[0;36m2023-03-31 14:12:49,647 [debug] [139726934554176] /home/kevin/git/lwdee/terasort/reduce/Step2Task.cpp:64 read : 2 - split 18,1734333æ¡
[0m[0;36m2023-03-31 14:12:49,678 [debug] [139726917768768] /home/kevin/git/lwdee/terasort/reduce/Step2Task.cpp:64 read : 22 - split 21,1736188æ¡
[0m[0;36m2023-03-31 14:12:49,996 [debug] [139726917768768] /home/kevin/git/lwdee/terasort/reduce/Step2Task.cpp:64 read : 22 - split 22,1735931æ¡
[0m[0;36m2023-03-31 14:12:50,029 [debug] [139726934554176] /home/kevin/git/lwdee/terasort/reduce/Step2Task.cpp:64 read : 2 - split 19,1734531æ¡
[0m[0;36m2023-03-31 14:12:50,260 [debug] [139726917768768] /home/kevin/git/lwdee/terasort/reduce/Step2Task.cpp:64 read : 22 - split 23,1735833æ¡
[0m[0;36m2023-03-31 14:12:50,293 [debug] [139726934554176] /home/kevin/git/lwdee/terasort/reduce/Step2Task.cpp:64 read : 2 - split 20,1735546æ¡
[0m[1;32m2023-03-31 14:12:50,519 [info ] [139726917768768] /home/kevin/git/lwdee/terasort/reduce/Step2Task.cpp:81 read : > read,partition: 22,eclipse 252.221000
[0m[1;32m2023-03-31 14:12:51,123 [info ] [139726917768768] /home/kevin/git/lwdee/terasort/reduce/Step2Task.cpp:100 sort : < sort
[0m[0;36m2023-03-31 14:12:51,150 [debug] [139726934554176] /home/kevin/git/lwdee/terasort/reduce/Step2Task.cpp:64 read : 2 - split 21,1737005æ¡
[0m[0;36m2023-03-31 14:12:51,468 [debug] [139726934554176] /home/kevin/git/lwdee/terasort/reduce/Step2Task.cpp:64 read : 2 - split 22,1737183æ¡
[0m[0;36m2023-03-31 14:12:51,727 [debug] [139726934554176] /home/kevin/git/lwdee/terasort/reduce/Step2Task.cpp:64 read : 2 - split 23,1737793æ¡
[0m[1;32m2023-03-31 14:12:51,994 [info ] [139726934554176] /home/kevin/git/lwdee/terasort/reduce/Step2Task.cpp:81 read : > read,partition: 2,eclipse 253.781000
[0m[1;32m2023-03-31 14:12:52,569 [info ] [139726934554176] /home/kevin/git/lwdee/terasort/reduce/Step2Task.cpp:100 sort : < sort
[0m[1;32m2023-03-31 14:13:38,085 [info ] [139726686250560] /home/kevin/git/lwdee/terasort/reduce/Step2Task.cpp:105 sort : > sort,partition: 12,eclipse 68.446000
[0m[1;32m2023-03-31 14:13:38,085 [info ] [139726686250560] /home/kevin/git/lwdee/terasort/reduce/Step2Task.cpp:109 save : < save
[0m[1;32m2023-03-31 14:13:52,098 [info ] [139726686250560] /home/kevin/git/lwdee/terasort/reduce/Step2Task.cpp:129 save : > save,partition: 12,eclipse 14.013000
[0m[1;32m2023-03-31 14:13:52,099 [info ] [139726686250560] /home/kevin/git/lwdee/terasort/reduce/Step2Task.cpp:25 run : > reduce task run,partition: 12,output count: 41651957,eclipse 313.852000, /home/terasort/data/data-output-13.dat
[0m[0;37m2023-03-31 14:13:52,577 [trace] [139726686250560] /home/kevin/git/lwdee/terasort/matrix/LinuxMatrix.cpp:46 print : CPU(1.17%-25.57%: 24.40%),RAM(56395M-96172M: 39777M), cpu:22.00%,ram total:96476M,avai:14850M,used:81626M,free:14850M 
[0m[1;32m2023-03-31 14:13:52,577 [info ] [139726686250560] /home/kevin/git/lwdee/terasort/reduce/ReduceDCO.cpp:20 reduce : > accept reduct ,partition : 12
[0m[1;32m2023-03-31 14:14:02,387 [info ] [139726926161472] /home/kevin/git/lwdee/terasort/reduce/Step2Task.cpp:105 sort : > sort,partition: 17,eclipse 82.578000
[0m[1;32m2023-03-31 14:14:02,388 [info ] [139726926161472] /home/kevin/git/lwdee/terasort/reduce/Step2Task.cpp:109 save : < save
[0m[1;32m2023-03-31 14:14:10,328 [info ] [139726917768768] /home/kevin/git/lwdee/terasort/reduce/Step2Task.cpp:105 sort : > sort,partition: 22,eclipse 79.205000
[0m[1;32m2023-03-31 14:14:10,328 [info ] [139726917768768] /home/kevin/git/lwdee/terasort/reduce/Step2Task.cpp:109 save : < save
[0m[1;32m2023-03-31 14:14:13,760 [info ] [139726909376064] /home/kevin/git/lwdee/terasort/reduce/Step2Task.cpp:105 sort : > sort,partition: 7,eclipse 84.404000
[0m[1;32m2023-03-31 14:14:13,760 [info ] [139726909376064] /home/kevin/git/lwdee/terasort/reduce/Step2Task.cpp:109 save : < save
[0m[1;32m2023-03-31 14:14:15,119 [info ] [139726926161472] /home/kevin/git/lwdee/terasort/reduce/Step2Task.cpp:129 save : > save,partition: 17,eclipse 12.731000
[0m[1;32m2023-03-31 14:14:15,119 [info ] [139726926161472] /home/kevin/git/lwdee/terasort/reduce/Step2Task.cpp:25 run : > reduce task run,partition: 17,output count: 41652116,eclipse 336.850000, /home/terasort/data/data-output-18.dat
[0m[0;37m2023-03-31 14:14:15,860 [trace] [139726926161472] /home/kevin/git/lwdee/terasort/matrix/LinuxMatrix.cpp:46 print : CPU(1.17%-25.57%: 24.40%),RAM(56395M-96172M: 39777M), cpu:22.13%,ram total:96476M,avai:14406M,used:82070M,free:14406M 
[0m[1;32m2023-03-31 14:14:15,861 [info ] [139726926161472] /home/kevin/git/lwdee/terasort/reduce/ReduceDCO.cpp:20 reduce : > accept reduct ,partition : 17
[0m[1;32m2023-03-31 14:14:16,709 [info ] [139726934554176] /home/kevin/git/lwdee/terasort/reduce/Step2Task.cpp:105 sort : > sort,partition: 2,eclipse 84.140000
[0m[1;32m2023-03-31 14:14:16,709 [info ] [139726934554176] /home/kevin/git/lwdee/terasort/reduce/Step2Task.cpp:109 save : < save
[0m[1;32m2023-03-31 14:14:25,350 [info ] [139726917768768] /home/kevin/git/lwdee/terasort/reduce/Step2Task.cpp:129 save : > save,partition: 22,eclipse 15.022000
[0m[1;32m2023-03-31 14:14:25,350 [info ] [139726917768768] /home/kevin/git/lwdee/terasort/reduce/Step2Task.cpp:25 run : > reduce task run,partition: 22,output count: 41652338,eclipse 347.052000, /home/terasort/data/data-output-23.dat
[0m[0;37m2023-03-31 14:14:25,962 [trace] [139726917768768] /home/kevin/git/lwdee/terasort/matrix/LinuxMatrix.cpp:46 print : CPU(1.17%-25.57%: 24.40%),RAM(56395M-96172M: 39777M), cpu:13.80%,ram total:96476M,avai:14766M,used:81710M,free:14766M 
[0m[1;32m2023-03-31 14:14:25,962 [info ] [139726917768768] /home/kevin/git/lwdee/terasort/reduce/ReduceDCO.cpp:20 reduce : > accept reduct ,partition : 22
[0m[1;32m2023-03-31 14:14:30,529 [info ] [139726909376064] /home/kevin/git/lwdee/terasort/reduce/Step2Task.cpp:129 save : > save,partition: 7,eclipse 16.769000
[0m[1;32m2023-03-31 14:14:30,529 [info ] [139726909376064] /home/kevin/git/lwdee/terasort/reduce/Step2Task.cpp:25 run : > reduce task run,partition: 7,output count: 41653151,eclipse 352.301000, /home/terasort/data/data-output-08.dat
[0m[0;37m2023-03-31 14:14:31,221 [trace] [139726909376064] /home/kevin/git/lwdee/terasort/matrix/LinuxMatrix.cpp:46 print : CPU(1.17%-25.57%: 24.40%),RAM(56395M-96172M: 39777M), cpu:14.32%,ram total:96476M,avai:12943M,used:83533M,free:12943M 
[0m[1;32m2023-03-31 14:14:31,221 [info ] [139726909376064] /home/kevin/git/lwdee/terasort/reduce/ReduceDCO.cpp:20 reduce : > accept reduct ,partition : 7
[0m[1;32m2023-03-31 14:14:32,640 [info ] [139726934554176] /home/kevin/git/lwdee/terasort/reduce/Step2Task.cpp:129 save : > save,partition: 2,eclipse 15.931000
[0m[1;32m2023-03-31 14:14:32,640 [info ] [139726934554176] /home/kevin/git/lwdee/terasort/reduce/Step2Task.cpp:25 run : > reduce task run,partition: 2,output count: 41661055,eclipse 354.427000, /home/terasort/data/data-output-03.dat
[0m[0;37m2023-03-31 14:14:33,391 [trace] [139726934554176] /home/kevin/git/lwdee/terasort/matrix/LinuxMatrix.cpp:46 print : CPU(1.17%-25.57%: 24.40%),RAM(56395M-96172M: 39777M), cpu:9.87%,ram total:96476M,avai:16459M,used:80017M,free:16459M 
[0m[1;32m2023-03-31 14:14:33,392 [info ] [139726934554176] /home/kevin/git/lwdee/terasort/reduce/ReduceDCO.cpp:20 reduce : > accept reduct ,partition : 2
