2023-03-31 14:47:50,272 [info ] [140544542604480] /home/kevin/git/lwdee/app.cpp:49 init : this is node1
[0mlog is not initilaized
2023-03-31 14:47:50,272 [debug] [140544542604480] /home/kevin/git/lwdee/terasort/driver/TerasortConfig.cpp:45 readConfig : /home/terasort/data/data-input.dat /home/terasort/data/data-output.dat 99999 48 48
[0mlog is not initilaized
log path: ../log 
[1;32m2023-03-31 14:47:50,273 [info ] [140544542604480] /home/kevin/git/lwdee/app.cpp:97 init_logger : -- app starting ... 
[0m[1;32m2023-03-31 14:47:51,275 [info ] [140544542604480] /home/kevin/git/lwdee/terasort/driver/Driver.cpp:18 startJob : > job
[0m[0;37m2023-03-31 14:47:51,275 [trace] [140544542604480] /home/kevin/git/lwdee/terasort/matrix/LinuxMatrix.cpp:46 print : CPU(2.38%-2.38%: 0.00%),RAM(84491M-84491M: 0M), cpu:0.00%,ram total:0M,avai:0M,used:0M,free:0M 
[0m[1;32m2023-03-31 14:47:51,275 [info ] [140544542604480] /home/kevin/git/lwdee/terasort/driver/Driver.cpp:46 samples : < samples
[0m[0;36m2023-03-31 14:47:51,275 [debug] [140544542604480] /home/kevin/git/lwdee/terasort/driver/Driver.cpp:52 samples : invoke dco.sample, split: 1
[0m[0;37m2023-03-31 14:47:51,275 [trace] [140544542604480] /home/kevin/git/lwdee/terasort/lwdee/lwdee.cpp:20 create_dco : create dco node2 SampleDCO
[0m[0;36m2023-03-31 14:47:51,278 [debug] [140544542604480] /home/kevin/git/lwdee/terasort/driver/Driver.cpp:52 samples : invoke dco.sample, split: 2
[0m[0;37m2023-03-31 14:47:51,279 [trace] [140544542604480] /home/kevin/git/lwdee/terasort/lwdee/lwdee.cpp:20 create_dco : create dco node3 SampleDCO
[0m[0;36m2023-03-31 14:47:51,282 [debug] [140544542604480] /home/kevin/git/lwdee/terasort/driver/Driver.cpp:52 samples : invoke dco.sample, split: 3
[0m[0;37m2023-03-31 14:47:51,282 [trace] [140544542604480] /home/kevin/git/lwdee/terasort/lwdee/lwdee.cpp:20 create_dco : create dco node4 SampleDCO
[0m[0;36m2023-03-31 14:47:51,286 [debug] [140544542604480] /home/kevin/git/lwdee/terasort/driver/Driver.cpp:52 samples : invoke dco.sample, split: 4
[0m[0;37m2023-03-31 14:47:51,286 [trace] [140544542604480] /home/kevin/git/lwdee/terasort/lwdee/lwdee.cpp:20 create_dco : create dco node5 SampleDCO
[0m[0;36m2023-03-31 14:47:51,289 [debug] [140544542604480] /home/kevin/git/lwdee/terasort/driver/Driver.cpp:52 samples : invoke dco.sample, split: 5
[0m[0;37m2023-03-31 14:47:51,289 [trace] [140544542604480] /home/kevin/git/lwdee/terasort/lwdee/lwdee.cpp:20 create_dco : create dco node6 SampleDCO
[0m[0;36m2023-03-31 14:47:51,293 [debug] [140544542604480] /home/kevin/git/lwdee/terasort/driver/Driver.cpp:52 samples : invoke dco.sample, split: 6
[0m[0;37m2023-03-31 14:47:51,293 [trace] [140544542604480] /home/kevin/git/lwdee/terasort/lwdee/lwdee.cpp:20 create_dco : create dco node2 SampleDCO
[0m[0;36m2023-03-31 14:47:51,295 [debug] [140544542604480] /home/kevin/git/lwdee/terasort/driver/Driver.cpp:52 samples : invoke dco.sample, split: 7
[0m[0;37m2023-03-31 14:47:51,295 [trace] [140544542604480] /home/kevin/git/lwdee/terasort/lwdee/lwdee.cpp:20 create_dco : create dco node3 SampleDCO
[0m[0;36m2023-03-31 14:47:51,298 [debug] [140544542604480] /home/kevin/git/lwdee/terasort/driver/Driver.cpp:52 samples : invoke dco.sample, split: 8
[0m[0;37m2023-03-31 14:47:51,298 [trace] [140544542604480] /home/kevin/git/lwdee/terasort/lwdee/lwdee.cpp:20 create_dco : create dco node4 SampleDCO
[0m[0;36m2023-03-31 14:47:51,302 [debug] [140544542604480] /home/kevin/git/lwdee/terasort/driver/Driver.cpp:52 samples : invoke dco.sample, split: 9
[0m[0;37m2023-03-31 14:47:51,302 [trace] [140544542604480] /home/kevin/git/lwdee/terasort/lwdee/lwdee.cpp:20 create_dco : create dco node5 SampleDCO
[0m[0;36m2023-03-31 14:47:51,304 [debug] [140544542604480] /home/kevin/git/lwdee/terasort/driver/Driver.cpp:52 samples : invoke dco.sample, split: 10
[0m[0;37m2023-03-31 14:47:51,305 [trace] [140544542604480] /home/kevin/git/lwdee/terasort/lwdee/lwdee.cpp:20 create_dco : create dco node6 SampleDCO
[0m[0;36m2023-03-31 14:47:51,308 [debug] [140544542604480] /home/kevin/git/lwdee/terasort/driver/Driver.cpp:52 samples : invoke dco.sample, split: 11
[0m[0;37m2023-03-31 14:47:51,308 [trace] [140544542604480] /home/kevin/git/lwdee/terasort/lwdee/lwdee.cpp:20 create_dco : create dco node2 SampleDCO
[0m[0;36m2023-03-31 14:47:51,310 [debug] [140544542604480] /home/kevin/git/lwdee/terasort/driver/Driver.cpp:52 samples : invoke dco.sample, split: 12
[0m[0;37m2023-03-31 14:47:51,310 [trace] [140544542604480] /home/kevin/git/lwdee/terasort/lwdee/lwdee.cpp:20 create_dco : create dco node3 SampleDCO
[0m[0;36m2023-03-31 14:47:51,314 [debug] [140544542604480] /home/kevin/git/lwdee/terasort/driver/Driver.cpp:52 samples : invoke dco.sample, split: 13
[0m[0;37m2023-03-31 14:47:51,314 [trace] [140544542604480] /home/kevin/git/lwdee/terasort/lwdee/lwdee.cpp:20 create_dco : create dco node4 SampleDCO
[0m[0;36m2023-03-31 14:47:51,318 [debug] [140544542604480] /home/kevin/git/lwdee/terasort/driver/Driver.cpp:52 samples : invoke dco.sample, split: 14
[0m[0;37m2023-03-31 14:47:51,319 [trace] [140544542604480] /home/kevin/git/lwdee/terasort/lwdee/lwdee.cpp:20 create_dco : create dco node5 SampleDCO
[0m[0;36m2023-03-31 14:47:51,322 [debug] [140544542604480] /home/kevin/git/lwdee/terasort/driver/Driver.cpp:52 samples : invoke dco.sample, split: 15
[0m[0;37m2023-03-31 14:47:51,322 [trace] [140544542604480] /home/kevin/git/lwdee/terasort/lwdee/lwdee.cpp:20 create_dco : create dco node6 SampleDCO
[0m[0;36m2023-03-31 14:47:51,326 [debug] [140544542604480] /home/kevin/git/lwdee/terasort/driver/Driver.cpp:52 samples : invoke dco.sample, split: 16
[0m[0;37m2023-03-31 14:47:51,327 [trace] [140544542604480] /home/kevin/git/lwdee/terasort/lwdee/lwdee.cpp:20 create_dco : create dco node2 SampleDCO
[0m[0;36m2023-03-31 14:47:51,330 [debug] [140544542604480] /home/kevin/git/lwdee/terasort/driver/Driver.cpp:52 samples : invoke dco.sample, split: 17
[0m[0;37m2023-03-31 14:47:51,330 [trace] [140544542604480] /home/kevin/git/lwdee/terasort/lwdee/lwdee.cpp:20 create_dco : create dco node3 SampleDCO
[0m[0;36m2023-03-31 14:47:51,334 [debug] [140544542604480] /home/kevin/git/lwdee/terasort/driver/Driver.cpp:52 samples : invoke dco.sample, split: 18
[0m[0;37m2023-03-31 14:47:51,334 [trace] [140544542604480] /home/kevin/git/lwdee/terasort/lwdee/lwdee.cpp:20 create_dco : create dco node4 SampleDCO
[0m[0;36m2023-03-31 14:47:51,338 [debug] [140544542604480] /home/kevin/git/lwdee/terasort/driver/Driver.cpp:52 samples : invoke dco.sample, split: 19
[0m[0;37m2023-03-31 14:47:51,338 [trace] [140544542604480] /home/kevin/git/lwdee/terasort/lwdee/lwdee.cpp:20 create_dco : create dco node5 SampleDCO
[0m[0;36m2023-03-31 14:47:51,342 [debug] [140544542604480] /home/kevin/git/lwdee/terasort/driver/Driver.cpp:52 samples : invoke dco.sample, split: 20
[0m[0;37m2023-03-31 14:47:51,342 [trace] [140544542604480] /home/kevin/git/lwdee/terasort/lwdee/lwdee.cpp:20 create_dco : create dco node6 SampleDCO
[0m[0;36m2023-03-31 14:47:51,353 [debug] [140544542604480] /home/kevin/git/lwdee/terasort/driver/Driver.cpp:52 samples : invoke dco.sample, split: 21
[0m[0;37m2023-03-31 14:47:51,354 [trace] [140544542604480] /home/kevin/git/lwdee/terasort/lwdee/lwdee.cpp:20 create_dco : create dco node2 SampleDCO
[0m[0;36m2023-03-31 14:47:51,357 [debug] [140544542604480] /home/kevin/git/lwdee/terasort/driver/Driver.cpp:52 samples : invoke dco.sample, split: 22
[0m[0;37m2023-03-31 14:47:51,357 [trace] [140544542604480] /home/kevin/git/lwdee/terasort/lwdee/lwdee.cpp:20 create_dco : create dco node3 SampleDCO
[0m[0;36m2023-03-31 14:47:51,361 [debug] [140544542604480] /home/kevin/git/lwdee/terasort/driver/Driver.cpp:52 samples : invoke dco.sample, split: 23
[0m[0;37m2023-03-31 14:47:51,361 [trace] [140544542604480] /home/kevin/git/lwdee/terasort/lwdee/lwdee.cpp:20 create_dco : create dco node4 SampleDCO
[0m[0;36m2023-03-31 14:47:51,365 [debug] [140544542604480] /home/kevin/git/lwdee/terasort/driver/Driver.cpp:52 samples : invoke dco.sample, split: 24
[0m[0;37m2023-03-31 14:47:51,365 [trace] [140544542604480] /home/kevin/git/lwdee/terasort/lwdee/lwdee.cpp:20 create_dco : create dco node5 SampleDCO
[0m[0;36m2023-03-31 14:47:51,369 [debug] [140544542604480] /home/kevin/git/lwdee/terasort/driver/Driver.cpp:52 samples : invoke dco.sample, split: 25
[0m[0;37m2023-03-31 14:47:51,369 [trace] [140544542604480] /home/kevin/git/lwdee/terasort/lwdee/lwdee.cpp:20 create_dco : create dco node6 SampleDCO
[0m[0;36m2023-03-31 14:47:51,373 [debug] [140544542604480] /home/kevin/git/lwdee/terasort/driver/Driver.cpp:52 samples : invoke dco.sample, split: 26
[0m[0;37m2023-03-31 14:47:51,373 [trace] [140544542604480] /home/kevin/git/lwdee/terasort/lwdee/lwdee.cpp:20 create_dco : create dco node2 SampleDCO
[0m[0;36m2023-03-31 14:47:51,375 [debug] [140544542604480] /home/kevin/git/lwdee/terasort/driver/Driver.cpp:52 samples : invoke dco.sample, split: 27
[0m[0;37m2023-03-31 14:47:51,375 [trace] [140544542604480] /home/kevin/git/lwdee/terasort/lwdee/lwdee.cpp:20 create_dco : create dco node3 SampleDCO
[0m[0;36m2023-03-31 14:47:51,379 [debug] [140544542604480] /home/kevin/git/lwdee/terasort/driver/Driver.cpp:52 samples : invoke dco.sample, split: 28
[0m[0;37m2023-03-31 14:47:51,379 [trace] [140544542604480] /home/kevin/git/lwdee/terasort/lwdee/lwdee.cpp:20 create_dco : create dco node4 SampleDCO
[0m[0;36m2023-03-31 14:47:51,383 [debug] [140544542604480] /home/kevin/git/lwdee/terasort/driver/Driver.cpp:52 samples : invoke dco.sample, split: 29
[0m[0;37m2023-03-31 14:47:51,383 [trace] [140544542604480] /home/kevin/git/lwdee/terasort/lwdee/lwdee.cpp:20 create_dco : create dco node5 SampleDCO
[0m[0;36m2023-03-31 14:47:51,386 [debug] [140544542604480] /home/kevin/git/lwdee/terasort/driver/Driver.cpp:52 samples : invoke dco.sample, split: 30
[0m[0;37m2023-03-31 14:47:51,387 [trace] [140544542604480] /home/kevin/git/lwdee/terasort/lwdee/lwdee.cpp:20 create_dco : create dco node6 SampleDCO
[0m[0;36m2023-03-31 14:47:51,390 [debug] [140544542604480] /home/kevin/git/lwdee/terasort/driver/Driver.cpp:52 samples : invoke dco.sample, split: 31
[0m[0;37m2023-03-31 14:47:51,390 [trace] [140544542604480] /home/kevin/git/lwdee/terasort/lwdee/lwdee.cpp:20 create_dco : create dco node2 SampleDCO
[0m[0;36m2023-03-31 14:47:51,392 [debug] [140544542604480] /home/kevin/git/lwdee/terasort/driver/Driver.cpp:52 samples : invoke dco.sample, split: 32
[0m[0;37m2023-03-31 14:47:51,392 [trace] [140544542604480] /home/kevin/git/lwdee/terasort/lwdee/lwdee.cpp:20 create_dco : create dco node3 SampleDCO
[0m[0;36m2023-03-31 14:47:51,396 [debug] [140544542604480] /home/kevin/git/lwdee/terasort/driver/Driver.cpp:52 samples : invoke dco.sample, split: 33
[0m[0;37m2023-03-31 14:47:51,397 [trace] [140544542604480] /home/kevin/git/lwdee/terasort/lwdee/lwdee.cpp:20 create_dco : create dco node4 SampleDCO
[0m[0;36m2023-03-31 14:47:51,401 [debug] [140544542604480] /home/kevin/git/lwdee/terasort/driver/Driver.cpp:52 samples : invoke dco.sample, split: 34
[0m[0;37m2023-03-31 14:47:51,401 [trace] [140544542604480] /home/kevin/git/lwdee/terasort/lwdee/lwdee.cpp:20 create_dco : create dco node5 SampleDCO
[0m[0;36m2023-03-31 14:47:51,405 [debug] [140544542604480] /home/kevin/git/lwdee/terasort/driver/Driver.cpp:52 samples : invoke dco.sample, split: 35
[0m[0;37m2023-03-31 14:47:51,406 [trace] [140544542604480] /home/kevin/git/lwdee/terasort/lwdee/lwdee.cpp:20 create_dco : create dco node6 SampleDCO
[0m[0;36m2023-03-31 14:47:51,410 [debug] [140544542604480] /home/kevin/git/lwdee/terasort/driver/Driver.cpp:52 samples : invoke dco.sample, split: 36
[0m[0;37m2023-03-31 14:47:51,410 [trace] [140544542604480] /home/kevin/git/lwdee/terasort/lwdee/lwdee.cpp:20 create_dco : create dco node2 SampleDCO
[0m[0;36m2023-03-31 14:47:51,413 [debug] [140544542604480] /home/kevin/git/lwdee/terasort/driver/Driver.cpp:52 samples : invoke dco.sample, split: 37
[0m[0;37m2023-03-31 14:47:51,413 [trace] [140544542604480] /home/kevin/git/lwdee/terasort/lwdee/lwdee.cpp:20 create_dco : create dco node3 SampleDCO
[0m[0;36m2023-03-31 14:47:51,417 [debug] [140544542604480] /home/kevin/git/lwdee/terasort/driver/Driver.cpp:52 samples : invoke dco.sample, split: 38
[0m[0;37m2023-03-31 14:47:51,418 [trace] [140544542604480] /home/kevin/git/lwdee/terasort/lwdee/lwdee.cpp:20 create_dco : create dco node4 SampleDCO
[0m[0;36m2023-03-31 14:47:51,422 [debug] [140544542604480] /home/kevin/git/lwdee/terasort/driver/Driver.cpp:52 samples : invoke dco.sample, split: 39
[0m[0;37m2023-03-31 14:47:51,422 [trace] [140544542604480] /home/kevin/git/lwdee/terasort/lwdee/lwdee.cpp:20 create_dco : create dco node5 SampleDCO
[0m[0;36m2023-03-31 14:47:51,426 [debug] [140544542604480] /home/kevin/git/lwdee/terasort/driver/Driver.cpp:52 samples : invoke dco.sample, split: 40
[0m[0;37m2023-03-31 14:47:51,426 [trace] [140544542604480] /home/kevin/git/lwdee/terasort/lwdee/lwdee.cpp:20 create_dco : create dco node6 SampleDCO
[0m[0;36m2023-03-31 14:47:51,430 [debug] [140544542604480] /home/kevin/git/lwdee/terasort/driver/Driver.cpp:52 samples : invoke dco.sample, split: 41
[0m[0;37m2023-03-31 14:47:51,430 [trace] [140544542604480] /home/kevin/git/lwdee/terasort/lwdee/lwdee.cpp:20 create_dco : create dco node2 SampleDCO
[0m[0;36m2023-03-31 14:47:51,443 [debug] [140544542604480] /home/kevin/git/lwdee/terasort/driver/Driver.cpp:52 samples : invoke dco.sample, split: 42
[0m[0;37m2023-03-31 14:47:51,443 [trace] [140544542604480] /home/kevin/git/lwdee/terasort/lwdee/lwdee.cpp:20 create_dco : create dco node3 SampleDCO
[0m[0;36m2023-03-31 14:47:51,447 [debug] [140544542604480] /home/kevin/git/lwdee/terasort/driver/Driver.cpp:52 samples : invoke dco.sample, split: 43
[0m[0;37m2023-03-31 14:47:51,447 [trace] [140544542604480] /home/kevin/git/lwdee/terasort/lwdee/lwdee.cpp:20 create_dco : create dco node4 SampleDCO
[0m[0;36m2023-03-31 14:47:51,451 [debug] [140544542604480] /home/kevin/git/lwdee/terasort/driver/Driver.cpp:52 samples : invoke dco.sample, split: 44
[0m[0;37m2023-03-31 14:47:51,451 [trace] [140544542604480] /home/kevin/git/lwdee/terasort/lwdee/lwdee.cpp:20 create_dco : create dco node5 SampleDCO
[0m[0;36m2023-03-31 14:47:51,455 [debug] [140544542604480] /home/kevin/git/lwdee/terasort/driver/Driver.cpp:52 samples : invoke dco.sample, split: 45
[0m[0;37m2023-03-31 14:47:51,455 [trace] [140544542604480] /home/kevin/git/lwdee/terasort/lwdee/lwdee.cpp:20 create_dco : create dco node6 SampleDCO
[0m[0;36m2023-03-31 14:47:51,459 [debug] [140544542604480] /home/kevin/git/lwdee/terasort/driver/Driver.cpp:52 samples : invoke dco.sample, split: 46
[0m[0;37m2023-03-31 14:47:51,459 [trace] [140544542604480] /home/kevin/git/lwdee/terasort/lwdee/lwdee.cpp:20 create_dco : create dco node2 SampleDCO
[0m[0;36m2023-03-31 14:47:51,462 [debug] [140544542604480] /home/kevin/git/lwdee/terasort/driver/Driver.cpp:52 samples : invoke dco.sample, split: 47
[0m[0;37m2023-03-31 14:47:51,462 [trace] [140544542604480] /home/kevin/git/lwdee/terasort/lwdee/lwdee.cpp:20 create_dco : create dco node3 SampleDCO
[0m[0;36m2023-03-31 14:47:51,466 [debug] [140544542604480] /home/kevin/git/lwdee/terasort/driver/Driver.cpp:52 samples : invoke dco.sample, split: 48
[0m[0;37m2023-03-31 14:47:51,466 [trace] [140544542604480] /home/kevin/git/lwdee/terasort/lwdee/lwdee.cpp:20 create_dco : create dco node4 SampleDCO
[0m[1;32m2023-03-31 14:47:55,938 [info ] [140544542604480] /home/kevin/git/lwdee/terasort/driver/Driver.cpp:98 samples : > samples,545183548442058-18445105114647808549,eclipse 4.663000
[0m[0;37m2023-03-31 14:47:55,938 [trace] [140544542604480] /home/kevin/git/lwdee/terasort/driver/Driver.cpp:119 split : subsplit 0 : 0 - 384806848779678859
[0m[0;37m2023-03-31 14:47:55,938 [trace] [140544542604480] /home/kevin/git/lwdee/terasort/driver/Driver.cpp:119 split : subsplit 1 : 384806848779678859 - 769068514010915660
[0m[0;37m2023-03-31 14:47:55,938 [trace] [140544542604480] /home/kevin/git/lwdee/terasort/driver/Driver.cpp:119 split : subsplit 2 : 769068514010915660 - 1153330179242152461
[0m[0;37m2023-03-31 14:47:55,938 [trace] [140544542604480] /home/kevin/git/lwdee/terasort/driver/Driver.cpp:119 split : subsplit 3 : 1153330179242152461 - 1537591844473389262
[0m[0;37m2023-03-31 14:47:55,938 [trace] [140544542604480] /home/kevin/git/lwdee/terasort/driver/Driver.cpp:119 split : subsplit 4 : 1537591844473389262 - 1921853509704626063
[0m[0;37m2023-03-31 14:47:55,938 [trace] [140544542604480] /home/kevin/git/lwdee/terasort/driver/Driver.cpp:119 split : subsplit 5 : 1921853509704626063 - 2306115174935862864
[0m[0;37m2023-03-31 14:47:55,938 [trace] [140544542604480] /home/kevin/git/lwdee/terasort/driver/Driver.cpp:119 split : subsplit 6 : 2306115174935862864 - 2690376840167099665
[0m[0;37m2023-03-31 14:47:55,938 [trace] [140544542604480] /home/kevin/git/lwdee/terasort/driver/Driver.cpp:119 split : subsplit 7 : 2690376840167099665 - 3074638505398336466
[0m[0;37m2023-03-31 14:47:55,939 [trace] [140544542604480] /home/kevin/git/lwdee/terasort/driver/Driver.cpp:119 split : subsplit 8 : 3074638505398336466 - 3458900170629573267
[0m[0;37m2023-03-31 14:47:55,939 [trace] [140544542604480] /home/kevin/git/lwdee/terasort/driver/Driver.cpp:119 split : subsplit 9 : 3458900170629573267 - 3843161835860810068
[0m[0;37m2023-03-31 14:47:55,939 [trace] [140544542604480] /home/kevin/git/lwdee/terasort/driver/Driver.cpp:119 split : subsplit 10 : 3843161835860810068 - 4227423501092046869
[0m[0;37m2023-03-31 14:47:55,939 [trace] [140544542604480] /home/kevin/git/lwdee/terasort/driver/Driver.cpp:119 split : subsplit 11 : 4227423501092046869 - 4611685166323283670
[0m[0;37m2023-03-31 14:47:55,939 [trace] [140544542604480] /home/kevin/git/lwdee/terasort/driver/Driver.cpp:119 split : subsplit 12 : 4611685166323283670 - 4995946831554520471
[0m[0;37m2023-03-31 14:47:55,939 [trace] [140544542604480] /home/kevin/git/lwdee/terasort/driver/Driver.cpp:119 split : subsplit 13 : 4995946831554520471 - 5380208496785757272
[0m[0;37m2023-03-31 14:47:55,939 [trace] [140544542604480] /home/kevin/git/lwdee/terasort/driver/Driver.cpp:119 split : subsplit 14 : 5380208496785757272 - 5764470162016994073
[0m[0;37m2023-03-31 14:47:55,939 [trace] [140544542604480] /home/kevin/git/lwdee/terasort/driver/Driver.cpp:119 split : subsplit 15 : 5764470162016994073 - 6148731827248230874
[0m[0;37m2023-03-31 14:47:55,939 [trace] [140544542604480] /home/kevin/git/lwdee/terasort/driver/Driver.cpp:119 split : subsplit 16 : 6148731827248230874 - 6532993492479467675
[0m[0;37m2023-03-31 14:47:55,939 [trace] [140544542604480] /home/kevin/git/lwdee/terasort/driver/Driver.cpp:119 split : subsplit 17 : 6532993492479467675 - 6917255157710704476
[0m[0;37m2023-03-31 14:47:55,939 [trace] [140544542604480] /home/kevin/git/lwdee/terasort/driver/Driver.cpp:119 split : subsplit 18 : 6917255157710704476 - 7301516822941941277
[0m[0;37m2023-03-31 14:47:55,939 [trace] [140544542604480] /home/kevin/git/lwdee/terasort/driver/Driver.cpp:119 split : subsplit 19 : 7301516822941941277 - 7685778488173178078
[0m[0;37m2023-03-31 14:47:55,939 [trace] [140544542604480] /home/kevin/git/lwdee/terasort/driver/Driver.cpp:119 split : subsplit 20 : 7685778488173178078 - 8070040153404414879
[0m[0;37m2023-03-31 14:47:55,940 [trace] [140544542604480] /home/kevin/git/lwdee/terasort/driver/Driver.cpp:119 split : subsplit 21 : 8070040153404414879 - 8454301818635651680
[0m[0;37m2023-03-31 14:47:55,940 [trace] [140544542604480] /home/kevin/git/lwdee/terasort/driver/Driver.cpp:119 split : subsplit 22 : 8454301818635651680 - 8838563483866888481
[0m[0;37m2023-03-31 14:47:55,940 [trace] [140544542604480] /home/kevin/git/lwdee/terasort/driver/Driver.cpp:119 split : subsplit 23 : 8838563483866888481 - 9222825149098125282
[0m[0;37m2023-03-31 14:47:55,940 [trace] [140544542604480] /home/kevin/git/lwdee/terasort/driver/Driver.cpp:119 split : subsplit 24 : 9222825149098125282 - 9607086814329362083
[0m[0;37m2023-03-31 14:47:55,940 [trace] [140544542604480] /home/kevin/git/lwdee/terasort/driver/Driver.cpp:119 split : subsplit 25 : 9607086814329362083 - 9991348479560598884
[0m[0;37m2023-03-31 14:47:55,940 [trace] [140544542604480] /home/kevin/git/lwdee/terasort/driver/Driver.cpp:119 split : subsplit 26 : 9991348479560598884 - 10375610144791835685
[0m[0;37m2023-03-31 14:47:55,940 [trace] [140544542604480] /home/kevin/git/lwdee/terasort/driver/Driver.cpp:119 split : subsplit 27 : 10375610144791835685 - 10759871810023072486
[0m[0;37m2023-03-31 14:47:55,940 [trace] [140544542604480] /home/kevin/git/lwdee/terasort/driver/Driver.cpp:119 split : subsplit 28 : 10759871810023072486 - 11144133475254309287
[0m[0;37m2023-03-31 14:47:55,940 [trace] [140544542604480] /home/kevin/git/lwdee/terasort/driver/Driver.cpp:119 split : subsplit 29 : 11144133475254309287 - 11528395140485546088
[0m[0;37m2023-03-31 14:47:55,940 [trace] [140544542604480] /home/kevin/git/lwdee/terasort/driver/Driver.cpp:119 split : subsplit 30 : 11528395140485546088 - 11912656805716782889
[0m[0;37m2023-03-31 14:47:55,940 [trace] [140544542604480] /home/kevin/git/lwdee/terasort/driver/Driver.cpp:119 split : subsplit 31 : 11912656805716782889 - 12296918470948019690
[0m[0;37m2023-03-31 14:47:55,940 [trace] [140544542604480] /home/kevin/git/lwdee/terasort/driver/Driver.cpp:119 split : subsplit 32 : 12296918470948019690 - 12681180136179256491
[0m[0;37m2023-03-31 14:47:55,940 [trace] [140544542604480] /home/kevin/git/lwdee/terasort/driver/Driver.cpp:119 split : subsplit 33 : 12681180136179256491 - 13065441801410493292
[0m[0;37m2023-03-31 14:47:55,940 [trace] [140544542604480] /home/kevin/git/lwdee/terasort/driver/Driver.cpp:119 split : subsplit 34 : 13065441801410493292 - 13449703466641730093
[0m[0;37m2023-03-31 14:47:55,941 [trace] [140544542604480] /home/kevin/git/lwdee/terasort/driver/Driver.cpp:119 split : subsplit 35 : 13449703466641730093 - 13833965131872966894
[0m[0;37m2023-03-31 14:47:55,941 [trace] [140544542604480] /home/kevin/git/lwdee/terasort/driver/Driver.cpp:119 split : subsplit 36 : 13833965131872966894 - 14218226797104203695
[0m[0;37m2023-03-31 14:47:55,941 [trace] [140544542604480] /home/kevin/git/lwdee/terasort/driver/Driver.cpp:119 split : subsplit 37 : 14218226797104203695 - 14602488462335440496
[0m[0;37m2023-03-31 14:47:55,941 [trace] [140544542604480] /home/kevin/git/lwdee/terasort/driver/Driver.cpp:119 split : subsplit 38 : 14602488462335440496 - 14986750127566677297
[0m[0;37m2023-03-31 14:47:55,941 [trace] [140544542604480] /home/kevin/git/lwdee/terasort/driver/Driver.cpp:119 split : subsplit 39 : 14986750127566677297 - 15371011792797914098
[0m[0;37m2023-03-31 14:47:55,941 [trace] [140544542604480] /home/kevin/git/lwdee/terasort/driver/Driver.cpp:119 split : subsplit 40 : 15371011792797914098 - 15755273458029150899
[0m[0;37m2023-03-31 14:47:55,941 [trace] [140544542604480] /home/kevin/git/lwdee/terasort/driver/Driver.cpp:119 split : subsplit 41 : 15755273458029150899 - 16139535123260387700
[0m[0;37m2023-03-31 14:47:55,941 [trace] [140544542604480] /home/kevin/git/lwdee/terasort/driver/Driver.cpp:119 split : subsplit 42 : 16139535123260387700 - 16523796788491624501
[0m[0;37m2023-03-31 14:47:55,941 [trace] [140544542604480] /home/kevin/git/lwdee/terasort/driver/Driver.cpp:119 split : subsplit 43 : 16523796788491624501 - 16908058453722861302
[0m[0;37m2023-03-31 14:47:55,941 [trace] [140544542604480] /home/kevin/git/lwdee/terasort/driver/Driver.cpp:119 split : subsplit 44 : 16908058453722861302 - 17292320118954098103
[0m[0;37m2023-03-31 14:47:55,941 [trace] [140544542604480] /home/kevin/git/lwdee/terasort/driver/Driver.cpp:119 split : subsplit 45 : 17292320118954098103 - 17676581784185334904
[0m[0;37m2023-03-31 14:47:55,941 [trace] [140544542604480] /home/kevin/git/lwdee/terasort/driver/Driver.cpp:119 split : subsplit 46 : 17676581784185334904 - 18060843449416571705
[0m[0;37m2023-03-31 14:47:55,941 [trace] [140544542604480] /home/kevin/git/lwdee/terasort/driver/Driver.cpp:119 split : subsplit 47 : 18060843449416571705 - 0
[0m[1;32m2023-03-31 14:47:55,941 [info ] [140544542604480] /home/kevin/git/lwdee/terasort/driver/Driver.cpp:124 map : < map
[0m[0;36m2023-03-31 14:47:55,942 [debug] [140544542604480] /home/kevin/git/lwdee/terasort/driver/Driver.cpp:128 map : invoke dco.map, split: 1
[0m[0;37m2023-03-31 14:47:55,942 [trace] [140544542604480] /home/kevin/git/lwdee/terasort/lwdee/lwdee.cpp:20 create_dco : create dco node5 MapDCO
[0m[0;36m2023-03-31 14:47:55,958 [debug] [140544542604480] /home/kevin/git/lwdee/terasort/driver/Driver.cpp:128 map : invoke dco.map, split: 2
[0m[0;37m2023-03-31 14:47:55,958 [trace] [140544542604480] /home/kevin/git/lwdee/terasort/lwdee/lwdee.cpp:20 create_dco : create dco node6 MapDCO
[0m[0;36m2023-03-31 14:47:55,961 [debug] [140544542604480] /home/kevin/git/lwdee/terasort/driver/Driver.cpp:128 map : invoke dco.map, split: 3
[0m[0;37m2023-03-31 14:47:55,961 [trace] [140544542604480] /home/kevin/git/lwdee/terasort/lwdee/lwdee.cpp:20 create_dco : create dco node2 MapDCO
[0m[0;36m2023-03-31 14:47:55,963 [debug] [140544542604480] /home/kevin/git/lwdee/terasort/driver/Driver.cpp:128 map : invoke dco.map, split: 4
[0m[0;37m2023-03-31 14:47:55,963 [trace] [140544542604480] /home/kevin/git/lwdee/terasort/lwdee/lwdee.cpp:20 create_dco : create dco node3 MapDCO
[0m[0;36m2023-03-31 14:47:55,966 [debug] [140544542604480] /home/kevin/git/lwdee/terasort/driver/Driver.cpp:128 map : invoke dco.map, split: 5
[0m[0;37m2023-03-31 14:47:55,966 [trace] [140544542604480] /home/kevin/git/lwdee/terasort/lwdee/lwdee.cpp:20 create_dco : create dco node4 MapDCO
[0m[0;36m2023-03-31 14:47:55,969 [debug] [140544542604480] /home/kevin/git/lwdee/terasort/driver/Driver.cpp:128 map : invoke dco.map, split: 6
[0m[0;37m2023-03-31 14:47:55,969 [trace] [140544542604480] /home/kevin/git/lwdee/terasort/lwdee/lwdee.cpp:20 create_dco : create dco node5 MapDCO
[0m[0;36m2023-03-31 14:47:55,972 [debug] [140544542604480] /home/kevin/git/lwdee/terasort/driver/Driver.cpp:128 map : invoke dco.map, split: 7
[0m[0;37m2023-03-31 14:47:55,972 [trace] [140544542604480] /home/kevin/git/lwdee/terasort/lwdee/lwdee.cpp:20 create_dco : create dco node6 MapDCO
[0m[0;36m2023-03-31 14:47:55,976 [debug] [140544542604480] /home/kevin/git/lwdee/terasort/driver/Driver.cpp:128 map : invoke dco.map, split: 8
[0m[0;37m2023-03-31 14:47:55,976 [trace] [140544542604480] /home/kevin/git/lwdee/terasort/lwdee/lwdee.cpp:20 create_dco : create dco node2 MapDCO
[0m[0;36m2023-03-31 14:47:55,979 [debug] [140544542604480] /home/kevin/git/lwdee/terasort/driver/Driver.cpp:128 map : invoke dco.map, split: 9
[0m[0;37m2023-03-31 14:47:55,980 [trace] [140544542604480] /home/kevin/git/lwdee/terasort/lwdee/lwdee.cpp:20 create_dco : create dco node3 MapDCO
[0m[0;36m2023-03-31 14:47:55,983 [debug] [140544542604480] /home/kevin/git/lwdee/terasort/driver/Driver.cpp:128 map : invoke dco.map, split: 10
[0m[0;37m2023-03-31 14:47:55,983 [trace] [140544542604480] /home/kevin/git/lwdee/terasort/lwdee/lwdee.cpp:20 create_dco : create dco node4 MapDCO
[0m[0;36m2023-03-31 14:47:55,986 [debug] [140544542604480] /home/kevin/git/lwdee/terasort/driver/Driver.cpp:128 map : invoke dco.map, split: 11
[0m[0;37m2023-03-31 14:47:55,986 [trace] [140544542604480] /home/kevin/git/lwdee/terasort/lwdee/lwdee.cpp:20 create_dco : create dco node5 MapDCO
[0m[0;36m2023-03-31 14:47:55,990 [debug] [140544542604480] /home/kevin/git/lwdee/terasort/driver/Driver.cpp:128 map : invoke dco.map, split: 12
[0m[0;37m2023-03-31 14:47:55,991 [trace] [140544542604480] /home/kevin/git/lwdee/terasort/lwdee/lwdee.cpp:20 create_dco : create dco node6 MapDCO
[0m[0;36m2023-03-31 14:47:55,998 [debug] [140544542604480] /home/kevin/git/lwdee/terasort/driver/Driver.cpp:128 map : invoke dco.map, split: 13
[0m[0;37m2023-03-31 14:47:55,998 [trace] [140544542604480] /home/kevin/git/lwdee/terasort/lwdee/lwdee.cpp:20 create_dco : create dco node2 MapDCO
[0m[0;36m2023-03-31 14:47:56,002 [debug] [140544542604480] /home/kevin/git/lwdee/terasort/driver/Driver.cpp:128 map : invoke dco.map, split: 14
[0m[0;37m2023-03-31 14:47:56,002 [trace] [140544542604480] /home/kevin/git/lwdee/terasort/lwdee/lwdee.cpp:20 create_dco : create dco node3 MapDCO
[0m[0;36m2023-03-31 14:47:56,006 [debug] [140544542604480] /home/kevin/git/lwdee/terasort/driver/Driver.cpp:128 map : invoke dco.map, split: 15
[0m[0;37m2023-03-31 14:47:56,006 [trace] [140544542604480] /home/kevin/git/lwdee/terasort/lwdee/lwdee.cpp:20 create_dco : create dco node4 MapDCO
[0m[0;36m2023-03-31 14:47:56,010 [debug] [140544542604480] /home/kevin/git/lwdee/terasort/driver/Driver.cpp:128 map : invoke dco.map, split: 16
[0m[0;37m2023-03-31 14:47:56,010 [trace] [140544542604480] /home/kevin/git/lwdee/terasort/lwdee/lwdee.cpp:20 create_dco : create dco node5 MapDCO
[0m[0;36m2023-03-31 14:47:56,014 [debug] [140544542604480] /home/kevin/git/lwdee/terasort/driver/Driver.cpp:128 map : invoke dco.map, split: 17
[0m[0;37m2023-03-31 14:47:56,014 [trace] [140544542604480] /home/kevin/git/lwdee/terasort/lwdee/lwdee.cpp:20 create_dco : create dco node6 MapDCO
[0m[0;36m2023-03-31 14:47:56,019 [debug] [140544542604480] /home/kevin/git/lwdee/terasort/driver/Driver.cpp:128 map : invoke dco.map, split: 18
[0m[0;37m2023-03-31 14:47:56,019 [trace] [140544542604480] /home/kevin/git/lwdee/terasort/lwdee/lwdee.cpp:20 create_dco : create dco node2 MapDCO
[0m[0;36m2023-03-31 14:47:56,024 [debug] [140544542604480] /home/kevin/git/lwdee/terasort/driver/Driver.cpp:128 map : invoke dco.map, split: 19
[0m[0;37m2023-03-31 14:47:56,024 [trace] [140544542604480] /home/kevin/git/lwdee/terasort/lwdee/lwdee.cpp:20 create_dco : create dco node3 MapDCO
[0m[0;36m2023-03-31 14:47:56,038 [debug] [140544542604480] /home/kevin/git/lwdee/terasort/driver/Driver.cpp:128 map : invoke dco.map, split: 20
[0m[0;37m2023-03-31 14:47:56,038 [trace] [140544542604480] /home/kevin/git/lwdee/terasort/lwdee/lwdee.cpp:20 create_dco : create dco node4 MapDCO
[0m[0;36m2023-03-31 14:47:56,041 [debug] [140544542604480] /home/kevin/git/lwdee/terasort/driver/Driver.cpp:128 map : invoke dco.map, split: 21
[0m[0;37m2023-03-31 14:47:56,042 [trace] [140544542604480] /home/kevin/git/lwdee/terasort/lwdee/lwdee.cpp:20 create_dco : create dco node5 MapDCO
[0m[0;36m2023-03-31 14:47:56,045 [debug] [140544542604480] /home/kevin/git/lwdee/terasort/driver/Driver.cpp:128 map : invoke dco.map, split: 22
[0m[0;37m2023-03-31 14:47:56,045 [trace] [140544542604480] /home/kevin/git/lwdee/terasort/lwdee/lwdee.cpp:20 create_dco : create dco node6 MapDCO
[0m[0;36m2023-03-31 14:47:56,051 [debug] [140544542604480] /home/kevin/git/lwdee/terasort/driver/Driver.cpp:128 map : invoke dco.map, split: 23
[0m[0;37m2023-03-31 14:47:56,051 [trace] [140544542604480] /home/kevin/git/lwdee/terasort/lwdee/lwdee.cpp:20 create_dco : create dco node2 MapDCO
[0m[0;36m2023-03-31 14:47:56,055 [debug] [140544542604480] /home/kevin/git/lwdee/terasort/driver/Driver.cpp:128 map : invoke dco.map, split: 24
[0m[0;37m2023-03-31 14:47:56,055 [trace] [140544542604480] /home/kevin/git/lwdee/terasort/lwdee/lwdee.cpp:20 create_dco : create dco node3 MapDCO
[0m[0;36m2023-03-31 14:47:56,060 [debug] [140544542604480] /home/kevin/git/lwdee/terasort/driver/Driver.cpp:128 map : invoke dco.map, split: 25
[0m[0;37m2023-03-31 14:47:56,060 [trace] [140544542604480] /home/kevin/git/lwdee/terasort/lwdee/lwdee.cpp:20 create_dco : create dco node4 MapDCO
[0m[0;36m2023-03-31 14:47:56,064 [debug] [140544542604480] /home/kevin/git/lwdee/terasort/driver/Driver.cpp:128 map : invoke dco.map, split: 26
[0m[0;37m2023-03-31 14:47:56,064 [trace] [140544542604480] /home/kevin/git/lwdee/terasort/lwdee/lwdee.cpp:20 create_dco : create dco node5 MapDCO
[0m[0;36m2023-03-31 14:47:56,087 [debug] [140544542604480] /home/kevin/git/lwdee/terasort/driver/Driver.cpp:128 map : invoke dco.map, split: 27
[0m[0;37m2023-03-31 14:47:56,087 [trace] [140544542604480] /home/kevin/git/lwdee/terasort/lwdee/lwdee.cpp:20 create_dco : create dco node6 MapDCO
[0m[0;36m2023-03-31 14:47:56,090 [debug] [140544542604480] /home/kevin/git/lwdee/terasort/driver/Driver.cpp:128 map : invoke dco.map, split: 28
[0m[0;37m2023-03-31 14:47:56,090 [trace] [140544542604480] /home/kevin/git/lwdee/terasort/lwdee/lwdee.cpp:20 create_dco : create dco node2 MapDCO
[0m[0;36m2023-03-31 14:47:56,095 [debug] [140544542604480] /home/kevin/git/lwdee/terasort/driver/Driver.cpp:128 map : invoke dco.map, split: 29
[0m[0;37m2023-03-31 14:47:56,095 [trace] [140544542604480] /home/kevin/git/lwdee/terasort/lwdee/lwdee.cpp:20 create_dco : create dco node3 MapDCO
[0m[0;36m2023-03-31 14:47:56,098 [debug] [140544542604480] /home/kevin/git/lwdee/terasort/driver/Driver.cpp:128 map : invoke dco.map, split: 30
[0m[0;37m2023-03-31 14:47:56,098 [trace] [140544542604480] /home/kevin/git/lwdee/terasort/lwdee/lwdee.cpp:20 create_dco : create dco node4 MapDCO
[0m[0;36m2023-03-31 14:47:56,103 [debug] [140544542604480] /home/kevin/git/lwdee/terasort/driver/Driver.cpp:128 map : invoke dco.map, split: 31
[0m[0;37m2023-03-31 14:47:56,103 [trace] [140544542604480] /home/kevin/git/lwdee/terasort/lwdee/lwdee.cpp:20 create_dco : create dco node5 MapDCO
[0m[0;36m2023-03-31 14:47:56,107 [debug] [140544542604480] /home/kevin/git/lwdee/terasort/driver/Driver.cpp:128 map : invoke dco.map, split: 32
[0m[0;37m2023-03-31 14:47:56,107 [trace] [140544542604480] /home/kevin/git/lwdee/terasort/lwdee/lwdee.cpp:20 create_dco : create dco node6 MapDCO
[0m[0;36m2023-03-31 14:47:56,112 [debug] [140544542604480] /home/kevin/git/lwdee/terasort/driver/Driver.cpp:128 map : invoke dco.map, split: 33
[0m[0;37m2023-03-31 14:47:56,112 [trace] [140544542604480] /home/kevin/git/lwdee/terasort/lwdee/lwdee.cpp:20 create_dco : create dco node2 MapDCO
[0m[0;36m2023-03-31 14:47:56,117 [debug] [140544542604480] /home/kevin/git/lwdee/terasort/driver/Driver.cpp:128 map : invoke dco.map, split: 34
[0m[0;37m2023-03-31 14:47:56,117 [trace] [140544542604480] /home/kevin/git/lwdee/terasort/lwdee/lwdee.cpp:20 create_dco : create dco node3 MapDCO
[0m[0;36m2023-03-31 14:47:56,121 [debug] [140544542604480] /home/kevin/git/lwdee/terasort/driver/Driver.cpp:128 map : invoke dco.map, split: 35
[0m[0;37m2023-03-31 14:47:56,121 [trace] [140544542604480] /home/kevin/git/lwdee/terasort/lwdee/lwdee.cpp:20 create_dco : create dco node4 MapDCO
[0m[0;36m2023-03-31 14:47:56,125 [debug] [140544542604480] /home/kevin/git/lwdee/terasort/driver/Driver.cpp:128 map : invoke dco.map, split: 36
[0m[0;37m2023-03-31 14:47:56,125 [trace] [140544542604480] /home/kevin/git/lwdee/terasort/lwdee/lwdee.cpp:20 create_dco : create dco node5 MapDCO
[0m[0;36m2023-03-31 14:47:56,129 [debug] [140544542604480] /home/kevin/git/lwdee/terasort/driver/Driver.cpp:128 map : invoke dco.map, split: 37
[0m[0;37m2023-03-31 14:47:56,129 [trace] [140544542604480] /home/kevin/git/lwdee/terasort/lwdee/lwdee.cpp:20 create_dco : create dco node6 MapDCO
[0m[0;36m2023-03-31 14:47:56,136 [debug] [140544542604480] /home/kevin/git/lwdee/terasort/driver/Driver.cpp:128 map : invoke dco.map, split: 38
[0m[0;37m2023-03-31 14:47:56,136 [trace] [140544542604480] /home/kevin/git/lwdee/terasort/lwdee/lwdee.cpp:20 create_dco : create dco node2 MapDCO
[0m[0;36m2023-03-31 14:47:56,139 [debug] [140544542604480] /home/kevin/git/lwdee/terasort/driver/Driver.cpp:128 map : invoke dco.map, split: 39
[0m[0;37m2023-03-31 14:47:56,139 [trace] [140544542604480] /home/kevin/git/lwdee/terasort/lwdee/lwdee.cpp:20 create_dco : create dco node3 MapDCO
[0m[0;36m2023-03-31 14:47:56,143 [debug] [140544542604480] /home/kevin/git/lwdee/terasort/driver/Driver.cpp:128 map : invoke dco.map, split: 40
[0m[0;37m2023-03-31 14:47:56,143 [trace] [140544542604480] /home/kevin/git/lwdee/terasort/lwdee/lwdee.cpp:20 create_dco : create dco node4 MapDCO
[0m[0;36m2023-03-31 14:47:56,147 [debug] [140544542604480] /home/kevin/git/lwdee/terasort/driver/Driver.cpp:128 map : invoke dco.map, split: 41
[0m[0;37m2023-03-31 14:47:56,147 [trace] [140544542604480] /home/kevin/git/lwdee/terasort/lwdee/lwdee.cpp:20 create_dco : create dco node5 MapDCO
[0m[0;36m2023-03-21 14:47:56,152 [debug] [140544542604480] /home/kevin/git/lwdee/terasort/driver/Driver.cpp:128 map : invoke dco.map, split: 42
[0m[0;37m2023-03-31 14:47:56,152 [trace] [140544542604480] /home/kevin/git/lwdee/terasort/lwdee/lwdee.cpp:20 create_dco : create dco node6 MapDCO
[0m[0;36m2023-03-31 14:47:56,157 [debug] [140544542604480] /home/kevin/git/lwdee/terasort/driver/Driver.cpp:128 map : invoke dco.map, split: 43
[0m[0;37m2023-03-31 14:47:56,157 [trace] [140544542604480] /home/kevin/git/lwdee/terasort/lwdee/lwdee.cpp:20 create_dco : create dco node2 MapDCO
[0m[0;36m2023-03-31 14:47:56,163 [debug] [140544542604480] /home/kevin/git/lwdee/terasort/driver/Driver.cpp:128 map : invoke dco.map, split: 44
[0m[0;37m2023-03-31 14:47:56,163 [trace] [140544542604480] /home/kevin/git/lwdee/terasort/lwdee/lwdee.cpp:20 create_dco : create dco node3 MapDCO
[0m[0;36m2023-03-31 14:47:56,169 [debug] [140544542604480] /home/kevin/git/lwdee/terasort/driver/Driver.cpp:128 map : invoke dco.map, split: 45
[0m[0;37m2023-03-31 14:47:56,169 [trace] [140544542604480] /home/kevin/git/lwdee/terasort/lwdee/lwdee.cpp:20 create_dco : create dco node4 MapDCO
[0m[0;36m2023-03-31 14:47:56,176 [debug] [140544542604480] /home/kevin/git/lwdee/terasort/driver/Driver.cpp:128 map : invoke dco.map, split: 46
[0m[0;37m2023-03-31 14:47:56,176 [trace] [140544542604480] /home/kevin/git/lwdee/terasort/lwdee/lwdee.cpp:20 create_dco : create dco node5 MapDCO
[0m[0;36m2023-03-31 14:47:56,179 [debug] [140544542604480] /home/kevin/git/lwdee/terasort/driver/Driver.cpp:128 map : invoke dco.map, split: 47
[0m[0;37m2023-03-31 14:47:56,179 [trace] [140544542604480] /home/kevin/git/lwdee/terasort/lwdee/lwdee.cpp:20 create_dco : create dco node6 MapDCO
[0m[0;36m2023-03-31 14:47:56,183 [debug] [140544542604480] /home/kevin/git/lwdee/terasort/driver/Driver.cpp:128 map : invoke dco.map, split: 48
[0m[0;37m2023-03-31 14:47:56,183 [trace] [140544542604480] /home/kevin/git/lwdee/terasort/lwdee/lwdee.cpp:20 create_dco : create dco node2 MapDCO
[0m[1;32m2023-03-31 14:47:56,187 [info ] [140544542604480] /home/kevin/git/lwdee/terasort/driver/Driver.cpp:141 map : > map,eclipse 0.245000
[0m[1;32m2023-03-31 14:47:56,187 [info ] [140544542604480] /home/kevin/git/lwdee/terasort/driver/Driver.cpp:145 mapToReduce : < mapToReduce
[0m[1;32m2023-03-31 14:53:33,289 [info ] [140544542604480] /home/kevin/git/lwdee/terasort/driver/Driver.cpp:179 mapToReduce : > mapToReduce,eclipse 337.102000
[0m[1;32m2023-03-31 14:53:33,290 [info ] [140544542604480] /home/kevin/git/lwdee/terasort/driver/Driver.cpp:183 reduce : < reduce
[0m[0;36m2023-03-31 14:53:33,290 [debug] [140544542604480] /home/kevin/git/lwdee/terasort/driver/Driver.cpp:187 reduce : invoke dco.reduce, split: 1
[0m[0;37m2023-03-31 14:53:33,290 [trace] [140544542604480] /home/kevin/git/lwdee/terasort/lwdee/lwdee.cpp:20 create_dco : create dco node3 ReduceDCO
[0m[0;36m2023-03-31 14:53:33,293 [debug] [140544542604480] /home/kevin/git/lwdee/terasort/driver/Driver.cpp:187 reduce : invoke dco.reduce, split: 2
[0m[0;37m2023-03-31 14:53:33,293 [trace] [140544542604480] /home/kevin/git/lwdee/terasort/lwdee/lwdee.cpp:20 create_dco : create dco node4 ReduceDCO
[0m[0;36m2023-03-31 14:53:33,296 [debug] [140544542604480] /home/kevin/git/lwdee/terasort/driver/Driver.cpp:187 reduce : invoke dco.reduce, split: 3
[0m[0;37m2023-03-31 14:53:33,296 [trace] [140544542604480] /home/kevin/git/lwdee/terasort/lwdee/lwdee.cpp:20 create_dco : create dco node5 ReduceDCO
[0m[0;36m2023-03-31 14:53:33,299 [debug] [140544542604480] /home/kevin/git/lwdee/terasort/driver/Driver.cpp:187 reduce : invoke dco.reduce, split: 4
[0m[0;37m2023-03-31 14:53:33,299 [trace] [140544542604480] /home/kevin/git/lwdee/terasort/lwdee/lwdee.cpp:20 create_dco : create dco node6 ReduceDCO
[0m[0;36m2023-03-31 14:53:33,302 [debug] [140544542604480] /home/kevin/git/lwdee/terasort/driver/Driver.cpp:187 reduce : invoke dco.reduce, split: 5
[0m[0;37m2023-03-31 14:53:33,302 [trace] [140544542604480] /home/kevin/git/lwdee/terasort/lwdee/lwdee.cpp:20 create_dco : create dco node2 ReduceDCO
[0m[0;36m2023-03-31 14:53:33,305 [debug] [140544542604480] /home/kevin/git/lwdee/terasort/driver/Driver.cpp:187 reduce : invoke dco.reduce, split: 6
[0m[0;37m2023-03-31 14:53:33,305 [trace] [140544542604480] /home/kevin/git/lwdee/terasort/lwdee/lwdee.cpp:20 create_dco : create dco node3 ReduceDCO
[0m[0;36m2023-03-31 14:53:33,308 [debug] [140544542604480] /home/kevin/git/lwdee/terasort/driver/Driver.cpp:187 reduce : invoke dco.reduce, split: 7
[0m[0;37m2023-03-31 14:53:33,309 [trace] [140544542604480] /home/kevin/git/lwdee/terasort/lwdee/lwdee.cpp:20 create_dco : create dco node4 ReduceDCO
[0m[0;36m2023-03-31 14:53:33,311 [debug] [140544542604480] /home/kevin/git/lwdee/terasort/driver/Driver.cpp:187 reduce : invoke dco.reduce, split: 8
[0m[0;37m2023-03-31 14:53:33,312 [trace] [140544542604480] /home/kevin/git/lwdee/terasort/lwdee/lwdee.cpp:20 create_dco : create dco node5 ReduceDCO
[0m[0;36m2023-03-31 14:53:33,315 [debug] [140544542604480] /home/kevin/git/lwdee/terasort/driver/Driver.cpp:187 reduce : invoke dco.reduce, split: 9
[0m[0;37m2023-03-31 14:53:33,315 [trace] [140544542604480] /home/kevin/git/lwdee/terasort/lwdee/lwdee.cpp:20 create_dco : create dco node6 ReduceDCO
[0m[0;36m2023-03-31 14:53:33,318 [debug] [140544542604480] /home/kevin/git/lwdee/terasort/driver/Driver.cpp:187 reduce : invoke dco.reduce, split: 10
[0m[0;37m2023-03-31 14:53:33,319 [trace] [140544542604480] /home/kevin/git/lwdee/terasort/lwdee/lwdee.cpp:20 create_dco : create dco node2 ReduceDCO
[0m[0;36m2023-03-31 14:53:33,321 [debug] [140544542604480] /home/kevin/git/lwdee/terasort/driver/Driver.cpp:187 reduce : invoke dco.reduce, split: 11
[0m[0;37m2023-03-31 14:53:33,321 [trace] [140544542604480] /home/kevin/git/lwdee/terasort/lwdee/lwdee.cpp:20 create_dco : create dco node3 ReduceDCO
[0m[0;36m2023-03-31 14:53:33,325 [debug] [140544542604480] /home/kevin/git/lwdee/terasort/driver/Driver.cpp:187 reduce : invoke dco.reduce, split: 12
[0m[0;37m2023-03-31 14:53:33,325 [trace] [140544542604480] /home/kevin/git/lwdee/terasort/lwdee/lwdee.cpp:20 create_dco : create dco node4 ReduceDCO
[0m[0;36m2023-03-31 14:53:33,328 [debug] [140544542604480] /home/kevin/git/lwdee/terasort/driver/Driver.cpp:187 reduce : invoke dco.reduce, split: 13
[0m[0;37m2023-03-31 14:53:33,328 [trace] [140544542604480] /home/kevin/git/lwdee/terasort/lwdee/lwdee.cpp:20 create_dco : create dco node5 ReduceDCO
[0m[0;36m2023-03-31 14:53:33,334 [debug] [140544542604480] /home/kevin/git/lwdee/terasort/driver/Driver.cpp:187 reduce : invoke dco.reduce, split: 14
[0m[0;37m2023-03-31 14:53:33,335 [trace] [140544542604480] /home/kevin/git/lwdee/terasort/lwdee/lwdee.cpp:20 create_dco : create dco node6 ReduceDCO
[0m[0;36m2023-03-31 14:53:33,337 [debug] [140544542604480] /home/kevin/git/lwdee/terasort/driver/Driver.cpp:187 reduce : invoke dco.reduce, split: 15
[0m[0;37m2023-03-31 14:53:33,337 [trace] [140544542604480] /home/kevin/git/lwdee/terasort/lwdee/lwdee.cpp:20 create_dco : create dco node2 ReduceDCO
[0m[0;36m2023-03-31 14:53:33,340 [debug] [140544542604480] /home/kevin/git/lwdee/terasort/driver/Driver.cpp:187 reduce : invoke dco.reduce, split: 16
[0m[0;37m2023-03-31 14:53:33,340 [trace] [140544542604480] /home/kevin/git/lwdee/terasort/lwdee/lwdee.cpp:20 create_dco : create dco node3 ReduceDCO
[0m[0;36m2023-03-31 14:53:33,343 [debug] [140544542604480] /home/kevin/git/lwdee/terasort/driver/Driver.cpp:187 reduce : invoke dco.reduce, split: 17
[0m[0;37m2023-03-31 14:53:33,343 [trace] [140544542604480] /home/kevin/git/lwdee/terasort/lwdee/lwdee.cpp:20 create_dco : create dco node4 ReduceDCO
[0m[0;36m2023-03-31 14:53:33,346 [debug] [140544542604480] /home/kevin/git/lwdee/terasort/driver/Driver.cpp:187 reduce : invoke dco.reduce, split: 18
[0m[0;37m2023-03-31 14:53:33,346 [trace] [140544542604480] /home/kevin/git/lwdee/terasort/lwdee/lwdee.cpp:20 create_dco : create dco node5 ReduceDCO
[0m[0;36m2023-03-31 14:53:33,359 [debug] [140544542604480] /home/kevin/git/lwdee/terasort/driver/Driver.cpp:187 reduce : invoke dco.reduce, split: 19
[0m[0;37m2023-03-31 14:53:33,359 [trace] [140544542604480] /home/kevin/git/lwdee/terasort/lwdee/lwdee.cpp:20 create_dco : create dco node6 ReduceDCO
[0m[0;36m2023-03-31 14:53:33,361 [debug] [140544542604480] /home/kevin/git/lwdee/terasort/driver/Driver.cpp:187 reduce : invoke dco.reduce, split: 20
[0m[0;37m2023-03-31 14:53:33,361 [trace] [140544542604480] /home/kevin/git/lwdee/terasort/lwdee/lwdee.cpp:20 create_dco : create dco node2 ReduceDCO
[0m[0;36m2023-03-31 14:53:33,364 [debug] [140544542604480] /home/kevin/git/lwdee/terasort/driver/Driver.cpp:187 reduce : invoke dco.reduce, split: 21
[0m[0;37m2023-03-31 14:53:33,364 [trace] [140544542604480] /home/kevin/git/lwdee/terasort/lwdee/lwdee.cpp:20 create_dco : create dco node3 ReduceDCO
[0m[0;36m2023-03-31 14:53:33,367 [debug] [140544542604480] /home/kevin/git/lwdee/terasort/driver/Driver.cpp:187 reduce : invoke dco.reduce, split: 22
[0m[0;37m2023-03-31 14:53:33,367 [trace] [140544542604480] /home/kevin/git/lwdee/terasort/lwdee/lwdee.cpp:20 create_dco : create dco node4 ReduceDCO
[0m[0;36m2023-03-31 14:53:33,370 [debug] [140544542604480] /home/kevin/git/lwdee/terasort/driver/Driver.cpp:187 reduce : invoke dco.reduce, split: 23
[0m[0;37m2023-03-31 14:53:33,371 [trace] [140544542604480] /home/kevin/git/lwdee/terasort/lwdee/lwdee.cpp:20 create_dco : create dco node5 ReduceDCO
[0m[0;36m2023-03-31 14:53:33,388 [debug] [140544542604480] /home/kevin/git/lwdee/terasort/driver/Driver.cpp:187 reduce : invoke dco.reduce, split: 24
[0m[0;37m2023-03-31 14:53:33,388 [trace] [140544542604480] /home/kevin/git/lwdee/terasort/lwdee/lwdee.cpp:20 create_dco : create dco node6 ReduceDCO
[0m[0;36m2023-03-31 14:53:33,391 [debug] [140544542604480] /home/kevin/git/lwdee/terasort/driver/Driver.cpp:187 reduce : invoke dco.reduce, split: 25
[0m[0;37m2023-03-31 14:53:33,391 [trace] [140544542604480] /home/kevin/git/lwdee/terasort/lwdee/lwdee.cpp:20 create_dco : create dco node2 ReduceDCO
[0m[0;36m2023-03-31 14:53:33,394 [debug] [140544542604480] /home/kevin/git/lwdee/terasort/driver/Driver.cpp:187 reduce : invoke dco.reduce, split: 26
[0m[0;37m2023-03-31 14:53:33,394 [trace] [140544542604480] /home/kevin/git/lwdee/terasort/lwdee/lwdee.cpp:20 create_dco : create dco node3 ReduceDCO
[0m[0;36m2023-03-31 14:53:33,397 [debug] [140544542604480] /home/kevin/git/lwdee/terasort/driver/Driver.cpp:187 reduce : invoke dco.reduce, split: 27
[0m[0;37m2023-03-31 14:53:33,397 [trace] [140544542604480] /home/kevin/git/lwdee/terasort/lwdee/lwdee.cpp:20 create_dco : create dco node4 ReduceDCO
[0m[0;36m2023-03-31 14:53:33,399 [debug] [140544542604480] /home/kevin/git/lwdee/terasort/driver/Driver.cpp:187 reduce : invoke dco.reduce, split: 28
[0m[0;37m2023-03-31 14:53:33,399 [trace] [140544542604480] /home/kevin/git/lwdee/terasort/lwdee/lwdee.cpp:20 create_dco : create dco node5 ReduceDCO
[0m[0;36m2023-03-31 14:53:33,422 [debug] [140544542604480] /home/kevin/git/lwdee/terasort/driver/Driver.cpp:187 reduce : invoke dco.reduce, split: 29
[0m[0;37m2023-03-31 14:53:33,423 [trace] [140544542604480] /home/kevin/git/lwdee/terasort/lwdee/lwdee.cpp:20 create_dco : create dco node6 ReduceDCO
[0m[0;36m2023-03-31 14:53:33,425 [debug] [140544542604480] /home/kevin/git/lwdee/terasort/driver/Driver.cpp:187 reduce : invoke dco.reduce, split: 30
[0m[0;37m2023-03-31 14:53:33,425 [trace] [140544542604480] /home/kevin/git/lwdee/terasort/lwdee/lwdee.cpp:20 create_dco : create dco node2 ReduceDCO
[0m[0;36m2023-03-31 14:53:33,428 [debug] [140544542604480] /home/kevin/git/lwdee/terasort/driver/Driver.cpp:187 reduce : invoke dco.reduce, split: 31
[0m[0;37m2023-03-31 14:53:33,428 [trace] [140544542604480] /home/kevin/git/lwdee/terasort/lwdee/lwdee.cpp:20 create_dco : create dco node3 ReduceDCO
[0m[0;36m2023-03-31 14:53:33,431 [debug] [140544542604480] /home/kevin/git/lwdee/terasort/driver/Driver.cpp:187 reduce : invoke dco.reduce, split: 32
[0m[0;37m2023-03-31 14:53:33,431 [trace] [140544542604480] /home/kevin/git/lwdee/terasort/lwdee/lwdee.cpp:20 create_dco : create dco node4 ReduceDCO
[0m[0;36m2023-03-31 14:53:33,433 [debug] [140544542604480] /home/kevin/git/lwdee/terasort/driver/Driver.cpp:187 reduce : invoke dco.reduce, split: 33
[0m[0;37m2023-03-31 14:53:33,434 [trace] [140544542604480] /home/kevin/git/lwdee/terasort/lwdee/lwdee.cpp:20 create_dco : create dco node5 ReduceDCO
[0m[0;36m2023-03-31 14:53:33,455 [debug] [140544542604480] /home/kevin/git/lwdee/terasort/driver/Driver.cpp:187 reduce : invoke dco.reduce, split: 34
[0m[0;37m2023-03-31 14:53:33,455 [trace] [140544542604480] /home/kevin/git/lwdee/terasort/lwdee/lwdee.cpp:20 create_dco : create dco node6 ReduceDCO
[0m[0;36m2023-03-31 14:53:33,458 [debug] [140544542604480] /home/kevin/git/lwdee/terasort/driver/Driver.cpp:187 reduce : invoke dco.reduce, split: 35
[0m[0;37m2023-03-31 14:53:33,458 [trace] [140544542604480] /home/kevin/git/lwdee/terasort/lwdee/lwdee.cpp:20 create_dco : create dco node2 ReduceDCO
[0m[0;36m2023-03-31 14:53:33,460 [debug] [140544542604480] /home/kevin/git/lwdee/terasort/driver/Driver.cpp:187 reduce : invoke dco.reduce, split: 36
[0m[0;37m2023-03-31 14:53:33,460 [trace] [140544542604480] /home/kevin/git/lwdee/terasort/lwdee/lwdee.cpp:20 create_dco : create dco node3 ReduceDCO
[0m[0;36m2023-03-31 14:53:33,463 [debug] [140544542604480] /home/kevin/git/lwdee/terasort/driver/Driver.cpp:187 reduce : invoke dco.reduce, split: 37
[0m[0;37m2023-03-31 14:53:33,464 [trace] [140544542604480] /home/kevin/git/lwdee/terasort/lwdee/lwdee.cpp:20 create_dco : create dco node4 ReduceDCO
[0m[0;36m2023-03-31 14:53:33,466 [debug] [140544542604480] /home/kevin/git/lwdee/terasort/driver/Driver.cpp:187 reduce : invoke dco.reduce, split: 38
[0m[0;37m2023-03-31 14:53:33,466 [trace] [140544542604480] /home/kevin/git/lwdee/terasort/lwdee/lwdee.cpp:20 create_dco : create dco node5 ReduceDCO
[0m[0;36m2023-03-31 14:53:33,485 [debug] [140544542604480] /home/kevin/git/lwdee/terasort/driver/Driver.cpp:187 reduce : invoke dco.reduce, split: 39
[0m[0;37m2023-03-31 14:53:33,485 [trace] [140544542604480] /home/kevin/git/lwdee/terasort/lwdee/lwdee.cpp:20 create_dco : create dco node6 ReduceDCO
[0m[0;36m2023-03-31 14:53:33,488 [debug] [140544542604480] /home/kevin/git/lwdee/terasort/driver/Driver.cpp:187 reduce : invoke dco.reduce, split: 40
[0m[0;37m2023-03-31 14:53:33,488 [trace] [140544542604480] /home/kevin/git/lwdee/terasort/lwdee/lwdee.cpp:20 create_dco : create dco node2 ReduceDCO
[0m[0;36m2023-03-31 14:53:33,491 [debug] [140544542604480] /home/kevin/git/lwdee/terasort/driver/Driver.cpp:187 reduce : invoke dco.reduce, split: 41
[0m[0;37m2023-03-31 14:53:33,491 [trace] [140544542604480] /home/kevin/git/lwdee/terasort/lwdee/lwdee.cpp:20 create_dco : create dco node3 ReduceDCO
[0m[0;36m2023-03-31 14:53:33,494 [debug] [140544542604480] /home/kevin/git/lwdee/terasort/driver/Driver.cpp:187 reduce : invoke dco.reduce, split: 42
[0m[0;37m2023-03-31 14:53:33,494 [trace] [140544542604480] /home/kevin/git/lwdee/terasort/lwdee/lwdee.cpp:20 create_dco : create dco node4 ReduceDCO
[0m[0;36m2023-03-31 14:53:33,496 [debug] [140544542604480] /home/kevin/git/lwdee/terasort/driver/Driver.cpp:187 reduce : invoke dco.reduce, split: 43
[0m[0;37m2023-03-31 14:53:33,497 [trace] [140544542604480] /home/kevin/git/lwdee/terasort/lwdee/lwdee.cpp:20 create_dco : create dco node5 ReduceDCO
[0m[0;36m2023-03-31 14:53:33,517 [debug] [140544542604480] /home/kevin/git/lwdee/terasort/driver/Driver.cpp:187 reduce : invoke dco.reduce, split: 44
[0m[0;37m2023-03-31 14:53:33,518 [trace] [140544542604480] /home/kevin/git/lwdee/terasort/lwdee/lwdee.cpp:20 create_dco : create dco node6 ReduceDCO
[0m[0;36m2023-03-31 14:53:33,521 [debug] [140544542604480] /home/kevin/git/lwdee/terasort/driver/Driver.cpp:187 reduce : invoke dco.reduce, split: 45
[0m[0;37m2023-03-31 14:53:33,522 [trace] [140544542604480] /home/kevin/git/lwdee/terasort/lwdee/lwdee.cpp:20 create_dco : create dco node2 ReduceDCO
[0m[0;36m2023-03-31 14:53:33,524 [debug] [140544542604480] /home/kevin/git/lwdee/terasort/driver/Driver.cpp:187 reduce : invoke dco.reduce, split: 46
[0m[0;37m2023-03-31 14:53:33,524 [trace] [140544542604480] /home/kevin/git/lwdee/terasort/lwdee/lwdee.cpp:20 create_dco : create dco node3 ReduceDCO
[0m[0;36m2023-03-31 14:53:33,527 [debug] [140544542604480] /home/kevin/git/lwdee/terasort/driver/Driver.cpp:187 reduce : invoke dco.reduce, split: 47
[0m[0;37m2023-03-31 14:53:33,527 [trace] [140544542604480] /home/kevin/git/lwdee/terasort/lwdee/lwdee.cpp:20 create_dco : create dco node4 ReduceDCO
[0m[0;36m2023-03-31 14:53:33,530 [debug] [140544542604480] /home/kevin/git/lwdee/terasort/driver/Driver.cpp:187 reduce : invoke dco.reduce, split: 48
[0m[0;37m2023-03-31 14:53:33,530 [trace] [140544542604480] /home/kevin/git/lwdee/terasort/lwdee/lwdee.cpp:20 create_dco : create dco node5 ReduceDCO
[0m[0;36m2023-03-31 14:57:48,058 [debug] [140544542604480] /home/kevin/git/lwdee/terasort/driver/Driver.cpp:208 reduce : get step 2 ddo(node3),success
[0m[0;36m2023-03-31 14:57:48,063 [debug] [140544542604480] /home/kevin/git/lwdee/terasort/driver/Driver.cpp:208 reduce : get step 2 ddo(node4),success
[0m[0;36m2023-03-31 14:57:58,724 [debug] [140544542604480] /home/kevin/git/lwdee/terasort/driver/Driver.cpp:208 reduce : get step 2 ddo(node5),success
[0m[0;36m2023-03-31 14:57:58,730 [debug] [140544542604480] /home/kevin/git/lwdee/terasort/driver/Driver.cpp:208 reduce : get step 2 ddo(node6),success
[0m[0;36m2023-03-31 14:57:58,734 [debug] [140544542604480] /home/kevin/git/lwdee/terasort/driver/Driver.cpp:208 reduce : get step 2 ddo(node2),success
[0m[0;36m2023-03-31 14:58:01,229 [debug] [140544542604480] /home/kevin/git/lwdee/terasort/driver/Driver.cpp:208 reduce : get step 2 ddo(node3),success
[0m[0;36m2023-03-31 14:58:01,234 [debug] [140544542604480] /home/kevin/git/lwdee/terasort/driver/Driver.cpp:208 reduce : get step 2 ddo(node4),success
[0m[0;36m2023-03-31 14:58:01,239 [debug] [140544542604480] /home/kevin/git/lwdee/terasort/driver/Driver.cpp:208 reduce : get step 2 ddo(node5),success
[0m[0;36m2023-03-31 14:58:01,243 [debug] [140544542604480] /home/kevin/git/lwdee/terasort/driver/Driver.cpp:208 reduce : get step 2 ddo(node6),success
[0m[0;36m2023-03-31 14:58:01,247 [debug] [140544542604480] /home/kevin/git/lwdee/terasort/driver/Driver.cpp:208 reduce : get step 2 ddo(node2),success
[0m[0;36m2023-03-31 14:58:11,464 [debug] [140544542604480] /home/kevin/git/lwdee/terasort/driver/Driver.cpp:208 reduce : get step 2 ddo(node3),success
[0m[0;36m2023-03-31 14:58:11,828 [debug] [140544542604480] /home/kevin/git/lwdee/terasort/driver/Driver.cpp:208 reduce : get step 2 ddo(node4),success
[0m[0;36m2023-03-31 14:58:11,834 [debug] [140544542604480] /home/kevin/git/lwdee/terasort/driver/Driver.cpp:208 reduce : get step 2 ddo(node5),success
[0m[0;36m2023-03-31 14:58:11,838 [debug] [140544542604480] /home/kevin/git/lwdee/terasort/driver/Driver.cpp:208 reduce : get step 2 ddo(node6),success
[0m[0;36m2023-03-31 14:58:11,843 [debug] [140544542604480] /home/kevin/git/lwdee/terasort/driver/Driver.cpp:208 reduce : get step 2 ddo(node2),success
[0m[0;36m2023-03-31 14:58:11,914 [debug] [140544542604480] /home/kevin/git/lwdee/terasort/driver/Driver.cpp:208 reduce : get step 2 ddo(node3),success
[0m[0;36m2023-03-31 14:58:11,919 [debug] [140544542604480] /home/kevin/git/lwdee/terasort/driver/Driver.cpp:208 reduce : get step 2 ddo(node4),success
[0m[0;36m2023-03-31 14:58:11,924 [debug] [140544542604480] /home/kevin/git/lwdee/terasort/driver/Driver.cpp:208 reduce : get step 2 ddo(node5),success
[0m[0;36m2023-03-31 14:58:11,929 [debug] [140544542604480] /home/kevin/git/lwdee/terasort/driver/Driver.cpp:208 reduce : get step 2 ddo(node6),success
[0m[0;36m2023-03-31 14:58:11,934 [debug] [140544542604480] /home/kevin/git/lwdee/terasort/driver/Driver.cpp:208 reduce : get step 2 ddo(node2),success
[0m[0;36m2023-03-31 14:58:11,939 [debug] [140544542604480] /home/kevin/git/lwdee/terasort/driver/Driver.cpp:208 reduce : get step 2 ddo(node3),success
[0m[0;36m2023-03-31 14:58:14,015 [debug] [140544542604480] /home/kevin/git/lwdee/terasort/driver/Driver.cpp:208 reduce : get step 2 ddo(node4),success
[0m[0;36m2023-03-31 14:58:14,020 [debug] [140544542604480] /home/kevin/git/lwdee/terasort/driver/Driver.cpp:208 reduce : get step 2 ddo(node5),success
[0m[0;36m2023-03-31 14:58:14,025 [debug] [140544542604480] /home/kevin/git/lwdee/terasort/driver/Driver.cpp:208 reduce : get step 2 ddo(node6),success
[0m[0;36m2023-03-31 14:58:14,029 [debug] [140544542604480] /home/kevin/git/lwdee/terasort/driver/Driver.cpp:208 reduce : get step 2 ddo(node2),success
[0m[0;36m2023-03-31 14:58:14,034 [debug] [140544542604480] /home/kevin/git/lwdee/terasort/driver/Driver.cpp:208 reduce : get step 2 ddo(node3),success
[0m[0;36m2023-03-31 14:58:14,575 [debug] [140544542604480] /home/kevin/git/lwdee/terasort/driver/Driver.cpp:208 reduce : get step 2 ddo(node4),success
[0m[0;36m2023-03-31 14:58:14,580 [debug] [140544542604480] /home/kevin/git/lwdee/terasort/driver/Driver.cpp:208 reduce : get step 2 ddo(node5),success
[0m[0;36m2023-03-31 14:58:14,585 [debug] [140544542604480] /home/kevin/git/lwdee/terasort/driver/Driver.cpp:208 reduce : get step 2 ddo(node6),success
[0m[0;36m2023-03-31 14:58:14,590 [debug] [140544542604480] /home/kevin/git/lwdee/terasort/driver/Driver.cpp:208 reduce : get step 2 ddo(node2),success
[0m[0;36m2023-03-31 14:58:14,596 [debug] [140544542604480] /home/kevin/git/lwdee/terasort/driver/Driver.cpp:208 reduce : get step 2 ddo(node3),success
[0m[0;36m2023-03-31 14:58:14,600 [debug] [140544542604480] /home/kevin/git/lwdee/terasort/driver/Driver.cpp:208 reduce : get step 2 ddo(node4),success
[0m[0;36m2023-03-31 14:58:14,605 [debug] [140544542604480] /home/kevin/git/lwdee/terasort/driver/Driver.cpp:208 reduce : get step 2 ddo(node5),success
[0m[0;36m2023-03-31 14:58:14,610 [debug] [140544542604480] /home/kevin/git/lwdee/terasort/driver/Driver.cpp:208 reduce : get step 2 ddo(node6),success
[0m[0;36m2023-03-31 14:58:14,615 [debug] [140544542604480] /home/kevin/git/lwdee/terasort/driver/Driver.cpp:208 reduce : get step 2 ddo(node2),success
[0m[0;36m2023-03-31 14:58:14,620 [debug] [140544542604480] /home/kevin/git/lwdee/terasort/driver/Driver.cpp:208 reduce : get step 2 ddo(node3),success
[0m[0;36m2023-03-31 14:58:14,625 [debug] [140544542604480] /home/kevin/git/lwdee/terasort/driver/Driver.cpp:208 reduce : get step 2 ddo(node4),success
[0m[0;36m2023-03-31 14:58:14,630 [debug] [140544542604480] /home/kevin/git/lwdee/terasort/driver/Driver.cpp:208 reduce : get step 2 ddo(node5),success
[0m[0;36m2023-03-31 14:58:14,634 [debug] [140544542604480] /home/kevin/git/lwdee/terasort/driver/Driver.cpp:208 reduce : get step 2 ddo(node6),success
[0m[0;36m2023-03-31 14:58:14,639 [debug] [140544542604480] /home/kevin/git/lwdee/terasort/driver/Driver.cpp:208 reduce : get step 2 ddo(node2),success
[0m[0;36m2023-03-31 14:58:14,644 [debug] [140544542604480] /home/kevin/git/lwdee/terasort/driver/Driver.cpp:208 reduce : get step 2 ddo(node3),success
[0m[0;36m2023-03-31 14:58:14,649 [debug] [140544542604480] /home/kevin/git/lwdee/terasort/driver/Driver.cpp:208 reduce : get step 2 ddo(node4),success
[0m[0;36m2023-03-31 14:58:14,653 [debug] [140544542604480] /home/kevin/git/lwdee/terasort/driver/Driver.cpp:208 reduce : get step 2 ddo(node5),success
[0m[0;36m2023-03-31 14:58:14,658 [debug] [140544542604480] /home/kevin/git/lwdee/terasort/driver/Driver.cpp:208 reduce : get step 2 ddo(node6),success
[0m[0;36m2023-03-31 14:58:14,662 [debug] [140544542604480] /home/kevin/git/lwdee/terasort/driver/Driver.cpp:208 reduce : get step 2 ddo(node2),success
[0m[0;36m2023-03-31 14:58:14,668 [debug] [140544542604480] /home/kevin/git/lwdee/terasort/driver/Driver.cpp:208 reduce : get step 2 ddo(node3),success
[0m[0;36m2023-03-31 14:58:14,672 [debug] [140544542604480] /home/kevin/git/lwdee/terasort/driver/Driver.cpp:208 reduce : get step 2 ddo(node4),success
[0m[0;36m2023-03-31 14:58:14,676 [debug] [140544542604480] /home/kevin/git/lwdee/terasort/driver/Driver.cpp:208 reduce : get step 2 ddo(node5),success
[0m[1;32m2023-03-31 14:58:14,678 [info ] [140544542604480] /home/kevin/git/lwdee/terasort/driver/Driver.cpp:219 reduce : > reduce,eclipse 281.388000
[0m[0;37m2023-03-31 14:58:14,678 [trace] [140544542604480] /home/kevin/git/lwdee/terasort/matrix/LinuxMatrix.cpp:46 print : CPU(1.93%-49.07%: 47.14%),RAM(84491M-96175M: 11684M), cpu:4.28%,ram total:96476M,avai:10611M,used:85865M,free:10611M 
[0m[1;32m2023-03-31 14:58:14,678 [info ] [140544542604480] /home/kevin/git/lwdee/terasort/driver/Driver.cpp:37 startJob : < job,eclipse 623.403000 s
[0m[1;32m2023-03-31 14:58:14,678 [info ] [140544542604480] /home/kevin/git/lwdee/terasort/driver/Driver.cpp:39 startJob : finished
