# docker logs terasort8
2023-03-30 22:53:43,879 [info ] [140542587555008] /home/kevin/git/lwdee/app.cpp:49 init : this is node8
log is not initilaized
2023-03-30 22:53:43,880 [debug] [140542587555008] /home/kevin/git/lwdee/terasort/driver/TerasortConfig.cpp:46 readConfig : /home/terasort/data/data-input.dat /home/terasort/data/data-output.dat 11111 12 12
log is not initilaized
log path: ../log
2023-03-30 22:53:43,880 [info ] [140542587555008] /home/kevin/git/lwdee/app.cpp:97 init_logger : -- app starting ...
2023-03-30 23:00:51,744 [debug] [140542566544960] /home/kevin/git/lwdee/terasort/TerasortDCOFactory.cpp:17 newDco : create dco MapDCO
2023-03-30 23:00:51,746 [info ] [140542566544960] /home/kevin/git/lwdee/terasort/map/MapDCO.cpp:20 map : < invokded map
2023-03-30 23:00:51,746 [info ] [140542566544960] /home/kevin/git/lwdee/terasort/map/Step1Task.cpp:13 run : < map task run
2023-03-30 23:00:51,747 [info ] [140542566544960] /home/kevin/git/lwdee/terasort/map/Step1Task.cpp:31 textFile : < textFile
2023-03-30 23:00:51,747 [debug] [140542566544960] /home/kevin/git/lwdee/terasort/map/Step1Task.cpp:46 textFile : 6 - read range, 499999968 - 583333295,计 83333328 条
2023-03-30 23:03:56,283 [info ] [140542566544960] /home/kevin/git/lwdee/terasort/map/Step1Task.cpp:63 textFile : > textFile,eclipse 184.536000
2023-03-30 23:03:56,283 [info ] [140542566544960] /home/kevin/git/lwdee/terasort/map/Step1Task.cpp:69 generateSubSplit : < generateSubSplit
2023-03-30 23:04:19,582 [debug] [140542566544960] /home/kevin/git/lwdee/terasort/map/Step1Task.cpp:85 generateSubSplit : partition 6 - sub split 0 - 6943896
2023-03-30 23:04:19,582 [debug] [140542566544960] /home/kevin/git/lwdee/terasort/map/Step1Task.cpp:85 generateSubSplit : partition 6 - sub split 1 - 6945925
2023-03-30 23:04:19,582 [debug] [140542566544960] /home/kevin/git/lwdee/terasort/map/Step1Task.cpp:85 generateSubSplit : partition 6 - sub split 2 - 6940753
2023-03-30 23:04:19,583 [debug] [140542566544960] /home/kevin/git/lwdee/terasort/map/Step1Task.cpp:85 generateSubSplit : partition 6 - sub split 3 - 6941836
2023-03-30 23:04:19,583 [debug] [140542566544960] /home/kevin/git/lwdee/terasort/map/Step1Task.cpp:85 generateSubSplit : partition 6 - sub split 4 - 6947812
2023-03-30 23:04:19,583 [debug] [140542566544960] /home/kevin/git/lwdee/terasort/map/Step1Task.cpp:85 generateSubSplit : partition 6 - sub split 5 - 6946220
2023-03-30 23:04:19,583 [debug] [140542566544960] /home/kevin/git/lwdee/terasort/map/Step1Task.cpp:85 generateSubSplit : partition 6 - sub split 6 - 6946685
2023-03-30 23:04:19,583 [debug] [140542566544960] /home/kevin/git/lwdee/terasort/map/Step1Task.cpp:85 generateSubSplit : partition 6 - sub split 7 - 6945927
2023-03-30 23:04:19,583 [debug] [140542566544960] /home/kevin/git/lwdee/terasort/map/Step1Task.cpp:85 generateSubSplit : partition 6 - sub split 8 - 6940730
2023-03-30 23:04:19,583 [debug] [140542566544960] /home/kevin/git/lwdee/terasort/map/Step1Task.cpp:85 generateSubSplit : partition 6 - sub split 9 - 6940810
2023-03-30 23:04:19,583 [debug] [140542566544960] /home/kevin/git/lwdee/terasort/map/Step1Task.cpp:85 generateSubSplit : partition 6 - sub split 10 - 6947670
2023-03-30 23:04:19,583 [debug] [140542566544960] /home/kevin/git/lwdee/terasort/map/Step1Task.cpp:85 generateSubSplit : partition 6 - sub split 11 - 6945064
2023-03-30 23:06:18,096 [info ] [140542566544960] /home/kevin/git/lwdee/terasort/map/Step1Task.cpp:111 generateSubSplit : > generateSubSplit,eclipse 141.813000
2023-03-20 23:06:19,002 [info ] [140542566544960] /home/kevin/git/lwdee/terasort/map/Step1Task.cpp:25 run : > map task run,eclipse 327.255000
2023-03-30 23:06:19,002 [info ] [140542566544960] /home/kevin/git/lwdee/terasort/map/MapDCO.cpp:28 map : > invokded map ,index : 6, ddoId: 0, fileName: /home/terasort/data/data-input.dat
2023-03-30 23:07:21,118 [debug] [140542574937664] /home/kevin/git/lwdee/terasort/TerasortDCOFactory.cpp:17 newDco : create dco ReduceDCO
2023-03-30 23:07:21,120 [trace] [140542574937664] /home/kevin/git/lwdee/terasort/reduce/ReduceDCO.cpp:8 reduce : ---------------------------------
2023-03-30 23:07:21,121 [info ] [140542574937664] /home/kevin/git/lwdee/terasort/reduce/Step2Task.cpp:14 run : < reduce task run
2023-03-30 23:07:21,121 [info ] [140542574937664] /home/kevin/git/lwdee/terasort/reduce/Step2Task.cpp:31 read : < read
2023-03-30 23:08:03,988 [debug] [140542574937664] /home/kevin/git/lwdee/terasort/reduce/Step2Task.cpp:47 read : read node 1 ddo, record count: 6941785条
2023-03-30 23:08:35,555 [debug] [140542566544960] /home/kevin/git/lwdee/terasort/reduce/Step2Task.cpp:47 read : read node 2 ddo, record count: 6943905条
2023-03-30 23:09:21,609 [debug] [140542574937664] /home/kevin/git/lwdee/terasort/reduce/Step2Task.cpp:47 read : read node 3 ddo, record count: 6944443条
2023-03-30 23:09:54,821 [debug] [140542566544960] /home/kevin/git/lwdee/terasort/reduce/Step2Task.cpp:47 read : read node 4 ddo, record count: 6941240条
2023-03-30 23:10:28,342 [debug] [140542566544960] /home/kevin/git/lwdee/terasort/reduce/Step2Task.cpp:47 read : read node 5 ddo, record count: 6945027条
2023-03-30 23:10:57,983 [debug] [140542566544960] /home/kevin/git/lwdee/terasort/reduce/Step2Task.cpp:47 read : read node 6 ddo, record count: 6942072条
2023-03-30 23:10:59,263 [debug] [140542574937664] /home/kevin/git/lwdee/terasort/reduce/Step2Task.cpp:47 read : read node 7 ddo, record count: 6946685条
2023-03-30 23:11:02,211 [debug] [140542566544960] /home/kevin/git/lwdee/terasort/reduce/Step2Task.cpp:47 read : read node 8 ddo, record count: 6945028条
2023-03-30 23:11:05,111 [debug] [140542574937664] /home/kevin/git/lwdee/terasort/reduce/Step2Task.cpp:47 read : read node 9 ddo, record count: 6944439条
2023-03-30 23:11:08,780 [debug] [140542574937664] /home/kevin/git/lwdee/terasort/reduce/Step2Task.cpp:47 read : read node 10 ddo, record count: 6948223条
2023-03-30 23:11:11,832 [debug] [140542574937664] /home/kevin/git/lwdee/terasort/reduce/Step2Task.cpp:47 read : read node 11 ddo, record count: 6943703条
2023-03-30 23:11:14,964 [debug] [140542566544960] /home/kevin/git/lwdee/terasort/reduce/Step2Task.cpp:47 read : read node 12 ddo, record count: 6947762条
2023-03-30 23:11:15,124 [debug] [140542566544960] /home/kevin/git/lwdee/terasort/reduce/Step2Task.cpp:56 read : read 所有分区DDO记录 合计83334312条
2023-03-30 23:11:15,124 [debug] [140542566544960] /home/kevin/git/lwdee/terasort/reduce/Step2Task.cpp:58 read : 开始生成TeraRecord记录，应该是83334312条
2023-03-30 23:11:15,124 [debug] [140542566544960] /home/kevin/git/lwdee/terasort/reduce/Step2Task.cpp:64 read : 6 - split 0,6941785条
2023-03-30 23:11:16,282 [debug] [140542566544960] /home/kevin/git/lwdee/terasort/reduce/Step2Task.cpp:64 read : 6 - split 1,6943905条
2023-03-30 23:11:17,399 [debug] [140542566544960] /home/kevin/git/lwdee/terasort/reduce/Step2Task.cpp:64 read : 6 - split 2,6944443条
2023-03-30 23:11:18,503 [debug] [140542566544960] /home/kevin/git/lwdee/terasort/reduce/Step2Task.cpp:64 read : 6 - split 3,6941240条
2023-03-30 23:11:19,643 [debug] [140542566544960] /home/kevin/git/lwdee/terasort/reduce/Step2Task.cpp:64 read : 6 - split 4,6945027条
2023-03-30 23:11:20,742 [debug] [140542566544960] /home/kevin/git/lwdee/terasort/reduce/Step2Task.cpp:64 read : 6 - split 5,6942072条
2023-03-30 23:11:21,728 [debug] [140542566544960] /home/kevin/git/lwdee/terasort/reduce/Step2Task.cpp:64 read : 6 - split 6,6946685条
2023-03-30 23:11:22,630 [debug] [140542566544960] /home/kevin/git/lwdee/terasort/reduce/Step2Task.cpp:64 read : 6 - split 7,6945028条
2023-03-30 23:11:23,691 [debug] [140542566544960] /home/kevin/git/lwdee/terasort/reduce/Step2Task.cpp:64 read : 6 - split 8,6944439条
2023-03-30 23:11:24,715 [debug] [140542566544960] /home/kevin/git/lwdee/terasort/reduce/Step2Task.cpp:64 read : 6 - split 9,6948223条
2023-03-30 23:11:25,593 [debug] [140542566544960] /home/kevin/git/lwdee/terasort/reduce/Step2Task.cpp:64 read : 6 - split 10,6943703条
2023-03-30 23:11:26,646 [debug] [140542566544960] /home/kevin/git/lwdee/terasort/reduce/Step2Task.cpp:64 read : 6 - split 11,6947762条
2023-03-30 23:11:27,403 [info ] [140542566544960] /home/kevin/git/lwdee/terasort/reduce/Step2Task.cpp:81 read : > read,eclipse 246.282000
2023-03-30 23:11:28,414 [info ] [140542566544960] /home/kevin/git/lwdee/terasort/reduce/Step2Task.cpp:100 sort : < sort
2023-03-30 23:14:03,559 [info ] [140542566544960] /home/kevin/git/lwdee/terasort/reduce/Step2Task.cpp:105 sort : > sort,eclipse 155.145000
2023-03-30 23:14:03,560 [info ] [140542566544960] /home/kevin/git/lwdee/terasort/reduce/Step2Task.cpp:109 save : < save
2023-03-30 23:15:17,550 [info ] [140542566544960] /home/kevin/git/lwdee/terasort/reduce/Step2Task.cpp:129 save : > save,eclipse 73.990000
2023-03-30 23:15:17,550 [info ] [140542566544960] /home/kevin/git/lwdee/terasort/reduce/Step2Task.cpp:25 run : > reduce task run,output count: 83334312,eclipse 476.429000, /home/terasort/data/data-output-07.dat
